Clock: clk
Sources: clk 
Generated: no
Virtual: yes
Propagated: no
Period: 20.000000

===========================================================================
report_clock_properties
============================================================================
Clock                   Period          Waveform
----------------------------------------------------
clk                  20.000000    0.000000 10.000000

===========================================================================
report_clock_latency
============================================================================
Clock clk
rise -> rise
    min     max
0.000000 0.000000 source latency
0.505748         network latency _11155_/CLK
        0.697714 network latency _11326_/CLK
---------------
0.505748 0.697714 latency
        0.191966 skew

fall -> fall
    min     max
0.000000 0.000000 source latency
0.478526         network latency _11155_/CLK
        0.649609 network latency _11326_/CLK
---------------
0.478526 0.649609 latency
        0.171084 skew



===========================================================================
report_clock_min_period
============================================================================
clk period_min = 5.93 fmax = 168.74
