
===========================================================================
report_checks -unconstrained
===========================================================================
======================= max_tt_025C_1v80 Corner ===================================

Startpoint: rst (input port clocked by clk)
Endpoint: _10611_ (recovery check against rising-edge clock clk)
Path Group: asynchronous
Path Type: max

Fanout         Cap        Slew       Delay        Time   Description
---------------------------------------------------------------------------------------------
                                  0.000000    0.000000   clock clk (rise edge)
                                  0.000000    0.000000   clock network delay (propagated)
                                  4.000000    4.000000 v input external delay
     1    0.002933    0.008925    0.004702    4.004702 v rst (in)
                                                         rst (net)
                      0.008931    0.000000    4.004702 v input42/A (sky130_fd_sc_hd__buf_4)
     2    0.097490    0.128535    0.196183    4.200885 v input42/X (sky130_fd_sc_hd__buf_4)
                                                         net42 (net)
                      0.135962    0.023789    4.224674 v fanout1197/A (sky130_fd_sc_hd__buf_4)
     6    0.093968    0.123379    0.259426    4.484099 v fanout1197/X (sky130_fd_sc_hd__buf_4)
                                                         net1197 (net)
                      0.124435    0.009255    4.493355 v fanout1187/A (sky130_fd_sc_hd__buf_2)
     5    0.038917    0.097299    0.220929    4.714283 v fanout1187/X (sky130_fd_sc_hd__buf_2)
                                                         net1187 (net)
                      0.097457    0.002500    4.716784 v fanout1186/A (sky130_fd_sc_hd__clkbuf_4)
     6    0.059088    0.121976    0.239418    4.956202 v fanout1186/X (sky130_fd_sc_hd__clkbuf_4)
                                                         net1186 (net)
                      0.122537    0.006370    4.962572 v fanout1185/A (sky130_fd_sc_hd__buf_4)
    10    0.072139    0.099382    0.234952    5.197523 v fanout1185/X (sky130_fd_sc_hd__buf_4)
                                                         net1185 (net)
                      0.099425    0.001777    5.199300 v fanout1184/A (sky130_fd_sc_hd__buf_4)
     9    0.058523    0.083647    0.214811    5.414111 v fanout1184/X (sky130_fd_sc_hd__buf_4)
                                                         net1184 (net)
                      0.083826    0.002421    5.416532 v fanout1183/A (sky130_fd_sc_hd__buf_4)
    10    0.061904    0.087113    0.212289    5.628821 v fanout1183/X (sky130_fd_sc_hd__buf_4)
                                                         net1183 (net)
                      0.087279    0.003355    5.632176 v _09539_/A (sky130_fd_sc_hd__inv_2)
     1    0.004737    0.037656    0.063255    5.695431 ^ _09539_/Y (sky130_fd_sc_hd__inv_2)
                                                         _00312_ (net)
                      0.037656    0.000127    5.695558 ^ _10611_/RESET_B (sky130_fd_sc_hd__dfrtp_1)
                                              5.695558   data arrival time

                                 20.000000   20.000000   clock clk (rise edge)
                                  0.000000   20.000000   clock source latency
     1    0.121717    0.552839    0.409043   20.409044 ^ clk (in)
                                                         clk (net)
                      0.567722    0.000000   20.409044 ^ clkbuf_0_clk/A (sky130_fd_sc_hd__clkbuf_16)
     4    0.092182    0.118190    0.301055   20.710098 ^ clkbuf_0_clk/X (sky130_fd_sc_hd__clkbuf_16)
                                                         clknet_0_clk (net)
                      0.123066    0.018749   20.728849 ^ clkbuf_2_2_0_clk/A (sky130_fd_sc_hd__clkbuf_8)
     4    0.081183    0.147992    0.225537   20.954386 ^ clkbuf_2_2_0_clk/X (sky130_fd_sc_hd__clkbuf_8)
                                                         clknet_2_2_0_clk (net)
                      0.148924    0.009605   20.963991 ^ clkbuf_4_8_0_clk/A (sky130_fd_sc_hd__clkbuf_8)
     2    0.034008    0.073156    0.185493   21.149483 ^ clkbuf_4_8_0_clk/X (sky130_fd_sc_hd__clkbuf_8)
                                                         clknet_4_8_0_clk (net)
                      0.073225    0.002016   21.151499 ^ clkbuf_5_16__f_clk/A (sky130_fd_sc_hd__clkbuf_16)
    12    0.108289    0.122265    0.198861   21.350361 ^ clkbuf_5_16__f_clk/X (sky130_fd_sc_hd__clkbuf_16)
                                                         clknet_5_16__leaf_clk (net)
                      0.122688    0.005766   21.356127 ^ clkbuf_leaf_103_clk/A (sky130_fd_sc_hd__clkbuf_8)
     7    0.030148    0.066550    0.173065   21.529192 ^ clkbuf_leaf_103_clk/X (sky130_fd_sc_hd__clkbuf_8)
                                                         clknet_leaf_103_clk (net)
                      0.066578    0.001243   21.530436 ^ _10611_/CLK (sky130_fd_sc_hd__dfrtp_1)
                                 -0.250000   21.280436   clock uncertainty
                                  0.000000   21.280436   clock reconvergence pessimism
                                  0.238842   21.519278   library recovery time
                                             21.519278   data required time
---------------------------------------------------------------------------------------------
                                             21.519278   data required time
                                             -5.695558   data arrival time
---------------------------------------------------------------------------------------------
                                             15.823720   slack (MET)


Startpoint: dmem_sram (falling edge-triggered flip-flop clocked by clk)
Endpoint: dbg_dmem_rdata[28] (output port clocked by clk)
Path Group: clk
Path Type: max

Fanout         Cap        Slew       Delay        Time   Description
---------------------------------------------------------------------------------------------
                                 10.000000   10.000000   clock clk (fall edge)
                                  0.000000   10.000000   clock source latency
     1    0.120723    0.270590    0.214782   10.214782 v clk (in)
                                                         clk (net)
                      0.300349    0.000000   10.214782 v clkbuf_0_clk/A (sky130_fd_sc_hd__clkbuf_16)
     4    0.090262    0.080708    0.293544   10.508327 v clkbuf_0_clk/X (sky130_fd_sc_hd__clkbuf_16)
                                                         clknet_0_clk (net)
                      0.086700    0.016923   10.525249 v clkbuf_2_1_0_clk/A (sky130_fd_sc_hd__clkbuf_8)
     4    0.066403    0.086475    0.198125   10.723374 v clkbuf_2_1_0_clk/X (sky130_fd_sc_hd__clkbuf_8)
                                                         clknet_2_1_0_clk (net)
                      0.089609    0.012992   10.736367 v clkbuf_4_4_0_clk/A (sky130_fd_sc_hd__clkbuf_8)
     2    0.031818    0.050599    0.175895   10.912262 v clkbuf_4_4_0_clk/X (sky130_fd_sc_hd__clkbuf_8)
                                                         clknet_4_4_0_clk (net)
                      0.051107    0.003730   10.915992 v clkbuf_5_8__f_clk/A (sky130_fd_sc_hd__clkbuf_16)
     4    0.128952    0.088151    0.192025   11.108017 v clkbuf_5_8__f_clk/X (sky130_fd_sc_hd__clkbuf_16)
                                                         clknet_5_8__leaf_clk (net)
                      0.164831    0.042887   11.150905 v dmem_sram/clk0 (sky130_sram_1kbyte_1rw1r_32x256_8)
     4    0.198831    0.107146    1.445172   12.596077 v dmem_sram/dout0[7] (sky130_sram_1kbyte_1rw1r_32x256_8)
                                                         dmem_dout[7] (net)
                      0.080359    0.083182   12.679259 v wire879/A (sky130_fd_sc_hd__buf_4)
     3    0.078005    0.106889    0.213127   12.892386 v wire879/X (sky130_fd_sc_hd__buf_4)
                                                         net879 (net)
                      0.117480    0.025847   12.918233 v _06847_/A0 (sky130_fd_sc_hd__mux2_2)
     2    0.007878    0.064543    0.305142   13.223374 v _06847_/X (sky130_fd_sc_hd__mux2_2)
                                                         _03532_ (net)
                      0.064543    0.000496   13.223870 v _06849_/A0 (sky130_fd_sc_hd__mux2_4)
     2    0.009697    0.059185    0.288022   13.511892 v _06849_/X (sky130_fd_sc_hd__mux2_4)
                                                         _03534_ (net)
                      0.059185    0.000425   13.512318 v _06854_/A1 (sky130_fd_sc_hd__a31o_4)
     8    0.038243    0.079576    0.269006   13.781324 v _06854_/X (sky130_fd_sc_hd__a31o_4)
                                                         _03538_ (net)
                      0.079671    0.002466   13.783791 v _06868_/B1 (sky130_fd_sc_hd__a21o_1)
     2    0.006953    0.050943    0.181085   13.964876 v _06868_/X (sky130_fd_sc_hd__a21o_1)
                                                         _03545_ (net)
                      0.050946    0.000433   13.965308 v _06870_/C1 (sky130_fd_sc_hd__o211a_1)
     1    0.005094    0.048901    0.117703   14.083012 v _06870_/X (sky130_fd_sc_hd__o211a_1)
                                                         _03546_ (net)
                      0.048903    0.000361   14.083373 v fanout349/A (sky130_fd_sc_hd__buf_4)
     7    0.041395    0.067615    0.176464   14.259837 v fanout349/X (sky130_fd_sc_hd__buf_4)
                                                         net349 (net)
                      0.067661    0.001613   14.261450 v fanout348/A (sky130_fd_sc_hd__buf_6)
    10    0.055222    0.061439    0.160134   14.421584 v fanout348/X (sky130_fd_sc_hd__buf_6)
                                                         net348 (net)
                      0.062052    0.004830   14.426414 v _06883_/B1 (sky130_fd_sc_hd__o21a_4)
     3    0.092094    0.138775    0.202562   14.628976 v _06883_/X (sky130_fd_sc_hd__o21a_4)
                                                         net95 (net)
                      0.146149    0.024908   14.653884 v output95/A (sky130_fd_sc_hd__buf_6)
     1    0.034420    0.044499    0.182138   14.836021 v output95/X (sky130_fd_sc_hd__buf_6)
                                                         dbg_dmem_rdata[28] (net)
                      0.044577    0.001636   14.837658 v dbg_dmem_rdata[28] (out)
                                             14.837658   data arrival time

                                 20.000000   20.000000   clock clk (rise edge)
                                  0.000000   20.000000   clock network delay (propagated)
                                 -0.250000   19.750002   clock uncertainty
                                  0.000000   19.750002   clock reconvergence pessimism
                                 -4.000000   15.750001   output external delay
                                             15.750001   data required time
---------------------------------------------------------------------------------------------
                                             15.750001   data required time
                                            -14.837658   data arrival time
---------------------------------------------------------------------------------------------
                                              0.912343   slack (MET)




===========================================================================
report_checks --slack_max -0.01
============================================================================
======================= max_tt_025C_1v80 Corner ===================================

No paths found.


===========================================================================
 report_check_types -max_slew -max_cap -max_fanout -violators
============================================================================
======================= max_tt_025C_1v80 Corner ===================================

max slew

Pin                                        Limit        Slew       Slack
------------------------------------------------------------------------
dmem_sram/din0[4]                       1.500000    3.416604   -1.916604 (VIOLATED)
dmem_sram/din0[6]                       1.500000    3.357395   -1.857395 (VIOLATED)
dmem_sram/din0[0]                       1.500000    3.218217   -1.718217 (VIOLATED)
dmem_sram/din0[2]                       1.500000    3.212777   -1.712777 (VIOLATED)
dmem_sram/din0[3]                       1.500000    2.626512   -1.126512 (VIOLATED)
rebuffer5/X                             1.500000    2.560443   -1.060443 (VIOLATED)
rebuffer8/X                             1.500000    2.515851   -1.015851 (VIOLATED)
rebuffer1/X                             1.500000    2.393493   -0.893493 (VIOLATED)
rebuffer2/X                             1.500000    2.375456   -0.875456 (VIOLATED)
dmem_sram/wmask0[3]                     1.500000    1.975179   -0.475179 (VIOLATED)
rebuffer6/X                             1.500000    1.968116   -0.468116 (VIOLATED)
dmem_sram/wmask0[2]                     1.500000    1.948392   -0.448392 (VIOLATED)
dmem_sram/din0[7]                       1.500000    1.526142   -0.026142 (VIOLATED)

max fanout

Pin                                   Limit Fanout  Slack
---------------------------------------------------------
max_cap261/X                             10     16     -6 (VIOLATED)
max_cap1148/X                            10     15     -5 (VIOLATED)
_06651_/X                                10     13     -3 (VIOLATED)
_06684_/X                                10     13     -3 (VIOLATED)
fanout415/X                              10     13     -3 (VIOLATED)
clkbuf_5_16__f_clk/X                     10     12     -2 (VIOLATED)
clkbuf_5_17__f_clk/X                     10     12     -2 (VIOLATED)
clkbuf_leaf_170_clk/X                    10     12     -2 (VIOLATED)
clkbuf_leaf_176_clk/X                    10     12     -2 (VIOLATED)
clkbuf_leaf_17_clk/X                     10     12     -2 (VIOLATED)
clkbuf_leaf_34_clk/X                     10     12     -2 (VIOLATED)
clkbuf_leaf_77_clk/X                     10     12     -2 (VIOLATED)
fanout1059/X                             10     12     -2 (VIOLATED)
fanout346/X                              10     12     -2 (VIOLATED)
wire957/X                                10     12     -2 (VIOLATED)
_06665_/X                                10     11        (VIOLATED)
clkbuf_5_6__f_clk/X                      10     11        (VIOLATED)
clkbuf_leaf_108_clk/X                    10     11        (VIOLATED)
clkbuf_leaf_118_clk/X                    10     11        (VIOLATED)
clkbuf_leaf_123_clk/X                    10     11        (VIOLATED)
clkbuf_leaf_179_clk/X                    10     11        (VIOLATED)
clkbuf_leaf_188_clk/X                    10     11        (VIOLATED)
clkbuf_leaf_216_clk/X                    10     11        (VIOLATED)
clkbuf_leaf_28_clk/X                     10     11        (VIOLATED)
clkbuf_leaf_30_clk/X                     10     11        (VIOLATED)
clkbuf_leaf_38_clk/X                     10     11        (VIOLATED)
clkbuf_leaf_97_clk/X                     10     11        (VIOLATED)
fanout1061/X                             10     11        (VIOLATED)
fanout1159/X                             10     11        (VIOLATED)
fanout204/X                              10     11        (VIOLATED)
fanout358/X                              10     11        (VIOLATED)
fanout361/X                              10     11        (VIOLATED)
fanout375/X                              10     11        (VIOLATED)
fanout387/X                              10     11        (VIOLATED)
fanout391/X                              10     11        (VIOLATED)
fanout393/X                              10     11        (VIOLATED)
fanout399/X                              10     11        (VIOLATED)
fanout403/X                              10     11        (VIOLATED)
fanout452/X                              10     11        (VIOLATED)
fanout454/X                              10     11        (VIOLATED)
fanout470/X                              10     11        (VIOLATED)
fanout474/X                              10     11        (VIOLATED)
fanout478/X                              10     11        (VIOLATED)
fanout493/X                              10     11        (VIOLATED)
fanout509/X                              10     11        (VIOLATED)
fanout529/X                              10     11        (VIOLATED)
fanout571/X                              10     11        (VIOLATED)
fanout695/X                              10     11        (VIOLATED)
fanout698/X                              10     11        (VIOLATED)
fanout747/X                              10     11        (VIOLATED)
fanout753/X                              10     11        (VIOLATED)

max capacitance

Pin                                        Limit         Cap       Slack
------------------------------------------------------------------------
dmem_sram/dout0[7]                      0.027560    0.199208   -0.171648 (VIOLATED)
_05211_/X                               0.200000    0.323577   -0.123577 (VIOLATED)
rebuffer5/X                             0.159312    0.273745   -0.114433 (VIOLATED)
_11308_/Q                               0.200000    0.312025   -0.112025 (VIOLATED)
rebuffer8/X                             0.159312    0.268326   -0.109014 (VIOLATED)
_06805_/X                               0.200000    0.306171   -0.106171 (VIOLATED)
_11309_/Q                               0.200000    0.305799   -0.105799 (VIOLATED)
_05292_/X                               0.200000    0.297179   -0.097179 (VIOLATED)
_05237_/X                               0.200000    0.295161   -0.095161 (VIOLATED)
rebuffer1/X                             0.159312    0.252339   -0.093027 (VIOLATED)
_11305_/Q                               0.200000    0.291654   -0.091654 (VIOLATED)
rebuffer2/X                             0.159312    0.250221   -0.090909 (VIOLATED)
_06799_/X                               0.200000    0.286745   -0.086745 (VIOLATED)
_06784_/X                               0.200000    0.286177   -0.086177 (VIOLATED)
_06803_/X                               0.200000    0.284591   -0.084591 (VIOLATED)
_06651_/X                               0.200000    0.284093   -0.084093 (VIOLATED)
_06684_/X                               0.200000    0.282719   -0.082719 (VIOLATED)
_11307_/Q                               0.200000    0.281299   -0.081299 (VIOLATED)
wire921/X                               0.200000    0.277708   -0.077708 (VIOLATED)
_06796_/X                               0.200000    0.277487   -0.077487 (VIOLATED)
_06665_/X                               0.200000    0.274883   -0.074883 (VIOLATED)
_06798_/X                               0.200000    0.273103   -0.073103 (VIOLATED)
_06802_/X                               0.200000    0.270180   -0.070180 (VIOLATED)
_06786_/X                               0.200000    0.267322   -0.067322 (VIOLATED)
_06790_/X                               0.200000    0.266913   -0.066913 (VIOLATED)
_06771_/Y                               0.200000    0.266643   -0.066643 (VIOLATED)
_06788_/X                               0.200000    0.266586   -0.066586 (VIOLATED)
_06792_/X                               0.200000    0.262770   -0.062770 (VIOLATED)
max_cap1148/X                           0.200000    0.260886   -0.060886 (VIOLATED)
_06698_/X                               0.200000    0.253549   -0.053549 (VIOLATED)
max_cap261/X                            0.200000    0.253452   -0.053452 (VIOLATED)
_06794_/X                               0.200000    0.252804   -0.052804 (VIOLATED)
_06810_/X                               0.200000    0.252155   -0.052155 (VIOLATED)
rebuffer6/X                             0.159312    0.210190   -0.050878 (VIOLATED)
wire948/X                               0.200000    0.246711   -0.046711 (VIOLATED)
_06800_/X                               0.200000    0.234302   -0.034302 (VIOLATED)
max_cap1147/X                           0.200000    0.233269   -0.033269 (VIOLATED)
_06813_/X                               0.200000    0.231123   -0.031124 (VIOLATED)
_06782_/Y                               0.200000    0.225017   -0.025017 (VIOLATED)
_06804_/X                               0.200000    0.224859   -0.024859 (VIOLATED)
_06809_/X                               0.200000    0.223049   -0.023049 (VIOLATED)
max_cap262/X                            0.200000    0.222157   -0.022157 (VIOLATED)
_06814_/X                               0.200000    0.221171   -0.021171 (VIOLATED)
_06801_/X                               0.200000    0.220247   -0.020247 (VIOLATED)
wire930/X                               0.200000    0.219565   -0.019565 (VIOLATED)
max_cap263/X                            0.200000    0.218946   -0.018946 (VIOLATED)
max_cap260/X                            0.200000    0.217650   -0.017650 (VIOLATED)
wire924/X                               0.200000    0.217640   -0.017640 (VIOLATED)
_06777_/X                               0.200000    0.216342   -0.016342 (VIOLATED)
_06806_/X                               0.200000    0.216164   -0.016164 (VIOLATED)
_06807_/X                               0.200000    0.214309   -0.014309 (VIOLATED)
_06781_/Y                               0.200000    0.214102   -0.014102 (VIOLATED)
_06811_/X                               0.200000    0.212548   -0.012548 (VIOLATED)
wire963/X                               0.200000    0.210380   -0.010380 (VIOLATED)
wire918/X                               0.200000    0.209178   -0.009178 (VIOLATED)
imem_sram/dout1[4]                      0.027560    0.032375   -0.004815 (VIOLATED)
_06808_/X                               0.200000    0.204125   -0.004125 (VIOLATED)
imem_sram/dout1[16]                     0.027560    0.030500   -0.002940 (VIOLATED)
wire936/X                               0.200000    0.202407   -0.002407 (VIOLATED)
_06776_/X                               0.200000    0.201461   -0.001461 (VIOLATED)



===========================================================================
report_parasitic_annotation -report_unannotated
============================================================================
Found 269 unannotated drivers.
 clkload0/Y
 clkload1/Y
 clkload10/Y
 clkload100/Y
 clkload101/X
 clkload102/Y
 clkload103/Y
 clkload104/Y
 clkload105/Y
 clkload106/Y
 clkload107/Y
 clkload108/Y
 clkload109/Y
 clkload11/Y
 clkload110/Y
 clkload111/X
 clkload112/Y
 clkload113/Y
 clkload114/Y
 clkload115/Y
 clkload116/Y
 clkload117/Y
 clkload118/Y
 clkload119/Y
 clkload12/Y
 clkload120/Y
 clkload121/X
 clkload122/Y
 clkload123/Y
 clkload124/X
 clkload125/X
 clkload126/X
 clkload127/Y
 clkload128/Y
 clkload129/Y
 clkload13/Y
 clkload130/Y
 clkload131/Y
 clkload132/Y
 clkload133/X
 clkload134/Y
 clkload135/X
 clkload136/Y
 clkload137/Y
 clkload138/Y
 clkload139/Y
 clkload14/X
 clkload140/X
 clkload141/Y
 clkload142/Y
 clkload143/Y
 clkload144/X
 clkload145/Y
 clkload146/X
 clkload147/Y
 clkload148/Y
 clkload149/Y
 clkload15/X
 clkload150/Y
 clkload151/Y
 clkload152/Y
 clkload153/Y
 clkload154/X
 clkload155/Y
 clkload156/Y
 clkload157/Y
 clkload158/Y
 clkload159/X
 clkload16/X
 clkload160/Y
 clkload161/Y
 clkload162/X
 clkload163/X
 clkload164/Y
 clkload165/X
 clkload166/Y
 clkload167/Y
 clkload168/X
 clkload169/Y
 clkload17/X
 clkload170/Y
 clkload171/X
 clkload172/X
 clkload173/Y
 clkload174/Y
 clkload175/Y
 clkload176/Y
 clkload177/Y
 clkload178/Y
 clkload179/X
 clkload18/X
 clkload180/X
 clkload181/Y
 clkload182/Y
 clkload183/X
 clkload184/X
 clkload185/Y
 clkload186/Y
 clkload187/Y
 clkload188/Y
 clkload189/Y
 clkload19/Y
 clkload190/X
 clkload2/Y
 clkload20/Y
 clkload21/Y
 clkload22/Y
 clkload23/Y
 clkload24/X
 clkload25/X
 clkload26/X
 clkload27/X
 clkload28/X
 clkload29/X
 clkload3/Y
 clkload30/X
 clkload31/Y
 clkload32/Y
 clkload33/X
 clkload34/Y
 clkload35/Y
 clkload36/Y
 clkload37/Y
 clkload38/Y
 clkload39/Y
 clkload4/Y
 clkload40/Y
 clkload41/Y
 clkload42/Y
 clkload43/Y
 clkload44/Y
 clkload45/Y
 clkload46/Y
 clkload47/Y
 clkload48/Y
 clkload49/Y
 clkload5/Y
 clkload50/Y
 clkload51/X
 clkload52/X
 clkload53/X
 clkload54/Y
 clkload55/Y
 clkload56/Y
 clkload57/X
 clkload58/X
 clkload59/X
 clkload6/Y
 clkload60/X
 clkload61/Y
 clkload62/Y
 clkload63/X
 clkload64/Y
 clkload65/X
 clkload66/Y
 clkload67/Y
 clkload68/Y
 clkload69/X
 clkload7/X
 clkload70/X
 clkload71/X
 clkload72/X
 clkload73/X
 clkload74/X
 clkload75/X
 clkload76/X
 clkload77/X
 clkload78/X
 clkload79/Y
 clkload8/Y
 clkload80/Y
 clkload81/X
 clkload82/Y
 clkload83/X
 clkload84/Y
 clkload85/X
 clkload86/Y
 clkload87/Y
 clkload88/Y
 clkload89/X
 clkload9/Y
 clkload90/X
 clkload91/Y
 clkload92/X
 clkload93/Y
 clkload94/X
 clkload95/X
 clkload96/Y
 clkload97/Y
 clkload98/Y
 clkload99/Y
 dmem_sram/dout1[0]
 dmem_sram/dout1[10]
 dmem_sram/dout1[11]
 dmem_sram/dout1[12]
 dmem_sram/dout1[13]
 dmem_sram/dout1[14]
 dmem_sram/dout1[15]
 dmem_sram/dout1[16]
 dmem_sram/dout1[17]
 dmem_sram/dout1[18]
 dmem_sram/dout1[19]
 dmem_sram/dout1[1]
 dmem_sram/dout1[20]
 dmem_sram/dout1[21]
 dmem_sram/dout1[22]
 dmem_sram/dout1[23]
 dmem_sram/dout1[24]
 dmem_sram/dout1[25]
 dmem_sram/dout1[26]
 dmem_sram/dout1[27]
 dmem_sram/dout1[28]
 dmem_sram/dout1[29]
 dmem_sram/dout1[2]
 dmem_sram/dout1[30]
 dmem_sram/dout1[31]
 dmem_sram/dout1[3]
 dmem_sram/dout1[4]
 dmem_sram/dout1[5]
 dmem_sram/dout1[6]
 dmem_sram/dout1[7]
 dmem_sram/dout1[8]
 dmem_sram/dout1[9]
 dmem_sram_1237/HI
 dmem_sram_1238/HI
 dmem_sram_1239/HI
 dmem_sram_1240/HI
 dmem_sram_1241/HI
 dmem_sram_1242/HI
 dmem_sram_1243/HI
 dmem_sram_1244/HI
 dmem_sram_1246/LO
 imem_sram/dout0[0]
 imem_sram/dout0[10]
 imem_sram/dout0[11]
 imem_sram/dout0[12]
 imem_sram/dout0[13]
 imem_sram/dout0[14]
 imem_sram/dout0[15]
 imem_sram/dout0[16]
 imem_sram/dout0[17]
 imem_sram/dout0[18]
 imem_sram/dout0[19]
 imem_sram/dout0[1]
 imem_sram/dout0[20]
 imem_sram/dout0[21]
 imem_sram/dout0[22]
 imem_sram/dout0[23]
 imem_sram/dout0[24]
 imem_sram/dout0[25]
 imem_sram/dout0[26]
 imem_sram/dout0[27]
 imem_sram/dout0[28]
 imem_sram/dout0[29]
 imem_sram/dout0[2]
 imem_sram/dout0[30]
 imem_sram/dout0[31]
 imem_sram/dout0[3]
 imem_sram/dout0[4]
 imem_sram/dout0[5]
 imem_sram/dout0[6]
 imem_sram/dout0[7]
 imem_sram/dout0[8]
 imem_sram/dout0[9]
 imem_sram_1245/HI
 imem_sram_1247/LO
 imem_sram_1248/LO
 imem_sram_1249/LO
 imem_sram_1250/LO
Found 0 partially unannotated drivers.

===========================================================================
max slew violation count 13
max fanout violation count 51
max cap violation count 60
============================================================================

===========================================================================
check_setup -verbose -unconstrained_endpoints -multiple_clock -no_clock -no_input_delay -loops -generated_clocks
===========================================================================
Warning: There are 14 unconstrained endpoints.
  dmem_sram/addr1[0]
  dmem_sram/addr1[1]
  dmem_sram/addr1[2]
  dmem_sram/addr1[3]
  dmem_sram/addr1[4]
  dmem_sram/addr1[5]
  dmem_sram/addr1[6]
  dmem_sram/addr1[7]
  dmem_sram/csb1
  imem_sram/csb1
  imem_sram/wmask0[0]
  imem_sram/wmask0[1]
  imem_sram/wmask0[2]
  imem_sram/wmask0[3]
