
===========================================================================
report_checks -unconstrained
===========================================================================
======================= min_ff_n40C_1v95 Corner ===================================

Startpoint: rst (input port clocked by clk)
Endpoint: _10611_ (recovery check against rising-edge clock clk)
Path Group: asynchronous
Path Type: max

Fanout         Cap        Slew       Delay        Time   Description
---------------------------------------------------------------------------------------------
                                  0.000000    0.000000   clock clk (rise edge)
                                  0.000000    0.000000   clock network delay (propagated)
                                  4.000000    4.000000 v input external delay
     1    0.002867    0.004829    0.002318    4.002318 v rst (in)
                                                         rst (net)
                      0.004829    0.000000    4.002318 v input42/A (sky130_fd_sc_hd__buf_4)
     2    0.083497    0.080200    0.127913    4.130231 v input42/X (sky130_fd_sc_hd__buf_4)
                                                         net42 (net)
                      0.083898    0.013276    4.143507 v fanout1197/A (sky130_fd_sc_hd__buf_4)
     6    0.078760    0.075628    0.163456    4.306963 v fanout1197/X (sky130_fd_sc_hd__buf_4)
                                                         net1197 (net)
                      0.075839    0.003247    4.310210 v fanout1187/A (sky130_fd_sc_hd__buf_2)
     5    0.035636    0.065270    0.136478    4.446688 v fanout1187/X (sky130_fd_sc_hd__buf_2)
                                                         net1187 (net)
                      0.065272    0.000495    4.447183 v fanout1186/A (sky130_fd_sc_hd__clkbuf_4)
     6    0.052135    0.078606    0.155493    4.602676 v fanout1186/X (sky130_fd_sc_hd__clkbuf_4)
                                                         net1186 (net)
                      0.078655    0.001800    4.604476 v fanout1185/A (sky130_fd_sc_hd__buf_4)
    10    0.066180    0.065899    0.153403    4.757879 v fanout1185/X (sky130_fd_sc_hd__buf_4)
                                                         net1185 (net)
                      0.065899    0.000147    4.758027 v fanout1184/A (sky130_fd_sc_hd__buf_4)
     9    0.054590    0.059584    0.140012    4.898039 v fanout1184/X (sky130_fd_sc_hd__buf_4)
                                                         net1184 (net)
                      0.059584    0.000282    4.898322 v fanout1183/A (sky130_fd_sc_hd__buf_4)
    10    0.058462    0.062245    0.141168    5.039489 v fanout1183/X (sky130_fd_sc_hd__buf_4)
                                                         net1183 (net)
                      0.062256    0.000831    5.040321 v _09539_/A (sky130_fd_sc_hd__inv_2)
     1    0.004544    0.027226    0.043538    5.083858 ^ _09539_/Y (sky130_fd_sc_hd__inv_2)
                                                         _00312_ (net)
                      0.027226    0.000025    5.083884 ^ _10611_/RESET_B (sky130_fd_sc_hd__dfrtp_1)
                                              5.083884   data arrival time

                                 20.000000   20.000000   clock clk (rise edge)
                                  0.000000   20.000000   clock source latency
     1    0.107559    0.365765    0.269672   20.269672 ^ clk (in)
                                                         clk (net)
                      0.374290    0.000000   20.269672 ^ clkbuf_0_clk/A (sky130_fd_sc_hd__clkbuf_16)
     4    0.078043    0.078836    0.164555   20.434227 ^ clkbuf_0_clk/X (sky130_fd_sc_hd__clkbuf_16)
                                                         clknet_0_clk (net)
                      0.080346    0.008487   20.442715 ^ clkbuf_2_2_0_clk/A (sky130_fd_sc_hd__clkbuf_8)
     4    0.068893    0.097084    0.142141   20.584856 ^ clkbuf_2_2_0_clk/X (sky130_fd_sc_hd__clkbuf_8)
                                                         clknet_2_2_0_clk (net)
                      0.097351    0.004205   20.589060 ^ clkbuf_4_8_0_clk/A (sky130_fd_sc_hd__clkbuf_8)
     2    0.030533    0.050279    0.116257   20.705317 ^ clkbuf_4_8_0_clk/X (sky130_fd_sc_hd__clkbuf_8)
                                                         clknet_4_8_0_clk (net)
                      0.050283    0.000528   20.705845 ^ clkbuf_5_16__f_clk/A (sky130_fd_sc_hd__clkbuf_16)
    12    0.098029    0.087167    0.133671   20.839516 ^ clkbuf_5_16__f_clk/X (sky130_fd_sc_hd__clkbuf_16)
                                                         clknet_5_16__leaf_clk (net)
                      0.087213    0.001638   20.841154 ^ clkbuf_leaf_103_clk/A (sky130_fd_sc_hd__clkbuf_8)
     7    0.028767    0.048145    0.112157   20.953310 ^ clkbuf_leaf_103_clk/X (sky130_fd_sc_hd__clkbuf_8)
                                                         clknet_leaf_103_clk (net)
                      0.048145    0.000213   20.953524 ^ _10611_/CLK (sky130_fd_sc_hd__dfrtp_1)
                                 -0.250000   20.703526   clock uncertainty
                                  0.000000   20.703526   clock reconvergence pessimism
                                  0.146928   20.850452   library recovery time
                                             20.850452   data required time
---------------------------------------------------------------------------------------------
                                             20.850452   data required time
                                             -5.083884   data arrival time
---------------------------------------------------------------------------------------------
                                             15.766569   slack (MET)


Startpoint: dmem_sram (falling edge-triggered flip-flop clocked by clk)
Endpoint: dbg_dmem_rdata[25] (output port clocked by clk)
Path Group: clk
Path Type: max

Fanout         Cap        Slew       Delay        Time   Description
---------------------------------------------------------------------------------------------
                                 10.000000   10.000000   clock clk (fall edge)
                                  0.000000   10.000000   clock source latency
     1    0.106596    0.166210    0.130822   10.130823 v clk (in)
                                                         clk (net)
                      0.184627    0.000000   10.130823 v clkbuf_0_clk/A (sky130_fd_sc_hd__clkbuf_16)
     4    0.076179    0.053007    0.182851   10.313674 v clkbuf_0_clk/X (sky130_fd_sc_hd__clkbuf_16)
                                                         clknet_0_clk (net)
                      0.055193    0.008343   10.322017 v clkbuf_2_1_0_clk/A (sky130_fd_sc_hd__clkbuf_8)
     4    0.057397    0.054783    0.128090   10.450107 v clkbuf_2_1_0_clk/X (sky130_fd_sc_hd__clkbuf_8)
                                                         clknet_2_1_0_clk (net)
                      0.055812    0.005970   10.456078 v clkbuf_4_4_0_clk/A (sky130_fd_sc_hd__clkbuf_8)
     2    0.029467    0.035621    0.114166   10.570243 v clkbuf_4_4_0_clk/X (sky130_fd_sc_hd__clkbuf_8)
                                                         clknet_4_4_0_clk (net)
                      0.035745    0.001737   10.571980 v clkbuf_5_8__f_clk/A (sky130_fd_sc_hd__clkbuf_16)
     4    0.114473    0.066702    0.129390   10.701370 v clkbuf_5_8__f_clk/X (sky130_fd_sc_hd__clkbuf_16)
                                                         clknet_5_8__leaf_clk (net)
                      0.112424    0.025874   10.727243 v dmem_sram/clk0 (sky130_sram_1kbyte_1rw1r_32x256_8)
     4    0.171064    0.092369    1.289346   12.016590 v dmem_sram/dout0[7] (sky130_sram_1kbyte_1rw1r_32x256_8)
                                                         dmem_dout[7] (net)
                      0.069277    0.049657   12.066247 v wire879/A (sky130_fd_sc_hd__buf_4)
     3    0.065148    0.065971    0.143791   12.210038 v wire879/X (sky130_fd_sc_hd__buf_4)
                                                         net879 (net)
                      0.070205    0.012951   12.222988 v _06847_/A0 (sky130_fd_sc_hd__mux2_2)
     2    0.007172    0.044115    0.164104   12.387093 v _06847_/X (sky130_fd_sc_hd__mux2_2)
                                                         _03532_ (net)
                      0.044115    0.000093   12.387186 v _06849_/A0 (sky130_fd_sc_hd__mux2_4)
     2    0.009007    0.043314    0.163890   12.551076 v _06849_/X (sky130_fd_sc_hd__mux2_4)
                                                         _03534_ (net)
                      0.043314    0.000076   12.551152 v _06854_/A1 (sky130_fd_sc_hd__a31o_4)
     8    0.034743    0.053898    0.174056   12.725209 v _06854_/X (sky130_fd_sc_hd__a31o_4)
                                                         _03538_ (net)
                      0.053901    0.000477   12.725686 v _06868_/B1 (sky130_fd_sc_hd__a21o_1)
     2    0.006539    0.034888    0.087296   12.812983 v _06868_/X (sky130_fd_sc_hd__a21o_1)
                                                         _03545_ (net)
                      0.034888    0.000077   12.813060 v _06870_/C1 (sky130_fd_sc_hd__o211a_1)
     1    0.004556    0.033693    0.071286   12.884345 v _06870_/X (sky130_fd_sc_hd__o211a_1)
                                                         _03546_ (net)
                      0.033693    0.000076   12.884422 v fanout349/A (sky130_fd_sc_hd__buf_4)
     7    0.038189    0.045833    0.115265   12.999687 v fanout349/X (sky130_fd_sc_hd__buf_4)
                                                         net349 (net)
                      0.045833    0.000214   12.999901 v fanout348/A (sky130_fd_sc_hd__buf_6)
    10    0.053621    0.042754    0.106817   13.106718 v fanout348/X (sky130_fd_sc_hd__buf_6)
                                                         net348 (net)
                      0.042763    0.000609   13.107327 v _06880_/B1 (sky130_fd_sc_hd__o21a_4)
     3    0.083423    0.090380    0.129890   13.237217 v _06880_/X (sky130_fd_sc_hd__o21a_4)
                                                         net92 (net)
                      0.091508    0.008032   13.245249 v output92/A (sky130_fd_sc_hd__buf_6)
     1    0.034302    0.032366    0.116588   13.361836 v output92/X (sky130_fd_sc_hd__buf_6)
                                                         dbg_dmem_rdata[25] (net)
                      0.032370    0.000377   13.362213 v dbg_dmem_rdata[25] (out)
                                             13.362213   data arrival time

                                 20.000000   20.000000   clock clk (rise edge)
                                  0.000000   20.000000   clock network delay (propagated)
                                 -0.250000   19.750002   clock uncertainty
                                  0.000000   19.750002   clock reconvergence pessimism
                                 -4.000000   15.750001   output external delay
                                             15.750001   data required time
---------------------------------------------------------------------------------------------
                                             15.750001   data required time
                                            -13.362213   data arrival time
---------------------------------------------------------------------------------------------
                                              2.387788   slack (MET)




===========================================================================
report_checks --slack_max -0.01
============================================================================
======================= min_ff_n40C_1v95 Corner ===================================

No paths found.


===========================================================================
 report_check_types -max_slew -max_cap -max_fanout -violators
============================================================================
======================= min_ff_n40C_1v95 Corner ===================================

max slew

Pin                                        Limit        Slew       Slack
------------------------------------------------------------------------
dmem_sram/din0[4]                       1.500000    2.423944   -0.923944 (VIOLATED)
dmem_sram/din0[6]                       1.500000    2.359443   -0.859443 (VIOLATED)
dmem_sram/din0[0]                       1.500000    2.091430   -0.591430 (VIOLATED)
dmem_sram/din0[2]                       1.500000    2.043753   -0.543753 (VIOLATED)
rebuffer5/X                             1.500000    1.817253   -0.317253 (VIOLATED)
dmem_sram/din0[3]                       1.500000    1.808469   -0.308469 (VIOLATED)
rebuffer8/X                             1.500000    1.768783   -0.268783 (VIOLATED)
rebuffer1/X                             1.500000    1.558125   -0.058125 (VIOLATED)
rebuffer2/X                             1.500000    1.514392   -0.014393 (VIOLATED)

max fanout

Pin                                   Limit Fanout  Slack
---------------------------------------------------------
max_cap261/X                             10     16     -6 (VIOLATED)
max_cap1148/X                            10     15     -5 (VIOLATED)
_06651_/X                                10     13     -3 (VIOLATED)
_06684_/X                                10     13     -3 (VIOLATED)
fanout415/X                              10     13     -3 (VIOLATED)
clkbuf_5_16__f_clk/X                     10     12     -2 (VIOLATED)
clkbuf_5_17__f_clk/X                     10     12     -2 (VIOLATED)
clkbuf_leaf_170_clk/X                    10     12     -2 (VIOLATED)
clkbuf_leaf_176_clk/X                    10     12     -2 (VIOLATED)
clkbuf_leaf_17_clk/X                     10     12     -2 (VIOLATED)
clkbuf_leaf_34_clk/X                     10     12     -2 (VIOLATED)
clkbuf_leaf_77_clk/X                     10     12     -2 (VIOLATED)
fanout1059/X                             10     12     -2 (VIOLATED)
fanout346/X                              10     12     -2 (VIOLATED)
wire957/X                                10     12     -2 (VIOLATED)
_06665_/X                                10     11        (VIOLATED)
clkbuf_5_6__f_clk/X                      10     11        (VIOLATED)
clkbuf_leaf_108_clk/X                    10     11        (VIOLATED)
clkbuf_leaf_118_clk/X                    10     11        (VIOLATED)
clkbuf_leaf_123_clk/X                    10     11        (VIOLATED)
clkbuf_leaf_179_clk/X                    10     11        (VIOLATED)
clkbuf_leaf_188_clk/X                    10     11        (VIOLATED)
clkbuf_leaf_216_clk/X                    10     11        (VIOLATED)
clkbuf_leaf_28_clk/X                     10     11        (VIOLATED)
clkbuf_leaf_30_clk/X                     10     11        (VIOLATED)
clkbuf_leaf_38_clk/X                     10     11        (VIOLATED)
clkbuf_leaf_97_clk/X                     10     11        (VIOLATED)
fanout1061/X                             10     11        (VIOLATED)
fanout1159/X                             10     11        (VIOLATED)
fanout204/X                              10     11        (VIOLATED)
fanout358/X                              10     11        (VIOLATED)
fanout361/X                              10     11        (VIOLATED)
fanout375/X                              10     11        (VIOLATED)
fanout387/X                              10     11        (VIOLATED)
fanout391/X                              10     11        (VIOLATED)
fanout393/X                              10     11        (VIOLATED)
fanout399/X                              10     11        (VIOLATED)
fanout403/X                              10     11        (VIOLATED)
fanout452/X                              10     11        (VIOLATED)
fanout454/X                              10     11        (VIOLATED)
fanout470/X                              10     11        (VIOLATED)
fanout474/X                              10     11        (VIOLATED)
fanout478/X                              10     11        (VIOLATED)
fanout493/X                              10     11        (VIOLATED)
fanout509/X                              10     11        (VIOLATED)
fanout529/X                              10     11        (VIOLATED)
fanout571/X                              10     11        (VIOLATED)
fanout695/X                              10     11        (VIOLATED)
fanout698/X                              10     11        (VIOLATED)
fanout747/X                              10     11        (VIOLATED)
fanout753/X                              10     11        (VIOLATED)

max capacitance

Pin                                        Limit         Cap       Slack
------------------------------------------------------------------------
dmem_sram/dout0[7]                      0.027560    0.171424   -0.143864 (VIOLATED)
_05211_/X                               0.200000    0.277739   -0.077739 (VIOLATED)
_11308_/Q                               0.200000    0.274066   -0.074066 (VIOLATED)
_11309_/Q                               0.200000    0.269358   -0.069358 (VIOLATED)
_06805_/X                               0.200000    0.260296   -0.060296 (VIOLATED)
_05292_/X                               0.200000    0.257486   -0.057487 (VIOLATED)
_11305_/Q                               0.200000    0.255552   -0.055552 (VIOLATED)
_05237_/X                               0.200000    0.255444   -0.055444 (VIOLATED)
_11307_/Q                               0.200000    0.254837   -0.054837 (VIOLATED)
_06784_/X                               0.200000    0.254439   -0.054439 (VIOLATED)
rebuffer5/X                             0.200000    0.252005   -0.052005 (VIOLATED)
rebuffer8/X                             0.200000    0.246047   -0.046047 (VIOLATED)
_06803_/X                               0.200000    0.244887   -0.044887 (VIOLATED)
_06802_/X                               0.200000    0.242164   -0.042164 (VIOLATED)
_06790_/X                               0.200000    0.241358   -0.041358 (VIOLATED)
_06786_/X                               0.200000    0.240991   -0.040991 (VIOLATED)
_06651_/X                               0.200000    0.239962   -0.039962 (VIOLATED)
_06799_/X                               0.200000    0.239613   -0.039613 (VIOLATED)
_06684_/X                               0.200000    0.237370   -0.037370 (VIOLATED)
_06796_/X                               0.200000    0.235373   -0.035373 (VIOLATED)
_06771_/Y                               0.200000    0.233392   -0.033392 (VIOLATED)
_06665_/X                               0.200000    0.232386   -0.032386 (VIOLATED)
_06798_/X                               0.200000    0.231728   -0.031728 (VIOLATED)
wire921/X                               0.200000    0.230134   -0.030134 (VIOLATED)
_06788_/X                               0.200000    0.228815   -0.028815 (VIOLATED)
max_cap1148/X                           0.200000    0.221344   -0.021344 (VIOLATED)
_06792_/X                               0.200000    0.220487   -0.020487 (VIOLATED)
_06794_/X                               0.200000    0.216220   -0.016220 (VIOLATED)
_06810_/X                               0.200000    0.216055   -0.016055 (VIOLATED)
rebuffer1/X                             0.200000    0.215647   -0.015647 (VIOLATED)
_06782_/Y                               0.200000    0.215587   -0.015587 (VIOLATED)
max_cap261/X                            0.200000    0.215440   -0.015440 (VIOLATED)
_06698_/X                               0.200000    0.213087   -0.013087 (VIOLATED)
rebuffer2/X                             0.200000    0.209062   -0.009062 (VIOLATED)
_06813_/X                               0.200000    0.207459   -0.007459 (VIOLATED)
wire948/X                               0.200000    0.206116   -0.006116 (VIOLATED)
_06804_/X                               0.200000    0.203676   -0.003676 (VIOLATED)
max_cap1147/X                           0.200000    0.203601   -0.003601 (VIOLATED)
_06809_/X                               0.200000    0.203311   -0.003311 (VIOLATED)
imem_sram/dout1[4]                      0.027560    0.029635   -0.002075 (VIOLATED)



===========================================================================
report_parasitic_annotation -report_unannotated
============================================================================
Found 269 unannotated drivers.
 clkload0/Y
 clkload1/Y
 clkload10/Y
 clkload100/Y
 clkload101/X
 clkload102/Y
 clkload103/Y
 clkload104/Y
 clkload105/Y
 clkload106/Y
 clkload107/Y
 clkload108/Y
 clkload109/Y
 clkload11/Y
 clkload110/Y
 clkload111/X
 clkload112/Y
 clkload113/Y
 clkload114/Y
 clkload115/Y
 clkload116/Y
 clkload117/Y
 clkload118/Y
 clkload119/Y
 clkload12/Y
 clkload120/Y
 clkload121/X
 clkload122/Y
 clkload123/Y
 clkload124/X
 clkload125/X
 clkload126/X
 clkload127/Y
 clkload128/Y
 clkload129/Y
 clkload13/Y
 clkload130/Y
 clkload131/Y
 clkload132/Y
 clkload133/X
 clkload134/Y
 clkload135/X
 clkload136/Y
 clkload137/Y
 clkload138/Y
 clkload139/Y
 clkload14/X
 clkload140/X
 clkload141/Y
 clkload142/Y
 clkload143/Y
 clkload144/X
 clkload145/Y
 clkload146/X
 clkload147/Y
 clkload148/Y
 clkload149/Y
 clkload15/X
 clkload150/Y
 clkload151/Y
 clkload152/Y
 clkload153/Y
 clkload154/X
 clkload155/Y
 clkload156/Y
 clkload157/Y
 clkload158/Y
 clkload159/X
 clkload16/X
 clkload160/Y
 clkload161/Y
 clkload162/X
 clkload163/X
 clkload164/Y
 clkload165/X
 clkload166/Y
 clkload167/Y
 clkload168/X
 clkload169/Y
 clkload17/X
 clkload170/Y
 clkload171/X
 clkload172/X
 clkload173/Y
 clkload174/Y
 clkload175/Y
 clkload176/Y
 clkload177/Y
 clkload178/Y
 clkload179/X
 clkload18/X
 clkload180/X
 clkload181/Y
 clkload182/Y
 clkload183/X
 clkload184/X
 clkload185/Y
 clkload186/Y
 clkload187/Y
 clkload188/Y
 clkload189/Y
 clkload19/Y
 clkload190/X
 clkload2/Y
 clkload20/Y
 clkload21/Y
 clkload22/Y
 clkload23/Y
 clkload24/X
 clkload25/X
 clkload26/X
 clkload27/X
 clkload28/X
 clkload29/X
 clkload3/Y
 clkload30/X
 clkload31/Y
 clkload32/Y
 clkload33/X
 clkload34/Y
 clkload35/Y
 clkload36/Y
 clkload37/Y
 clkload38/Y
 clkload39/Y
 clkload4/Y
 clkload40/Y
 clkload41/Y
 clkload42/Y
 clkload43/Y
 clkload44/Y
 clkload45/Y
 clkload46/Y
 clkload47/Y
 clkload48/Y
 clkload49/Y
 clkload5/Y
 clkload50/Y
 clkload51/X
 clkload52/X
 clkload53/X
 clkload54/Y
 clkload55/Y
 clkload56/Y
 clkload57/X
 clkload58/X
 clkload59/X
 clkload6/Y
 clkload60/X
 clkload61/Y
 clkload62/Y
 clkload63/X
 clkload64/Y
 clkload65/X
 clkload66/Y
 clkload67/Y
 clkload68/Y
 clkload69/X
 clkload7/X
 clkload70/X
 clkload71/X
 clkload72/X
 clkload73/X
 clkload74/X
 clkload75/X
 clkload76/X
 clkload77/X
 clkload78/X
 clkload79/Y
 clkload8/Y
 clkload80/Y
 clkload81/X
 clkload82/Y
 clkload83/X
 clkload84/Y
 clkload85/X
 clkload86/Y
 clkload87/Y
 clkload88/Y
 clkload89/X
 clkload9/Y
 clkload90/X
 clkload91/Y
 clkload92/X
 clkload93/Y
 clkload94/X
 clkload95/X
 clkload96/Y
 clkload97/Y
 clkload98/Y
 clkload99/Y
 dmem_sram/dout1[0]
 dmem_sram/dout1[10]
 dmem_sram/dout1[11]
 dmem_sram/dout1[12]
 dmem_sram/dout1[13]
 dmem_sram/dout1[14]
 dmem_sram/dout1[15]
 dmem_sram/dout1[16]
 dmem_sram/dout1[17]
 dmem_sram/dout1[18]
 dmem_sram/dout1[19]
 dmem_sram/dout1[1]
 dmem_sram/dout1[20]
 dmem_sram/dout1[21]
 dmem_sram/dout1[22]
 dmem_sram/dout1[23]
 dmem_sram/dout1[24]
 dmem_sram/dout1[25]
 dmem_sram/dout1[26]
 dmem_sram/dout1[27]
 dmem_sram/dout1[28]
 dmem_sram/dout1[29]
 dmem_sram/dout1[2]
 dmem_sram/dout1[30]
 dmem_sram/dout1[31]
 dmem_sram/dout1[3]
 dmem_sram/dout1[4]
 dmem_sram/dout1[5]
 dmem_sram/dout1[6]
 dmem_sram/dout1[7]
 dmem_sram/dout1[8]
 dmem_sram/dout1[9]
 dmem_sram_1237/HI
 dmem_sram_1238/HI
 dmem_sram_1239/HI
 dmem_sram_1240/HI
 dmem_sram_1241/HI
 dmem_sram_1242/HI
 dmem_sram_1243/HI
 dmem_sram_1244/HI
 dmem_sram_1246/LO
 imem_sram/dout0[0]
 imem_sram/dout0[10]
 imem_sram/dout0[11]
 imem_sram/dout0[12]
 imem_sram/dout0[13]
 imem_sram/dout0[14]
 imem_sram/dout0[15]
 imem_sram/dout0[16]
 imem_sram/dout0[17]
 imem_sram/dout0[18]
 imem_sram/dout0[19]
 imem_sram/dout0[1]
 imem_sram/dout0[20]
 imem_sram/dout0[21]
 imem_sram/dout0[22]
 imem_sram/dout0[23]
 imem_sram/dout0[24]
 imem_sram/dout0[25]
 imem_sram/dout0[26]
 imem_sram/dout0[27]
 imem_sram/dout0[28]
 imem_sram/dout0[29]
 imem_sram/dout0[2]
 imem_sram/dout0[30]
 imem_sram/dout0[31]
 imem_sram/dout0[3]
 imem_sram/dout0[4]
 imem_sram/dout0[5]
 imem_sram/dout0[6]
 imem_sram/dout0[7]
 imem_sram/dout0[8]
 imem_sram/dout0[9]
 imem_sram_1245/HI
 imem_sram_1247/LO
 imem_sram_1248/LO
 imem_sram_1249/LO
 imem_sram_1250/LO
Found 0 partially unannotated drivers.

===========================================================================
max slew violation count 9
max fanout violation count 51
max cap violation count 40
============================================================================

===========================================================================
check_setup -verbose -unconstrained_endpoints -multiple_clock -no_clock -no_input_delay -loops -generated_clocks
===========================================================================
Warning: There are 14 unconstrained endpoints.
  dmem_sram/addr1[0]
  dmem_sram/addr1[1]
  dmem_sram/addr1[2]
  dmem_sram/addr1[3]
  dmem_sram/addr1[4]
  dmem_sram/addr1[5]
  dmem_sram/addr1[6]
  dmem_sram/addr1[7]
  dmem_sram/csb1
  imem_sram/csb1
  imem_sram/wmask0[0]
  imem_sram/wmask0[1]
  imem_sram/wmask0[2]
  imem_sram/wmask0[3]
