Clock: clk
Sources: clk 
Generated: no
Virtual: yes
Propagated: no
Period: 20.000000

===========================================================================
report_clock_properties
============================================================================
Clock                   Period          Waveform
----------------------------------------------------
clk                  20.000000    0.000000 10.000000

===========================================================================
report_clock_latency
============================================================================
Clock clk
rise -> rise
    min     max
0.000000 0.000000 source latency
0.813201         network latency dmem_sram/clk1
        0.986056 network latency _10252_/CLK
---------------
0.813201 0.986056 latency
        0.172854 skew

fall -> fall
    min     max
0.000000 0.000000 source latency
0.689250         network latency dmem_sram/clk1
        0.846627 network latency _10252_/CLK
---------------
0.689250 0.846627 latency
        0.157377 skew



===========================================================================
report_clock_min_period
============================================================================
clk period_min = 6.26 fmax = 159.66
