
===========================================================================
report_checks -unconstrained
===========================================================================
======================= max_ff_n40C_1v95 Corner ===================================

Startpoint: rst (input port clocked by clk)
Endpoint: _10611_ (recovery check against rising-edge clock clk)
Path Group: asynchronous
Path Type: max

Fanout         Cap        Slew       Delay        Time   Description
---------------------------------------------------------------------------------------------
                                  0.000000    0.000000   clock clk (rise edge)
                                  0.000000    0.000000   clock network delay (propagated)
                                  4.000000    4.000000 v input external delay
     1    0.002958    0.004945    0.002460    4.002460 v rst (in)
                                                         rst (net)
                      0.004953    0.000000    4.002460 v input42/A (sky130_fd_sc_hd__buf_4)
     2    0.097546    0.090703    0.128901    4.131361 v input42/X (sky130_fd_sc_hd__buf_4)
                                                         net42 (net)
                      0.101402    0.023241    4.154603 v fanout1197/A (sky130_fd_sc_hd__buf_4)
     6    0.094045    0.088708    0.176247    4.330850 v fanout1197/X (sky130_fd_sc_hd__buf_4)
                                                         net1197 (net)
                      0.090207    0.009211    4.340060 v fanout1187/A (sky130_fd_sc_hd__buf_2)
     5    0.039000    0.071551    0.143648    4.483709 v fanout1187/X (sky130_fd_sc_hd__buf_2)
                                                         net1187 (net)
                      0.071713    0.002502    4.486210 v fanout1186/A (sky130_fd_sc_hd__clkbuf_4)
     6    0.059174    0.089264    0.162244    4.648454 v fanout1186/X (sky130_fd_sc_hd__clkbuf_4)
                                                         net1186 (net)
                      0.089970    0.006350    4.654804 v fanout1185/A (sky130_fd_sc_hd__buf_4)
    10    0.072245    0.071577    0.158379    4.813183 v fanout1185/X (sky130_fd_sc_hd__buf_4)
                                                         net1185 (net)
                      0.071636    0.001778    4.814961 v fanout1184/A (sky130_fd_sc_hd__buf_4)
     9    0.058620    0.064528    0.142288    4.957249 v fanout1184/X (sky130_fd_sc_hd__buf_4)
                                                         net1184 (net)
                      0.064687    0.002420    4.959669 v fanout1183/A (sky130_fd_sc_hd__buf_4)
    10    0.061994    0.066277    0.143887    5.103556 v fanout1183/X (sky130_fd_sc_hd__buf_4)
                                                         net1183 (net)
                      0.066503    0.003348    5.106904 v _09539_/A (sky130_fd_sc_hd__inv_2)
     1    0.004726    0.028621    0.045391    5.152295 ^ _09539_/Y (sky130_fd_sc_hd__inv_2)
                                                         _00312_ (net)
                      0.028621    0.000127    5.152422 ^ _10611_/RESET_B (sky130_fd_sc_hd__dfrtp_1)
                                              5.152422   data arrival time

                                 20.000000   20.000000   clock clk (rise edge)
                                  0.000000   20.000000   clock source latency
     1    0.121786    0.413766    0.311761   20.311762 ^ clk (in)
                                                         clk (net)
                      0.433759    0.000000   20.311762 ^ clkbuf_0_clk/A (sky130_fd_sc_hd__clkbuf_16)
     4    0.092314    0.090992    0.169445   20.481207 ^ clkbuf_0_clk/X (sky130_fd_sc_hd__clkbuf_16)
                                                         clknet_0_clk (net)
                      0.097380    0.018570   20.499777 ^ clkbuf_2_2_0_clk/A (sky130_fd_sc_hd__clkbuf_8)
     4    0.081315    0.113776    0.151887   20.651665 ^ clkbuf_2_2_0_clk/X (sky130_fd_sc_hd__clkbuf_8)
                                                         clknet_2_2_0_clk (net)
                      0.114989    0.009582   20.661245 ^ clkbuf_4_8_0_clk/A (sky130_fd_sc_hd__clkbuf_8)
     2    0.034146    0.054871    0.123540   20.784786 ^ clkbuf_4_8_0_clk/X (sky130_fd_sc_hd__clkbuf_8)
                                                         clknet_4_8_0_clk (net)
                      0.055031    0.002025   20.786812 ^ clkbuf_5_16__f_clk/A (sky130_fd_sc_hd__clkbuf_16)
    12    0.108685    0.096049    0.137522   20.924334 ^ clkbuf_5_16__f_clk/X (sky130_fd_sc_hd__clkbuf_16)
                                                         clknet_5_16__leaf_clk (net)
                      0.096579    0.005775   20.930107 ^ clkbuf_leaf_103_clk/A (sky130_fd_sc_hd__clkbuf_8)
     7    0.030669    0.050396    0.115925   21.046034 ^ clkbuf_leaf_103_clk/X (sky130_fd_sc_hd__clkbuf_8)
                                                         clknet_leaf_103_clk (net)
                      0.050437    0.001267   21.047300 ^ _10611_/CLK (sky130_fd_sc_hd__dfrtp_1)
                                 -0.250000   20.797300   clock uncertainty
                                  0.000000   20.797300   clock reconvergence pessimism
                                  0.147010   20.944309   library recovery time
                                             20.944309   data required time
---------------------------------------------------------------------------------------------
                                             20.944309   data required time
                                             -5.152422   data arrival time
---------------------------------------------------------------------------------------------
                                             15.791887   slack (MET)


Startpoint: dmem_sram (falling edge-triggered flip-flop clocked by clk)
Endpoint: dbg_dmem_rdata[28] (output port clocked by clk)
Path Group: clk
Path Type: max

Fanout         Cap        Slew       Delay        Time   Description
---------------------------------------------------------------------------------------------
                                 10.000000   10.000000   clock clk (fall edge)
                                  0.000000   10.000000   clock source latency
     1    0.120823    0.186458    0.155597   10.155598 v clk (in)
                                                         clk (net)
                      0.229048    0.000000   10.155598 v clkbuf_0_clk/A (sky130_fd_sc_hd__clkbuf_16)
     4    0.090450    0.061723    0.200594   10.356192 v clkbuf_0_clk/X (sky130_fd_sc_hd__clkbuf_16)
                                                         clknet_0_clk (net)
                      0.069594    0.016663   10.372855 v clkbuf_2_1_0_clk/A (sky130_fd_sc_hd__clkbuf_8)
     4    0.066591    0.062613    0.135483   10.508338 v clkbuf_2_1_0_clk/X (sky130_fd_sc_hd__clkbuf_8)
                                                         clknet_2_1_0_clk (net)
                      0.066990    0.012830   10.521168 v clkbuf_4_4_0_clk/A (sky130_fd_sc_hd__clkbuf_8)
     2    0.032018    0.037370    0.119739   10.640906 v clkbuf_4_4_0_clk/X (sky130_fd_sc_hd__clkbuf_8)
                                                         clknet_4_4_0_clk (net)
                      0.037998    0.003746   10.644652 v clkbuf_5_8__f_clk/A (sky130_fd_sc_hd__clkbuf_16)
     4    0.129093    0.061280    0.129168   10.773820 v clkbuf_5_8__f_clk/X (sky130_fd_sc_hd__clkbuf_16)
                                                         clknet_5_8__leaf_clk (net)
                      0.139139    0.041489   10.815310 v dmem_sram/clk0 (sky130_sram_1kbyte_1rw1r_32x256_8)
     4    0.198601    0.107023    1.443882   12.259192 v dmem_sram/dout0[7] (sky130_sram_1kbyte_1rw1r_32x256_8)
                                                         dmem_dout[7] (net)
                      0.080267    0.083008   12.342199 v wire879/A (sky130_fd_sc_hd__buf_4)
     3    0.078165    0.076064    0.149228   12.491427 v wire879/X (sky130_fd_sc_hd__buf_4)
                                                         net879 (net)
                      0.090544    0.025158   12.516585 v _06847_/A0 (sky130_fd_sc_hd__mux2_2)
     2    0.007945    0.051445    0.173795   12.690381 v _06847_/X (sky130_fd_sc_hd__mux2_2)
                                                         _03532_ (net)
                      0.051445    0.000498   12.690879 v _06849_/A0 (sky130_fd_sc_hd__mux2_4)
     2    0.009809    0.044203    0.167498   12.858377 v _06849_/X (sky130_fd_sc_hd__mux2_4)
                                                         _03534_ (net)
                      0.044203    0.000428   12.858805 v _06854_/A1 (sky130_fd_sc_hd__a31o_4)
     8    0.038492    0.058037    0.176446   13.035251 v _06854_/X (sky130_fd_sc_hd__a31o_4)
                                                         _03538_ (net)
                      0.058173    0.002482   13.037733 v _06868_/B1 (sky130_fd_sc_hd__a21o_1)
     2    0.007012    0.036418    0.090072   13.127805 v _06868_/X (sky130_fd_sc_hd__a21o_1)
                                                         _03545_ (net)
                      0.036423    0.000437   13.128242 v _06870_/C1 (sky130_fd_sc_hd__o211a_1)
     1    0.005119    0.035234    0.073326   13.201569 v _06870_/X (sky130_fd_sc_hd__o211a_1)
                                                         _03546_ (net)
                      0.035238    0.000364   13.201932 v fanout349/A (sky130_fd_sc_hd__buf_4)
     7    0.041744    0.049156    0.117521   13.319453 v fanout349/X (sky130_fd_sc_hd__buf_4)
                                                         net349 (net)
                      0.049222    0.001626   13.321079 v fanout348/A (sky130_fd_sc_hd__buf_6)
    10    0.055862    0.045062    0.107298   13.428378 v fanout348/X (sky130_fd_sc_hd__buf_6)
                                                         net348 (net)
                      0.045887    0.004861   13.433239 v _06883_/B1 (sky130_fd_sc_hd__o21a_4)
     3    0.092164    0.099409    0.125893   13.559132 v _06883_/X (sky130_fd_sc_hd__o21a_4)
                                                         net95 (net)
                      0.109700    0.024411   13.583543 v output95/A (sky130_fd_sc_hd__buf_6)
     1    0.034420    0.032849    0.123806   13.707349 v output95/X (sky130_fd_sc_hd__buf_6)
                                                         dbg_dmem_rdata[28] (net)
                      0.032974    0.001634   13.708982 v dbg_dmem_rdata[28] (out)
                                             13.708982   data arrival time

                                 20.000000   20.000000   clock clk (rise edge)
                                  0.000000   20.000000   clock network delay (propagated)
                                 -0.250000   19.750002   clock uncertainty
                                  0.000000   19.750002   clock reconvergence pessimism
                                 -4.000000   15.750001   output external delay
                                             15.750001   data required time
---------------------------------------------------------------------------------------------
                                             15.750001   data required time
                                            -13.708982   data arrival time
---------------------------------------------------------------------------------------------
                                              2.041018   slack (MET)




===========================================================================
report_checks --slack_max -0.01
============================================================================
======================= max_ff_n40C_1v95 Corner ===================================

No paths found.


===========================================================================
 report_check_types -max_slew -max_cap -max_fanout -violators
============================================================================
======================= max_ff_n40C_1v95 Corner ===================================

max slew

Pin                                        Limit        Slew       Slack
------------------------------------------------------------------------
dmem_sram/din0[4]                       1.500000    2.622502   -1.122502 (VIOLATED)
dmem_sram/din0[6]                       1.500000    2.579092   -1.079092 (VIOLATED)
dmem_sram/din0[2]                       1.500000    2.481900   -0.981900 (VIOLATED)
dmem_sram/din0[0]                       1.500000    2.472725   -0.972725 (VIOLATED)
dmem_sram/din0[3]                       1.500000    2.015722   -0.515722 (VIOLATED)
rebuffer5/X                             1.500000    1.964227   -0.464227 (VIOLATED)
rebuffer8/X                             1.500000    1.931414   -0.431414 (VIOLATED)
rebuffer1/X                             1.500000    1.827672   -0.327672 (VIOLATED)
rebuffer2/X                             1.500000    1.816174   -0.316174 (VIOLATED)
rebuffer6/X                             1.500000    1.509459   -0.009459 (VIOLATED)

max fanout

Pin                                   Limit Fanout  Slack
---------------------------------------------------------
max_cap261/X                             10     16     -6 (VIOLATED)
max_cap1148/X                            10     15     -5 (VIOLATED)
_06651_/X                                10     13     -3 (VIOLATED)
_06684_/X                                10     13     -3 (VIOLATED)
fanout415/X                              10     13     -3 (VIOLATED)
clkbuf_5_16__f_clk/X                     10     12     -2 (VIOLATED)
clkbuf_5_17__f_clk/X                     10     12     -2 (VIOLATED)
clkbuf_leaf_170_clk/X                    10     12     -2 (VIOLATED)
clkbuf_leaf_176_clk/X                    10     12     -2 (VIOLATED)
clkbuf_leaf_17_clk/X                     10     12     -2 (VIOLATED)
clkbuf_leaf_34_clk/X                     10     12     -2 (VIOLATED)
clkbuf_leaf_77_clk/X                     10     12     -2 (VIOLATED)
fanout1059/X                             10     12     -2 (VIOLATED)
fanout346/X                              10     12     -2 (VIOLATED)
wire957/X                                10     12     -2 (VIOLATED)
_06665_/X                                10     11        (VIOLATED)
clkbuf_5_6__f_clk/X                      10     11        (VIOLATED)
clkbuf_leaf_108_clk/X                    10     11        (VIOLATED)
clkbuf_leaf_118_clk/X                    10     11        (VIOLATED)
clkbuf_leaf_123_clk/X                    10     11        (VIOLATED)
clkbuf_leaf_179_clk/X                    10     11        (VIOLATED)
clkbuf_leaf_188_clk/X                    10     11        (VIOLATED)
clkbuf_leaf_216_clk/X                    10     11        (VIOLATED)
clkbuf_leaf_28_clk/X                     10     11        (VIOLATED)
clkbuf_leaf_30_clk/X                     10     11        (VIOLATED)
clkbuf_leaf_38_clk/X                     10     11        (VIOLATED)
clkbuf_leaf_97_clk/X                     10     11        (VIOLATED)
fanout1061/X                             10     11        (VIOLATED)
fanout1159/X                             10     11        (VIOLATED)
fanout204/X                              10     11        (VIOLATED)
fanout358/X                              10     11        (VIOLATED)
fanout361/X                              10     11        (VIOLATED)
fanout375/X                              10     11        (VIOLATED)
fanout387/X                              10     11        (VIOLATED)
fanout391/X                              10     11        (VIOLATED)
fanout393/X                              10     11        (VIOLATED)
fanout399/X                              10     11        (VIOLATED)
fanout403/X                              10     11        (VIOLATED)
fanout452/X                              10     11        (VIOLATED)
fanout454/X                              10     11        (VIOLATED)
fanout470/X                              10     11        (VIOLATED)
fanout474/X                              10     11        (VIOLATED)
fanout478/X                              10     11        (VIOLATED)
fanout493/X                              10     11        (VIOLATED)
fanout509/X                              10     11        (VIOLATED)
fanout529/X                              10     11        (VIOLATED)
fanout571/X                              10     11        (VIOLATED)
fanout695/X                              10     11        (VIOLATED)
fanout698/X                              10     11        (VIOLATED)
fanout747/X                              10     11        (VIOLATED)
fanout753/X                              10     11        (VIOLATED)

max capacitance

Pin                                        Limit         Cap       Slack
------------------------------------------------------------------------
dmem_sram/dout0[7]                      0.027560    0.198961   -0.171401 (VIOLATED)
_05211_/X                               0.200000    0.323790   -0.123790 (VIOLATED)
_11308_/Q                               0.200000    0.312446   -0.112446 (VIOLATED)
_06805_/X                               0.200000    0.306171   -0.106171 (VIOLATED)
_11309_/Q                               0.200000    0.306148   -0.106148 (VIOLATED)
_05292_/X                               0.200000    0.297454   -0.097454 (VIOLATED)
_05237_/X                               0.200000    0.295483   -0.095483 (VIOLATED)
_11305_/Q                               0.200000    0.291863   -0.091863 (VIOLATED)
_06799_/X                               0.200000    0.286745   -0.086745 (VIOLATED)
_06784_/X                               0.200000    0.286177   -0.086177 (VIOLATED)
_06803_/X                               0.200000    0.284591   -0.084591 (VIOLATED)
_06651_/X                               0.200000    0.283407   -0.083407 (VIOLATED)
_06684_/X                               0.200000    0.282071   -0.082071 (VIOLATED)
_11307_/Q                               0.200000    0.281417   -0.081417 (VIOLATED)
wire921/X                               0.200000    0.277776   -0.077776 (VIOLATED)
_06796_/X                               0.200000    0.277487   -0.077487 (VIOLATED)
_06665_/X                               0.200000    0.274387   -0.074387 (VIOLATED)
rebuffer5/X                             0.200000    0.273745   -0.073745 (VIOLATED)
_06798_/X                               0.200000    0.273103   -0.073103 (VIOLATED)
_06802_/X                               0.200000    0.270180   -0.070180 (VIOLATED)
rebuffer8/X                             0.200000    0.268326   -0.068326 (VIOLATED)
_06786_/X                               0.200000    0.267322   -0.067322 (VIOLATED)
_06771_/Y                               0.200000    0.266997   -0.066997 (VIOLATED)
_06790_/X                               0.200000    0.266913   -0.066913 (VIOLATED)
_06788_/X                               0.200000    0.266586   -0.066586 (VIOLATED)
_06792_/X                               0.200000    0.262770   -0.062770 (VIOLATED)
max_cap1148/X                           0.200000    0.260011   -0.060011 (VIOLATED)
_06698_/X                               0.200000    0.253770   -0.053770 (VIOLATED)
_06794_/X                               0.200000    0.252804   -0.052804 (VIOLATED)
max_cap261/X                            0.200000    0.252381   -0.052381 (VIOLATED)
rebuffer1/X                             0.200000    0.252339   -0.052339 (VIOLATED)
_06810_/X                               0.200000    0.252155   -0.052155 (VIOLATED)
rebuffer2/X                             0.200000    0.250221   -0.050221 (VIOLATED)
wire948/X                               0.200000    0.246524   -0.046524 (VIOLATED)
_06800_/X                               0.200000    0.234302   -0.034302 (VIOLATED)
max_cap1147/X                           0.200000    0.233466   -0.033466 (VIOLATED)
_06813_/X                               0.200000    0.231123   -0.031124 (VIOLATED)
_06782_/Y                               0.200000    0.225017   -0.025017 (VIOLATED)
_06804_/X                               0.200000    0.224859   -0.024859 (VIOLATED)
_06809_/X                               0.200000    0.223049   -0.023049 (VIOLATED)
max_cap262/X                            0.200000    0.222321   -0.022321 (VIOLATED)
_06814_/X                               0.200000    0.221171   -0.021171 (VIOLATED)
_06801_/X                               0.200000    0.220247   -0.020247 (VIOLATED)
wire930/X                               0.200000    0.219507   -0.019507 (VIOLATED)
max_cap263/X                            0.200000    0.218949   -0.018949 (VIOLATED)
wire924/X                               0.200000    0.217677   -0.017677 (VIOLATED)
max_cap260/X                            0.200000    0.216961   -0.016961 (VIOLATED)
_06777_/X                               0.200000    0.216342   -0.016342 (VIOLATED)
_06806_/X                               0.200000    0.216164   -0.016164 (VIOLATED)
_06807_/X                               0.200000    0.214309   -0.014309 (VIOLATED)
_06781_/Y                               0.200000    0.214102   -0.014102 (VIOLATED)
_06811_/X                               0.200000    0.212548   -0.012548 (VIOLATED)
rebuffer6/X                             0.200000    0.210190   -0.010190 (VIOLATED)
wire963/X                               0.200000    0.209562   -0.009562 (VIOLATED)
wire918/X                               0.200000    0.209120   -0.009120 (VIOLATED)
imem_sram/dout1[4]                      0.027560    0.032222   -0.004662 (VIOLATED)
_06808_/X                               0.200000    0.204125   -0.004125 (VIOLATED)
imem_sram/dout1[16]                     0.027560    0.030442   -0.002882 (VIOLATED)
wire936/X                               0.200000    0.202349   -0.002349 (VIOLATED)
_06776_/X                               0.200000    0.201461   -0.001461 (VIOLATED)



===========================================================================
report_parasitic_annotation -report_unannotated
============================================================================
Found 269 unannotated drivers.
 clkload0/Y
 clkload1/Y
 clkload10/Y
 clkload100/Y
 clkload101/X
 clkload102/Y
 clkload103/Y
 clkload104/Y
 clkload105/Y
 clkload106/Y
 clkload107/Y
 clkload108/Y
 clkload109/Y
 clkload11/Y
 clkload110/Y
 clkload111/X
 clkload112/Y
 clkload113/Y
 clkload114/Y
 clkload115/Y
 clkload116/Y
 clkload117/Y
 clkload118/Y
 clkload119/Y
 clkload12/Y
 clkload120/Y
 clkload121/X
 clkload122/Y
 clkload123/Y
 clkload124/X
 clkload125/X
 clkload126/X
 clkload127/Y
 clkload128/Y
 clkload129/Y
 clkload13/Y
 clkload130/Y
 clkload131/Y
 clkload132/Y
 clkload133/X
 clkload134/Y
 clkload135/X
 clkload136/Y
 clkload137/Y
 clkload138/Y
 clkload139/Y
 clkload14/X
 clkload140/X
 clkload141/Y
 clkload142/Y
 clkload143/Y
 clkload144/X
 clkload145/Y
 clkload146/X
 clkload147/Y
 clkload148/Y
 clkload149/Y
 clkload15/X
 clkload150/Y
 clkload151/Y
 clkload152/Y
 clkload153/Y
 clkload154/X
 clkload155/Y
 clkload156/Y
 clkload157/Y
 clkload158/Y
 clkload159/X
 clkload16/X
 clkload160/Y
 clkload161/Y
 clkload162/X
 clkload163/X
 clkload164/Y
 clkload165/X
 clkload166/Y
 clkload167/Y
 clkload168/X
 clkload169/Y
 clkload17/X
 clkload170/Y
 clkload171/X
 clkload172/X
 clkload173/Y
 clkload174/Y
 clkload175/Y
 clkload176/Y
 clkload177/Y
 clkload178/Y
 clkload179/X
 clkload18/X
 clkload180/X
 clkload181/Y
 clkload182/Y
 clkload183/X
 clkload184/X
 clkload185/Y
 clkload186/Y
 clkload187/Y
 clkload188/Y
 clkload189/Y
 clkload19/Y
 clkload190/X
 clkload2/Y
 clkload20/Y
 clkload21/Y
 clkload22/Y
 clkload23/Y
 clkload24/X
 clkload25/X
 clkload26/X
 clkload27/X
 clkload28/X
 clkload29/X
 clkload3/Y
 clkload30/X
 clkload31/Y
 clkload32/Y
 clkload33/X
 clkload34/Y
 clkload35/Y
 clkload36/Y
 clkload37/Y
 clkload38/Y
 clkload39/Y
 clkload4/Y
 clkload40/Y
 clkload41/Y
 clkload42/Y
 clkload43/Y
 clkload44/Y
 clkload45/Y
 clkload46/Y
 clkload47/Y
 clkload48/Y
 clkload49/Y
 clkload5/Y
 clkload50/Y
 clkload51/X
 clkload52/X
 clkload53/X
 clkload54/Y
 clkload55/Y
 clkload56/Y
 clkload57/X
 clkload58/X
 clkload59/X
 clkload6/Y
 clkload60/X
 clkload61/Y
 clkload62/Y
 clkload63/X
 clkload64/Y
 clkload65/X
 clkload66/Y
 clkload67/Y
 clkload68/Y
 clkload69/X
 clkload7/X
 clkload70/X
 clkload71/X
 clkload72/X
 clkload73/X
 clkload74/X
 clkload75/X
 clkload76/X
 clkload77/X
 clkload78/X
 clkload79/Y
 clkload8/Y
 clkload80/Y
 clkload81/X
 clkload82/Y
 clkload83/X
 clkload84/Y
 clkload85/X
 clkload86/Y
 clkload87/Y
 clkload88/Y
 clkload89/X
 clkload9/Y
 clkload90/X
 clkload91/Y
 clkload92/X
 clkload93/Y
 clkload94/X
 clkload95/X
 clkload96/Y
 clkload97/Y
 clkload98/Y
 clkload99/Y
 dmem_sram/dout1[0]
 dmem_sram/dout1[10]
 dmem_sram/dout1[11]
 dmem_sram/dout1[12]
 dmem_sram/dout1[13]
 dmem_sram/dout1[14]
 dmem_sram/dout1[15]
 dmem_sram/dout1[16]
 dmem_sram/dout1[17]
 dmem_sram/dout1[18]
 dmem_sram/dout1[19]
 dmem_sram/dout1[1]
 dmem_sram/dout1[20]
 dmem_sram/dout1[21]
 dmem_sram/dout1[22]
 dmem_sram/dout1[23]
 dmem_sram/dout1[24]
 dmem_sram/dout1[25]
 dmem_sram/dout1[26]
 dmem_sram/dout1[27]
 dmem_sram/dout1[28]
 dmem_sram/dout1[29]
 dmem_sram/dout1[2]
 dmem_sram/dout1[30]
 dmem_sram/dout1[31]
 dmem_sram/dout1[3]
 dmem_sram/dout1[4]
 dmem_sram/dout1[5]
 dmem_sram/dout1[6]
 dmem_sram/dout1[7]
 dmem_sram/dout1[8]
 dmem_sram/dout1[9]
 dmem_sram_1237/HI
 dmem_sram_1238/HI
 dmem_sram_1239/HI
 dmem_sram_1240/HI
 dmem_sram_1241/HI
 dmem_sram_1242/HI
 dmem_sram_1243/HI
 dmem_sram_1244/HI
 dmem_sram_1246/LO
 imem_sram/dout0[0]
 imem_sram/dout0[10]
 imem_sram/dout0[11]
 imem_sram/dout0[12]
 imem_sram/dout0[13]
 imem_sram/dout0[14]
 imem_sram/dout0[15]
 imem_sram/dout0[16]
 imem_sram/dout0[17]
 imem_sram/dout0[18]
 imem_sram/dout0[19]
 imem_sram/dout0[1]
 imem_sram/dout0[20]
 imem_sram/dout0[21]
 imem_sram/dout0[22]
 imem_sram/dout0[23]
 imem_sram/dout0[24]
 imem_sram/dout0[25]
 imem_sram/dout0[26]
 imem_sram/dout0[27]
 imem_sram/dout0[28]
 imem_sram/dout0[29]
 imem_sram/dout0[2]
 imem_sram/dout0[30]
 imem_sram/dout0[31]
 imem_sram/dout0[3]
 imem_sram/dout0[4]
 imem_sram/dout0[5]
 imem_sram/dout0[6]
 imem_sram/dout0[7]
 imem_sram/dout0[8]
 imem_sram/dout0[9]
 imem_sram_1245/HI
 imem_sram_1247/LO
 imem_sram_1248/LO
 imem_sram_1249/LO
 imem_sram_1250/LO
Found 0 partially unannotated drivers.

===========================================================================
max slew violation count 10
max fanout violation count 51
max cap violation count 60
============================================================================

===========================================================================
check_setup -verbose -unconstrained_endpoints -multiple_clock -no_clock -no_input_delay -loops -generated_clocks
===========================================================================
Warning: There are 14 unconstrained endpoints.
  dmem_sram/addr1[0]
  dmem_sram/addr1[1]
  dmem_sram/addr1[2]
  dmem_sram/addr1[3]
  dmem_sram/addr1[4]
  dmem_sram/addr1[5]
  dmem_sram/addr1[6]
  dmem_sram/addr1[7]
  dmem_sram/csb1
  imem_sram/csb1
  imem_sram/wmask0[0]
  imem_sram/wmask0[1]
  imem_sram/wmask0[2]
  imem_sram/wmask0[3]
