Clock: clk
Sources: clk 
Generated: no
Virtual: yes
Propagated: no
Period: 20.000000

===========================================================================
report_clock_properties
============================================================================
Clock                   Period          Waveform
----------------------------------------------------
clk                  20.000000    0.000000 10.000000

===========================================================================
report_clock_latency
============================================================================
Clock clk
rise -> rise
    min     max
0.000000 0.000000 source latency
0.896880         network latency dmem_sram/clk1
        1.084530 network latency _10252_/CLK
---------------
0.896880 1.084530 latency
        0.187649 skew

fall -> fall
    min     max
0.000000 0.000000 source latency
0.764905         network latency dmem_sram/clk1
        0.935335 network latency _10252_/CLK
---------------
0.764905 0.935335 latency
        0.170430 skew



===========================================================================
report_clock_min_period
============================================================================
clk period_min = 6.60 fmax = 151.46
