Clock: clk
Sources: clk 
Generated: no
Virtual: yes
Propagated: no
Period: 20.000000

===========================================================================
report_clock_properties
============================================================================
Clock                   Period          Waveform
----------------------------------------------------
clk                  20.000000    0.000000 10.000000

===========================================================================
report_clock_latency
============================================================================
Clock clk
rise -> rise
    min     max
0.000000 0.000000 source latency
1.001660         network latency dmem_sram/clk1
        1.201364 network latency _10706_/CLK
---------------
1.001660 1.201364 latency
        0.199704 skew

fall -> fall
    min     max
0.000000 0.000000 source latency
0.868919         network latency dmem_sram/clk1
        1.057589 network latency _10252_/CLK
---------------
0.868919 1.057589 latency
        0.188670 skew



===========================================================================
report_clock_min_period
============================================================================
clk period_min = 8.82 fmax = 113.40
