                                                                        Cells by Master                                                                         
┏━━━━━━━━━━━━━━━━━━━━━━━━━━━━━━━━━━━━━━━━━━━━━━━━━━━━━━━━━━━━━━━━━━━━━━━━━━━━━━━━━━━━━━━━━━━━━━━━━━━━━━━━━━━━━━━━━━━━━━━━━━━━━━━━━━━┳━━━━━━━━━━━━━━━━━━━━━━━━━━┓
┃ Cell                                                                                                                              ┃ Count                    ┃
┡━━━━━━━━━━━━━━━━━━━━━━━━━━━━━━━━━━━━━━━━━━━━━━━━━━━━━━━━━━━━━━━━━━━━━━━━━━━━━━━━━━━━━━━━━━━━━━━━━━━━━━━━━━━━━━━━━━━━━━━━━━━━━━━━━━━╇━━━━━━━━━━━━━━━━━━━━━━━━━━┩
│ sky130_ef_sc_hd__decap_12                                                                                                         │ 33605                    │
│ sky130_fd_sc_hd__a2111o_1                                                                                                         │ 5                        │
│ sky130_fd_sc_hd__a211o_1                                                                                                          │ 102                      │
│ sky130_fd_sc_hd__a211o_2                                                                                                          │ 14                       │
│ sky130_fd_sc_hd__a211o_4                                                                                                          │ 4                        │
│ sky130_fd_sc_hd__a211oi_1                                                                                                         │ 4                        │
│ sky130_fd_sc_hd__a211oi_2                                                                                                         │ 3                        │
│ sky130_fd_sc_hd__a21bo_1                                                                                                          │ 12                       │
│ sky130_fd_sc_hd__a21bo_4                                                                                                          │ 1                        │
│ sky130_fd_sc_hd__a21boi_1                                                                                                         │ 3                        │
│ sky130_fd_sc_hd__a21boi_2                                                                                                         │ 1                        │
│ sky130_fd_sc_hd__a21o_1                                                                                                           │ 225                      │
│ sky130_fd_sc_hd__a21o_4                                                                                                           │ 9                        │
│ sky130_fd_sc_hd__a21oi_1                                                                                                          │ 34                       │
│ sky130_fd_sc_hd__a21oi_2                                                                                                          │ 8                        │
│ sky130_fd_sc_hd__a21oi_4                                                                                                          │ 2                        │
│ sky130_fd_sc_hd__a221o_1                                                                                                          │ 46                       │
│ sky130_fd_sc_hd__a221o_2                                                                                                          │ 5                        │
│ sky130_fd_sc_hd__a221o_4                                                                                                          │ 20                       │
│ sky130_fd_sc_hd__a22o_1                                                                                                           │ 169                      │
│ sky130_fd_sc_hd__a22oi_1                                                                                                          │ 1                        │
│ sky130_fd_sc_hd__a2bb2o_1                                                                                                         │ 13                       │
│ sky130_fd_sc_hd__a311o_1                                                                                                          │ 6                        │
│ sky130_fd_sc_hd__a311oi_2                                                                                                         │ 1                        │
│ sky130_fd_sc_hd__a31o_1                                                                                                           │ 37                       │
│ sky130_fd_sc_hd__a31o_4                                                                                                           │ 3                        │
│ sky130_fd_sc_hd__a31oi_1                                                                                                          │ 2                        │
│ sky130_fd_sc_hd__a31oi_4                                                                                                          │ 1                        │
│ sky130_fd_sc_hd__a32o_1                                                                                                           │ 7                        │
│ sky130_fd_sc_hd__a41o_1                                                                                                           │ 21                       │
│ sky130_fd_sc_hd__a41o_2                                                                                                           │ 4                        │
│ sky130_fd_sc_hd__and2_1                                                                                                           │ 251                      │
│ sky130_fd_sc_hd__and2_2                                                                                                           │ 3                        │
│ sky130_fd_sc_hd__and2_4                                                                                                           │ 1                        │
│ sky130_fd_sc_hd__and2b_1                                                                                                          │ 26                       │
│ sky130_fd_sc_hd__and2b_2                                                                                                          │ 2                        │
│ sky130_fd_sc_hd__and2b_4                                                                                                          │ 1                        │
│ sky130_fd_sc_hd__and3_1                                                                                                           │ 55                       │
│ sky130_fd_sc_hd__and3_2                                                                                                           │ 4                        │
│ sky130_fd_sc_hd__and3_4                                                                                                           │ 2                        │
│ sky130_fd_sc_hd__and3b_1                                                                                                          │ 21                       │
│ sky130_fd_sc_hd__and3b_2                                                                                                          │ 2                        │
│ sky130_fd_sc_hd__and4_1                                                                                                           │ 12                       │
│ sky130_fd_sc_hd__and4_4                                                                                                           │ 1                        │
│ sky130_fd_sc_hd__and4b_1                                                                                                          │ 4                        │
│ sky130_fd_sc_hd__and4b_2                                                                                                          │ 1                        │
│ sky130_fd_sc_hd__buf_1                                                                                                            │ 16                       │
│ sky130_fd_sc_hd__buf_12                                                                                                           │ 8                        │
│ sky130_fd_sc_hd__buf_2                                                                                                            │ 351                      │
│ sky130_fd_sc_hd__buf_4                                                                                                            │ 247                      │
│ sky130_fd_sc_hd__buf_6                                                                                                            │ 70                       │
│ sky130_fd_sc_hd__buf_8                                                                                                            │ 23                       │
│ sky130_fd_sc_hd__bufinv_16                                                                                                        │ 26                       │
│ sky130_fd_sc_hd__bufinv_8                                                                                                         │ 3                        │
│ sky130_fd_sc_hd__clkbuf_1                                                                                                         │ 33                       │
│ sky130_fd_sc_hd__clkbuf_16                                                                                                        │ 34                       │
│ sky130_fd_sc_hd__clkbuf_2                                                                                                         │ 251                      │
│ sky130_fd_sc_hd__clkbuf_4                                                                                                         │ 229                      │
│ sky130_fd_sc_hd__clkbuf_8                                                                                                         │ 328                      │
│ sky130_fd_sc_hd__clkinv_2                                                                                                         │ 32                       │
│ sky130_fd_sc_hd__clkinv_4                                                                                                         │ 17                       │
│ sky130_fd_sc_hd__clkinv_8                                                                                                         │ 2                        │
│ sky130_fd_sc_hd__clkinvlp_4                                                                                                       │ 17                       │
│ sky130_fd_sc_hd__conb_1                                                                                                           │ 14                       │
│ sky130_fd_sc_hd__decap_3                                                                                                          │ 2979                     │
│ sky130_fd_sc_hd__decap_4                                                                                                          │ 1914                     │
│ sky130_fd_sc_hd__decap_6                                                                                                          │ 7668                     │
│ sky130_fd_sc_hd__decap_8                                                                                                          │ 2572                     │
│ sky130_fd_sc_hd__dfrtp_1                                                                                                          │ 341                      │
│ sky130_fd_sc_hd__dfrtp_2                                                                                                          │ 63                       │
│ sky130_fd_sc_hd__dfrtp_4                                                                                                          │ 86                       │
│ sky130_fd_sc_hd__dfxtp_1                                                                                                          │ 1029                     │
│ sky130_fd_sc_hd__dfxtp_2                                                                                                          │ 1                        │
│ sky130_fd_sc_hd__diode_2                                                                                                          │ 363                      │
│ sky130_fd_sc_hd__dlygate4sd1_1                                                                                                    │ 9                        │
│ sky130_fd_sc_hd__dlygate4sd3_1                                                                                                    │ 1215                     │
│ sky130_fd_sc_hd__dlymetal6s2s_1                                                                                                   │ 15                       │
│ sky130_fd_sc_hd__fill_1                                                                                                           │ 9779                     │
│ sky130_fd_sc_hd__fill_2                                                                                                           │ 1884                     │
│ sky130_fd_sc_hd__inv_12                                                                                                           │ 2                        │
│ sky130_fd_sc_hd__inv_2                                                                                                            │ 550                      │
│ sky130_fd_sc_hd__inv_4                                                                                                            │ 10                       │
│ sky130_fd_sc_hd__inv_6                                                                                                            │ 21                       │
│ sky130_fd_sc_hd__inv_8                                                                                                            │ 4                        │
│ sky130_fd_sc_hd__mux2_1                                                                                                           │ 1374                     │
│ sky130_fd_sc_hd__mux2_2                                                                                                           │ 6                        │
│ sky130_fd_sc_hd__mux2_4                                                                                                           │ 3                        │
│ sky130_fd_sc_hd__mux2_8                                                                                                           │ 8                        │
│ sky130_fd_sc_hd__mux4_1                                                                                                           │ 414                      │
│ sky130_fd_sc_hd__nand2_1                                                                                                          │ 237                      │
│ sky130_fd_sc_hd__nand2_2                                                                                                          │ 4                        │
│ sky130_fd_sc_hd__nand2_4                                                                                                          │ 6                        │
│ sky130_fd_sc_hd__nand2_8                                                                                                          │ 5                        │
│ sky130_fd_sc_hd__nand2b_1                                                                                                         │ 10                       │
│ sky130_fd_sc_hd__nand2b_2                                                                                                         │ 2                        │
│ sky130_fd_sc_hd__nand2b_4                                                                                                         │ 1                        │
│ sky130_fd_sc_hd__nand3_1                                                                                                          │ 3                        │
│ sky130_fd_sc_hd__nand3_4                                                                                                          │ 1                        │
│ sky130_fd_sc_hd__nand4_1                                                                                                          │ 1                        │
│ sky130_fd_sc_hd__nand4_2                                                                                                          │ 1                        │
│ sky130_fd_sc_hd__nor2_1                                                                                                           │ 154                      │
│ sky130_fd_sc_hd__nor2_2                                                                                                           │ 14                       │
│ sky130_fd_sc_hd__nor2_4                                                                                                           │ 12                       │
│ sky130_fd_sc_hd__nor2_8                                                                                                           │ 15                       │
│ sky130_fd_sc_hd__nor3_1                                                                                                           │ 2                        │
│ sky130_fd_sc_hd__nor3_2                                                                                                           │ 1                        │
│ sky130_fd_sc_hd__nor4_2                                                                                                           │ 1                        │
│ sky130_fd_sc_hd__o2111a_1                                                                                                         │ 44                       │
│ sky130_fd_sc_hd__o211a_1                                                                                                          │ 71                       │
│ sky130_fd_sc_hd__o211a_2                                                                                                          │ 9                        │
│ sky130_fd_sc_hd__o211a_4                                                                                                          │ 2                        │
│ sky130_fd_sc_hd__o211ai_1                                                                                                         │ 3                        │
│ sky130_fd_sc_hd__o211ai_2                                                                                                         │ 1                        │
│ sky130_fd_sc_hd__o211ai_4                                                                                                         │ 6                        │
│ sky130_fd_sc_hd__o21a_1                                                                                                           │ 74                       │
│ sky130_fd_sc_hd__o21a_2                                                                                                           │ 7                        │
│ sky130_fd_sc_hd__o21a_4                                                                                                           │ 12                       │
│ sky130_fd_sc_hd__o21ai_1                                                                                                          │ 44                       │
│ sky130_fd_sc_hd__o21ai_2                                                                                                          │ 15                       │
│ sky130_fd_sc_hd__o21ai_4                                                                                                          │ 39                       │
│ sky130_fd_sc_hd__o21ba_1                                                                                                          │ 14                       │
│ sky130_fd_sc_hd__o21ba_2                                                                                                          │ 4                        │
│ sky130_fd_sc_hd__o21bai_1                                                                                                         │ 4                        │
│ sky130_fd_sc_hd__o21bai_2                                                                                                         │ 1                        │
│ sky130_fd_sc_hd__o21bai_4                                                                                                         │ 1                        │
│ sky130_fd_sc_hd__o221a_1                                                                                                          │ 56                       │
│ sky130_fd_sc_hd__o221a_2                                                                                                          │ 11                       │
│ sky130_fd_sc_hd__o221a_4                                                                                                          │ 26                       │
│ sky130_fd_sc_hd__o221ai_2                                                                                                         │ 1                        │
│ sky130_fd_sc_hd__o221ai_4                                                                                                         │ 7                        │
│ sky130_fd_sc_hd__o22a_1                                                                                                           │ 88                       │
│ sky130_fd_sc_hd__o22ai_1                                                                                                          │ 3                        │
│ sky130_fd_sc_hd__o22ai_4                                                                                                          │ 1                        │
│ sky130_fd_sc_hd__o2bb2a_1                                                                                                         │ 11                       │
│ sky130_fd_sc_hd__o2bb2a_2                                                                                                         │ 1                        │
│ sky130_fd_sc_hd__o311a_1                                                                                                          │ 6                        │
│ sky130_fd_sc_hd__o311ai_4                                                                                                         │ 1                        │
│ sky130_fd_sc_hd__o31a_1                                                                                                           │ 15                       │
│ sky130_fd_sc_hd__o31a_4                                                                                                           │ 1                        │
│ sky130_fd_sc_hd__o31ai_1                                                                                                          │ 3                        │
│ sky130_fd_sc_hd__o31ai_4                                                                                                          │ 1                        │
│ sky130_fd_sc_hd__o32a_1                                                                                                           │ 4                        │
│ sky130_fd_sc_hd__o41a_1                                                                                                           │ 2                        │
│ sky130_fd_sc_hd__or2_1                                                                                                            │ 222                      │
│ sky130_fd_sc_hd__or2_2                                                                                                            │ 7                        │
│ sky130_fd_sc_hd__or2_4                                                                                                            │ 6                        │
│ sky130_fd_sc_hd__or3_1                                                                                                            │ 26                       │
│ sky130_fd_sc_hd__or3_2                                                                                                            │ 5                        │
│ sky130_fd_sc_hd__or3_4                                                                                                            │ 5                        │
│ sky130_fd_sc_hd__or3b_1                                                                                                           │ 8                        │
│ sky130_fd_sc_hd__or3b_2                                                                                                           │ 3                        │
│ sky130_fd_sc_hd__or3b_4                                                                                                           │ 7                        │
│ sky130_fd_sc_hd__or4_1                                                                                                            │ 9                        │
│ sky130_fd_sc_hd__or4_2                                                                                                            │ 3                        │
│ sky130_fd_sc_hd__or4_4                                                                                                            │ 11                       │
│ sky130_fd_sc_hd__or4b_1                                                                                                           │ 5                        │
│ sky130_fd_sc_hd__or4b_4                                                                                                           │ 3                        │
│ sky130_fd_sc_hd__or4bb_2                                                                                                          │ 1                        │
│ sky130_fd_sc_hd__or4bb_4                                                                                                          │ 1                        │
│ sky130_fd_sc_hd__tapvpwrvgnd_1                                                                                                    │ 10755                    │
│ sky130_fd_sc_hd__xnor2_1                                                                                                          │ 48                       │
│ sky130_fd_sc_hd__xnor2_2                                                                                                          │ 29                       │
│ sky130_fd_sc_hd__xor2_1                                                                                                           │ 19                       │
│ sky130_fd_sc_hd__xor2_2                                                                                                           │ 5                        │
│ sky130_sram_1kbyte_1rw1r_32x256_8                                                                                                 │ 2                        │
└───────────────────────────────────────────────────────────────────────────────────────────────────────────────────────────────────┴──────────────────────────┘
