Clock: clk
Sources: clk 
Generated: no
Virtual: yes
Propagated: no
Period: 20.000000

===========================================================================
report_clock_properties
============================================================================
Clock                   Period          Waveform
----------------------------------------------------
clk                  20.000000    0.000000 10.000000

===========================================================================
report_clock_latency
============================================================================
Clock clk
rise -> rise
    min     max
0.000000 0.000000 source latency
0.539036         network latency _11155_/CLK
        0.739172 network latency _12230_/CLK
---------------
0.539036 0.739172 latency
        0.200136 skew

fall -> fall
    min     max
0.000000 0.000000 source latency
0.511186         network latency _11155_/CLK
        0.690299 network latency _12230_/CLK
---------------
0.511186 0.690299 latency
        0.179114 skew



===========================================================================
report_clock_min_period
============================================================================
clk period_min = 6.16 fmax = 162.24
