тФПтФБтФБтФБтФБтФБтФБтФБтФ│тФБтФБтФБтФБтФБтФБтФБтФБтФБтФ│тФБтФБтФБтФБтФБтФБтФБтФБтФБтФБтФ│тФБтФБтФБтФБтФБтФБтФБтФБтФБтФБтФБтФБтФБтФБтФБтФБтФБтФБтФБтФБтФБтФБтФБтФБтФБтФБтФБтФБтФБтФБтФБтФБтФБтФБтФБтФБтФБтФБтФБтФБтФ│тФБтФБтФБтФБтФБтФБтФБтФБтФБтФБтФБтФБтФБтФБтФ│тФБтФБтФБтФБтФБтФБтФБтФУ
тФГ P / R тФГ Partial тФГ Required тФГ Net                                    тФГ Pin          тФГ Layer тФГ
тФбтФБтФБтФБтФБтФБтФБтФБтХЗтФБтФБтФБтФБтФБтФБтФБтФБтФБтХЗтФБтФБтФБтФБтФБтФБтФБтФБтФБтФБтХЗтФБтФБтФБтФБтФБтФБтФБтФБтФБтФБтФБтФБтФБтФБтФБтФБтФБтФБтФБтФБтФБтФБтФБтФБтФБтФБтФБтФБтФБтФБтФБтФБтФБтФБтФБтФБтФБтФБтФБтФБтХЗтФБтФБтФБтФБтФБтФБтФБтФБтФБтФБтФБтФБтФБтФБтХЗтФБтФБтФБтФБтФБтФБтФБтФй
тФВ 11.65 тФВ 4660.32 тФВ 400.00   тФВ net262                                 тФВ _10568_/D    тФВ met3  тФВ
тФВ 6.59  тФВ 2634.01 тФВ 400.00   тФВ net45                                  тФВ output45/A   тФВ met3  тФВ
тФВ 2.82  тФВ 1126.94 тФВ 400.00   тФВ net156                                 тФВ _05691_/B    тФВ met1  тФВ
тФВ 2.33  тФВ 930.67  тФВ 400.00   тФВ net77                                  тФВ output77/A   тФВ met2  тФВ
тФВ 2.25  тФВ 900.64  тФВ 400.00   тФВ net1147                                тФВ output166/A  тФВ met2  тФВ
тФВ 2.14  тФВ 856.50  тФВ 400.00   тФВ net133                                 тФВ output133/A  тФВ met3  тФВ
тФВ 2.10  тФВ 840.59  тФВ 400.00   тФВ net124                                 тФВ _05505_/A1   тФВ met3  тФВ
тФВ 2.10  тФВ 840.59  тФВ 400.00   тФВ net124                                 тФВ output124/A  тФВ met3  тФВ
тФВ 2.05  тФВ 818.85  тФВ 400.00   тФВ net127                                 тФВ output127/A  тФВ met2  тФВ
тФВ 1.66  тФВ 665.29  тФВ 400.00   тФВ net79                                  тФВ output79/A   тФВ met2  тФВ
тФВ 1.59  тФВ 635.58  тФВ 400.00   тФВ cpu_core.ex_stage_inst.imm_ex[29\]     тФВ _05963_/B    тФВ met1  тФВ
тФВ 1.51  тФВ 602.24  тФВ 400.00   тФВ net59                                  тФВ output59/A   тФВ met1  тФВ
тФВ 1.49  тФВ 597.88  тФВ 400.00   тФВ net847                                 тФВ output179/A  тФВ met1  тФВ
тФВ 1.45  тФВ 580.47  тФВ 400.00   тФВ net105                                 тФВ _11436_/D    тФВ met2  тФВ
тФВ 1.45  тФВ 580.47  тФВ 400.00   тФВ net105                                 тФВ output105/A  тФВ met2  тФВ
тФВ 1.44  тФВ 574.02  тФВ 400.00   тФВ net42                                  тФВ fanout1236/A тФВ met1  тФВ
тФВ 1.34  тФВ 3980.97 тФВ 2973.50  тФВ net70                                  тФВ output70/A   тФВ met2  тФВ
тФВ 1.33  тФВ 531.51  тФВ 400.00   тФВ net396                                 тФВ _08649_/S    тФВ met1  тФВ
тФВ 1.31  тФВ 523.91  тФВ 400.00   тФВ net516                                 тФВ _07934_/C1   тФВ met1  тФВ
тФВ 1.29  тФВ 516.53  тФВ 400.00   тФВ cpu_core.dmem_re                       тФВ _10073_/D    тФВ met2  тФВ
тФВ 1.26  тФВ 502.77  тФВ 400.00   тФВ net817                                 тФВ _05824_/A1   тФВ met1  тФВ
тФВ 1.23  тФВ 493.92  тФВ 400.00   тФВ net86                                  тФВ _11429_/D    тФВ met2  тФВ
тФВ 1.23  тФВ 493.92  тФВ 400.00   тФВ net86                                  тФВ output86/A   тФВ met2  тФВ
тФВ 1.22  тФВ 486.19  тФВ 400.00   тФВ net136                                 тФВ output136/A  тФВ met3  тФВ
тФВ 1.20  тФВ 478.08  тФВ 400.00   тФВ net71                                  тФВ _10571_/D    тФВ met2  тФВ
тФВ 1.16  тФВ 465.28  тФВ 400.00   тФВ net474                                 тФВ _08681_/S    тФВ met1  тФВ
тФВ 1.09  тФВ 434.04  тФВ 400.00   тФВ net379                                 тФВ _08920_/S    тФВ met1  тФВ
тФВ 1.08  тФВ 433.19  тФВ 400.00   тФВ net821                                 тФВ _05825_/A1   тФВ met1  тФВ
тФВ 1.04  тФВ 415.22  тФВ 400.00   тФВ cpu_core.if_id_reg_inst.instr_out[31\] тФВ _06921_/A    тФВ met1  тФВ
тФВ 1.04  тФВ 414.58  тФВ 400.00   тФВ net2461                                тФВ _10597_/D    тФВ met1  тФВ
тФВ 1.03  тФВ 412.67  тФВ 400.00   тФВ net118                                 тФВ output118/A  тФВ met2  тФВ
тФВ 1.02  тФВ 407.18  тФВ 400.00   тФВ net503                                 тФВ _08411_/S    тФВ met1  тФВ
тФФтФАтФАтФАтФАтФАтФАтФАтФ┤тФАтФАтФАтФАтФАтФАтФАтФАтФАтФ┤тФАтФАтФАтФАтФАтФАтФАтФАтФАтФАтФ┤тФАтФАтФАтФАтФАтФАтФАтФАтФАтФАтФАтФАтФАтФАтФАтФАтФАтФАтФАтФАтФАтФАтФАтФАтФАтФАтФАтФАтФАтФАтФАтФАтФАтФАтФАтФАтФАтФАтФАтФАтФ┤тФАтФАтФАтФАтФАтФАтФАтФАтФАтФАтФАтФАтФАтФАтФ┤тФАтФАтФАтФАтФАтФАтФАтФШ
