
===========================================================================
report_checks -unconstrained
===========================================================================
======================= nom_ss_100C_1v60 Corner ===================================

Startpoint: _11724_ (rising edge-triggered flip-flop clocked by clk)
Endpoint: dmem_sram (falling edge-triggered flip-flop clocked by clk)
Path Group: clk
Path Type: max

Fanout         Cap        Slew       Delay        Time   Description
---------------------------------------------------------------------------------------------
                                  0.000000    0.000000   clock clk (rise edge)
                                  0.000000    0.000000   clock source latency
     2    0.145266    0.000000    0.000000    0.000000 ^ clk (in)
                                                         clk (net)
                      0.056830    0.028415    0.028415 ^ clkbuf_0_clk/A (sky130_fd_sc_hd__clkbuf_16)
     4    0.157994    0.262281    0.358479    0.386894 ^ clkbuf_0_clk/X (sky130_fd_sc_hd__clkbuf_16)
                                                         clknet_0_clk (net)
                      0.264797    0.020806    0.407700 ^ clkbuf_2_3_0_clk/A (sky130_fd_sc_hd__clkbuf_8)
     4    0.111594    0.305321    0.493562    0.901262 ^ clkbuf_2_3_0_clk/X (sky130_fd_sc_hd__clkbuf_8)
                                                         clknet_2_3_0_clk (net)
                      0.305526    0.003865    0.905127 ^ clkbuf_4_12__f_clk/A (sky130_fd_sc_hd__clkbuf_16)
    16    0.151233    0.250240    0.471287    1.376414 ^ clkbuf_4_12__f_clk/X (sky130_fd_sc_hd__clkbuf_16)
                                                         clknet_4_12__leaf_clk (net)
                      0.250731    0.008139    1.384553 ^ clkbuf_leaf_110_clk/A (sky130_fd_sc_hd__clkbuf_8)
     7    0.034361    0.116747    0.349340    1.733892 ^ clkbuf_leaf_110_clk/X (sky130_fd_sc_hd__clkbuf_8)
                                                         clknet_leaf_110_clk (net)
                      0.116750    0.000725    1.734617 ^ _11724_/CLK (sky130_fd_sc_hd__dfrtp_1)
     1    0.008185    0.143054    0.718871    2.453489 ^ _11724_/Q (sky130_fd_sc_hd__dfrtp_1)
                                                         cpu_core.dmem_funct3[1] (net)
                      0.143054    0.000339    2.453828 ^ wire1287/A (sky130_fd_sc_hd__clkbuf_8)
    12    0.100717    0.279927    0.416693    2.870521 ^ wire1287/X (sky130_fd_sc_hd__clkbuf_8)
                                                         net1287 (net)
                      0.280040    0.004744    2.875265 ^ max_length1286/A (sky130_fd_sc_hd__buf_6)
    11    0.082910    0.266900    0.413005    3.288269 ^ max_length1286/X (sky130_fd_sc_hd__buf_6)
                                                         net1286 (net)
                      0.266909    0.001342    3.289611 ^ _05400_/A (sky130_fd_sc_hd__inv_4)
     2    0.024785    0.089957    0.164913    3.454524 v _05400_/Y (sky130_fd_sc_hd__inv_4)
                                                         _01854_ (net)
                      0.089967    0.000860    3.455383 v max_length888/A (sky130_fd_sc_hd__buf_2)
     4    0.048853    0.224458    0.399375    3.854759 v max_length888/X (sky130_fd_sc_hd__buf_2)
                                                         net888 (net)
                      0.224494    0.002789    3.857548 v _05505_/A1 (sky130_fd_sc_hd__o311ai_4)
    14    0.089451    1.539660    1.454641    5.312189 ^ _05505_/Y (sky130_fd_sc_hd__o311ai_4)
                                                         _01957_ (net)
                      1.539721    0.008015    5.320204 ^ _05509_/B1 (sky130_fd_sc_hd__a31o_4)
    19    0.197799    0.930760    1.163736    6.483940 ^ _05509_/X (sky130_fd_sc_hd__a31o_4)
                                                         _01961_ (net)
                      0.930994    0.012430    6.496370 ^ _05511_/B2 (sky130_fd_sc_hd__o32a_4)
    31    0.229083    0.978465    1.274044    7.770414 ^ _05511_/X (sky130_fd_sc_hd__o32a_4)
                                                         _01963_ (net)
                      0.978866    0.016675    7.787088 ^ _05789_/C (sky130_fd_sc_hd__nand3_1)
     2    0.012563    0.383032    0.609432    8.396521 v _05789_/Y (sky130_fd_sc_hd__nand3_1)
                                                         _02231_ (net)
                      0.383032    0.000488    8.397008 v _05795_/C1 (sky130_fd_sc_hd__o211ai_4)
     3    0.013841    0.291669    0.272633    8.669641 ^ _05795_/Y (sky130_fd_sc_hd__o211ai_4)
                                                         _02237_ (net)
                      0.291669    0.000334    8.669975 ^ _05817_/C1 (sky130_fd_sc_hd__o211ai_2)
     2    0.012815    0.269647    0.320433    8.990408 v _05817_/Y (sky130_fd_sc_hd__o211ai_2)
                                                         _02258_ (net)
                      0.269647    0.000346    8.990753 v _05819_/A2 (sky130_fd_sc_hd__a21oi_4)
     4    0.031817    0.402454    0.510049    9.500802 ^ _05819_/Y (sky130_fd_sc_hd__a21oi_4)
                                                         _02260_ (net)
                      0.402454    0.000485    9.501287 ^ _06371_/B1_N (sky130_fd_sc_hd__o21bai_1)
     2    0.010269    0.396645    0.392639    9.893926 ^ _06371_/Y (sky130_fd_sc_hd__o21bai_1)
                                                         _02791_ (net)
                      0.396645    0.000301    9.894227 ^ _06372_/B (sky130_fd_sc_hd__nand4b_1)
     1    0.010007    0.371634    0.466161   10.360389 v _06372_/Y (sky130_fd_sc_hd__nand4b_1)
                                                         _02792_ (net)
                      0.371634    0.000476   10.360865 v _06373_/B1 (sky130_fd_sc_hd__a21oi_1)
     1    0.003731    0.219323    0.324831   10.685696 ^ _06373_/Y (sky130_fd_sc_hd__a21oi_1)
                                                         _02793_ (net)
                      0.219323    0.000094   10.685789 ^ _06374_/C1 (sky130_fd_sc_hd__o221ai_1)
     1    0.005342    0.253190    0.333242   11.019032 v _06374_/Y (sky130_fd_sc_hd__o221ai_1)
                                                         _02794_ (net)
                      0.253190    0.000164   11.019196 v _06375_/B1 (sky130_fd_sc_hd__a21oi_1)
     1    0.012442    0.462248    0.480841   11.500037 ^ _06375_/Y (sky130_fd_sc_hd__a21oi_1)
                                                         _02795_ (net)
                      0.462250    0.000718   11.500754 ^ _06384_/A (sky130_fd_sc_hd__nand4_1)
     1    0.010075    0.378217    0.471974   11.972728 v _06384_/Y (sky130_fd_sc_hd__nand4_1)
                                                         _02804_ (net)
                      0.378217    0.000460   11.973188 v _06422_/A (sky130_fd_sc_hd__nor3_1)
     2    0.007066    0.438237    0.565859   12.539047 ^ _06422_/Y (sky130_fd_sc_hd__nor3_1)
                                                         _02842_ (net)
                      0.438237    0.000107   12.539154 ^ _06447_/A (sky130_fd_sc_hd__and3_1)
     1    0.009592    0.179275    0.498456   13.037610 ^ _06447_/X (sky130_fd_sc_hd__and3_1)
                                                         _02867_ (net)
                      0.179275    0.000281   13.037891 ^ _06453_/D (sky130_fd_sc_hd__nand4_4)
     4    0.047412    0.482456    0.504701   13.542592 v _06453_/Y (sky130_fd_sc_hd__nand4_4)
                                                         _02873_ (net)
                      0.482629    0.002197   13.544789 v _06541_/A1 (sky130_fd_sc_hd__a21o_2)
     4    0.045596    0.230548    0.689321   14.234110 v _06541_/X (sky130_fd_sc_hd__a21o_2)
                                                         _02961_ (net)
                      0.230650    0.004497   14.238607 v _06545_/A1 (sky130_fd_sc_hd__a21oi_4)
    15    0.070663    0.788793    0.764047   15.002654 ^ _06545_/Y (sky130_fd_sc_hd__a21oi_4)
                                                         _02965_ (net)
                      0.788800    0.002037   15.004691 ^ wire279/A (sky130_fd_sc_hd__buf_2)
    10    0.057255    0.444945    0.731488   15.736179 ^ wire279/X (sky130_fd_sc_hd__buf_2)
                                                         net279 (net)
                      0.445132    0.008496   15.744676 ^ wire278/A (sky130_fd_sc_hd__buf_2)
     8    0.049311    0.385153    0.578970   16.323645 ^ wire278/X (sky130_fd_sc_hd__buf_2)
                                                         net278 (net)
                      0.385256    0.006045   16.329691 ^ wire277/A (sky130_fd_sc_hd__buf_4)
     9    0.078599    0.350807    0.543858   16.873549 ^ wire277/X (sky130_fd_sc_hd__buf_4)
                                                         net277 (net)
                      0.351589    0.013623   16.887171 ^ _07687_/D (sky130_fd_sc_hd__nand4b_4)
     4    0.039518    0.418109    0.512204   17.399374 v _07687_/Y (sky130_fd_sc_hd__nand4b_4)
                                                         _03944_ (net)
                      0.418255    0.001522   17.400898 v _07689_/B1 (sky130_fd_sc_hd__o211ai_4)
     1    0.023840    0.387123    0.351600   17.752497 ^ _07689_/Y (sky130_fd_sc_hd__o211ai_4)
                                                         dmem_wmask[0] (net)
                      0.387169    0.002650   17.755148 ^ wire245/A (sky130_fd_sc_hd__clkbuf_2)
     1    0.019518    0.177225    0.401648   18.156796 ^ wire245/X (sky130_fd_sc_hd__clkbuf_2)
                                                         net245 (net)
                      0.177240    0.001798   18.158594 ^ wire244/A (sky130_fd_sc_hd__clkbuf_2)
     1    0.079810    0.665577    0.650253   18.808847 ^ wire244/X (sky130_fd_sc_hd__clkbuf_2)
                                                         net244 (net)
                      0.666497    0.020451   18.829298 ^ wire243/A (sky130_fd_sc_hd__buf_4)
     1    0.067486    0.306479    0.617245   19.446543 ^ wire243/X (sky130_fd_sc_hd__buf_4)
                                                         net243 (net)
                      0.409884    0.012871   19.459414 ^ dmem_sram/wmask0[0] (sky130_sram_1kbyte_1rw1r_32x256_8)
                                             19.459414   data arrival time

                                 20.000000   20.000000   clock clk (rise edge)
                                  0.000000   20.000000   clock source latency
     2    0.145266    0.000000    0.000000   20.000000 ^ clk (in)
                                                         clk (net)
                      0.056830    0.028415   20.028416 ^ clkbuf_0_clk/A (sky130_fd_sc_hd__clkbuf_16)
     4    0.157994    0.262281    0.358479   20.386894 ^ clkbuf_0_clk/X (sky130_fd_sc_hd__clkbuf_16)
                                                         clknet_0_clk (net)
                      0.265864    0.024622   20.411516 ^ clkbuf_2_0_0_clk/A (sky130_fd_sc_hd__clkbuf_8)
     4    0.100672    0.278368    0.475840   20.887356 ^ clkbuf_2_0_0_clk/X (sky130_fd_sc_hd__clkbuf_8)
                                                         clknet_2_0_0_clk (net)
                      0.278474    0.005187   20.892544 ^ clkbuf_4_0__f_clk/A (sky130_fd_sc_hd__clkbuf_16)
    10    0.180173    0.291998    0.487333   21.379877 ^ clkbuf_4_0__f_clk/X (sky130_fd_sc_hd__clkbuf_16)
                                                         clknet_4_0__leaf_clk (net)
                      0.395587    0.029500   21.409376 ^ dmem_sram/clk0 (sky130_sram_1kbyte_1rw1r_32x256_8)
                                  0.000000   21.409376   clock reconvergence pessimism
                                 -0.103000   21.306376   library setup time
                                             21.306376   data required time
---------------------------------------------------------------------------------------------
                                             21.306376   data required time
                                            -19.459414   data arrival time
---------------------------------------------------------------------------------------------
                                              1.846962   slack (MET)




===========================================================================
report_checks --slack_max -0.01
============================================================================
======================= nom_ss_100C_1v60 Corner ===================================

No paths found.


===========================================================================
 report_check_types -max_slew -max_cap -max_fanout -violators
============================================================================
======================= nom_ss_100C_1v60 Corner ===================================

max slew

Pin                                        Limit        Slew       Slack
------------------------------------------------------------------------
ANTENNA_210/DIODE                       1.500000    1.721565   -0.221565 (VIOLATED)
wire416/A                               1.500000    1.721564   -0.221564 (VIOLATED)
wire417/X                               1.500000    1.721341   -0.221342 (VIOLATED)
_07721_/B1                              1.500000    1.718066   -0.218066 (VIOLATED)
_06277_/A                               1.500000    1.718065   -0.218065 (VIOLATED)
_06278_/B                               1.500000    1.718059   -0.218059 (VIOLATED)
_06520_/A2                              1.500000    1.718055   -0.218055 (VIOLATED)
_06517_/A1_N                            1.500000    1.718055   -0.218055 (VIOLATED)
_06276_/Y                               1.500000    1.718050   -0.218050 (VIOLATED)
wire428/A                               1.500000    1.686252   -0.186252 (VIOLATED)
ANTENNA_218/DIODE                       1.500000    1.686236   -0.186236 (VIOLATED)
ANTENNA_217/DIODE                       1.500000    1.686216   -0.186216 (VIOLATED)
wire429/X                               1.500000    1.674086   -0.174086 (VIOLATED)
ANTENNA_224/DIODE                       1.500000    1.620125   -0.120125 (VIOLATED)
wire473/A                               1.500000    1.620125   -0.120125 (VIOLATED)
ANTENNA_225/DIODE                       1.500000    1.620115   -0.120115 (VIOLATED)
ANTENNA_211/DIODE                       1.500000    1.612710   -0.112710 (VIOLATED)
wire419/A                               1.500000    1.612710   -0.112710 (VIOLATED)
ANTENNA_212/DIODE                       1.500000    1.612697   -0.112697 (VIOLATED)
wire474/X                               1.500000    1.607467   -0.107467 (VIOLATED)
wire420/X                               1.500000    1.601426   -0.101426 (VIOLATED)
wire413/A                               1.500000    1.552543   -0.052543 (VIOLATED)
ANTENNA_209/DIODE                       1.500000    1.552532   -0.052532 (VIOLATED)
_05505_/Y                               1.489845    1.539660   -0.049815 (VIOLATED)
wire425/A                               1.500000    1.549037   -0.049037 (VIOLATED)
ANTENNA_216/DIODE                       1.500000    1.549027   -0.049027 (VIOLATED)
wire426/X                               1.500000    1.539733   -0.039733 (VIOLATED)
_06841_/A                               1.500000    1.539726   -0.039726 (VIOLATED)
_06833_/B                               1.500000    1.539726   -0.039726 (VIOLATED)
_07312_/A2                              1.500000    1.539725   -0.039725 (VIOLATED)
_06842_/A                               1.500000    1.539725   -0.039725 (VIOLATED)
_05509_/B1                              1.500000    1.539721   -0.039721 (VIOLATED)
_05508_/A                               1.500000    1.539720   -0.039720 (VIOLATED)
_07408_/B                               1.500000    1.539719   -0.039719 (VIOLATED)
_07212_/A                               1.500000    1.539718   -0.039718 (VIOLATED)
_06834_/A2                              1.500000    1.539712   -0.039712 (VIOLATED)
_07437_/A                               1.500000    1.539704   -0.039704 (VIOLATED)
_07507_/D1                              1.500000    1.539688   -0.039688 (VIOLATED)
_07539_/A                               1.500000    1.539670   -0.039670 (VIOLATED)
_07566_/A1                              1.500000    1.539666   -0.039666 (VIOLATED)
_06832_/B                               1.500000    1.539662   -0.039662 (VIOLATED)
wire414/X                               1.500000    1.537834   -0.037835 (VIOLATED)
wire422/A                               1.500000    1.534068   -0.034068 (VIOLATED)
ANTENNA_213/DIODE                       1.500000    1.534061   -0.034061 (VIOLATED)
ANTENNA_214/DIODE                       1.500000    1.534059   -0.034059 (VIOLATED)
ANTENNA_215/DIODE                       1.500000    1.534048   -0.034048 (VIOLATED)
wire423/X                               1.500000    1.524040   -0.024040 (VIOLATED)

max fanout

Pin                                   Limit Fanout  Slack
---------------------------------------------------------
dmem_sram/dout0[13]                       4     14    -10 (VIOLATED)
dmem_sram/dout0[15]                       4     12     -8 (VIOLATED)
dmem_sram/dout0[16]                       4     12     -8 (VIOLATED)
dmem_sram/dout0[18]                       4     12     -8 (VIOLATED)
dmem_sram/dout0[12]                       4     11     -7 (VIOLATED)
dmem_sram/dout0[11]                       4     10     -6 (VIOLATED)
dmem_sram/dout0[10]                       4      8     -4 (VIOLATED)
dmem_sram/dout0[22]                       4      7     -3 (VIOLATED)

max capacitance

Pin                                        Limit         Cap       Slack
------------------------------------------------------------------------
dmem_sram/dout0[18]                     0.027560    0.208345   -0.180785 (VIOLATED)
dmem_sram/dout0[16]                     0.027560    0.202062   -0.174502 (VIOLATED)
dmem_sram/dout0[19]                     0.027560    0.200905   -0.173345 (VIOLATED)
dmem_sram/dout0[12]                     0.027560    0.188944   -0.161384 (VIOLATED)
dmem_sram/dout0[13]                     0.027560    0.187143   -0.159583 (VIOLATED)
dmem_sram/dout0[15]                     0.027560    0.183326   -0.155766 (VIOLATED)
dmem_sram/dout0[8]                      0.027560    0.180649   -0.153089 (VIOLATED)
dmem_sram/dout0[9]                      0.027560    0.180555   -0.152995 (VIOLATED)
dmem_sram/dout0[11]                     0.027560    0.179776   -0.152216 (VIOLATED)
dmem_sram/dout0[6]                      0.027560    0.177718   -0.150158 (VIOLATED)
dmem_sram/dout0[14]                     0.027560    0.175698   -0.148138 (VIOLATED)
dmem_sram/dout0[22]                     0.027560    0.173151   -0.145591 (VIOLATED)
dmem_sram/dout0[10]                     0.027560    0.152188   -0.124628 (VIOLATED)
dmem_sram/dout0[2]                      0.027560    0.083098   -0.055538 (VIOLATED)
dmem_sram/dout0[5]                      0.027560    0.082875   -0.055315 (VIOLATED)
dmem_sram/dout0[3]                      0.027560    0.077731   -0.050171 (VIOLATED)
dmem_sram/dout0[4]                      0.027560    0.074879   -0.047319 (VIOLATED)
dmem_sram/dout0[1]                      0.027560    0.071488   -0.043928 (VIOLATED)
dmem_sram/dout0[0]                      0.027560    0.065879   -0.038319 (VIOLATED)
wire417/X                               0.181284    0.209916   -0.028632 (VIOLATED)
wire429/X                               0.181284    0.202694   -0.021410 (VIOLATED)
wire474/X                               0.181284    0.194714   -0.013430 (VIOLATED)
wire420/X                               0.181284    0.193907   -0.012623 (VIOLATED)
_05505_/Y                               0.083323    0.089451   -0.006128 (VIOLATED)
wire426/X                               0.181284    0.186534   -0.005250 (VIOLATED)
imem_sram/dout1[4]                      0.027560    0.032644   -0.005084 (VIOLATED)
wire414/X                               0.181284    0.185709   -0.004425 (VIOLATED)
imem_sram/dout1[3]                      0.027560    0.031219   -0.003659 (VIOLATED)
imem_sram/dout1[2]                      0.027560    0.031024   -0.003464 (VIOLATED)
wire423/X                               0.181284    0.184276   -0.002992 (VIOLATED)
imem_sram/dout1[13]                     0.027560    0.030144   -0.002584 (VIOLATED)
imem_sram/dout1[16]                     0.027560    0.029502   -0.001942 (VIOLATED)
imem_sram/dout1[7]                      0.027560    0.029255   -0.001695 (VIOLATED)
imem_sram/dout1[0]                      0.027560    0.028462   -0.000902 (VIOLATED)
imem_sram/dout1[1]                      0.027560    0.028224   -0.000664 (VIOLATED)
imem_sram/dout1[14]                     0.027560    0.028123   -0.000563 (VIOLATED)
imem_sram/dout1[6]                      0.027560    0.027922   -0.000362 (VIOLATED)
imem_sram/dout1[19]                     0.027560    0.027808   -0.000248 (VIOLATED)



===========================================================================
report_parasitic_annotation -report_unannotated
============================================================================
Found 241 unannotated drivers.
 clkload0/Y
 clkload1/Y
 clkload10/Y
 clkload100/Y
 clkload101/Y
 clkload102/Y
 clkload103/Y
 clkload104/Y
 clkload105/Y
 clkload106/Y
 clkload107/Y
 clkload108/Y
 clkload109/Y
 clkload11/Y
 clkload110/X
 clkload111/Y
 clkload112/Y
 clkload113/Y
 clkload114/Y
 clkload115/X
 clkload116/Y
 clkload117/X
 clkload118/Y
 clkload119/Y
 clkload12/Y
 clkload120/Y
 clkload121/X
 clkload122/X
 clkload123/Y
 clkload124/Y
 clkload125/Y
 clkload126/Y
 clkload127/Y
 clkload128/Y
 clkload129/Y
 clkload13/Y
 clkload130/Y
 clkload131/Y
 clkload132/Y
 clkload133/Y
 clkload134/Y
 clkload135/Y
 clkload136/Y
 clkload137/Y
 clkload138/Y
 clkload139/X
 clkload14/Y
 clkload140/Y
 clkload141/Y
 clkload142/Y
 clkload143/Y
 clkload144/Y
 clkload145/Y
 clkload146/X
 clkload147/X
 clkload148/Y
 clkload149/Y
 clkload15/Y
 clkload150/Y
 clkload151/Y
 clkload152/Y
 clkload153/Y
 clkload154/X
 clkload155/Y
 clkload156/X
 clkload157/Y
 clkload158/Y
 clkload159/Y
 clkload16/Y
 clkload160/Y
 clkload161/Y
 clkload162/Y
 clkload17/Y
 clkload18/Y
 clkload19/X
 clkload2/Y
 clkload20/Y
 clkload21/Y
 clkload22/Y
 clkload23/Y
 clkload24/Y
 clkload25/Y
 clkload26/Y
 clkload27/Y
 clkload28/Y
 clkload29/Y
 clkload3/Y
 clkload30/Y
 clkload31/X
 clkload32/X
 clkload33/Y
 clkload34/Y
 clkload35/Y
 clkload36/Y
 clkload37/Y
 clkload38/Y
 clkload39/X
 clkload4/Y
 clkload40/Y
 clkload41/Y
 clkload42/Y
 clkload43/Y
 clkload44/Y
 clkload45/Y
 clkload46/Y
 clkload47/Y
 clkload48/Y
 clkload49/Y
 clkload5/Y
 clkload50/Y
 clkload51/Y
 clkload52/X
 clkload53/Y
 clkload54/Y
 clkload55/Y
 clkload56/Y
 clkload57/Y
 clkload58/Y
 clkload59/Y
 clkload6/Y
 clkload60/Y
 clkload61/Y
 clkload62/Y
 clkload63/Y
 clkload64/Y
 clkload65/Y
 clkload66/Y
 clkload67/Y
 clkload68/Y
 clkload69/Y
 clkload7/Y
 clkload70/Y
 clkload71/Y
 clkload72/Y
 clkload73/Y
 clkload74/Y
 clkload75/Y
 clkload76/X
 clkload77/Y
 clkload78/Y
 clkload79/Y
 clkload8/Y
 clkload80/X
 clkload81/X
 clkload82/X
 clkload83/Y
 clkload84/X
 clkload85/Y
 clkload86/X
 clkload87/Y
 clkload88/X
 clkload89/X
 clkload9/Y
 clkload90/Y
 clkload91/Y
 clkload92/Y
 clkload93/Y
 clkload94/Y
 clkload95/Y
 clkload96/Y
 clkload97/Y
 clkload98/Y
 clkload99/Y
 dmem_sram/dout1[0]
 dmem_sram/dout1[10]
 dmem_sram/dout1[11]
 dmem_sram/dout1[12]
 dmem_sram/dout1[13]
 dmem_sram/dout1[14]
 dmem_sram/dout1[15]
 dmem_sram/dout1[16]
 dmem_sram/dout1[17]
 dmem_sram/dout1[18]
 dmem_sram/dout1[19]
 dmem_sram/dout1[1]
 dmem_sram/dout1[20]
 dmem_sram/dout1[21]
 dmem_sram/dout1[22]
 dmem_sram/dout1[23]
 dmem_sram/dout1[24]
 dmem_sram/dout1[25]
 dmem_sram/dout1[26]
 dmem_sram/dout1[27]
 dmem_sram/dout1[28]
 dmem_sram/dout1[29]
 dmem_sram/dout1[2]
 dmem_sram/dout1[30]
 dmem_sram/dout1[31]
 dmem_sram/dout1[3]
 dmem_sram/dout1[4]
 dmem_sram/dout1[5]
 dmem_sram/dout1[6]
 dmem_sram/dout1[7]
 dmem_sram/dout1[8]
 dmem_sram/dout1[9]
 dmem_sram_1390/HI
 dmem_sram_1391/HI
 dmem_sram_1392/HI
 dmem_sram_1393/HI
 dmem_sram_1394/HI
 dmem_sram_1395/HI
 dmem_sram_1396/HI
 dmem_sram_1397/HI
 dmem_sram_1399/LO
 imem_sram/dout0[0]
 imem_sram/dout0[10]
 imem_sram/dout0[11]
 imem_sram/dout0[12]
 imem_sram/dout0[13]
 imem_sram/dout0[14]
 imem_sram/dout0[15]
 imem_sram/dout0[16]
 imem_sram/dout0[17]
 imem_sram/dout0[18]
 imem_sram/dout0[19]
 imem_sram/dout0[1]
 imem_sram/dout0[20]
 imem_sram/dout0[21]
 imem_sram/dout0[22]
 imem_sram/dout0[23]
 imem_sram/dout0[24]
 imem_sram/dout0[25]
 imem_sram/dout0[26]
 imem_sram/dout0[27]
 imem_sram/dout0[28]
 imem_sram/dout0[29]
 imem_sram/dout0[2]
 imem_sram/dout0[30]
 imem_sram/dout0[31]
 imem_sram/dout0[3]
 imem_sram/dout0[4]
 imem_sram/dout0[5]
 imem_sram/dout0[6]
 imem_sram/dout0[7]
 imem_sram/dout0[8]
 imem_sram/dout0[9]
 imem_sram_1398/HI
 imem_sram_1400/LO
 imem_sram_1401/LO
 imem_sram_1402/LO
 imem_sram_1403/LO
Found 0 partially unannotated drivers.

===========================================================================
max slew violation count 47
max fanout violation count 8
max cap violation count 38
============================================================================

===========================================================================
check_setup -verbose -unconstrained_endpoints -multiple_clock -no_clock -no_input_delay -loops -generated_clocks
===========================================================================
Warning: There are 42 input ports missing set_input_delay.
  prog_addr[0]
  prog_addr[1]
  prog_addr[2]
  prog_addr[3]
  prog_addr[4]
  prog_addr[5]
  prog_addr[6]
  prog_addr[7]
  prog_data[0]
  prog_data[10]
  prog_data[11]
  prog_data[12]
  prog_data[13]
  prog_data[14]
  prog_data[15]
  prog_data[16]
  prog_data[17]
  prog_data[18]
  prog_data[19]
  prog_data[1]
  prog_data[20]
  prog_data[21]
  prog_data[22]
  prog_data[23]
  prog_data[24]
  prog_data[25]
  prog_data[26]
  prog_data[27]
  prog_data[28]
  prog_data[29]
  prog_data[2]
  prog_data[30]
  prog_data[31]
  prog_data[3]
  prog_data[4]
  prog_data[5]
  prog_data[6]
  prog_data[7]
  prog_data[8]
  prog_data[9]
  prog_we
  rst
Warning: There are 56 unconstrained endpoints.
  dmem_sram/addr1[0]
  dmem_sram/addr1[1]
  dmem_sram/addr1[2]
  dmem_sram/addr1[3]
  dmem_sram/addr1[4]
  dmem_sram/addr1[5]
  dmem_sram/addr1[6]
  dmem_sram/addr1[7]
  dmem_sram/csb1
  imem_sram/addr0[0]
  imem_sram/addr0[1]
  imem_sram/addr0[2]
  imem_sram/addr0[3]
  imem_sram/addr0[4]
  imem_sram/addr0[5]
  imem_sram/addr0[6]
  imem_sram/addr0[7]
  imem_sram/csb0
  imem_sram/csb1
  imem_sram/din0[0]
  imem_sram/din0[10]
  imem_sram/din0[11]
  imem_sram/din0[12]
  imem_sram/din0[13]
  imem_sram/din0[14]
  imem_sram/din0[15]
  imem_sram/din0[16]
  imem_sram/din0[17]
  imem_sram/din0[18]
  imem_sram/din0[19]
  imem_sram/din0[1]
  imem_sram/din0[20]
  imem_sram/din0[21]
  imem_sram/din0[22]
  imem_sram/din0[23]
  imem_sram/din0[24]
  imem_sram/din0[25]
  imem_sram/din0[26]
  imem_sram/din0[27]
  imem_sram/din0[28]
  imem_sram/din0[29]
  imem_sram/din0[2]
  imem_sram/din0[30]
  imem_sram/din0[31]
  imem_sram/din0[3]
  imem_sram/din0[4]
  imem_sram/din0[5]
  imem_sram/din0[6]
  imem_sram/din0[7]
  imem_sram/din0[8]
  imem_sram/din0[9]
  imem_sram/web0
  imem_sram/wmask0[0]
  imem_sram/wmask0[1]
  imem_sram/wmask0[2]
  imem_sram/wmask0[3]
