Reading OpenROAD database at '/home/tuan-23521721/workspace/riscv_ol2/runs/RUN_2026-04-18_16-06-39/41-openroad-repairantennas/1-diodeinsertion/soc_top.odb'…
Reading library file at '/home/tuan-23521721/.ciel/volare/sky130/versions/0fe599b2afb6708d281543108caf8310912f54af/sky130A/libs.ref/sky130_fd_sc_hd/lib/sky130_fd_sc_hd__tt_025C_1v80.lib'…
Reading library file at '/home/tuan-23521721/.ciel/sky130A/libs.ref/sky130_sram_macros/lib/sky130_sram_1kbyte_1rw1r_32x256_8_TT_1p8V_25C.lib'…
Reading macro library file at '/home/tuan-23521721/.ciel/sky130A/libs.ref/sky130_sram_macros/lib/sky130_sram_1kbyte_1rw1r_32x256_8_TT_1p8V_25C.lib'…
[WARNING STA-1140] /home/tuan-23521721/.ciel/sky130A/libs.ref/sky130_sram_macros/lib/sky130_sram_1kbyte_1rw1r_32x256_8_TT_1p8V_25C.lib line 1, library sky130_sram_1kbyte_1rw1r_32x256_8_TT_1p8V_25C_lib already exists.
Reading design constraints file at '/home/tuan-23521721/workspace/riscv_ol2/src/top/sdc_constraints.sdc'…
[INFO] No information on clock propagation in input SDC file-- propagating all clocks.
[INFO ORD-0030] Using 16 thread(s).
[INFO DRT-0149] Reading tech and libs.
[WARNING DRT-0349] LEF58_ENCLOSURE with no CUTCLASS is not supported. Skipping for layer mcon
[WARNING DRT-0349] LEF58_ENCLOSURE with no CUTCLASS is not supported. Skipping for layer mcon
[WARNING DRT-0349] LEF58_ENCLOSURE with no CUTCLASS is not supported. Skipping for layer via
[WARNING DRT-0349] LEF58_ENCLOSURE with no CUTCLASS is not supported. Skipping for layer via
[WARNING DRT-0349] LEF58_ENCLOSURE with no CUTCLASS is not supported. Skipping for layer via2
[WARNING DRT-0349] LEF58_ENCLOSURE with no CUTCLASS is not supported. Skipping for layer via2
[WARNING DRT-0349] LEF58_ENCLOSURE with no CUTCLASS is not supported. Skipping for layer via3
[WARNING DRT-0349] LEF58_ENCLOSURE with no CUTCLASS is not supported. Skipping for layer via3
[WARNING DRT-0349] LEF58_ENCLOSURE with no CUTCLASS is not supported. Skipping for layer via4
[WARNING DRT-0349] LEF58_ENCLOSURE with no CUTCLASS is not supported. Skipping for layer via4

Units:                1000
Number of layers:     13
Number of macros:     442
Number of vias:       30
Number of viarulegen: 25

[INFO DRT-0150] Reading design.

Design:                   soc_top
Die area:                 ( 0 0 ) ( 1100000 800000 )
Number of track patterns: 12
Number of DEF vias:       0
Number of components:     16176
Number of terminals:      206
Number of snets:          2
Number of nets:           8749

[INFO DRT-0167] List of default vias:
  Layer via
    default via: M1M2_PR
  Layer via2
    default via: M2M3_PR
  Layer via3
    default via: M3M4_PR
  Layer via4
    default via: M4M5_PR
[INFO DRT-0162] Library cell analysis.
[INFO DRT-0163] Instance analysis.
[INFO DRT-0164] Number of unique instances = 622.
[INFO DRT-0168] Init region query.
[INFO DRT-0024]   Complete FR_MASTERSLICE.
[INFO DRT-0024]   Complete licon.
[INFO DRT-0024]   Complete li1.
[INFO DRT-0024]   Complete mcon.
[INFO DRT-0024]   Complete met1.
[INFO DRT-0024]   Complete via.
[INFO DRT-0024]   Complete met2.
[INFO DRT-0024]   Complete via2.
[INFO DRT-0024]   Complete met3.
[INFO DRT-0024]   Complete via3.
[INFO DRT-0024]   Complete met4.
[INFO DRT-0024]   Complete via4.
[INFO DRT-0024]   Complete met5.
[INFO DRT-0033] FR_MASTERSLICE shape region query size = 0.
[INFO DRT-0033] licon shape region query size = 0.
[INFO DRT-0033] li1 shape region query size = 372686.
[INFO DRT-0033] mcon shape region query size = 0.
[INFO DRT-0033] met1 shape region query size = 55435.
[INFO DRT-0033] via shape region query size = 6215.
[INFO DRT-0033] met2 shape region query size = 3933.
[INFO DRT-0033] via2 shape region query size = 4972.
[INFO DRT-0033] met3 shape region query size = 3831.
[INFO DRT-0033] via3 shape region query size = 4972.
[INFO DRT-0033] met4 shape region query size = 1825.
[INFO DRT-0033] via4 shape region query size = 66.
[INFO DRT-0033] met5 shape region query size = 86.
[INFO DRT-0165] Start pin access.
[INFO DRT-0076]   Complete 1000 pins.
[INFO DRT-0076]   Complete 2000 pins.
[INFO DRT-0078]   Complete 2812 pins.
[INFO DRT-0079]   Complete 100 unique inst patterns.
[INFO DRT-0079]   Complete 200 unique inst patterns.
[INFO DRT-0079]   Complete 300 unique inst patterns.
[INFO DRT-0079]   Complete 400 unique inst patterns.
[INFO DRT-0079]   Complete 500 unique inst patterns.
[INFO DRT-0079]   Complete 600 unique inst patterns.
[INFO DRT-0081]   Complete 614 unique inst patterns.
[INFO DRT-0084]   Complete 9157 groups.
#scanned instances     = 16176
#unique  instances     = 622
#stdCellGenAp          = 19867
#stdCellValidPlanarAp  = 137
#stdCellValidViaAp     = 15207
#stdCellPinNoAp        = 0
#stdCellPinCnt         = 32312
#instTermValidViaApCnt = 0
#macroGenAp            = 409
#macroValidPlanarAp    = 409
#macroValidViaAp       = 0
#macroNoAp             = 0
[INFO DRT-0166] Complete pin access.
[INFO DRT-0267] cpu time = 00:01:20, elapsed time = 00:00:05, memory = 220.93 (MB), peak = 221.34 (MB)

[INFO DRT-0157] Number of guides:     83122

[INFO DRT-0169] Post process guides.
[INFO DRT-0176] GCELLGRID X 0 DO 159 STEP 6900 ;
[INFO DRT-0177] GCELLGRID Y 0 DO 115 STEP 6900 ;
[INFO DRT-0028]   Complete FR_MASTERSLICE.
[INFO DRT-0028]   Complete licon.
[INFO DRT-0028]   Complete li1.
[INFO DRT-0028]   Complete mcon.
[INFO DRT-0028]   Complete met1.
[INFO DRT-0028]   Complete via.
[INFO DRT-0028]   Complete met2.
[INFO DRT-0028]   Complete via2.
[INFO DRT-0028]   Complete met3.
[INFO DRT-0028]   Complete via3.
[INFO DRT-0028]   Complete met4.
[INFO DRT-0028]   Complete via4.
[INFO DRT-0028]   Complete met5.
[INFO DRT-0178] Init guide query.
[INFO DRT-0035]   Complete FR_MASTERSLICE (guide).
[INFO DRT-0035]   Complete licon (guide).
[INFO DRT-0035]   Complete li1 (guide).
[INFO DRT-0035]   Complete mcon (guide).
[INFO DRT-0035]   Complete met1 (guide).
[INFO DRT-0035]   Complete via (guide).
[INFO DRT-0035]   Complete met2 (guide).
[INFO DRT-0035]   Complete via2 (guide).
[INFO DRT-0035]   Complete met3 (guide).
[INFO DRT-0035]   Complete via3 (guide).
[INFO DRT-0035]   Complete met4 (guide).
[INFO DRT-0035]   Complete via4 (guide).
[INFO DRT-0035]   Complete met5 (guide).
[INFO DRT-0036] FR_MASTERSLICE guide region query size = 0.
[INFO DRT-0036] licon guide region query size = 0.
[INFO DRT-0036] li1 guide region query size = 27479.
[INFO DRT-0036] mcon guide region query size = 0.
[INFO DRT-0036] met1 guide region query size = 23812.
[INFO DRT-0036] via guide region query size = 0.
[INFO DRT-0036] met2 guide region query size = 13097.
[INFO DRT-0036] via2 guide region query size = 0.
[INFO DRT-0036] met3 guide region query size = 1134.
[INFO DRT-0036] via3 guide region query size = 0.
[INFO DRT-0036] met4 guide region query size = 356.
[INFO DRT-0036] via4 guide region query size = 0.
[INFO DRT-0036] met5 guide region query size = 30.
[INFO DRT-0179] Init gr pin query.
[INFO DRT-0245] skipped writing guide updates to database.
[INFO DRT-0185] Post process initialize RPin region query.
[INFO DRT-0181] Start track assignment.
[INFO DRT-0184] Done with 40932 vertical wires in 4 frboxes and 24976 horizontal wires in 3 frboxes.
[INFO DRT-0186] Done with 3873 vertical wires in 4 frboxes and 8907 horizontal wires in 3 frboxes.
[INFO DRT-0182] Complete track assignment.
[INFO DRT-0267] cpu time = 00:00:09, elapsed time = 00:00:02, memory = 356.43 (MB), peak = 356.43 (MB)
[INFO DRT-0187] Start routing data preparation.
[INFO DRT-0267] cpu time = 00:00:00, elapsed time = 00:00:00, memory = 356.43 (MB), peak = 356.43 (MB)
[INFO DRT-0194] Start detail routing.
[INFO DRT-0195] Start 0th optimization iteration.
    Completing 10% with 0 violations.
    elapsed time = 00:00:00, memory = 484.18 (MB).
    Completing 20% with 0 violations.
    elapsed time = 00:00:02, memory = 754.68 (MB).
    Completing 30% with 1231 violations.
    elapsed time = 00:00:06, memory = 616.55 (MB).
    Completing 40% with 1231 violations.
    elapsed time = 00:00:07, memory = 704.93 (MB).
    Completing 50% with 1231 violations.
    elapsed time = 00:00:12, memory = 987.43 (MB).
    Completing 60% with 2533 violations.
    elapsed time = 00:00:19, memory = 930.98 (MB).
    Completing 70% with 2533 violations.
    elapsed time = 00:00:21, memory = 944.73 (MB).
    Completing 80% with 3594 violations.
    elapsed time = 00:00:28, memory = 981.73 (MB).
    Completing 90% with 3594 violations.
    elapsed time = 00:00:29, memory = 1004.23 (MB).
    Completing 100% with 4618 violations.
    elapsed time = 00:00:44, memory = 1056.24 (MB).
[INFO DRT-0199]   Number of violations = 5626.
Viol/Layer         li1   mcon   met1    via   met2   met3   met4
Cut Spacing          0      1      0      0      0      0      0
Metal Spacing       56      0    782      0    184     20      7
Min Hole             0      0      2      0      0      0      0
NS Metal             0      0      1      0      0      0      0
Recheck              2      0    722      0    258     11     15
Short                0      1   3204      2    332     15     11
[INFO DRT-0267] cpu time = 00:06:29, elapsed time = 00:00:45, memory = 1390.12 (MB), peak = 1390.12 (MB)
Total wire length = 561988 um.
Total wire length on LAYER li1 = 0 um.
Total wire length on LAYER met1 = 249392 um.
Total wire length on LAYER met2 = 214501 um.
Total wire length on LAYER met3 = 72207 um.
Total wire length on LAYER met4 = 21604 um.
Total wire length on LAYER met5 = 4281 um.
Total number of vias = 76176.
Up-via summary (total 76176):

------------------------
 FR_MASTERSLICE        0
            li1    32178
           met1    41461
           met2     1993
           met3      485
           met4       59
------------------------
                   76176


[INFO DRT-0195] Start 1st optimization iteration.
    Completing 10% with 5626 violations.
    elapsed time = 00:00:00, memory = 1412.74 (MB).
    Completing 20% with 5626 violations.
    elapsed time = 00:00:02, memory = 1417.87 (MB).
    Completing 30% with 4877 violations.
    elapsed time = 00:00:08, memory = 1433.37 (MB).
    Completing 40% with 4877 violations.
    elapsed time = 00:00:08, memory = 1433.37 (MB).
    Completing 50% with 4877 violations.
    elapsed time = 00:00:12, memory = 1474.99 (MB).
    Completing 60% with 4332 violations.
    elapsed time = 00:00:20, memory = 1439.75 (MB).
    Completing 70% with 4332 violations.
    elapsed time = 00:00:22, memory = 1444.88 (MB).
    Completing 80% with 3229 violations.
    elapsed time = 00:00:28, memory = 1451.14 (MB).
    Completing 90% with 3229 violations.
    elapsed time = 00:00:28, memory = 1451.14 (MB).
    Completing 100% with 2491 violations.
    elapsed time = 00:00:38, memory = 1458.20 (MB).
[INFO DRT-0199]   Number of violations = 2497.
Viol/Layer        mcon   met1    via   met2   met3   met4
Cut Spacing          5      0      1      0      0      0
Metal Spacing        0    414      0     67      4      1
Recheck              0      5      0      1      0      0
Short                0   1914      0     83      2      0
[INFO DRT-0267] cpu time = 00:05:54, elapsed time = 00:00:38, memory = 1461.20 (MB), peak = 1528.77 (MB)
Total wire length = 559240 um.
Total wire length on LAYER li1 = 0 um.
Total wire length on LAYER met1 = 247881 um.
Total wire length on LAYER met2 = 213061 um.
Total wire length on LAYER met3 = 72418 um.
Total wire length on LAYER met4 = 21595 um.
Total wire length on LAYER met5 = 4283 um.
Total number of vias = 75772.
Up-via summary (total 75772):

------------------------
 FR_MASTERSLICE        0
            li1    32159
           met1    40994
           met2     2075
           met3      487
           met4       57
------------------------
                   75772


[INFO DRT-0195] Start 2nd optimization iteration.
    Completing 10% with 2497 violations.
    elapsed time = 00:00:00, memory = 1461.20 (MB).
    Completing 20% with 2497 violations.
    elapsed time = 00:00:01, memory = 1504.95 (MB).
    Completing 30% with 2411 violations.
    elapsed time = 00:00:09, memory = 1482.62 (MB).
    Completing 40% with 2411 violations.
    elapsed time = 00:00:09, memory = 1482.62 (MB).
    Completing 50% with 2411 violations.
    elapsed time = 00:00:18, memory = 1484.47 (MB).
    Completing 60% with 2372 violations.
    elapsed time = 00:00:18, memory = 1484.47 (MB).
    Completing 70% with 2372 violations.
    elapsed time = 00:00:21, memory = 1519.22 (MB).
    Completing 80% with 2292 violations.
    elapsed time = 00:00:26, memory = 1487.34 (MB).
    Completing 90% with 2292 violations.
    elapsed time = 00:00:26, memory = 1487.34 (MB).
    Completing 100% with 2318 violations.
    elapsed time = 00:00:34, memory = 1497.95 (MB).
[INFO DRT-0199]   Number of violations = 2318.
Viol/Layer        mcon   met1   met2   met3   met4
Cut Spacing          1      0      0      0      0
Metal Spacing        0    351     75      5      0
Short                0   1806     79      0      1
[INFO DRT-0267] cpu time = 00:05:47, elapsed time = 00:00:35, memory = 1500.95 (MB), peak = 1531.72 (MB)
Total wire length = 558244 um.
Total wire length on LAYER li1 = 0 um.
Total wire length on LAYER met1 = 247283 um.
Total wire length on LAYER met2 = 212815 um.
Total wire length on LAYER met3 = 72280 um.
Total wire length on LAYER met4 = 21639 um.
Total wire length on LAYER met5 = 4224 um.
Total number of vias = 75336.
Up-via summary (total 75336):

------------------------
 FR_MASTERSLICE        0
            li1    32159
           met1    40606
           met2     2030
           met3      485
           met4       56
------------------------
                   75336


[INFO DRT-0195] Start 3rd optimization iteration.
    Completing 10% with 2318 violations.
    elapsed time = 00:00:00, memory = 1500.95 (MB).
    Completing 20% with 2318 violations.
    elapsed time = 00:00:00, memory = 1536.83 (MB).
    Completing 30% with 1720 violations.
    elapsed time = 00:00:06, memory = 1503.50 (MB).
    Completing 40% with 1720 violations.
    elapsed time = 00:00:06, memory = 1503.50 (MB).
    Completing 50% with 1720 violations.
    elapsed time = 00:00:08, memory = 1558.38 (MB).
    Completing 60% with 1214 violations.
    elapsed time = 00:00:22, memory = 1519.77 (MB).
    Completing 70% with 1214 violations.
    elapsed time = 00:00:22, memory = 1519.77 (MB).
    Completing 80% with 748 violations.
    elapsed time = 00:00:28, memory = 1525.93 (MB).
    Completing 90% with 748 violations.
    elapsed time = 00:00:28, memory = 1526.43 (MB).
    Completing 100% with 149 violations.
    elapsed time = 00:00:36, memory = 1529.09 (MB).
[INFO DRT-0199]   Number of violations = 149.
Viol/Layer        met1   met2
Metal Spacing       64      2
Short               79      4
[INFO DRT-0267] cpu time = 00:03:41, elapsed time = 00:00:36, memory = 1529.09 (MB), peak = 1594.93 (MB)
Total wire length = 557898 um.
Total wire length on LAYER li1 = 0 um.
Total wire length on LAYER met1 = 238980 um.
Total wire length on LAYER met2 = 213037 um.
Total wire length on LAYER met3 = 79738 um.
Total wire length on LAYER met4 = 21916 um.
Total wire length on LAYER met5 = 4225 um.
Total number of vias = 76674.
Up-via summary (total 76674):

------------------------
 FR_MASTERSLICE        0
            li1    32159
           met1    40930
           met2     3006
           met3      523
           met4       56
------------------------
                   76674


[INFO DRT-0195] Start 4th optimization iteration.
    Completing 10% with 149 violations.
    elapsed time = 00:00:00, memory = 1529.09 (MB).
    Completing 20% with 149 violations.
    elapsed time = 00:00:00, memory = 1529.09 (MB).
    Completing 30% with 133 violations.
    elapsed time = 00:00:00, memory = 1529.09 (MB).
    Completing 40% with 133 violations.
    elapsed time = 00:00:00, memory = 1529.09 (MB).
    Completing 50% with 133 violations.
    elapsed time = 00:00:00, memory = 1529.09 (MB).
    Completing 60% with 73 violations.
    elapsed time = 00:00:08, memory = 1529.09 (MB).
    Completing 70% with 73 violations.
    elapsed time = 00:00:08, memory = 1529.09 (MB).
    Completing 80% with 57 violations.
    elapsed time = 00:00:09, memory = 1529.09 (MB).
    Completing 90% with 57 violations.
    elapsed time = 00:00:09, memory = 1529.09 (MB).
    Completing 100% with 13 violations.
    elapsed time = 00:00:11, memory = 1529.09 (MB).
[INFO DRT-0199]   Number of violations = 13.
Viol/Layer        met1   met2
Metal Spacing        1      6
Short                2      4
[INFO DRT-0267] cpu time = 00:00:35, elapsed time = 00:00:11, memory = 1529.09 (MB), peak = 1594.93 (MB)
Total wire length = 557827 um.
Total wire length on LAYER li1 = 0 um.
Total wire length on LAYER met1 = 238547 um.
Total wire length on LAYER met2 = 212945 um.
Total wire length on LAYER met3 = 80128 um.
Total wire length on LAYER met4 = 21980 um.
Total wire length on LAYER met5 = 4225 um.
Total number of vias = 76729.
Up-via summary (total 76729):

------------------------
 FR_MASTERSLICE        0
            li1    32159
           met1    40933
           met2     3053
           met3      528
           met4       56
------------------------
                   76729


[INFO DRT-0195] Start 5th optimization iteration.
    Completing 10% with 13 violations.
    elapsed time = 00:00:00, memory = 1529.09 (MB).
    Completing 20% with 13 violations.
    elapsed time = 00:00:00, memory = 1529.09 (MB).
    Completing 30% with 4 violations.
    elapsed time = 00:00:00, memory = 1529.09 (MB).
    Completing 40% with 4 violations.
    elapsed time = 00:00:00, memory = 1529.09 (MB).
    Completing 50% with 4 violations.
    elapsed time = 00:00:00, memory = 1529.09 (MB).
    Completing 60% with 4 violations.
    elapsed time = 00:00:00, memory = 1529.09 (MB).
    Completing 70% with 4 violations.
    elapsed time = 00:00:00, memory = 1529.09 (MB).
    Completing 80% with 4 violations.
    elapsed time = 00:00:00, memory = 1529.09 (MB).
    Completing 90% with 4 violations.
    elapsed time = 00:00:00, memory = 1529.09 (MB).
    Completing 100% with 0 violations.
    elapsed time = 00:00:01, memory = 1529.71 (MB).
[INFO DRT-0199]   Number of violations = 0.
[INFO DRT-0267] cpu time = 00:00:08, elapsed time = 00:00:01, memory = 1529.71 (MB), peak = 1594.93 (MB)
Total wire length = 557817 um.
Total wire length on LAYER li1 = 0 um.
Total wire length on LAYER met1 = 238520 um.
Total wire length on LAYER met2 = 212934 um.
Total wire length on LAYER met3 = 80155 um.
Total wire length on LAYER met4 = 21980 um.
Total wire length on LAYER met5 = 4225 um.
Total number of vias = 76733.
Up-via summary (total 76733):

------------------------
 FR_MASTERSLICE        0
            li1    32159
           met1    40929
           met2     3061
           met3      528
           met4       56
------------------------
                   76733


[INFO DRT-0198] Complete detail routing.
Total wire length = 557817 um.
Total wire length on LAYER li1 = 0 um.
Total wire length on LAYER met1 = 238520 um.
Total wire length on LAYER met2 = 212934 um.
Total wire length on LAYER met3 = 80155 um.
Total wire length on LAYER met4 = 21980 um.
Total wire length on LAYER met5 = 4225 um.
Total number of vias = 76733.
Up-via summary (total 76733):

------------------------
 FR_MASTERSLICE        0
            li1    32159
           met1    40929
           met2     3061
           met3      528
           met4       56
------------------------
                   76733


[INFO DRT-0267] cpu time = 00:22:39, elapsed time = 00:02:49, memory = 1529.71 (MB), peak = 1594.93 (MB)

[INFO DRT-0180] Post processing.
Setting global connections for newly added cells…
[INFO] Setting global connections...
dmem_sram matched with dmem_sram
imem_sram matched with imem_sram
Updating metrics…
Cell type report:                       Count       Area
  Macro                                     2  381425.10
  Fill cell                               882    3310.68
  Tap cell                               6135    7676.11
  Antenna cell                            352     880.84
  Buffer                                   40     150.14
  Clock buffer                            213    3035.41
  Timing Repair Buffer                   1389    9801.90
  Inverter                                578    2386.04
  Clock inverter                          140    1960.63
  Sequential cell                        1520   33390.77
  Multi-Input combinational cell         4925   55952.41
  Total                                 16176  499970.04
Writing OpenROAD database to '/home/tuan-23521721/workspace/riscv_ol2/runs/RUN_2026-04-18_16-06-39/43-openroad-detailedrouting/soc_top.odb'…
Writing netlist to '/home/tuan-23521721/workspace/riscv_ol2/runs/RUN_2026-04-18_16-06-39/43-openroad-detailedrouting/soc_top.nl.v'…
Writing powered netlist to '/home/tuan-23521721/workspace/riscv_ol2/runs/RUN_2026-04-18_16-06-39/43-openroad-detailedrouting/soc_top.pnl.v'…
Writing layout to '/home/tuan-23521721/workspace/riscv_ol2/runs/RUN_2026-04-18_16-06-39/43-openroad-detailedrouting/soc_top.def'…
Writing timing constraints to '/home/tuan-23521721/workspace/riscv_ol2/runs/RUN_2026-04-18_16-06-39/43-openroad-detailedrouting/soc_top.sdc'…
