158. Printing statistics.

=== soc_top ===

   Number of wires:               7247
   Number of wire bits:           8979
   Number of public wires:          95
   Number of public wire bits:    1827
   Number of ports:                 11
   Number of port bits:            204
   Number of memories:               0
   Number of memory bits:            0
   Number of processes:              0
   Number of cells:               8833
     $_ANDNOT_                    1261
     $_AND_                        171
     $_MUX_                       3879
     $_NAND_                       121
     $_NOR_                        147
     $_NOT_                        767
     $_ORNOT_                       95
     $_OR_                         580
     $_XNOR_                        87
     $_XOR_                        203
     sky130_fd_sc_hd__dfrtp_2      490
     sky130_fd_sc_hd__dfxtp_2     1030
     sky130_sram_1kbyte_1rw1r_32x256_8      2

   Area for cell type $_NOT_ is unknown!
   Area for cell type $_AND_ is unknown!
   Area for cell type $_NAND_ is unknown!
   Area for cell type $_OR_ is unknown!
   Area for cell type $_NOR_ is unknown!
   Area for cell type $_XOR_ is unknown!
   Area for cell type $_XNOR_ is unknown!
   Area for cell type $_ANDNOT_ is unknown!
   Area for cell type $_ORNOT_ is unknown!
   Area for cell type $_MUX_ is unknown!
   Area for cell type \sky130_sram_1kbyte_1rw1r_32x256_8 is unknown!

   Chip area for module '\soc_top': 34783.360000
     of which used for sequential elements: 34783.360000 (100.00%)

