166. Printing statistics.

=== soc_top ===

   Number of wires:               6482
   Number of wire bits:           6675
   Number of public wires:        1568
   Number of public wire bits:    1761
   Number of ports:                 11
   Number of port bits:            204
   Number of memories:               0
   Number of memory bits:            0
   Number of processes:              0
   Number of cells:               6570
     sky130_fd_sc_hd__a2111o_2       5
     sky130_fd_sc_hd__a211o_2      120
     sky130_fd_sc_hd__a211oi_2       7
     sky130_fd_sc_hd__a21bo_2       13
     sky130_fd_sc_hd__a21boi_2       4
     sky130_fd_sc_hd__a21o_2       234
     sky130_fd_sc_hd__a21oi_2       44
     sky130_fd_sc_hd__a221o_2       71
     sky130_fd_sc_hd__a22o_2       169
     sky130_fd_sc_hd__a22oi_2        1
     sky130_fd_sc_hd__a2bb2o_2      13
     sky130_fd_sc_hd__a311o_2        6
     sky130_fd_sc_hd__a311oi_2       1
     sky130_fd_sc_hd__a31o_2        40
     sky130_fd_sc_hd__a31oi_2        3
     sky130_fd_sc_hd__a32o_2         7
     sky130_fd_sc_hd__a41o_2        25
     sky130_fd_sc_hd__and2_2       255
     sky130_fd_sc_hd__and2b_2       29
     sky130_fd_sc_hd__and3_2        61
     sky130_fd_sc_hd__and3b_2       23
     sky130_fd_sc_hd__and4_2        13
     sky130_fd_sc_hd__and4b_2        5
     sky130_fd_sc_hd__buf_1         32
     sky130_fd_sc_hd__buf_2          8
     sky130_fd_sc_hd__conb_1        14
     sky130_fd_sc_hd__dfrtp_2      490
     sky130_fd_sc_hd__dfxtp_2     1030
     sky130_fd_sc_hd__inv_2        558
     sky130_fd_sc_hd__mux2_1      1391
     sky130_fd_sc_hd__mux4_2       414
     sky130_fd_sc_hd__nand2_2      252
     sky130_fd_sc_hd__nand2b_2      13
     sky130_fd_sc_hd__nand3_2        4
     sky130_fd_sc_hd__nand4_2        2
     sky130_fd_sc_hd__nor2_2       195
     sky130_fd_sc_hd__nor3_2         3
     sky130_fd_sc_hd__nor4_2         1
     sky130_fd_sc_hd__o2111a_2      44
     sky130_fd_sc_hd__o211a_2       82
     sky130_fd_sc_hd__o211ai_2      10
     sky130_fd_sc_hd__o21a_2        93
     sky130_fd_sc_hd__o21ai_2       98
     sky130_fd_sc_hd__o21ba_2       18
     sky130_fd_sc_hd__o21bai_2       6
     sky130_fd_sc_hd__o221a_2       93
     sky130_fd_sc_hd__o221ai_2       8
     sky130_fd_sc_hd__o22a_2        88
     sky130_fd_sc_hd__o22ai_2        4
     sky130_fd_sc_hd__o2bb2a_2      12
     sky130_fd_sc_hd__o311a_2        6
     sky130_fd_sc_hd__o311ai_2       1
     sky130_fd_sc_hd__o31a_2        16
     sky130_fd_sc_hd__o31ai_2        4
     sky130_fd_sc_hd__o32a_2         4
     sky130_fd_sc_hd__o41a_2         2
     sky130_fd_sc_hd__or2_2        235
     sky130_fd_sc_hd__or3_2         36
     sky130_fd_sc_hd__or3b_2        18
     sky130_fd_sc_hd__or4_2         23
     sky130_fd_sc_hd__or4b_2         8
     sky130_fd_sc_hd__or4bb_2        2
     sky130_fd_sc_hd__xnor2_2       77
     sky130_fd_sc_hd__xor2_2        24
     sky130_sram_1kbyte_1rw1r_32x256_8      2

   Area for cell type \sky130_sram_1kbyte_1rw1r_32x256_8 is unknown!

   Chip area for module '\soc_top': 85443.196800
     of which used for sequential elements: 34783.360000 (40.71%)

