
===========================================================================
report_checks -unconstrained
===========================================================================
======================= nom_tt_025C_1v80 Corner ===================================

Startpoint: rst (input port clocked by clk)
Endpoint: _10611_ (recovery check against rising-edge clock clk)
Path Group: asynchronous
Path Type: max

Fanout         Cap        Slew       Delay        Time   Description
---------------------------------------------------------------------------------------------
                                  0.000000    0.000000   clock clk (rise edge)
                                  0.000000    0.000000   clock network delay (propagated)
                                  4.000000    4.000000 v input external delay
     1    0.002887    0.008825    0.004583    4.004583 v rst (in)
                                                         rst (net)
                      0.008825    0.000000    4.004583 v input42/A (sky130_fd_sc_hd__buf_4)
     2    0.093568    0.123696    0.196953    4.201536 v input42/X (sky130_fd_sc_hd__buf_4)
                                                         net42 (net)
                      0.128217    0.018501    4.220037 v fanout1197/A (sky130_fd_sc_hd__buf_4)
     6    0.086035    0.113574    0.251902    4.471940 v fanout1197/X (sky130_fd_sc_hd__buf_4)
                                                         net1197 (net)
                      0.113995    0.005137    4.477077 v fanout1187/A (sky130_fd_sc_hd__buf_2)
     5    0.037626    0.094366    0.215822    4.692899 v fanout1187/X (sky130_fd_sc_hd__buf_2)
                                                         net1187 (net)
                      0.094374    0.001069    4.693967 v fanout1186/A (sky130_fd_sc_hd__clkbuf_4)
     6    0.055765    0.115195    0.235582    4.929549 v fanout1186/X (sky130_fd_sc_hd__clkbuf_4)
                                                         net1186 (net)
                      0.115294    0.003069    4.932618 v fanout1185/A (sky130_fd_sc_hd__buf_4)
    10    0.069153    0.095134    0.231711    5.164329 v fanout1185/X (sky130_fd_sc_hd__buf_4)
                                                         net1185 (net)
                      0.095135    0.000715    5.165044 v fanout1184/A (sky130_fd_sc_hd__buf_4)
     9    0.056516    0.081309    0.212888    5.377932 v fanout1184/X (sky130_fd_sc_hd__buf_4)
                                                         net1184 (net)
                      0.081315    0.000907    5.378839 v fanout1183/A (sky130_fd_sc_hd__buf_4)
    10    0.060279    0.084863    0.210905    5.589744 v fanout1183/X (sky130_fd_sc_hd__buf_4)
                                                         net1183 (net)
                      0.084899    0.001630    5.591374 v _09539_/A (sky130_fd_sc_hd__inv_2)
     1    0.004680    0.036950    0.062185    5.653559 ^ _09539_/Y (sky130_fd_sc_hd__inv_2)
                                                         _00312_ (net)
                      0.036950    0.000063    5.653622 ^ _10611_/RESET_B (sky130_fd_sc_hd__dfrtp_1)
                                              5.653622   data arrival time

                                 20.000000   20.000000   clock clk (rise edge)
                                  0.000000   20.000000   clock source latency
     1    0.117538    0.533504    0.390715   20.390715 ^ clk (in)
                                                         clk (net)
                      0.543692    0.000000   20.390715 ^ clkbuf_0_clk/A (sky130_fd_sc_hd__clkbuf_16)
     4    0.085128    0.110170    0.294889   20.685604 ^ clkbuf_0_clk/X (sky130_fd_sc_hd__clkbuf_16)
                                                         clknet_0_clk (net)
                      0.112319    0.012122   20.697727 ^ clkbuf_2_2_0_clk/A (sky130_fd_sc_hd__clkbuf_8)
     4    0.074487    0.135955    0.217470   20.915197 ^ clkbuf_2_2_0_clk/X (sky130_fd_sc_hd__clkbuf_8)
                                                         clknet_2_2_0_clk (net)
                      0.136365    0.006136   20.921333 ^ clkbuf_4_8_0_clk/A (sky130_fd_sc_hd__clkbuf_8)
     2    0.032159    0.069882    0.179796   21.101128 ^ clkbuf_4_8_0_clk/X (sky130_fd_sc_hd__clkbuf_8)
                                                         clknet_4_8_0_clk (net)
                      0.069898    0.001037   21.102165 ^ clkbuf_5_16__f_clk/A (sky130_fd_sc_hd__clkbuf_16)
    12    0.103425    0.119598    0.196229   21.298395 ^ clkbuf_5_16__f_clk/X (sky130_fd_sc_hd__clkbuf_16)
                                                         clknet_5_16__leaf_clk (net)
                      0.119711    0.003016   21.301411 ^ clkbuf_leaf_103_clk/A (sky130_fd_sc_hd__clkbuf_8)
     7    0.029123    0.064994    0.171051   21.472462 ^ clkbuf_leaf_103_clk/X (sky130_fd_sc_hd__clkbuf_8)
                                                         clknet_leaf_103_clk (net)
                      0.064998    0.000535   21.472996 ^ _10611_/CLK (sky130_fd_sc_hd__dfrtp_1)
                                 -0.250000   21.222998   clock uncertainty
                                  0.000000   21.222998   clock reconvergence pessimism
                                  0.238541   21.461538   library recovery time
                                             21.461538   data required time
---------------------------------------------------------------------------------------------
                                             21.461538   data required time
                                             -5.653622   data arrival time
---------------------------------------------------------------------------------------------
                                             15.807918   slack (MET)


Startpoint: dmem_sram (falling edge-triggered flip-flop clocked by clk)
Endpoint: dbg_dmem_rdata[25] (output port clocked by clk)
Path Group: clk
Path Type: max

Fanout         Cap        Slew       Delay        Time   Description
---------------------------------------------------------------------------------------------
                                 10.000000   10.000000   clock clk (fall edge)
                                  0.000000   10.000000   clock source latency
     1    0.116544    0.261399    0.204002   10.204002 v clk (in)
                                                         clk (net)
                      0.281813    0.000000   10.204002 v clkbuf_0_clk/A (sky130_fd_sc_hd__clkbuf_16)
     4    0.083208    0.074658    0.286620   10.490622 v clkbuf_0_clk/X (sky130_fd_sc_hd__clkbuf_16)
                                                         clknet_0_clk (net)
                      0.077655    0.011696   10.502317 v clkbuf_2_1_0_clk/A (sky130_fd_sc_hd__clkbuf_8)
     4    0.061777    0.080602    0.192817   10.695135 v clkbuf_2_1_0_clk/X (sky130_fd_sc_hd__clkbuf_8)
                                                         clknet_2_1_0_clk (net)
                      0.082031    0.008443   10.703578 v clkbuf_4_4_0_clk/A (sky130_fd_sc_hd__clkbuf_8)
     2    0.030557    0.049338    0.171824   10.875402 v clkbuf_4_4_0_clk/X (sky130_fd_sc_hd__clkbuf_8)
                                                         clknet_4_4_0_clk (net)
                      0.049512    0.002481   10.877883 v clkbuf_5_8__f_clk/A (sky130_fd_sc_hd__clkbuf_16)
     4    0.121276    0.086357    0.192123   11.070005 v clkbuf_5_8__f_clk/X (sky130_fd_sc_hd__clkbuf_16)
                                                         clknet_5_8__leaf_clk (net)
                      0.145423    0.033769   11.103774 v dmem_sram/clk0 (sky130_sram_1kbyte_1rw1r_32x256_8)
     4    0.190346    0.102630    1.397552   12.501327 v dmem_sram/dout0[7] (sky130_sram_1kbyte_1rw1r_32x256_8)
                                                         dmem_dout[7] (net)
                      0.076972    0.066930   12.568257 v wire879/A (sky130_fd_sc_hd__buf_4)
     3    0.071039    0.098559    0.210682   12.778939 v wire879/X (sky130_fd_sc_hd__buf_4)
                                                         net879 (net)
                      0.103808    0.017714   12.796653 v _06847_/A0 (sky130_fd_sc_hd__mux2_2)
     2    0.007472    0.062370    0.298235   13.094889 v _06847_/X (sky130_fd_sc_hd__mux2_2)
                                                         _03532_ (net)
                      0.062370    0.000214   13.095102 v _06849_/A0 (sky130_fd_sc_hd__mux2_4)
     2    0.009326    0.058664    0.286341   13.381443 v _06849_/X (sky130_fd_sc_hd__mux2_4)
                                                         _03534_ (net)
                      0.058664    0.000203   13.381645 v _06854_/A1 (sky130_fd_sc_hd__a31o_4)
     8    0.036283    0.076241    0.267234   13.648880 v _06854_/X (sky130_fd_sc_hd__a31o_4)
                                                         _03538_ (net)
                      0.076255    0.001025   13.649904 v _06868_/B1 (sky130_fd_sc_hd__a21o_1)
     2    0.006741    0.049892    0.178878   13.828783 v _06868_/X (sky130_fd_sc_hd__a21o_1)
                                                         _03545_ (net)
                      0.049892    0.000185   13.828968 v _06870_/C1 (sky130_fd_sc_hd__o211a_1)
     1    0.004819    0.047671    0.116054   13.945022 v _06870_/X (sky130_fd_sc_hd__o211a_1)
                                                         _03546_ (net)
                      0.047671    0.000179   13.945200 v fanout349/A (sky130_fd_sc_hd__buf_4)
     7    0.039865    0.065451    0.175010   14.120211 v fanout349/X (sky130_fd_sc_hd__buf_4)
                                                         net349 (net)
                      0.065456    0.000649   14.120859 v fanout348/A (sky130_fd_sc_hd__buf_6)
    10    0.054185    0.059493    0.160008   14.280868 v fanout348/X (sky130_fd_sc_hd__buf_6)
                                                         net348 (net)
                      0.059529    0.001369   14.282236 v _06880_/B1 (sky130_fd_sc_hd__o21a_4)
     3    0.089999    0.134315    0.207126   14.489362 v _06880_/X (sky130_fd_sc_hd__o21a_4)
                                                         net92 (net)
                      0.135969    0.011925   14.501287 v output92/A (sky130_fd_sc_hd__buf_6)
     1    0.034362    0.043987    0.178082   14.679368 v output92/X (sky130_fd_sc_hd__buf_6)
                                                         dbg_dmem_rdata[25] (net)
                      0.044002    0.000770   14.680139 v dbg_dmem_rdata[25] (out)
                                             14.680139   data arrival time

                                 20.000000   20.000000   clock clk (rise edge)
                                  0.000000   20.000000   clock network delay (propagated)
                                 -0.250000   19.750002   clock uncertainty
                                  0.000000   19.750002   clock reconvergence pessimism
                                 -4.000000   15.750001   output external delay
                                             15.750001   data required time
---------------------------------------------------------------------------------------------
                                             15.750001   data required time
                                            -14.680139   data arrival time
---------------------------------------------------------------------------------------------
                                              1.069862   slack (MET)




===========================================================================
report_checks --slack_max -0.01
============================================================================
======================= nom_tt_025C_1v80 Corner ===================================

No paths found.


===========================================================================
 report_check_types -max_slew -max_cap -max_fanout -violators
============================================================================
======================= nom_tt_025C_1v80 Corner ===================================

max slew

Pin                                        Limit        Slew       Slack
------------------------------------------------------------------------
dmem_sram/din0[4]                       1.500000    3.416506   -1.916506 (VIOLATED)
dmem_sram/din0[6]                       1.500000    3.314720   -1.814720 (VIOLATED)
dmem_sram/din0[0]                       1.500000    3.004704   -1.504704 (VIOLATED)
dmem_sram/din0[2]                       1.500000    2.921277   -1.421277 (VIOLATED)
rebuffer5/X                             1.500000    2.561307   -1.061307 (VIOLATED)
dmem_sram/din0[3]                       1.500000    2.522036   -1.022036 (VIOLATED)
rebuffer8/X                             1.500000    2.484851   -0.984851 (VIOLATED)
rebuffer1/X                             1.500000    2.240761   -0.740761 (VIOLATED)
rebuffer2/X                             1.500000    2.169040   -0.669040 (VIOLATED)
dmem_sram/wmask0[3]                     1.500000    1.972073   -0.472073 (VIOLATED)
rebuffer6/X                             1.500000    1.890625   -0.390625 (VIOLATED)
dmem_sram/wmask0[2]                     1.500000    1.784258   -0.284258 (VIOLATED)

max fanout

Pin                                   Limit Fanout  Slack
---------------------------------------------------------
max_cap261/X                             10     16     -6 (VIOLATED)
max_cap1148/X                            10     15     -5 (VIOLATED)
_06651_/X                                10     13     -3 (VIOLATED)
_06684_/X                                10     13     -3 (VIOLATED)
fanout415/X                              10     13     -3 (VIOLATED)
clkbuf_5_16__f_clk/X                     10     12     -2 (VIOLATED)
clkbuf_5_17__f_clk/X                     10     12     -2 (VIOLATED)
clkbuf_leaf_170_clk/X                    10     12     -2 (VIOLATED)
clkbuf_leaf_176_clk/X                    10     12     -2 (VIOLATED)
clkbuf_leaf_17_clk/X                     10     12     -2 (VIOLATED)
clkbuf_leaf_34_clk/X                     10     12     -2 (VIOLATED)
clkbuf_leaf_77_clk/X                     10     12     -2 (VIOLATED)
fanout1059/X                             10     12     -2 (VIOLATED)
fanout346/X                              10     12     -2 (VIOLATED)
wire957/X                                10     12     -2 (VIOLATED)
_06665_/X                                10     11        (VIOLATED)
clkbuf_5_6__f_clk/X                      10     11        (VIOLATED)
clkbuf_leaf_108_clk/X                    10     11        (VIOLATED)
clkbuf_leaf_118_clk/X                    10     11        (VIOLATED)
clkbuf_leaf_123_clk/X                    10     11        (VIOLATED)
clkbuf_leaf_179_clk/X                    10     11        (VIOLATED)
clkbuf_leaf_188_clk/X                    10     11        (VIOLATED)
clkbuf_leaf_216_clk/X                    10     11        (VIOLATED)
clkbuf_leaf_28_clk/X                     10     11        (VIOLATED)
clkbuf_leaf_30_clk/X                     10     11        (VIOLATED)
clkbuf_leaf_38_clk/X                     10     11        (VIOLATED)
clkbuf_leaf_97_clk/X                     10     11        (VIOLATED)
fanout1061/X                             10     11        (VIOLATED)
fanout1159/X                             10     11        (VIOLATED)
fanout204/X                              10     11        (VIOLATED)
fanout358/X                              10     11        (VIOLATED)
fanout361/X                              10     11        (VIOLATED)
fanout375/X                              10     11        (VIOLATED)
fanout387/X                              10     11        (VIOLATED)
fanout391/X                              10     11        (VIOLATED)
fanout393/X                              10     11        (VIOLATED)
fanout399/X                              10     11        (VIOLATED)
fanout403/X                              10     11        (VIOLATED)
fanout452/X                              10     11        (VIOLATED)
fanout454/X                              10     11        (VIOLATED)
fanout470/X                              10     11        (VIOLATED)
fanout474/X                              10     11        (VIOLATED)
fanout478/X                              10     11        (VIOLATED)
fanout493/X                              10     11        (VIOLATED)
fanout509/X                              10     11        (VIOLATED)
fanout529/X                              10     11        (VIOLATED)
fanout571/X                              10     11        (VIOLATED)
fanout695/X                              10     11        (VIOLATED)
fanout698/X                              10     11        (VIOLATED)
fanout747/X                              10     11        (VIOLATED)
fanout753/X                              10     11        (VIOLATED)

max capacitance

Pin                                        Limit         Cap       Slack
------------------------------------------------------------------------
dmem_sram/dout0[7]                      0.027560    0.190723   -0.163163 (VIOLATED)
rebuffer5/X                             0.159312    0.272602   -0.113290 (VIOLATED)
rebuffer8/X                             0.159312    0.263843   -0.104531 (VIOLATED)
_05211_/X                               0.200000    0.301705   -0.101705 (VIOLATED)
_11308_/Q                               0.200000    0.295400   -0.095400 (VIOLATED)
_11309_/Q                               0.200000    0.290263   -0.090263 (VIOLATED)
_06805_/X                               0.200000    0.285273   -0.085273 (VIOLATED)
_05292_/X                               0.200000    0.280365   -0.080365 (VIOLATED)
_05237_/X                               0.200000    0.279463   -0.079463 (VIOLATED)
rebuffer1/X                             0.159312    0.236559   -0.077247 (VIOLATED)
_06784_/X                               0.200000    0.277158   -0.077158 (VIOLATED)
_11305_/Q                               0.200000    0.275127   -0.075127 (VIOLATED)
_11307_/Q                               0.200000    0.269885   -0.069885 (VIOLATED)
rebuffer2/X                             0.159312    0.228904   -0.069592 (VIOLATED)
_06803_/X                               0.200000    0.267945   -0.067945 (VIOLATED)
_06799_/X                               0.200000    0.264874   -0.064874 (VIOLATED)
_06802_/X                               0.200000    0.262496   -0.062496 (VIOLATED)
_06651_/X                               0.200000    0.262026   -0.062026 (VIOLATED)
_06790_/X                               0.200000    0.259819   -0.059819 (VIOLATED)
_06786_/X                               0.200000    0.258996   -0.058996 (VIOLATED)
_06684_/X                               0.200000    0.258527   -0.058527 (VIOLATED)
_06796_/X                               0.200000    0.257657   -0.057657 (VIOLATED)
_06665_/X                               0.200000    0.254696   -0.054696 (VIOLATED)
wire921/X                               0.200000    0.254590   -0.054590 (VIOLATED)
_06798_/X                               0.200000    0.254274   -0.054274 (VIOLATED)
_06771_/Y                               0.200000    0.251137   -0.051137 (VIOLATED)
_06788_/X                               0.200000    0.250538   -0.050538 (VIOLATED)
_06792_/X                               0.200000    0.243926   -0.043926 (VIOLATED)
rebuffer6/X                             0.159312    0.200989   -0.041677 (VIOLATED)
max_cap1148/X                           0.200000    0.241062   -0.041062 (VIOLATED)
_06810_/X                               0.200000    0.237096   -0.037096 (VIOLATED)
max_cap261/X                            0.200000    0.235953   -0.035953 (VIOLATED)
_06794_/X                               0.200000    0.235628   -0.035628 (VIOLATED)
_06698_/X                               0.200000    0.233307   -0.033307 (VIOLATED)
wire948/X                               0.200000    0.229103   -0.029103 (VIOLATED)
_06782_/Y                               0.200000    0.226082   -0.026082 (VIOLATED)
_06813_/X                               0.200000    0.220207   -0.020207 (VIOLATED)
_06804_/X                               0.200000    0.218989   -0.018989 (VIOLATED)
_06809_/X                               0.200000    0.218800   -0.018800 (VIOLATED)
max_cap1147/X                           0.200000    0.218758   -0.018758 (VIOLATED)
_06800_/X                               0.200000    0.218376   -0.018376 (VIOLATED)
_06806_/X                               0.200000    0.211121   -0.011121 (VIOLATED)
_06801_/X                               0.200000    0.208973   -0.008973 (VIOLATED)
_06811_/X                               0.200000    0.207854   -0.007854 (VIOLATED)
wire930/X                               0.200000    0.207521   -0.007521 (VIOLATED)
max_cap262/X                            0.200000    0.206153   -0.006153 (VIOLATED)
wire924/X                               0.200000    0.204918   -0.004918 (VIOLATED)
_06807_/X                               0.200000    0.203936   -0.003936 (VIOLATED)
imem_sram/dout1[4]                      0.027560    0.031280   -0.003720 (VIOLATED)
_06814_/X                               0.200000    0.203148   -0.003148 (VIOLATED)
max_cap260/X                            0.200000    0.202222   -0.002222 (VIOLATED)
imem_sram/dout1[16]                     0.027560    0.029293   -0.001733 (VIOLATED)
max_cap263/X                            0.200000    0.200867   -0.000867 (VIOLATED)



===========================================================================
report_parasitic_annotation -report_unannotated
============================================================================
Found 269 unannotated drivers.
 clkload0/Y
 clkload1/Y
 clkload10/Y
 clkload100/Y
 clkload101/X
 clkload102/Y
 clkload103/Y
 clkload104/Y
 clkload105/Y
 clkload106/Y
 clkload107/Y
 clkload108/Y
 clkload109/Y
 clkload11/Y
 clkload110/Y
 clkload111/X
 clkload112/Y
 clkload113/Y
 clkload114/Y
 clkload115/Y
 clkload116/Y
 clkload117/Y
 clkload118/Y
 clkload119/Y
 clkload12/Y
 clkload120/Y
 clkload121/X
 clkload122/Y
 clkload123/Y
 clkload124/X
 clkload125/X
 clkload126/X
 clkload127/Y
 clkload128/Y
 clkload129/Y
 clkload13/Y
 clkload130/Y
 clkload131/Y
 clkload132/Y
 clkload133/X
 clkload134/Y
 clkload135/X
 clkload136/Y
 clkload137/Y
 clkload138/Y
 clkload139/Y
 clkload14/X
 clkload140/X
 clkload141/Y
 clkload142/Y
 clkload143/Y
 clkload144/X
 clkload145/Y
 clkload146/X
 clkload147/Y
 clkload148/Y
 clkload149/Y
 clkload15/X
 clkload150/Y
 clkload151/Y
 clkload152/Y
 clkload153/Y
 clkload154/X
 clkload155/Y
 clkload156/Y
 clkload157/Y
 clkload158/Y
 clkload159/X
 clkload16/X
 clkload160/Y
 clkload161/Y
 clkload162/X
 clkload163/X
 clkload164/Y
 clkload165/X
 clkload166/Y
 clkload167/Y
 clkload168/X
 clkload169/Y
 clkload17/X
 clkload170/Y
 clkload171/X
 clkload172/X
 clkload173/Y
 clkload174/Y
 clkload175/Y
 clkload176/Y
 clkload177/Y
 clkload178/Y
 clkload179/X
 clkload18/X
 clkload180/X
 clkload181/Y
 clkload182/Y
 clkload183/X
 clkload184/X
 clkload185/Y
 clkload186/Y
 clkload187/Y
 clkload188/Y
 clkload189/Y
 clkload19/Y
 clkload190/X
 clkload2/Y
 clkload20/Y
 clkload21/Y
 clkload22/Y
 clkload23/Y
 clkload24/X
 clkload25/X
 clkload26/X
 clkload27/X
 clkload28/X
 clkload29/X
 clkload3/Y
 clkload30/X
 clkload31/Y
 clkload32/Y
 clkload33/X
 clkload34/Y
 clkload35/Y
 clkload36/Y
 clkload37/Y
 clkload38/Y
 clkload39/Y
 clkload4/Y
 clkload40/Y
 clkload41/Y
 clkload42/Y
 clkload43/Y
 clkload44/Y
 clkload45/Y
 clkload46/Y
 clkload47/Y
 clkload48/Y
 clkload49/Y
 clkload5/Y
 clkload50/Y
 clkload51/X
 clkload52/X
 clkload53/X
 clkload54/Y
 clkload55/Y
 clkload56/Y
 clkload57/X
 clkload58/X
 clkload59/X
 clkload6/Y
 clkload60/X
 clkload61/Y
 clkload62/Y
 clkload63/X
 clkload64/Y
 clkload65/X
 clkload66/Y
 clkload67/Y
 clkload68/Y
 clkload69/X
 clkload7/X
 clkload70/X
 clkload71/X
 clkload72/X
 clkload73/X
 clkload74/X
 clkload75/X
 clkload76/X
 clkload77/X
 clkload78/X
 clkload79/Y
 clkload8/Y
 clkload80/Y
 clkload81/X
 clkload82/Y
 clkload83/X
 clkload84/Y
 clkload85/X
 clkload86/Y
 clkload87/Y
 clkload88/Y
 clkload89/X
 clkload9/Y
 clkload90/X
 clkload91/Y
 clkload92/X
 clkload93/Y
 clkload94/X
 clkload95/X
 clkload96/Y
 clkload97/Y
 clkload98/Y
 clkload99/Y
 dmem_sram/dout1[0]
 dmem_sram/dout1[10]
 dmem_sram/dout1[11]
 dmem_sram/dout1[12]
 dmem_sram/dout1[13]
 dmem_sram/dout1[14]
 dmem_sram/dout1[15]
 dmem_sram/dout1[16]
 dmem_sram/dout1[17]
 dmem_sram/dout1[18]
 dmem_sram/dout1[19]
 dmem_sram/dout1[1]
 dmem_sram/dout1[20]
 dmem_sram/dout1[21]
 dmem_sram/dout1[22]
 dmem_sram/dout1[23]
 dmem_sram/dout1[24]
 dmem_sram/dout1[25]
 dmem_sram/dout1[26]
 dmem_sram/dout1[27]
 dmem_sram/dout1[28]
 dmem_sram/dout1[29]
 dmem_sram/dout1[2]
 dmem_sram/dout1[30]
 dmem_sram/dout1[31]
 dmem_sram/dout1[3]
 dmem_sram/dout1[4]
 dmem_sram/dout1[5]
 dmem_sram/dout1[6]
 dmem_sram/dout1[7]
 dmem_sram/dout1[8]
 dmem_sram/dout1[9]
 dmem_sram_1237/HI
 dmem_sram_1238/HI
 dmem_sram_1239/HI
 dmem_sram_1240/HI
 dmem_sram_1241/HI
 dmem_sram_1242/HI
 dmem_sram_1243/HI
 dmem_sram_1244/HI
 dmem_sram_1246/LO
 imem_sram/dout0[0]
 imem_sram/dout0[10]
 imem_sram/dout0[11]
 imem_sram/dout0[12]
 imem_sram/dout0[13]
 imem_sram/dout0[14]
 imem_sram/dout0[15]
 imem_sram/dout0[16]
 imem_sram/dout0[17]
 imem_sram/dout0[18]
 imem_sram/dout0[19]
 imem_sram/dout0[1]
 imem_sram/dout0[20]
 imem_sram/dout0[21]
 imem_sram/dout0[22]
 imem_sram/dout0[23]
 imem_sram/dout0[24]
 imem_sram/dout0[25]
 imem_sram/dout0[26]
 imem_sram/dout0[27]
 imem_sram/dout0[28]
 imem_sram/dout0[29]
 imem_sram/dout0[2]
 imem_sram/dout0[30]
 imem_sram/dout0[31]
 imem_sram/dout0[3]
 imem_sram/dout0[4]
 imem_sram/dout0[5]
 imem_sram/dout0[6]
 imem_sram/dout0[7]
 imem_sram/dout0[8]
 imem_sram/dout0[9]
 imem_sram_1245/HI
 imem_sram_1247/LO
 imem_sram_1248/LO
 imem_sram_1249/LO
 imem_sram_1250/LO
Found 0 partially unannotated drivers.

===========================================================================
max slew violation count 12
max fanout violation count 51
max cap violation count 53
============================================================================

===========================================================================
check_setup -verbose -unconstrained_endpoints -multiple_clock -no_clock -no_input_delay -loops -generated_clocks
===========================================================================
Warning: There are 14 unconstrained endpoints.
  dmem_sram/addr1[0]
  dmem_sram/addr1[1]
  dmem_sram/addr1[2]
  dmem_sram/addr1[3]
  dmem_sram/addr1[4]
  dmem_sram/addr1[5]
  dmem_sram/addr1[6]
  dmem_sram/addr1[7]
  dmem_sram/csb1
  imem_sram/csb1
  imem_sram/wmask0[0]
  imem_sram/wmask0[1]
  imem_sram/wmask0[2]
  imem_sram/wmask0[3]
