Clock: clk
Sources: clk 
Generated: no
Virtual: yes
Propagated: no
Period: 20.000000

===========================================================================
report_clock_properties
============================================================================
Clock                   Period          Waveform
----------------------------------------------------
clk                  20.000000    0.000000 10.000000

===========================================================================
report_clock_latency
============================================================================
Clock clk
rise -> rise
    min     max
0.000000 0.000000 source latency
1.258986         network latency dmem_sram/clk1
        1.519105 network latency _10252_/CLK
---------------
1.258986 1.519105 latency
        0.260118 skew

fall -> fall
    min     max
0.000000 0.000000 source latency
1.051030         network latency dmem_sram/clk1
        1.285453 network latency _10252_/CLK
---------------
1.051030 1.285453 latency
        0.234422 skew



===========================================================================
report_clock_min_period
============================================================================
clk period_min = 10.00 fmax = 100.01
