
===========================================================================
report_checks -unconstrained
===========================================================================
======================= max_ff_n40C_1v95 Corner ===================================

Startpoint: dmem_sram (falling edge-triggered flip-flop clocked by clk)
Endpoint: _12409_ (rising edge-triggered flip-flop clocked by clk)
Path Group: clk
Path Type: max

Fanout         Cap        Slew       Delay        Time   Description
---------------------------------------------------------------------------------------------
                                 10.000000   10.000000   clock clk (fall edge)
                                  0.000000   10.000000   clock source latency
     2    0.147016    0.000000    0.000000   10.000000 v clk (in)
                                                         clk (net)
                      0.068580    0.034290   10.034290 v clkbuf_0_clk/A (sky130_fd_sc_hd__clkbuf_16)
     4    0.166552    0.085304    0.151546   10.185837 v clkbuf_0_clk/X (sky130_fd_sc_hd__clkbuf_16)
                                                         clknet_0_clk (net)
                      0.106458    0.032164   10.218000 v clkbuf_2_0_0_clk/A (sky130_fd_sc_hd__clkbuf_8)
     4    0.102159    0.082338    0.173449   10.391449 v clkbuf_2_0_0_clk/X (sky130_fd_sc_hd__clkbuf_8)
                                                         clknet_2_0_0_clk (net)
                      0.083687    0.008396   10.399845 v clkbuf_4_0__f_clk/A (sky130_fd_sc_hd__clkbuf_16)
    10    0.184033    0.090951    0.171832   10.571677 v clkbuf_4_0__f_clk/X (sky130_fd_sc_hd__clkbuf_16)
                                                         clknet_4_0__leaf_clk (net)
                      0.152771    0.035893   10.607571 v dmem_sram/clk0 (sky130_sram_1kbyte_1rw1r_32x256_8)
    12    0.190241    0.102574    1.396963   12.004534 ^ dmem_sram/dout0[15] (sky130_sram_1kbyte_1rw1r_32x256_8)
                                                         dmem_dout[15] (net)
                      0.076931    0.085491   12.090024 ^ wire1096/A (sky130_fd_sc_hd__clkbuf_2)
     1    0.009372    0.045721    0.089108   12.179132 ^ wire1096/X (sky130_fd_sc_hd__clkbuf_2)
                                                         net1096 (net)
                      0.045736    0.000769   12.179902 ^ wire1095/A (sky130_fd_sc_hd__clkbuf_2)
     3    0.037260    0.157348    0.156740   12.336641 ^ wire1095/X (sky130_fd_sc_hd__clkbuf_2)
                                                         net1095 (net)
                      0.157449    0.003262   12.339904 ^ _07755_/A2 (sky130_fd_sc_hd__mux4_1)
     1    0.003992    0.047164    0.163424   12.503327 ^ _07755_/X (sky130_fd_sc_hd__mux4_1)
                                                         _03977_ (net)
                      0.047172    0.000274   12.503601 ^ _07756_/C_N (sky130_fd_sc_hd__nor3b_4)
     9    0.039304    0.334151    0.294099   12.797700 ^ _07756_/Y (sky130_fd_sc_hd__nor3b_4)
                                                         _03978_ (net)
                      0.334168    0.001903   12.799603 ^ _07774_/B1 (sky130_fd_sc_hd__a221o_1)
     2    0.013294    0.102826    0.151762   12.951365 ^ _07774_/X (sky130_fd_sc_hd__a221o_1)
                                                         _03988_ (net)
                      0.102827    0.000553   12.951919 ^ _07776_/C1 (sky130_fd_sc_hd__o211ai_4)
    16    0.082712    0.181178    0.122886   13.074804 v _07776_/Y (sky130_fd_sc_hd__o211ai_4)
                                                         _03989_ (net)
                      0.181692    0.007941   13.082746 v _07784_/B1_N (sky130_fd_sc_hd__o21ba_1)
     2    0.036441    0.271121    0.343197   13.425943 ^ _07784_/X (sky130_fd_sc_hd__o21ba_1)
                                                         net90 (net)
                      0.271141    0.001973   13.427916 ^ _12409_/D (sky130_fd_sc_hd__dfrtp_1)
                                             13.427916   data arrival time

                                 20.000000   20.000000   clock clk (rise edge)
                                  0.000000   20.000000   clock source latency
     2    0.148012    0.000000    0.000000   20.000000 ^ clk (in)
                                                         clk (net)
                      0.069189    0.034595   20.034595 ^ clkbuf_0_clk/A (sky130_fd_sc_hd__clkbuf_16)
     4    0.168416    0.139166    0.156351   20.190947 ^ clkbuf_0_clk/X (sky130_fd_sc_hd__clkbuf_16)
                                                         clknet_0_clk (net)
                      0.150167    0.029999   20.220945 ^ clkbuf_2_1_0_clk/A (sky130_fd_sc_hd__clkbuf_8)
     4    0.119225    0.159833    0.201172   20.422117 ^ clkbuf_2_1_0_clk/X (sky130_fd_sc_hd__clkbuf_8)
                                                         clknet_2_1_0_clk (net)
                      0.160619    0.009084   20.431202 ^ clkbuf_4_5__f_clk/A (sky130_fd_sc_hd__clkbuf_16)
    10    0.141418    0.119921    0.177137   20.608339 ^ clkbuf_4_5__f_clk/X (sky130_fd_sc_hd__clkbuf_16)
                                                         clknet_4_5__leaf_clk (net)
                      0.121107    0.009500   20.617838 ^ clkbuf_leaf_59_clk/A (sky130_fd_sc_hd__clkbuf_8)
     4    0.031822    0.052145    0.123242   20.741081 ^ clkbuf_leaf_59_clk/X (sky130_fd_sc_hd__clkbuf_8)
                                                         clknet_leaf_59_clk (net)
                      0.052189    0.001389   20.742470 ^ _12409_/CLK (sky130_fd_sc_hd__dfrtp_1)
                                  0.000000   20.742470   clock reconvergence pessimism
                                 -0.055638   20.686832   library setup time
                                             20.686832   data required time
---------------------------------------------------------------------------------------------
                                             20.686832   data required time
                                            -13.427916   data arrival time
---------------------------------------------------------------------------------------------
                                              7.258916   slack (MET)




===========================================================================
report_checks --slack_max -0.01
============================================================================
======================= max_ff_n40C_1v95 Corner ===================================

No paths found.


===========================================================================
 report_check_types -max_slew -max_cap -max_fanout -violators
============================================================================
======================= max_ff_n40C_1v95 Corner ===================================

max fanout

Pin                                   Limit Fanout  Slack
---------------------------------------------------------
dmem_sram/dout0[13]                       4     14    -10 (VIOLATED)
dmem_sram/dout0[15]                       4     12     -8 (VIOLATED)
dmem_sram/dout0[16]                       4     12     -8 (VIOLATED)
dmem_sram/dout0[18]                       4     12     -8 (VIOLATED)
dmem_sram/dout0[12]                       4     11     -7 (VIOLATED)
dmem_sram/dout0[11]                       4     10     -6 (VIOLATED)
dmem_sram/dout0[10]                       4      8     -4 (VIOLATED)
dmem_sram/dout0[22]                       4      7     -3 (VIOLATED)

max capacitance

Pin                                        Limit         Cap       Slack
------------------------------------------------------------------------
dmem_sram/dout0[18]                     0.027560    0.215410   -0.187850 (VIOLATED)
dmem_sram/dout0[19]                     0.027560    0.211035   -0.183475 (VIOLATED)
dmem_sram/dout0[16]                     0.027560    0.209647   -0.182087 (VIOLATED)
dmem_sram/dout0[13]                     0.027560    0.199203   -0.171643 (VIOLATED)
dmem_sram/dout0[12]                     0.027560    0.198129   -0.170569 (VIOLATED)
dmem_sram/dout0[8]                      0.027560    0.192693   -0.165133 (VIOLATED)
dmem_sram/dout0[9]                      0.027560    0.192276   -0.164716 (VIOLATED)
dmem_sram/dout0[15]                     0.027560    0.190241   -0.162681 (VIOLATED)
dmem_sram/dout0[6]                      0.027560    0.188660   -0.161100 (VIOLATED)
dmem_sram/dout0[11]                     0.027560    0.187095   -0.159535 (VIOLATED)
dmem_sram/dout0[22]                     0.027560    0.182751   -0.155191 (VIOLATED)
dmem_sram/dout0[14]                     0.027560    0.179247   -0.151687 (VIOLATED)
dmem_sram/dout0[10]                     0.027560    0.158946   -0.131386 (VIOLATED)
dmem_sram/dout0[5]                      0.027560    0.087196   -0.059636 (VIOLATED)
dmem_sram/dout0[2]                      0.027560    0.086914   -0.059354 (VIOLATED)
dmem_sram/dout0[3]                      0.027560    0.079553   -0.051993 (VIOLATED)
dmem_sram/dout0[4]                      0.027560    0.078444   -0.050884 (VIOLATED)
dmem_sram/dout0[1]                      0.027560    0.072695   -0.045135 (VIOLATED)
dmem_sram/dout0[0]                      0.027560    0.067786   -0.040226 (VIOLATED)
imem_sram/dout1[4]                      0.027560    0.032653   -0.005093 (VIOLATED)
imem_sram/dout1[16]                     0.027560    0.031836   -0.004276 (VIOLATED)
imem_sram/dout1[3]                      0.027560    0.031475   -0.003915 (VIOLATED)
imem_sram/dout1[14]                     0.027560    0.031224   -0.003664 (VIOLATED)
imem_sram/dout1[2]                      0.027560    0.030635   -0.003075 (VIOLATED)
imem_sram/dout1[12]                     0.027560    0.029973   -0.002413 (VIOLATED)
imem_sram/dout1[13]                     0.027560    0.029641   -0.002081 (VIOLATED)
imem_sram/dout1[5]                      0.027560    0.028851   -0.001291 (VIOLATED)
imem_sram/dout1[7]                      0.027560    0.028651   -0.001091 (VIOLATED)
imem_sram/dout1[0]                      0.027560    0.028305   -0.000745 (VIOLATED)
imem_sram/dout1[1]                      0.027560    0.027862   -0.000302 (VIOLATED)
imem_sram/dout1[19]                     0.027560    0.027794   -0.000234 (VIOLATED)
imem_sram/dout1[6]                      0.027560    0.027742   -0.000182 (VIOLATED)



===========================================================================
report_parasitic_annotation -report_unannotated
============================================================================
Found 241 unannotated drivers.
 clkload0/Y
 clkload1/Y
 clkload10/Y
 clkload100/Y
 clkload101/Y
 clkload102/Y
 clkload103/Y
 clkload104/Y
 clkload105/Y
 clkload106/Y
 clkload107/Y
 clkload108/Y
 clkload109/Y
 clkload11/Y
 clkload110/X
 clkload111/Y
 clkload112/Y
 clkload113/Y
 clkload114/Y
 clkload115/X
 clkload116/Y
 clkload117/X
 clkload118/Y
 clkload119/Y
 clkload12/Y
 clkload120/Y
 clkload121/X
 clkload122/X
 clkload123/Y
 clkload124/Y
 clkload125/Y
 clkload126/Y
 clkload127/Y
 clkload128/Y
 clkload129/Y
 clkload13/Y
 clkload130/Y
 clkload131/Y
 clkload132/Y
 clkload133/Y
 clkload134/Y
 clkload135/Y
 clkload136/Y
 clkload137/Y
 clkload138/Y
 clkload139/X
 clkload14/Y
 clkload140/Y
 clkload141/Y
 clkload142/Y
 clkload143/Y
 clkload144/Y
 clkload145/Y
 clkload146/X
 clkload147/X
 clkload148/Y
 clkload149/Y
 clkload15/Y
 clkload150/Y
 clkload151/Y
 clkload152/Y
 clkload153/Y
 clkload154/X
 clkload155/Y
 clkload156/X
 clkload157/Y
 clkload158/Y
 clkload159/Y
 clkload16/Y
 clkload160/Y
 clkload161/Y
 clkload162/Y
 clkload17/Y
 clkload18/Y
 clkload19/X
 clkload2/Y
 clkload20/Y
 clkload21/Y
 clkload22/Y
 clkload23/Y
 clkload24/Y
 clkload25/Y
 clkload26/Y
 clkload27/Y
 clkload28/Y
 clkload29/Y
 clkload3/Y
 clkload30/Y
 clkload31/X
 clkload32/X
 clkload33/Y
 clkload34/Y
 clkload35/Y
 clkload36/Y
 clkload37/Y
 clkload38/Y
 clkload39/X
 clkload4/Y
 clkload40/Y
 clkload41/Y
 clkload42/Y
 clkload43/Y
 clkload44/Y
 clkload45/Y
 clkload46/Y
 clkload47/Y
 clkload48/Y
 clkload49/Y
 clkload5/Y
 clkload50/Y
 clkload51/Y
 clkload52/X
 clkload53/Y
 clkload54/Y
 clkload55/Y
 clkload56/Y
 clkload57/Y
 clkload58/Y
 clkload59/Y
 clkload6/Y
 clkload60/Y
 clkload61/Y
 clkload62/Y
 clkload63/Y
 clkload64/Y
 clkload65/Y
 clkload66/Y
 clkload67/Y
 clkload68/Y
 clkload69/Y
 clkload7/Y
 clkload70/Y
 clkload71/Y
 clkload72/Y
 clkload73/Y
 clkload74/Y
 clkload75/Y
 clkload76/X
 clkload77/Y
 clkload78/Y
 clkload79/Y
 clkload8/Y
 clkload80/X
 clkload81/X
 clkload82/X
 clkload83/Y
 clkload84/X
 clkload85/Y
 clkload86/X
 clkload87/Y
 clkload88/X
 clkload89/X
 clkload9/Y
 clkload90/Y
 clkload91/Y
 clkload92/Y
 clkload93/Y
 clkload94/Y
 clkload95/Y
 clkload96/Y
 clkload97/Y
 clkload98/Y
 clkload99/Y
 dmem_sram/dout1[0]
 dmem_sram/dout1[10]
 dmem_sram/dout1[11]
 dmem_sram/dout1[12]
 dmem_sram/dout1[13]
 dmem_sram/dout1[14]
 dmem_sram/dout1[15]
 dmem_sram/dout1[16]
 dmem_sram/dout1[17]
 dmem_sram/dout1[18]
 dmem_sram/dout1[19]
 dmem_sram/dout1[1]
 dmem_sram/dout1[20]
 dmem_sram/dout1[21]
 dmem_sram/dout1[22]
 dmem_sram/dout1[23]
 dmem_sram/dout1[24]
 dmem_sram/dout1[25]
 dmem_sram/dout1[26]
 dmem_sram/dout1[27]
 dmem_sram/dout1[28]
 dmem_sram/dout1[29]
 dmem_sram/dout1[2]
 dmem_sram/dout1[30]
 dmem_sram/dout1[31]
 dmem_sram/dout1[3]
 dmem_sram/dout1[4]
 dmem_sram/dout1[5]
 dmem_sram/dout1[6]
 dmem_sram/dout1[7]
 dmem_sram/dout1[8]
 dmem_sram/dout1[9]
 dmem_sram_1390/HI
 dmem_sram_1391/HI
 dmem_sram_1392/HI
 dmem_sram_1393/HI
 dmem_sram_1394/HI
 dmem_sram_1395/HI
 dmem_sram_1396/HI
 dmem_sram_1397/HI
 dmem_sram_1399/LO
 imem_sram/dout0[0]
 imem_sram/dout0[10]
 imem_sram/dout0[11]
 imem_sram/dout0[12]
 imem_sram/dout0[13]
 imem_sram/dout0[14]
 imem_sram/dout0[15]
 imem_sram/dout0[16]
 imem_sram/dout0[17]
 imem_sram/dout0[18]
 imem_sram/dout0[19]
 imem_sram/dout0[1]
 imem_sram/dout0[20]
 imem_sram/dout0[21]
 imem_sram/dout0[22]
 imem_sram/dout0[23]
 imem_sram/dout0[24]
 imem_sram/dout0[25]
 imem_sram/dout0[26]
 imem_sram/dout0[27]
 imem_sram/dout0[28]
 imem_sram/dout0[29]
 imem_sram/dout0[2]
 imem_sram/dout0[30]
 imem_sram/dout0[31]
 imem_sram/dout0[3]
 imem_sram/dout0[4]
 imem_sram/dout0[5]
 imem_sram/dout0[6]
 imem_sram/dout0[7]
 imem_sram/dout0[8]
 imem_sram/dout0[9]
 imem_sram_1398/HI
 imem_sram_1400/LO
 imem_sram_1401/LO
 imem_sram_1402/LO
 imem_sram_1403/LO
Found 0 partially unannotated drivers.

===========================================================================
max slew violation count 0
max fanout violation count 8
max cap violation count 32
============================================================================

===========================================================================
check_setup -verbose -unconstrained_endpoints -multiple_clock -no_clock -no_input_delay -loops -generated_clocks
===========================================================================
Warning: There are 42 input ports missing set_input_delay.
  prog_addr[0]
  prog_addr[1]
  prog_addr[2]
  prog_addr[3]
  prog_addr[4]
  prog_addr[5]
  prog_addr[6]
  prog_addr[7]
  prog_data[0]
  prog_data[10]
  prog_data[11]
  prog_data[12]
  prog_data[13]
  prog_data[14]
  prog_data[15]
  prog_data[16]
  prog_data[17]
  prog_data[18]
  prog_data[19]
  prog_data[1]
  prog_data[20]
  prog_data[21]
  prog_data[22]
  prog_data[23]
  prog_data[24]
  prog_data[25]
  prog_data[26]
  prog_data[27]
  prog_data[28]
  prog_data[29]
  prog_data[2]
  prog_data[30]
  prog_data[31]
  prog_data[3]
  prog_data[4]
  prog_data[5]
  prog_data[6]
  prog_data[7]
  prog_data[8]
  prog_data[9]
  prog_we
  rst
Warning: There are 56 unconstrained endpoints.
  dmem_sram/addr1[0]
  dmem_sram/addr1[1]
  dmem_sram/addr1[2]
  dmem_sram/addr1[3]
  dmem_sram/addr1[4]
  dmem_sram/addr1[5]
  dmem_sram/addr1[6]
  dmem_sram/addr1[7]
  dmem_sram/csb1
  imem_sram/addr0[0]
  imem_sram/addr0[1]
  imem_sram/addr0[2]
  imem_sram/addr0[3]
  imem_sram/addr0[4]
  imem_sram/addr0[5]
  imem_sram/addr0[6]
  imem_sram/addr0[7]
  imem_sram/csb0
  imem_sram/csb1
  imem_sram/din0[0]
  imem_sram/din0[10]
  imem_sram/din0[11]
  imem_sram/din0[12]
  imem_sram/din0[13]
  imem_sram/din0[14]
  imem_sram/din0[15]
  imem_sram/din0[16]
  imem_sram/din0[17]
  imem_sram/din0[18]
  imem_sram/din0[19]
  imem_sram/din0[1]
  imem_sram/din0[20]
  imem_sram/din0[21]
  imem_sram/din0[22]
  imem_sram/din0[23]
  imem_sram/din0[24]
  imem_sram/din0[25]
  imem_sram/din0[26]
  imem_sram/din0[27]
  imem_sram/din0[28]
  imem_sram/din0[29]
  imem_sram/din0[2]
  imem_sram/din0[30]
  imem_sram/din0[31]
  imem_sram/din0[3]
  imem_sram/din0[4]
  imem_sram/din0[5]
  imem_sram/din0[6]
  imem_sram/din0[7]
  imem_sram/din0[8]
  imem_sram/din0[9]
  imem_sram/web0
  imem_sram/wmask0[0]
  imem_sram/wmask0[1]
  imem_sram/wmask0[2]
  imem_sram/wmask0[3]
