Clock: clk
Sources: clk 
Generated: no
Virtual: yes
Propagated: no
Period: 20.000000

===========================================================================
report_clock_properties
============================================================================
Clock                   Period          Waveform
----------------------------------------------------
clk                  20.000000    0.000000 10.000000

===========================================================================
report_clock_latency
============================================================================
Clock clk
rise -> rise
    min     max
0.000000 0.000000 source latency
0.567261         network latency _11155_/CLK
        0.779379 network latency _12230_/CLK
---------------
0.567261 0.779379 latency
        0.212118 skew

fall -> fall
    min     max
0.000000 0.000000 source latency
0.538773         network latency _11155_/CLK
        0.731898 network latency _11377_/CLK
---------------
0.538773 0.731898 latency
        0.193126 skew



===========================================================================
report_clock_min_period
============================================================================
clk period_min = 6.37 fmax = 156.87
