
===========================================================================
report_checks -unconstrained
===========================================================================
======================= min_tt_025C_1v80 Corner ===================================

Startpoint: rst (input port clocked by clk)
Endpoint: _10611_ (recovery check against rising-edge clock clk)
Path Group: asynchronous
Path Type: max

Fanout         Cap        Slew       Delay        Time   Description
---------------------------------------------------------------------------------------------
                                  0.000000    0.000000   clock clk (rise edge)
                                  0.000000    0.000000   clock network delay (propagated)
                                  4.000000    4.000000 v input external delay
     1    0.002842    0.008729    0.004488    4.004488 v rst (in)
                                                         rst (net)
                      0.008729    0.000000    4.004488 v input42/A (sky130_fd_sc_hd__buf_4)
     2    0.083441    0.112052    0.192000    4.196488 v input42/X (sky130_fd_sc_hd__buf_4)
                                                         net42 (net)
                      0.114626    0.013406    4.209894 v fanout1197/A (sky130_fd_sc_hd__buf_4)
     6    0.078683    0.105294    0.240630    4.450524 v fanout1197/X (sky130_fd_sc_hd__buf_4)
                                                         net1197 (net)
                      0.105507    0.003250    4.453774 v fanout1187/A (sky130_fd_sc_hd__buf_2)
     5    0.035553    0.092783    0.208827    4.662601 v fanout1187/X (sky130_fd_sc_hd__buf_2)
                                                         net1187 (net)
                      0.092784    0.000494    4.663095 v fanout1186/A (sky130_fd_sc_hd__clkbuf_4)
     6    0.052049    0.108498    0.230649    4.893744 v fanout1186/X (sky130_fd_sc_hd__clkbuf_4)
                                                         net1186 (net)
                      0.108530    0.001799    4.895544 v fanout1185/A (sky130_fd_sc_hd__buf_4)
    10    0.066074    0.091624    0.227113    5.122656 v fanout1185/X (sky130_fd_sc_hd__buf_4)
                                                         net1185 (net)
                      0.091624    0.000147    5.122803 v fanout1184/A (sky130_fd_sc_hd__buf_4)
     9    0.054493    0.078756    0.210087    5.332890 v fanout1184/X (sky130_fd_sc_hd__buf_4)
                                                         net1184 (net)
                      0.078756    0.000282    5.333172 v fanout1183/A (sky130_fd_sc_hd__buf_4)
    10    0.058372    0.082938    0.208575    5.541747 v fanout1183/X (sky130_fd_sc_hd__buf_4)
                                                         net1183 (net)
                      0.082945    0.000830    5.542577 v _09539_/A (sky130_fd_sc_hd__inv_2)
     1    0.004555    0.036104    0.061041    5.603618 ^ _09539_/Y (sky130_fd_sc_hd__inv_2)
                                                         _00312_ (net)
                      0.036104    0.000025    5.603643 ^ _10611_/RESET_B (sky130_fd_sc_hd__dfrtp_1)
                                              5.603643   data arrival time

                                 20.000000   20.000000   clock clk (rise edge)
                                  0.000000   20.000000   clock source latency
     1    0.107490    0.488563    0.354191   20.354193 ^ clk (in)
                                                         clk (net)
                      0.494887    0.000000   20.354193 ^ clkbuf_0_clk/A (sky130_fd_sc_hd__clkbuf_16)
     4    0.077911    0.101586    0.282498   20.636690 ^ clkbuf_0_clk/X (sky130_fd_sc_hd__clkbuf_16)
                                                         clknet_0_clk (net)
                      0.102838    0.008496   20.645185 ^ clkbuf_2_2_0_clk/A (sky130_fd_sc_hd__clkbuf_8)
     4    0.068761    0.128430    0.208921   20.854107 ^ clkbuf_2_2_0_clk/X (sky130_fd_sc_hd__clkbuf_8)
                                                         clknet_2_2_0_clk (net)
                      0.128629    0.004203   20.858309 ^ clkbuf_4_8_0_clk/A (sky130_fd_sc_hd__clkbuf_8)
     2    0.030395    0.067051    0.175470   21.033779 ^ clkbuf_4_8_0_clk/X (sky130_fd_sc_hd__clkbuf_8)
                                                         clknet_4_8_0_clk (net)
                      0.067053    0.000524   21.034304 ^ clkbuf_5_16__f_clk/A (sky130_fd_sc_hd__clkbuf_16)
    12    0.097633    0.113373    0.191989   21.226292 ^ clkbuf_5_16__f_clk/X (sky130_fd_sc_hd__clkbuf_16)
                                                         clknet_5_16__leaf_clk (net)
                      0.113461    0.001631   21.227922 ^ clkbuf_leaf_103_clk/A (sky130_fd_sc_hd__clkbuf_8)
     7    0.028246    0.063684    0.167812   21.395735 ^ clkbuf_leaf_103_clk/X (sky130_fd_sc_hd__clkbuf_8)
                                                         clknet_leaf_103_clk (net)
                      0.063684    0.000208   21.395943 ^ _10611_/CLK (sky130_fd_sc_hd__dfrtp_1)
                                 -0.250000   21.145945   clock uncertainty
                                  0.000000   21.145945   clock reconvergence pessimism
                                  0.238357   21.384300   library recovery time
                                             21.384300   data required time
---------------------------------------------------------------------------------------------
                                             21.384300   data required time
                                             -5.603643   data arrival time
---------------------------------------------------------------------------------------------
                                             15.780657   slack (MET)


Startpoint: dmem_sram (falling edge-triggered flip-flop clocked by clk)
Endpoint: dbg_dmem_rdata[25] (output port clocked by clk)
Path Group: clk
Path Type: max

Fanout         Cap        Slew       Delay        Time   Description
---------------------------------------------------------------------------------------------
                                 10.000000   10.000000   clock clk (fall edge)
                                  0.000000   10.000000   clock source latency
     1    0.106496    0.239633    0.184757   10.184757 v clk (in)
                                                         clk (net)
                      0.252276    0.000000   10.184757 v clkbuf_0_clk/A (sky130_fd_sc_hd__clkbuf_16)
     4    0.075991    0.069181    0.271238   10.455996 v clkbuf_0_clk/X (sky130_fd_sc_hd__clkbuf_16)
                                                         clknet_0_clk (net)
                      0.070926    0.008373   10.464368 v clkbuf_2_1_0_clk/A (sky130_fd_sc_hd__clkbuf_8)
     4    0.057209    0.075210    0.187455   10.651823 v clkbuf_2_1_0_clk/X (sky130_fd_sc_hd__clkbuf_8)
                                                         clknet_2_1_0_clk (net)
                      0.075983    0.005977   10.657801 v clkbuf_4_4_0_clk/A (sky130_fd_sc_hd__clkbuf_8)
     2    0.029267    0.048005    0.168215   10.826015 v clkbuf_4_4_0_clk/X (sky130_fd_sc_hd__clkbuf_8)
                                                         clknet_4_4_0_clk (net)
                      0.048090    0.001726   10.827741 v clkbuf_5_8__f_clk/A (sky130_fd_sc_hd__clkbuf_16)
     4    0.114332    0.084110    0.191544   11.019284 v clkbuf_5_8__f_clk/X (sky130_fd_sc_hd__clkbuf_16)
                                                         clknet_5_8__leaf_clk (net)
                      0.131374    0.026660   11.045945 v dmem_sram/clk0 (sky130_sram_1kbyte_1rw1r_32x256_8)
     4    0.171294    0.092491    1.290637   12.336582 v dmem_sram/dout0[7] (sky130_sram_1kbyte_1rw1r_32x256_8)
                                                         dmem_dout[7] (net)
                      0.069369    0.049775   12.386357 v wire879/A (sky130_fd_sc_hd__buf_4)
     3    0.064988    0.091435    0.204523   12.590879 v wire879/X (sky130_fd_sc_hd__buf_4)
                                                         net879 (net)
                      0.094468    0.013068   12.603948 v _06847_/A0 (sky130_fd_sc_hd__mux2_2)
     2    0.007105    0.060611    0.293115   12.897062 v _06847_/X (sky130_fd_sc_hd__mux2_2)
                                                         _03532_ (net)
                      0.060611    0.000092   12.897155 v _06849_/A0 (sky130_fd_sc_hd__mux2_4)
     2    0.008895    0.058080    0.284617   13.181771 v _06849_/X (sky130_fd_sc_hd__mux2_4)
                                                         _03534_ (net)
                      0.058080    0.000075   13.181848 v _06854_/A1 (sky130_fd_sc_hd__a31o_4)
     8    0.034494    0.073560    0.264969   13.446816 v _06854_/X (sky130_fd_sc_hd__a31o_4)
                                                         _03538_ (net)
                      0.073562    0.000473   13.447289 v _06868_/B1 (sky130_fd_sc_hd__a21o_1)
     2    0.006480    0.048684    0.176660   13.623950 v _06868_/X (sky130_fd_sc_hd__a21o_1)
                                                         _03545_ (net)
                      0.048684    0.000076   13.624026 v _06870_/C1 (sky130_fd_sc_hd__o211a_1)
     1    0.004531    0.046392    0.114249   13.738276 v _06870_/X (sky130_fd_sc_hd__o211a_1)
                                                         _03546_ (net)
                      0.046392    0.000076   13.738352 v fanout349/A (sky130_fd_sc_hd__buf_4)
     7    0.037840    0.062924    0.172601   13.910954 v fanout349/X (sky130_fd_sc_hd__buf_4)
                                                         net349 (net)
                      0.062924    0.000212   13.911166 v fanout348/A (sky130_fd_sc_hd__buf_6)
    10    0.052981    0.058476    0.158511   14.069677 v fanout348/X (sky130_fd_sc_hd__buf_6)
                                                         net348 (net)
                      0.058481    0.000602   14.070279 v _06880_/B1 (sky130_fd_sc_hd__o21a_4)
     3    0.083353    0.125215    0.203486   14.273766 v _06880_/X (sky130_fd_sc_hd__o21a_4)
                                                         net92 (net)
                      0.126093    0.008054   14.281819 v output92/A (sky130_fd_sc_hd__buf_6)
     1    0.034302    0.043782    0.173869   14.455688 v output92/X (sky130_fd_sc_hd__buf_6)
                                                         dbg_dmem_rdata[25] (net)
                      0.043784    0.000377   14.456065 v dbg_dmem_rdata[25] (out)
                                             14.456065   data arrival time

                                 20.000000   20.000000   clock clk (rise edge)
                                  0.000000   20.000000   clock network delay (propagated)
                                 -0.250000   19.750002   clock uncertainty
                                  0.000000   19.750002   clock reconvergence pessimism
                                 -4.000000   15.750001   output external delay
                                             15.750001   data required time
---------------------------------------------------------------------------------------------
                                             15.750001   data required time
                                            -14.456065   data arrival time
---------------------------------------------------------------------------------------------
                                              1.293936   slack (MET)




===========================================================================
report_checks --slack_max -0.01
============================================================================
======================= min_tt_025C_1v80 Corner ===================================

No paths found.


===========================================================================
 report_check_types -max_slew -max_cap -max_fanout -violators
============================================================================
======================= min_tt_025C_1v80 Corner ===================================

max slew

Pin                                        Limit        Slew       Slack
------------------------------------------------------------------------
dmem_sram/din0[4]                       1.500000    3.156754   -1.656754 (VIOLATED)
dmem_sram/din0[6]                       1.500000    3.088370   -1.588370 (VIOLATED)
dmem_sram/din0[0]                       1.500000    2.730450   -1.230450 (VIOLATED)
dmem_sram/din0[2]                       1.500000    2.656324   -1.156324 (VIOLATED)
rebuffer5/X                             1.500000    2.367030   -0.867031 (VIOLATED)
dmem_sram/din0[3]                       1.500000    2.355919   -0.855919 (VIOLATED)
rebuffer8/X                             1.500000    2.315675   -0.815675 (VIOLATED)
rebuffer1/X                             1.500000    2.039981   -0.539981 (VIOLATED)
rebuffer2/X                             1.500000    1.978340   -0.478340 (VIOLATED)
dmem_sram/wmask0[3]                     1.500000    1.891218   -0.391218 (VIOLATED)
rebuffer6/X                             1.500000    1.766490   -0.266490 (VIOLATED)
dmem_sram/wmask0[2]                     1.500000    1.636136   -0.136136 (VIOLATED)

max fanout

Pin                                   Limit Fanout  Slack
---------------------------------------------------------
max_cap261/X                             10     16     -6 (VIOLATED)
max_cap1148/X                            10     15     -5 (VIOLATED)
_06651_/X                                10     13     -3 (VIOLATED)
_06684_/X                                10     13     -3 (VIOLATED)
fanout415/X                              10     13     -3 (VIOLATED)
clkbuf_5_16__f_clk/X                     10     12     -2 (VIOLATED)
clkbuf_5_17__f_clk/X                     10     12     -2 (VIOLATED)
clkbuf_leaf_170_clk/X                    10     12     -2 (VIOLATED)
clkbuf_leaf_176_clk/X                    10     12     -2 (VIOLATED)
clkbuf_leaf_17_clk/X                     10     12     -2 (VIOLATED)
clkbuf_leaf_34_clk/X                     10     12     -2 (VIOLATED)
clkbuf_leaf_77_clk/X                     10     12     -2 (VIOLATED)
fanout1059/X                             10     12     -2 (VIOLATED)
fanout346/X                              10     12     -2 (VIOLATED)
wire957/X                                10     12     -2 (VIOLATED)
_06665_/X                                10     11        (VIOLATED)
clkbuf_5_6__f_clk/X                      10     11        (VIOLATED)
clkbuf_leaf_108_clk/X                    10     11        (VIOLATED)
clkbuf_leaf_118_clk/X                    10     11        (VIOLATED)
clkbuf_leaf_123_clk/X                    10     11        (VIOLATED)
clkbuf_leaf_179_clk/X                    10     11        (VIOLATED)
clkbuf_leaf_188_clk/X                    10     11        (VIOLATED)
clkbuf_leaf_216_clk/X                    10     11        (VIOLATED)
clkbuf_leaf_28_clk/X                     10     11        (VIOLATED)
clkbuf_leaf_30_clk/X                     10     11        (VIOLATED)
clkbuf_leaf_38_clk/X                     10     11        (VIOLATED)
clkbuf_leaf_97_clk/X                     10     11        (VIOLATED)
fanout1061/X                             10     11        (VIOLATED)
fanout1159/X                             10     11        (VIOLATED)
fanout204/X                              10     11        (VIOLATED)
fanout358/X                              10     11        (VIOLATED)
fanout361/X                              10     11        (VIOLATED)
fanout375/X                              10     11        (VIOLATED)
fanout387/X                              10     11        (VIOLATED)
fanout391/X                              10     11        (VIOLATED)
fanout393/X                              10     11        (VIOLATED)
fanout399/X                              10     11        (VIOLATED)
fanout403/X                              10     11        (VIOLATED)
fanout452/X                              10     11        (VIOLATED)
fanout454/X                              10     11        (VIOLATED)
fanout470/X                              10     11        (VIOLATED)
fanout474/X                              10     11        (VIOLATED)
fanout478/X                              10     11        (VIOLATED)
fanout493/X                              10     11        (VIOLATED)
fanout509/X                              10     11        (VIOLATED)
fanout529/X                              10     11        (VIOLATED)
fanout571/X                              10     11        (VIOLATED)
fanout695/X                              10     11        (VIOLATED)
fanout698/X                              10     11        (VIOLATED)
fanout747/X                              10     11        (VIOLATED)
fanout753/X                              10     11        (VIOLATED)

max capacitance

Pin                                        Limit         Cap       Slack
------------------------------------------------------------------------
dmem_sram/dout0[7]                      0.027560    0.171671   -0.144111 (VIOLATED)
rebuffer5/X                             0.159312    0.252005   -0.092693 (VIOLATED)
rebuffer8/X                             0.159312    0.246047   -0.086735 (VIOLATED)
_05211_/X                               0.200000    0.277526   -0.077526 (VIOLATED)
_11308_/Q                               0.200000    0.273645   -0.073645 (VIOLATED)
_11309_/Q                               0.200000    0.269009   -0.069009 (VIOLATED)
_06805_/X                               0.200000    0.260296   -0.060296 (VIOLATED)
_05292_/X                               0.200000    0.257212   -0.057212 (VIOLATED)
rebuffer1/X                             0.159312    0.215647   -0.056335 (VIOLATED)
_11305_/Q                               0.200000    0.255343   -0.055343 (VIOLATED)
_05237_/X                               0.200000    0.255122   -0.055122 (VIOLATED)
_11307_/Q                               0.200000    0.254719   -0.054719 (VIOLATED)
_06784_/X                               0.200000    0.254439   -0.054439 (VIOLATED)
rebuffer2/X                             0.159312    0.209062   -0.049750 (VIOLATED)
_06803_/X                               0.200000    0.244887   -0.044887 (VIOLATED)
_06802_/X                               0.200000    0.242164   -0.042164 (VIOLATED)
_06790_/X                               0.200000    0.241358   -0.041358 (VIOLATED)
_06786_/X                               0.200000    0.240991   -0.040991 (VIOLATED)
_06651_/X                               0.200000    0.240648   -0.040648 (VIOLATED)
_06799_/X                               0.200000    0.239613   -0.039613 (VIOLATED)
_06684_/X                               0.200000    0.238018   -0.038018 (VIOLATED)
_06796_/X                               0.200000    0.235373   -0.035373 (VIOLATED)
_06771_/Y                               0.200000    0.233038   -0.033038 (VIOLATED)
_06665_/X                               0.200000    0.232882   -0.032882 (VIOLATED)
_06798_/X                               0.200000    0.231728   -0.031728 (VIOLATED)
wire921/X                               0.200000    0.230066   -0.030066 (VIOLATED)
_06788_/X                               0.200000    0.228815   -0.028815 (VIOLATED)
rebuffer6/X                             0.159312    0.187848   -0.028536 (VIOLATED)
max_cap1148/X                           0.200000    0.222219   -0.022219 (VIOLATED)
_06792_/X                               0.200000    0.220487   -0.020487 (VIOLATED)
max_cap261/X                            0.200000    0.216511   -0.016511 (VIOLATED)
_06794_/X                               0.200000    0.216220   -0.016220 (VIOLATED)
_06810_/X                               0.200000    0.216055   -0.016055 (VIOLATED)
_06782_/Y                               0.200000    0.215587   -0.015587 (VIOLATED)
_06698_/X                               0.200000    0.212866   -0.012866 (VIOLATED)
_06813_/X                               0.200000    0.207459   -0.007459 (VIOLATED)
wire948/X                               0.200000    0.206303   -0.006303 (VIOLATED)
_06804_/X                               0.200000    0.203676   -0.003676 (VIOLATED)
max_cap1147/X                           0.200000    0.203404   -0.003404 (VIOLATED)
_06809_/X                               0.200000    0.203311   -0.003311 (VIOLATED)
imem_sram/dout1[4]                      0.027560    0.029788   -0.002228 (VIOLATED)



===========================================================================
report_parasitic_annotation -report_unannotated
============================================================================
Found 269 unannotated drivers.
 clkload0/Y
 clkload1/Y
 clkload10/Y
 clkload100/Y
 clkload101/X
 clkload102/Y
 clkload103/Y
 clkload104/Y
 clkload105/Y
 clkload106/Y
 clkload107/Y
 clkload108/Y
 clkload109/Y
 clkload11/Y
 clkload110/Y
 clkload111/X
 clkload112/Y
 clkload113/Y
 clkload114/Y
 clkload115/Y
 clkload116/Y
 clkload117/Y
 clkload118/Y
 clkload119/Y
 clkload12/Y
 clkload120/Y
 clkload121/X
 clkload122/Y
 clkload123/Y
 clkload124/X
 clkload125/X
 clkload126/X
 clkload127/Y
 clkload128/Y
 clkload129/Y
 clkload13/Y
 clkload130/Y
 clkload131/Y
 clkload132/Y
 clkload133/X
 clkload134/Y
 clkload135/X
 clkload136/Y
 clkload137/Y
 clkload138/Y
 clkload139/Y
 clkload14/X
 clkload140/X
 clkload141/Y
 clkload142/Y
 clkload143/Y
 clkload144/X
 clkload145/Y
 clkload146/X
 clkload147/Y
 clkload148/Y
 clkload149/Y
 clkload15/X
 clkload150/Y
 clkload151/Y
 clkload152/Y
 clkload153/Y
 clkload154/X
 clkload155/Y
 clkload156/Y
 clkload157/Y
 clkload158/Y
 clkload159/X
 clkload16/X
 clkload160/Y
 clkload161/Y
 clkload162/X
 clkload163/X
 clkload164/Y
 clkload165/X
 clkload166/Y
 clkload167/Y
 clkload168/X
 clkload169/Y
 clkload17/X
 clkload170/Y
 clkload171/X
 clkload172/X
 clkload173/Y
 clkload174/Y
 clkload175/Y
 clkload176/Y
 clkload177/Y
 clkload178/Y
 clkload179/X
 clkload18/X
 clkload180/X
 clkload181/Y
 clkload182/Y
 clkload183/X
 clkload184/X
 clkload185/Y
 clkload186/Y
 clkload187/Y
 clkload188/Y
 clkload189/Y
 clkload19/Y
 clkload190/X
 clkload2/Y
 clkload20/Y
 clkload21/Y
 clkload22/Y
 clkload23/Y
 clkload24/X
 clkload25/X
 clkload26/X
 clkload27/X
 clkload28/X
 clkload29/X
 clkload3/Y
 clkload30/X
 clkload31/Y
 clkload32/Y
 clkload33/X
 clkload34/Y
 clkload35/Y
 clkload36/Y
 clkload37/Y
 clkload38/Y
 clkload39/Y
 clkload4/Y
 clkload40/Y
 clkload41/Y
 clkload42/Y
 clkload43/Y
 clkload44/Y
 clkload45/Y
 clkload46/Y
 clkload47/Y
 clkload48/Y
 clkload49/Y
 clkload5/Y
 clkload50/Y
 clkload51/X
 clkload52/X
 clkload53/X
 clkload54/Y
 clkload55/Y
 clkload56/Y
 clkload57/X
 clkload58/X
 clkload59/X
 clkload6/Y
 clkload60/X
 clkload61/Y
 clkload62/Y
 clkload63/X
 clkload64/Y
 clkload65/X
 clkload66/Y
 clkload67/Y
 clkload68/Y
 clkload69/X
 clkload7/X
 clkload70/X
 clkload71/X
 clkload72/X
 clkload73/X
 clkload74/X
 clkload75/X
 clkload76/X
 clkload77/X
 clkload78/X
 clkload79/Y
 clkload8/Y
 clkload80/Y
 clkload81/X
 clkload82/Y
 clkload83/X
 clkload84/Y
 clkload85/X
 clkload86/Y
 clkload87/Y
 clkload88/Y
 clkload89/X
 clkload9/Y
 clkload90/X
 clkload91/Y
 clkload92/X
 clkload93/Y
 clkload94/X
 clkload95/X
 clkload96/Y
 clkload97/Y
 clkload98/Y
 clkload99/Y
 dmem_sram/dout1[0]
 dmem_sram/dout1[10]
 dmem_sram/dout1[11]
 dmem_sram/dout1[12]
 dmem_sram/dout1[13]
 dmem_sram/dout1[14]
 dmem_sram/dout1[15]
 dmem_sram/dout1[16]
 dmem_sram/dout1[17]
 dmem_sram/dout1[18]
 dmem_sram/dout1[19]
 dmem_sram/dout1[1]
 dmem_sram/dout1[20]
 dmem_sram/dout1[21]
 dmem_sram/dout1[22]
 dmem_sram/dout1[23]
 dmem_sram/dout1[24]
 dmem_sram/dout1[25]
 dmem_sram/dout1[26]
 dmem_sram/dout1[27]
 dmem_sram/dout1[28]
 dmem_sram/dout1[29]
 dmem_sram/dout1[2]
 dmem_sram/dout1[30]
 dmem_sram/dout1[31]
 dmem_sram/dout1[3]
 dmem_sram/dout1[4]
 dmem_sram/dout1[5]
 dmem_sram/dout1[6]
 dmem_sram/dout1[7]
 dmem_sram/dout1[8]
 dmem_sram/dout1[9]
 dmem_sram_1237/HI
 dmem_sram_1238/HI
 dmem_sram_1239/HI
 dmem_sram_1240/HI
 dmem_sram_1241/HI
 dmem_sram_1242/HI
 dmem_sram_1243/HI
 dmem_sram_1244/HI
 dmem_sram_1246/LO
 imem_sram/dout0[0]
 imem_sram/dout0[10]
 imem_sram/dout0[11]
 imem_sram/dout0[12]
 imem_sram/dout0[13]
 imem_sram/dout0[14]
 imem_sram/dout0[15]
 imem_sram/dout0[16]
 imem_sram/dout0[17]
 imem_sram/dout0[18]
 imem_sram/dout0[19]
 imem_sram/dout0[1]
 imem_sram/dout0[20]
 imem_sram/dout0[21]
 imem_sram/dout0[22]
 imem_sram/dout0[23]
 imem_sram/dout0[24]
 imem_sram/dout0[25]
 imem_sram/dout0[26]
 imem_sram/dout0[27]
 imem_sram/dout0[28]
 imem_sram/dout0[29]
 imem_sram/dout0[2]
 imem_sram/dout0[30]
 imem_sram/dout0[31]
 imem_sram/dout0[3]
 imem_sram/dout0[4]
 imem_sram/dout0[5]
 imem_sram/dout0[6]
 imem_sram/dout0[7]
 imem_sram/dout0[8]
 imem_sram/dout0[9]
 imem_sram_1245/HI
 imem_sram_1247/LO
 imem_sram_1248/LO
 imem_sram_1249/LO
 imem_sram_1250/LO
Found 0 partially unannotated drivers.

===========================================================================
max slew violation count 12
max fanout violation count 51
max cap violation count 41
============================================================================

===========================================================================
check_setup -verbose -unconstrained_endpoints -multiple_clock -no_clock -no_input_delay -loops -generated_clocks
===========================================================================
Warning: There are 14 unconstrained endpoints.
  dmem_sram/addr1[0]
  dmem_sram/addr1[1]
  dmem_sram/addr1[2]
  dmem_sram/addr1[3]
  dmem_sram/addr1[4]
  dmem_sram/addr1[5]
  dmem_sram/addr1[6]
  dmem_sram/addr1[7]
  dmem_sram/csb1
  imem_sram/csb1
  imem_sram/wmask0[0]
  imem_sram/wmask0[1]
  imem_sram/wmask0[2]
  imem_sram/wmask0[3]
