Clock: clk
Sources: clk 
Generated: no
Virtual: yes
Propagated: no
Period: 20.000000

===========================================================================
report_clock_properties
============================================================================
Clock                   Period          Waveform
----------------------------------------------------
clk                  20.000000    0.000000 10.000000

===========================================================================
report_clock_latency
============================================================================
Clock clk
rise -> rise
    min     max
0.000000 0.000000 source latency
1.188349         network latency dmem_sram/clk1
        1.438129 network latency _10252_/CLK
---------------
1.188349 1.438129 latency
        0.249781 skew

fall -> fall
    min     max
0.000000 0.000000 source latency
0.998639         network latency dmem_sram/clk1
        1.224225 network latency _10252_/CLK
---------------
0.998639 1.224225 latency
        0.225586 skew



===========================================================================
report_clock_min_period
============================================================================
clk period_min = 9.72 fmax = 102.90
