Reading OpenROAD database at '/home/tuan-23521721/workspace/riscv_ol2/runs/RUN_2026-04-18_16-06-39/40-odb-diodesonports/1-odb-portdiodeplacement/soc_top.odb'…
Reading library file at '/home/tuan-23521721/.ciel/volare/sky130/versions/0fe599b2afb6708d281543108caf8310912f54af/sky130A/libs.ref/sky130_fd_sc_hd/lib/sky130_fd_sc_hd__tt_025C_1v80.lib'…
Reading library file at '/home/tuan-23521721/.ciel/sky130A/libs.ref/sky130_sram_macros/lib/sky130_sram_1kbyte_1rw1r_32x256_8_TT_1p8V_25C.lib'…
Reading macro library file at '/home/tuan-23521721/.ciel/sky130A/libs.ref/sky130_sram_macros/lib/sky130_sram_1kbyte_1rw1r_32x256_8_TT_1p8V_25C.lib'…
[WARNING STA-1140] /home/tuan-23521721/.ciel/sky130A/libs.ref/sky130_sram_macros/lib/sky130_sram_1kbyte_1rw1r_32x256_8_TT_1p8V_25C.lib line 1, library sky130_sram_1kbyte_1rw1r_32x256_8_TT_1p8V_25C_lib already exists.
Reading design constraints file at '/home/tuan-23521721/workspace/riscv_ol2/src/top/sdc_constraints.sdc'…
[INFO] No information on clock propagation in input SDC file-- propagating all clocks.
Placement Analysis
---------------------------------
total displacement        136.1 u
average displacement        0.0 u
max displacement            3.7 u
original HPWL          471062.7 u
legalized HPWL         480596.4 u
delta HPWL                    2 %

[INFO DPL-0020] Mirrored 3746 instances
[INFO DPL-0021] HPWL before          480596.4 u
[INFO DPL-0022] HPWL after           471148.1 u
[INFO DPL-0023] HPWL delta               -2.0 %
Setting global connections for newly added cells…
[INFO] Setting global connections...
dmem_sram matched with dmem_sram
imem_sram matched with imem_sram
Updating metrics…
Cell type report:                       Count       Area
  Macro                                     2  381425.10
  Fill cell                               882    3310.68
  Tap cell                               6135    7676.11
  Antenna cell                             43     107.60
  Buffer                                   40     150.14
  Clock buffer                            213    3035.41
  Timing Repair Buffer                   1389    9801.90
  Inverter                                578    2386.04
  Clock inverter                          140    1960.63
  Sequential cell                        1520   33390.77
  Multi-Input combinational cell         4925   55952.41
  Total                                 15867  499196.80
Writing OpenROAD database to '/home/tuan-23521721/workspace/riscv_ol2/runs/RUN_2026-04-18_16-06-39/40-odb-diodesonports/2-openroad-detailedplacement/soc_top.odb'…
Writing netlist to '/home/tuan-23521721/workspace/riscv_ol2/runs/RUN_2026-04-18_16-06-39/40-odb-diodesonports/2-openroad-detailedplacement/soc_top.nl.v'…
Writing powered netlist to '/home/tuan-23521721/workspace/riscv_ol2/runs/RUN_2026-04-18_16-06-39/40-odb-diodesonports/2-openroad-detailedplacement/soc_top.pnl.v'…
Writing layout to '/home/tuan-23521721/workspace/riscv_ol2/runs/RUN_2026-04-18_16-06-39/40-odb-diodesonports/2-openroad-detailedplacement/soc_top.def'…
Writing timing constraints to '/home/tuan-23521721/workspace/riscv_ol2/runs/RUN_2026-04-18_16-06-39/40-odb-diodesonports/2-openroad-detailedplacement/soc_top.sdc'…
