Clock: clk
Sources: clk 
Generated: no
Virtual: no
Propagated: no
Period: 20.000000

===========================================================================
report_clock_properties
============================================================================
Clock                   Period          Waveform
----------------------------------------------------
clk                  20.000000    0.000000 10.000000

===========================================================================
report_clock_latency
============================================================================
Clock clk
rise -> rise
    min     max
0.000000 0.000000 source latency
7.011314         network latency _09940_/CLK
        7.011314 network latency _09940_/CLK
---------------
7.011314 7.011314 latency
        0.000000 skew

fall -> fall
    min     max
0.000000 0.000000 source latency
2.995588         network latency _09940_/CLK
        2.995588 network latency _09940_/CLK
---------------
2.995588 2.995588 latency
        0.000000 skew



===========================================================================
report_clock_min_period
============================================================================
clk period_min = 6.72 fmax = 148.91
