[INFO PSM-0040] All shapes on net VPWR are connected.
########## IR report #################
Net              : VPWR
Corner           : nom_tt_025C_1v80
Supply voltage   : 1.80e+00 V
Worstcase voltage: 1.80e+00 V
Average voltage  : 1.80e+00 V
Average IR drop  : 2.06e-05 V
Worstcase IR drop: 6.53e-04 V
Percentage drop  : 0.04 %
######################################
[INFO PSM-0040] All shapes on net VGND are connected.
########## IR report #################
Net              : VGND
Corner           : nom_tt_025C_1v80
Supply voltage   : 0.00e+00 V
Worstcase voltage: 6.48e-04 V
Average voltage  : 2.06e-05 V
Average IR drop  : 2.06e-05 V
Worstcase IR drop: 6.48e-04 V
Percentage drop  : 0.04 %
######################################
