┏━━━━━━━┳━━━━━━━━━┳━━━━━━━━━━┳━━━━━━━━━━━━━━━━━━━━━━━━━━━━━━━━━━━━━━━━━━━━━┳━━━━━━━━━━━━━━━━━┳━━━━━━━┓
┃ P / R ┃ Partial ┃ Required ┃ Net                                         ┃ Pin             ┃ Layer ┃
┡━━━━━━━╇━━━━━━━━━╇━━━━━━━━━━╇━━━━━━━━━━━━━━━━━━━━━━━━━━━━━━━━━━━━━━━━━━━━━╇━━━━━━━━━━━━━━━━━╇━━━━━━━┩
│ 11.17 │ 4467.94 │ 400.00   │ dmem_dout[18\]                              │ wire1089/A      │ met3  │
│ 10.39 │ 4156.96 │ 400.00   │ dmem_dout[16\]                              │ wire1094/A      │ met3  │
│ 10.26 │ 4105.13 │ 400.00   │ dmem_dout[15\]                              │ wire1096/A      │ met3  │
│ 9.74  │ 3897.80 │ 400.00   │ dmem_dout[12\]                              │ wire1102/A      │ met3  │
│ 9.23  │ 3690.48 │ 400.00   │ dmem_dout[11\]                              │ wire1104/A      │ met3  │
│ 8.46  │ 3383.77 │ 400.00   │ dmem_dout[13\]                              │ wire1100/A      │ met4  │
│ 8.06  │ 3223.66 │ 400.00   │ dmem_dout[10\]                              │ wire1106/A      │ met4  │
│ 7.93  │ 3172.17 │ 400.00   │ dmem_dout[22\]                              │ wire1077/A      │ met3  │
│ 7.48  │ 2990.42 │ 400.00   │ dmem_dout[13\]                              │ wire1100/A      │ met5  │
│ 5.20  │ 2078.54 │ 400.00   │ dmem_dout[13\]                              │ wire1100/A      │ met3  │
│ 5.07  │ 2026.70 │ 400.00   │ dmem_dout[14\]                              │ wire1098/A      │ met3  │
│ 4.82  │ 1928.26 │ 400.00   │ dmem_dout[9\]                               │ wire1032/A      │ met3  │
│ 4.75  │ 1901.97 │ 400.00   │ dmem_dout[3\]                               │ wire1045/A      │ met5  │
│ 4.30  │ 1720.94 │ 400.00   │ dmem_dout[8\]                               │ wire1034/A      │ met3  │
│ 4.29  │ 1715.72 │ 400.00   │ dmem_dout[10\]                              │ wire1106/A      │ met3  │
│ 4.29  │ 1715.72 │ 400.00   │ dmem_dout[19\]                              │ wire1087/A      │ met3  │
│ 4.18  │ 1673.35 │ 400.00   │ dmem_dout[3\]                               │ wire1045/A      │ met4  │
│ 4.16  │ 1663.89 │ 400.00   │ dmem_dout[6\]                               │ wire1039/A      │ met3  │
│ 3.96  │ 1583.36 │ 400.00   │ net196                                      │ wire982/A       │ met4  │
│ 3.94  │ 1576.75 │ 400.00   │ net193                                      │ wire988/A       │ met4  │
│ 3.69  │ 1476.56 │ 400.00   │ net408                                      │ wire407/A       │ met3  │
│ 3.64  │ 1455.62 │ 400.00   │ dmem_dout[14\]                              │ wire1098/A      │ met2  │
│ 3.60  │ 1440.10 │ 400.00   │ net509                                      │ wire508/A       │ met4  │
│ 3.58  │ 1432.95 │ 400.00   │ dmem_dout[6\]                               │ wire1039/A      │ met2  │
│ 3.53  │ 1410.27 │ 400.00   │ net1068                                     │ wire1067/A      │ met2  │
│ 3.41  │ 1364.92 │ 400.00   │ dmem_dout[19\]                              │ wire1087/A      │ met2  │
│ 3.36  │ 1342.74 │ 400.00   │ net395                                      │ wire394/A       │ met3  │
│ 3.20  │ 1279.44 │ 400.00   │ net194                                      │ wire986/A       │ met4  │
│ 3.19  │ 1277.63 │ 400.00   │ net183                                      │ wire1008/A      │ met4  │
│ 3.19  │ 1277.03 │ 400.00   │ net176                                      │ wire1022/A      │ met4  │
│ 3.19  │ 1276.88 │ 400.00   │ net172                                      │ wire1030/A      │ met4  │
│ 3.15  │ 1260.96 │ 400.00   │ net201                                      │ wire972/A       │ met4  │
│ 3.05  │ 1221.60 │ 400.00   │ net173                                      │ wire1028/A      │ met4  │
│ 3.05  │ 1221.00 │ 400.00   │ net198                                      │ wire978/A       │ met4  │
│ 3.03  │ 1213.69 │ 400.00   │ net474                                      │ wire473/A       │ met2  │
│ 2.99  │ 1194.17 │ 400.00   │ net411                                      │ wire410/A       │ met2  │
│ 2.94  │ 1177.28 │ 400.00   │ net185                                      │ wire1004/A      │ met4  │
│ 2.94  │ 1175.62 │ 400.00   │ net174                                      │ wire1026/A      │ met4  │
│ 2.94  │ 1174.66 │ 400.00   │ net429                                      │ wire428/A       │ met2  │
│ 2.92  │ 1167.96 │ 400.00   │ net195                                      │ wire984/A       │ met4  │
│ 2.91  │ 1165.11 │ 400.00   │ net189                                      │ wire996/A       │ met4  │
│ 2.90  │ 1159.70 │ 400.00   │ net181                                      │ wire1012/A      │ met4  │
│ 2.90  │ 1158.50 │ 400.00   │ net191                                      │ wire992/A       │ met4  │
│ 2.89  │ 1157.75 │ 400.00   │ net192                                      │ wire990/A       │ met4  │
│ 2.86  │ 1145.58 │ 400.00   │ net54                                       │ wire352/A       │ met3  │
│ 2.86  │ 1145.58 │ 400.00   │ net1048                                     │ wire1047/A      │ met3  │
│ 2.80  │ 1119.59 │ 400.00   │ net184                                      │ wire1006/A      │ met4  │
│ 2.78  │ 1112.53 │ 400.00   │ net190                                      │ wire994/A       │ met4  │
│ 2.78  │ 1110.72 │ 400.00   │ net200                                      │ wire974/A       │ met4  │
│ 2.77  │ 1106.22 │ 400.00   │ net202                                      │ wire970/A       │ met4  │
│ 2.59  │ 1036.13 │ 400.00   │ net464                                      │ _12434_/A       │ met4  │
│ 2.55  │ 1020.16 │ 400.00   │ clk                                         │ clkbuf_0_clk/A  │ met3  │
│ 2.46  │ 985.89  │ 400.00   │ net378                                      │ wire377/A       │ met3  │
│ 2.38  │ 953.13  │ 400.00   │ net182                                      │ wire1010/A      │ met4  │
│ 2.35  │ 941.58  │ 400.00   │ net1284                                     │ _11028_/D       │ met1  │
│ 2.25  │ 900.12  │ 400.00   │ dmem_dout[14\]                              │ wire1098/A      │ met1  │
│ 2.09  │ 836.90  │ 400.00   │ net675                                      │ max_length674/A │ met1  │
│ 2.09  │ 834.59  │ 400.00   │ net59                                       │ wire348/A       │ met3  │
│ 2.09  │ 834.59  │ 400.00   │ net308                                      │ wire307/A       │ met3  │
│ 1.98  │ 790.59  │ 400.00   │ net414                                      │ wire413/A       │ met1  │
│ 1.97  │ 789.74  │ 400.00   │ net411                                      │ wire410/A       │ met1  │
│ 1.97  │ 788.26  │ 400.00   │ dmem_dout[6\]                               │ wire1039/A      │ met1  │
│ 1.95  │ 778.66  │ 400.00   │ net64                                       │ output64/A      │ met1  │
│ 1.94  │ 777.64  │ 400.00   │ dmem_dout[0\]                               │ wire1108/A      │ met2  │
│ 1.93  │ 771.58  │ 400.00   │ net343                                      │ _07535_/B2      │ met3  │
│ 1.93  │ 771.58  │ 400.00   │ net343                                      │ _11532_/D       │ met3  │
│ 1.91  │ 764.65  │ 400.00   │ net251                                      │ wire250/A       │ met4  │
│ 1.89  │ 754.96  │ 400.00   │ dmem_dout[2\]                               │ wire1053/A      │ met2  │
│ 1.89  │ 754.23  │ 400.00   │ dmem_dout[19\]                              │ wire1087/A      │ met1  │
│ 1.83  │ 732.29  │ 400.00   │ dmem_dout[1\]                               │ wire1085/A      │ met2  │
│ 1.83  │ 732.29  │ 400.00   │ dmem_dout[4\]                               │ wire1043/A      │ met2  │
│ 1.83  │ 732.29  │ 400.00   │ dmem_dout[5\]                               │ wire1041/A      │ met2  │
│ 1.83  │ 731.72  │ 400.00   │ net1290                                     │ _11559_/D       │ met1  │
│ 1.77  │ 709.90  │ 400.00   │ _04211_                                     │ _08070_/C       │ met3  │
│ 1.77  │ 709.90  │ 400.00   │ net1066                                     │ _07736_/A1      │ met3  │
│ 1.75  │ 698.93  │ 400.00   │ net9                                        │ wire1337/A      │ met1  │
│ 1.74  │ 697.37  │ 400.00   │ net429                                      │ wire428/A       │ met1  │
│ 1.73  │ 693.01  │ 400.00   │ net423                                      │ wire422/A       │ met1  │
│ 1.73  │ 690.86  │ 400.00   │ net474                                      │ wire473/A       │ met1  │
│ 1.72  │ 688.15  │ 400.00   │ net426                                      │ wire425/A       │ met1  │
│ 1.70  │ 679.94  │ 400.00   │ net441                                      │ output120/A     │ met3  │
│ 1.70  │ 679.94  │ 400.00   │ net975                                      │ output199/A     │ met3  │
│ 1.70  │ 679.94  │ 400.00   │ net1029                                     │ output172/A     │ met3  │
│ 1.67  │ 668.63  │ 400.00   │ net417                                      │ wire416/A       │ met1  │
│ 1.66  │ 662.56  │ 400.00   │ net1292                                     │ _11555_/D       │ met1  │
│ 1.65  │ 4529.52 │ 2753.36  │ net312                                      │ _07396_/B2      │ met5  │
│ 1.64  │ 654.44  │ 400.00   │ net420                                      │ wire419/A       │ met1  │
│ 1.58  │ 631.92  │ 400.00   │ net1                                        │ wire1389/A      │ met1  │
│ 1.56  │ 623.76  │ 400.00   │ net131                                      │ output131/A     │ met3  │
│ 1.56  │ 622.98  │ 400.00   │ net1065                                     │ wire1064/A      │ met1  │
│ 1.53  │ 612.89  │ 400.00   │ net1068                                     │ wire1067/A      │ met1  │
│ 1.50  │ 599.65  │ 400.00   │ net1059                                     │ wire1058/A      │ met1  │
│ 1.48  │ 593.93  │ 400.00   │ net177                                      │ wire1020/A      │ met2  │
│ 1.47  │ 589.20  │ 400.00   │ net470                                      │ wire469/A       │ met2  │
│ 1.46  │ 584.04  │ 400.00   │ net34                                       │ wire1379/A      │ met1  │
│ 1.46  │ 582.36  │ 400.00   │ net349                                      │ _11547_/D       │ met2  │
│ 1.44  │ 577.98  │ 400.00   │ net35                                       │ wire1378/A      │ met1  │
│ 1.44  │ 577.62  │ 400.00   │ net1062                                     │ wire1061/A      │ met1  │
│ 1.44  │ 575.44  │ 400.00   │ net115                                      │ wire443/A       │ met3  │
│ 1.43  │ 571.26  │ 400.00   │ net175                                      │ wire1024/A      │ met2  │
│ 1.41  │ 562.29  │ 400.00   │ net324                                      │ _07381_/A0      │ met1  │
│ 1.39  │ 3872.38 │ 2778.20  │ cpu_core.mem_wb_reg_inst.read_data_out[10\] │ _06009_/C       │ met5  │
│ 1.39  │ 554.94  │ 400.00   │ net1056                                     │ wire1055/A      │ met1  │
│ 1.38  │ 553.22  │ 400.00   │ net1291                                     │ _11556_/D       │ met1  │
│ 1.37  │ 548.58  │ 400.00   │ net203                                      │ wire968/A       │ met2  │
│ 1.35  │ 3740.95 │ 2778.20  │ cpu_core.mem_wb_reg_inst.read_data_out[24\] │ _06288_/C       │ met5  │
│ 1.33  │ 533.72  │ 400.00   │ _02376_                                     │ _07576_/A1      │ met1  │
│ 1.32  │ 526.99  │ 400.00   │ net2                                        │ wire1387/A      │ met1  │
│ 1.31  │ 525.90  │ 400.00   │ net197                                      │ wire980/A       │ met2  │
│ 1.31  │ 525.90  │ 400.00   │ net199                                      │ wire976/A       │ met2  │
│ 1.29  │ 517.72  │ 400.00   │ net1051                                     │ wire1050/A      │ met1  │
│ 1.27  │ 509.95  │ 400.00   │ net36                                       │ wire1377/A      │ met1  │
│ 1.26  │ 505.42  │ 400.00   │ net1288                                     │ _07697_/A       │ met1  │
│ 1.22  │ 487.29  │ 400.00   │ net37                                       │ wire1376/A      │ met1  │
│ 1.20  │ 480.55  │ 400.00   │ net186                                      │ wire1002/A      │ met2  │
│ 1.20  │ 480.55  │ 400.00   │ net188                                      │ wire998/A       │ met2  │
│ 1.18  │ 472.64  │ 400.00   │ cpu_core.mem_wb_reg_inst.read_data_out[25\] │ _06269_/C       │ met1  │
│ 1.18  │ 471.77  │ 400.00   │ net53                                       │ wire294/A       │ met3  │
│ 1.17  │ 3223.89 │ 2753.36  │ net1074                                     │ wire1073/A      │ met3  │
│ 1.17  │ 3218.70 │ 2753.36  │ net1048                                     │ wire1047/A      │ met4  │
│ 1.16  │ 465.20  │ 400.00   │ net359                                      │ wire354/A       │ met1  │
│ 1.16  │ 463.48  │ 400.00   │ net60                                       │ wire296/A       │ met1  │
│ 1.15  │ 3172.06 │ 2753.36  │ net1080                                     │ wire1079/A      │ met3  │
│ 1.15  │ 459.54  │ 400.00   │ cpu_core.mem_wb_reg_inst.pc_plus4_out[14\]  │ wire1326/A      │ met1  │
│ 1.14  │ 457.88  │ 400.00   │ net178                                      │ wire1018/A      │ met2  │
│ 1.14  │ 457.88  │ 400.00   │ net179                                      │ wire1016/A      │ met2  │
│ 1.14  │ 457.88  │ 400.00   │ net187                                      │ wire1000/A      │ met2  │
│ 1.13  │ 452.60  │ 400.00   │ net420                                      │ wire419/A       │ met2  │
│ 1.13  │ 451.01  │ 400.00   │ net4                                        │ wire1373/A      │ met1  │
│ 1.12  │ 449.50  │ 400.00   │ net38                                       │ wire1375/A      │ met1  │
│ 1.10  │ 439.58  │ 400.00   │ _04685_                                     │ wire858/A       │ met1  │
│ 1.09  │ 435.20  │ 400.00   │ net180                                      │ wire1014/A      │ met2  │
│ 1.05  │ 419.94  │ 400.00   │ net358                                      │ wire357/A       │ met3  │
│ 1.05  │ 419.33  │ 400.00   │ _02281_                                     │ _05842_/A2      │ met3  │
│ 1.05  │ 419.33  │ 400.00   │ _02281_                                     │ _05843_/A2      │ met3  │
│ 1.05  │ 419.24  │ 400.00   │ net39                                       │ wire1374/A      │ met1  │
│ 1.01  │ 403.59  │ 400.00   │ _02964_                                     │ _09348_/A       │ met1  │
└───────┴─────────┴──────────┴─────────────────────────────────────────────┴─────────────────┴───────┘
