Reading OpenROAD database at '/home/tuan-23521721/workspace/riscv_ol2/runs/RUN_2026-04-18_16-06-39/47-odb-reportdisconnectedpins/soc_top.odb'…
Reading library file at '/home/tuan-23521721/.ciel/volare/sky130/versions/0fe599b2afb6708d281543108caf8310912f54af/sky130A/libs.ref/sky130_fd_sc_hd/lib/sky130_fd_sc_hd__tt_025C_1v80.lib'…
Reading library file at '/home/tuan-23521721/.ciel/sky130A/libs.ref/sky130_sram_macros/lib/sky130_sram_1kbyte_1rw1r_32x256_8_TT_1p8V_25C.lib'…
Reading macro library file at '/home/tuan-23521721/.ciel/sky130A/libs.ref/sky130_sram_macros/lib/sky130_sram_1kbyte_1rw1r_32x256_8_TT_1p8V_25C.lib'…
[WARNING STA-1140] /home/tuan-23521721/.ciel/sky130A/libs.ref/sky130_sram_macros/lib/sky130_sram_1kbyte_1rw1r_32x256_8_TT_1p8V_25C.lib line 1, library sky130_sram_1kbyte_1rw1r_32x256_8_TT_1p8V_25C_lib already exists.
Reading design constraints file at '/home/tuan-23521721/workspace/riscv_ol2/src/top/sdc_constraints.sdc'…
[INFO] No information on clock propagation in input SDC file-- propagating all clocks.
sky130_ef_sc_hd__decap_12 sky130_fd_sc_hd__decap_8 sky130_fd_sc_hd__decap_6 sky130_fd_sc_hd__decap_4 sky130_fd_sc_hd__decap_3 sky130_fd_sc_hd__fill*
[INFO DPL-0001] Placed 35589 filler instances.
Setting global connections for newly added cells…
[INFO] Setting global connections...
dmem_sram matched with dmem_sram
imem_sram matched with imem_sram
Updating metrics…
Cell type report:                       Count       Area
  Macro                                     2  381425.10
  Fill cell                             36471  309969.79
  Tap cell                               6135    7676.11
  Antenna cell                            352     880.84
  Buffer                                   40     150.14
  Clock buffer                            213    3035.41
  Timing Repair Buffer                   1389    9801.90
  Inverter                                578    2386.04
  Clock inverter                          140    1960.63
  Sequential cell                        1520   33390.77
  Multi-Input combinational cell         4925   55952.41
  Total                                 51765  806629.15
Writing OpenROAD database to '/home/tuan-23521721/workspace/riscv_ol2/runs/RUN_2026-04-18_16-06-39/51-openroad-fillinsertion/soc_top.odb'…
Writing netlist to '/home/tuan-23521721/workspace/riscv_ol2/runs/RUN_2026-04-18_16-06-39/51-openroad-fillinsertion/soc_top.nl.v'…
Writing powered netlist to '/home/tuan-23521721/workspace/riscv_ol2/runs/RUN_2026-04-18_16-06-39/51-openroad-fillinsertion/soc_top.pnl.v'…
Writing layout to '/home/tuan-23521721/workspace/riscv_ol2/runs/RUN_2026-04-18_16-06-39/51-openroad-fillinsertion/soc_top.def'…
Writing timing constraints to '/home/tuan-23521721/workspace/riscv_ol2/runs/RUN_2026-04-18_16-06-39/51-openroad-fillinsertion/soc_top.sdc'…
