
===========================================================================
Violator List
============================================================================
[setup reg-out] _10634_/Q -> dbg_dmem_we : -2.521835
[setup reg-out] dmem_sram/dout0[7] -> dbg_dmem_rdata[28] : -1.794383
[setup reg-out] dmem_sram/dout0[7] -> dbg_dmem_rdata[25] : -1.790937
[setup reg-out] dmem_sram/dout0[7] -> dbg_dmem_rdata[23] : -1.784208
[setup reg-out] dmem_sram/dout0[7] -> dbg_dmem_rdata[21] : -1.782514
[setup reg-out] dmem_sram/dout0[7] -> dbg_dmem_rdata[24] : -1.770069
[setup reg-out] dmem_sram/dout0[7] -> dbg_dmem_rdata[29] : -1.762396
[setup reg-out] dmem_sram/dout0[24] -> dbg_dmem_rdata[0] : -1.759911
[setup reg-out] dmem_sram/dout0[7] -> dbg_dmem_rdata[27] : -1.751033
[setup reg-out] dmem_sram/dout0[7] -> dbg_dmem_rdata[22] : -1.718533
[setup reg-out] dmem_sram/dout0[7] -> dbg_dmem_rdata[26] : -1.698906
[setup reg-out] dmem_sram/dout0[10] -> dbg_dmem_rdata[2] : -1.682954
[setup reg-out] dmem_sram/dout0[7] -> dbg_dmem_rdata[16] : -1.672330
[setup reg-out] dmem_sram/dout0[7] -> dbg_dmem_rdata[19] : -1.670104
[setup reg-out] dmem_sram/dout0[7] -> dbg_dmem_rdata[18] : -1.657623
[setup reg-out] dmem_sram/dout0[7] -> dbg_dmem_rdata[17] : -1.645221
[setup reg-out] dmem_sram/dout0[12] -> dbg_dmem_rdata[4] : -1.640828
[setup reg-out] dmem_sram/dout0[14] -> dbg_dmem_rdata[6] : -1.637330
[setup reg-out] dmem_sram/dout0[9] -> dbg_dmem_rdata[1] : -1.617531
[setup reg-out] dmem_sram/dout0[11] -> dbg_dmem_rdata[3] : -1.613119
[setup reg-out] dmem_sram/dout0[7] -> dbg_dmem_rdata[20] : -1.597719
[setup reg-out] dmem_sram/dout0[7] -> dbg_dmem_rdata[31] : -1.596211
[setup reg-out] dmem_sram/dout0[7] -> dbg_dmem_rdata[30] : -1.573204
[setup reg-out] dmem_sram/dout0[13] -> dbg_dmem_rdata[5] : -1.556831
[setup reg-out] dmem_sram/dout0[24] -> dbg_dmem_rdata[8] : -1.194518
[setup reg-out] _10634_/Q -> dbg_dmem_addr[31] : -1.110687
[setup reg-out] dmem_sram/dout0[10] -> dbg_dmem_rdata[10] : -1.100649
[setup reg-out] dmem_sram/dout0[7] -> dbg_dmem_rdata[14] : -1.092163
[setup reg-out] dmem_sram/dout0[7] -> dbg_dmem_rdata[15] : -1.087757
[setup reg-out] dmem_sram/dout0[7] -> dbg_dmem_rdata[13] : -1.072994
[setup reg-out] dmem_sram/dout0[7] -> dbg_dmem_rdata[11] : -1.063100
[setup reg-out] dmem_sram/dout0[7] -> dbg_dmem_rdata[9] : -1.037177
[setup reg-out] _10633_/Q -> dbg_dmem_addr[0] : -1.007452
[setup reg-out] dmem_sram/dout0[7] -> dbg_dmem_rdata[12] : -0.985999
[setup reg-out] dmem_sram/dout0[7] -> dbg_dmem_rdata[7] : -0.841064
[setup reg-out] _10634_/Q -> dbg_dmem_addr[30] : -0.714039
[setup reg-out] _10634_/Q -> dbg_dmem_addr[22] : -0.537963
[setup reg-out] _10634_/Q -> dbg_dmem_addr[25] : -0.438913
[setup reg-out] _10634_/Q -> dbg_dmem_addr[28] : -0.429107
[setup reg-out] _10634_/Q -> dbg_dmem_addr[29] : -0.427796
[setup reg-out] _10633_/Q -> dbg_dmem_addr[8] : -0.414156
[setup reg-out] _10634_/Q -> dbg_dmem_addr[26] : -0.293271
[setup reg-out] _10634_/Q -> dbg_dmem_addr[27] : -0.162849
