
===========================================================================
Violator List
============================================================================
[setup reg-out] _10634_/Q -> dbg_dmem_we : -1.663679
[setup reg-out] dmem_sram/dout0[7] -> dbg_dmem_rdata[25] : -1.318261
[setup reg-out] dmem_sram/dout0[7] -> dbg_dmem_rdata[21] : -1.315406
[setup reg-out] dmem_sram/dout0[7] -> dbg_dmem_rdata[23] : -1.311118
[setup reg-out] dmem_sram/dout0[7] -> dbg_dmem_rdata[24] : -1.306514
[setup reg-out] dmem_sram/dout0[7] -> dbg_dmem_rdata[28] : -1.298741
[setup reg-out] dmem_sram/dout0[7] -> dbg_dmem_rdata[29] : -1.290532
[setup reg-out] dmem_sram/dout0[7] -> dbg_dmem_rdata[27] : -1.260853
[setup reg-out] dmem_sram/dout0[24] -> dbg_dmem_rdata[0] : -1.243391
[setup reg-out] dmem_sram/dout0[7] -> dbg_dmem_rdata[26] : -1.235119
[setup reg-out] dmem_sram/dout0[7] -> dbg_dmem_rdata[22] : -1.230939
[setup reg-out] dmem_sram/dout0[7] -> dbg_dmem_rdata[16] : -1.221252
[setup reg-out] dmem_sram/dout0[7] -> dbg_dmem_rdata[19] : -1.192760
[setup reg-out] dmem_sram/dout0[10] -> dbg_dmem_rdata[2] : -1.183619
[setup reg-out] dmem_sram/dout0[7] -> dbg_dmem_rdata[18] : -1.176401
[setup reg-out] dmem_sram/dout0[14] -> dbg_dmem_rdata[6] : -1.166065
[setup reg-out] dmem_sram/dout0[12] -> dbg_dmem_rdata[4] : -1.157019
[setup reg-out] dmem_sram/dout0[7] -> dbg_dmem_rdata[17] : -1.140172
[setup reg-out] dmem_sram/dout0[7] -> dbg_dmem_rdata[20] : -1.136723
[setup reg-out] dmem_sram/dout0[9] -> dbg_dmem_rdata[1] : -1.126612
[setup reg-out] dmem_sram/dout0[11] -> dbg_dmem_rdata[3] : -1.119917
[setup reg-out] dmem_sram/dout0[7] -> dbg_dmem_rdata[31] : -1.106482
[setup reg-out] dmem_sram/dout0[7] -> dbg_dmem_rdata[30] : -1.105702
[setup reg-out] dmem_sram/dout0[13] -> dbg_dmem_rdata[5] : -1.060272
[setup reg-out] dmem_sram/dout0[24] -> dbg_dmem_rdata[8] : -0.676318
[setup reg-out] dmem_sram/dout0[7] -> dbg_dmem_rdata[14] : -0.648358
[setup reg-out] dmem_sram/dout0[10] -> dbg_dmem_rdata[10] : -0.641458
[setup reg-out] dmem_sram/dout0[7] -> dbg_dmem_rdata[15] : -0.607777
[setup reg-out] dmem_sram/dout0[7] -> dbg_dmem_rdata[13] : -0.607621
[setup reg-out] dmem_sram/dout0[7] -> dbg_dmem_rdata[11] : -0.573749
[setup reg-out] dmem_sram/dout0[7] -> dbg_dmem_rdata[9] : -0.555998
[setup reg-out] dmem_sram/dout0[7] -> dbg_dmem_rdata[12] : -0.551868
[setup reg-out] dmem_sram/dout0[7] -> dbg_dmem_rdata[7] : -0.395927
[setup reg-out] _10634_/Q -> dbg_dmem_addr[31] : -0.313078
[setup reg-out] _10634_/Q -> dbg_dmem_addr[0] : -0.175085
