
===========================================================================
report_checks -unconstrained
===========================================================================
======================= nom_ff_n40C_1v95 Corner ===================================

Startpoint: rst (input port clocked by clk)
Endpoint: _10611_ (recovery check against rising-edge clock clk)
Path Group: asynchronous
Path Type: max

Fanout         Cap        Slew       Delay        Time   Description
---------------------------------------------------------------------------------------------
                                  0.000000    0.000000   clock clk (rise edge)
                                  0.000000    0.000000   clock network delay (propagated)
                                  4.000000    4.000000 v input external delay
     1    0.002912    0.004884    0.002377    4.002377 v rst (in)
                                                         rst (net)
                      0.004884    0.000000    4.002377 v input42/A (sky130_fd_sc_hd__buf_4)
     2    0.093624    0.088387    0.130526    4.132903 v input42/X (sky130_fd_sc_hd__buf_4)
                                                         net42 (net)
                      0.094875    0.018228    4.151131 v fanout1197/A (sky130_fd_sc_hd__buf_4)
     6    0.086112    0.081470    0.171413    4.322543 v fanout1197/X (sky130_fd_sc_hd__buf_4)
                                                         net1197 (net)
                      0.081962    0.005127    4.327671 v fanout1187/A (sky130_fd_sc_hd__buf_2)
     5    0.037709    0.068748    0.140759    4.468429 v fanout1187/X (sky130_fd_sc_hd__buf_2)
                                                         net1187 (net)
                      0.068764    0.001071    4.469500 v fanout1186/A (sky130_fd_sc_hd__clkbuf_4)
     6    0.055851    0.084026    0.159875    4.629375 v fanout1186/X (sky130_fd_sc_hd__clkbuf_4)
                                                         net1186 (net)
                      0.084170    0.003068    4.632442 v fanout1185/A (sky130_fd_sc_hd__buf_4)
    10    0.069259    0.068383    0.156737    4.789180 v fanout1185/X (sky130_fd_sc_hd__buf_4)
                                                         net1185 (net)
                      0.068393    0.000716    4.789896 v fanout1184/A (sky130_fd_sc_hd__buf_4)
     9    0.056613    0.061753    0.141660    4.931556 v fanout1184/X (sky130_fd_sc_hd__buf_4)
                                                         net1184 (net)
                      0.061766    0.000908    4.932464 v fanout1183/A (sky130_fd_sc_hd__buf_4)
    10    0.060369    0.064165    0.142906    5.075370 v fanout1183/X (sky130_fd_sc_hd__buf_4)
                                                         net1183 (net)
                      0.064216    0.001630    5.077000 v _09539_/A (sky130_fd_sc_hd__inv_2)
     1    0.004669    0.027984    0.044535    5.121535 ^ _09539_/Y (sky130_fd_sc_hd__inv_2)
                                                         _00312_ (net)
                      0.027984    0.000063    5.121598 ^ _10611_/RESET_B (sky130_fd_sc_hd__dfrtp_1)
                                              5.121598   data arrival time

                                 20.000000   20.000000   clock clk (rise edge)
                                  0.000000   20.000000   clock source latency
     1    0.117607    0.399311    0.297419   20.297419 ^ clk (in)
                                                         clk (net)
                      0.413014    0.000000   20.297419 ^ clkbuf_0_clk/A (sky130_fd_sc_hd__clkbuf_16)
     4    0.085260    0.085065    0.168066   20.465487 ^ clkbuf_0_clk/X (sky130_fd_sc_hd__clkbuf_16)
                                                         clknet_0_clk (net)
                      0.087915    0.012077   20.477564 ^ clkbuf_2_2_0_clk/A (sky130_fd_sc_hd__clkbuf_8)
     4    0.074619    0.105089    0.147292   20.624855 ^ clkbuf_2_2_0_clk/X (sky130_fd_sc_hd__clkbuf_8)
                                                         clknet_2_2_0_clk (net)
                      0.105619    0.006134   20.630989 ^ clkbuf_4_8_0_clk/A (sky130_fd_sc_hd__clkbuf_8)
     2    0.032297    0.052432    0.119828   20.750816 ^ clkbuf_4_8_0_clk/X (sky130_fd_sc_hd__clkbuf_8)
                                                         clknet_4_8_0_clk (net)
                      0.052456    0.001043   20.751860 ^ clkbuf_5_16__f_clk/A (sky130_fd_sc_hd__clkbuf_16)
    12    0.103821    0.091876    0.136470   20.888330 ^ clkbuf_5_16__f_clk/X (sky130_fd_sc_hd__clkbuf_16)
                                                         clknet_5_16__leaf_clk (net)
                      0.092026    0.003025   20.891356 ^ clkbuf_leaf_103_clk/A (sky130_fd_sc_hd__clkbuf_8)
     7    0.029644    0.049182    0.114103   21.005457 ^ clkbuf_leaf_103_clk/X (sky130_fd_sc_hd__clkbuf_8)
                                                         clknet_leaf_103_clk (net)
                      0.049188    0.000545   21.006002 ^ _10611_/CLK (sky130_fd_sc_hd__dfrtp_1)
                                 -0.250000   20.756004   clock uncertainty
                                  0.000000   20.756004   clock reconvergence pessimism
                                  0.146942   20.902946   library recovery time
                                             20.902946   data required time
---------------------------------------------------------------------------------------------
                                             20.902946   data required time
                                             -5.121598   data arrival time
---------------------------------------------------------------------------------------------
                                             15.781348   slack (MET)


Startpoint: dmem_sram (falling edge-triggered flip-flop clocked by clk)
Endpoint: dbg_dmem_rdata[25] (output port clocked by clk)
Path Group: clk
Path Type: max

Fanout         Cap        Slew       Delay        Time   Description
---------------------------------------------------------------------------------------------
                                 10.000000   10.000000   clock clk (fall edge)
                                  0.000000   10.000000   clock source latency
     1    0.116644    0.181042    0.145845   10.145845 v clk (in)
                                                         clk (net)
                      0.210539    0.000000   10.145845 v clkbuf_0_clk/A (sky130_fd_sc_hd__clkbuf_16)
     4    0.083396    0.057428    0.193952   10.339798 v clkbuf_0_clk/X (sky130_fd_sc_hd__clkbuf_16)
                                                         clknet_0_clk (net)
                      0.061383    0.011598   10.351396 v clkbuf_2_1_0_clk/A (sky130_fd_sc_hd__clkbuf_8)
     4    0.061965    0.058526    0.131972   10.483367 v clkbuf_2_1_0_clk/X (sky130_fd_sc_hd__clkbuf_8)
                                                         clknet_2_1_0_clk (net)
                      0.060465    0.008407   10.491774 v clkbuf_4_4_0_clk/A (sky130_fd_sc_hd__clkbuf_8)
     2    0.030757    0.036459    0.116659   10.608433 v clkbuf_4_4_0_clk/X (sky130_fd_sc_hd__clkbuf_8)
                                                         clknet_4_4_0_clk (net)
                      0.036788    0.002495   10.610928 v clkbuf_5_8__f_clk/A (sky130_fd_sc_hd__clkbuf_16)
     4    0.121417    0.068448    0.129232   10.740159 v clkbuf_5_8__f_clk/X (sky130_fd_sc_hd__clkbuf_16)
                                                         clknet_5_8__leaf_clk (net)
                      0.127674    0.033193   10.773353 v dmem_sram/clk0 (sky130_sram_1kbyte_1rw1r_32x256_8)
     4    0.190116    0.102508    1.396262   12.169614 v dmem_sram/dout0[7] (sky130_sram_1kbyte_1rw1r_32x256_8)
                                                         dmem_dout[7] (net)
                      0.076881    0.066787   12.236401 v wire879/A (sky130_fd_sc_hd__buf_4)
     3    0.071199    0.070770    0.148487   12.384888 v wire879/X (sky130_fd_sc_hd__buf_4)
                                                         net879 (net)
                      0.078034    0.017423   12.402311 v _06847_/A0 (sky130_fd_sc_hd__mux2_2)
     2    0.007539    0.047253    0.168041   12.570353 v _06847_/X (sky130_fd_sc_hd__mux2_2)
                                                         _03532_ (net)
                      0.047253    0.000215   12.570567 v _06849_/A0 (sky130_fd_sc_hd__mux2_4)
     2    0.009438    0.043784    0.165595   12.736162 v _06849_/X (sky130_fd_sc_hd__mux2_4)
                                                         _03534_ (net)
                      0.043784    0.000204   12.736366 v _06854_/A1 (sky130_fd_sc_hd__a31o_4)
     8    0.036532    0.055535    0.175524   12.911890 v _06854_/X (sky130_fd_sc_hd__a31o_4)
                                                         _03538_ (net)
                      0.055556    0.001033   12.912923 v _06868_/B1 (sky130_fd_sc_hd__a21o_1)
     2    0.006800    0.035699    0.088601   13.001524 v _06868_/X (sky130_fd_sc_hd__a21o_1)
                                                         _03545_ (net)
                      0.035699    0.000187   13.001710 v _06870_/C1 (sky130_fd_sc_hd__o211a_1)
     1    0.004844    0.034475    0.072353   13.074063 v _06870_/X (sky130_fd_sc_hd__o211a_1)
                                                         _03546_ (net)
                      0.034475    0.000179   13.074243 v fanout349/A (sky130_fd_sc_hd__buf_4)
     7    0.040214    0.047445    0.116791   13.191033 v fanout349/X (sky130_fd_sc_hd__buf_4)
                                                         net349 (net)
                      0.047453    0.000655   13.191689 v fanout348/A (sky130_fd_sc_hd__buf_6)
    10    0.054825    0.043702    0.107548   13.299236 v fanout348/X (sky130_fd_sc_hd__buf_6)
                                                         net348 (net)
                      0.043755    0.001384   13.300620 v _06880_/B1 (sky130_fd_sc_hd__o21a_4)
     3    0.090069    0.096602    0.131468   13.432088 v _06880_/X (sky130_fd_sc_hd__o21a_4)
                                                         net92 (net)
                      0.098937    0.011860   13.443948 v output92/A (sky130_fd_sc_hd__buf_6)
     1    0.034362    0.032515    0.119601   13.563549 v output92/X (sky130_fd_sc_hd__buf_6)
                                                         dbg_dmem_rdata[25] (net)
                      0.032538    0.000770   13.564319 v dbg_dmem_rdata[25] (out)
                                             13.564319   data arrival time

                                 20.000000   20.000000   clock clk (rise edge)
                                  0.000000   20.000000   clock network delay (propagated)
                                 -0.250000   19.750002   clock uncertainty
                                  0.000000   19.750002   clock reconvergence pessimism
                                 -4.000000   15.750001   output external delay
                                             15.750001   data required time
---------------------------------------------------------------------------------------------
                                             15.750001   data required time
                                            -13.564319   data arrival time
---------------------------------------------------------------------------------------------
                                              2.185682   slack (MET)




===========================================================================
report_checks --slack_max -0.01
============================================================================
======================= nom_ff_n40C_1v95 Corner ===================================

No paths found.


===========================================================================
 report_check_types -max_slew -max_cap -max_fanout -violators
============================================================================
======================= nom_ff_n40C_1v95 Corner ===================================

max slew

Pin                                        Limit        Slew       Slack
------------------------------------------------------------------------
dmem_sram/din0[4]                       1.500000    2.610899   -1.110899 (VIOLATED)
dmem_sram/din0[6]                       1.500000    2.519352   -1.019352 (VIOLATED)
dmem_sram/din0[0]                       1.500000    2.303224   -0.803224 (VIOLATED)
dmem_sram/din0[2]                       1.500000    2.251591   -0.751591 (VIOLATED)
rebuffer5/X                             1.500000    1.956757   -0.456757 (VIOLATED)
dmem_sram/din0[3]                       1.500000    1.927130   -0.427130 (VIOLATED)
rebuffer8/X                             1.500000    1.887933   -0.387933 (VIOLATED)
rebuffer1/X                             1.500000    1.710410   -0.210410 (VIOLATED)
rebuffer2/X                             1.500000    1.659634   -0.159634 (VIOLATED)

max fanout

Pin                                   Limit Fanout  Slack
---------------------------------------------------------
max_cap261/X                             10     16     -6 (VIOLATED)
max_cap1148/X                            10     15     -5 (VIOLATED)
_06651_/X                                10     13     -3 (VIOLATED)
_06684_/X                                10     13     -3 (VIOLATED)
fanout415/X                              10     13     -3 (VIOLATED)
clkbuf_5_16__f_clk/X                     10     12     -2 (VIOLATED)
clkbuf_5_17__f_clk/X                     10     12     -2 (VIOLATED)
clkbuf_leaf_170_clk/X                    10     12     -2 (VIOLATED)
clkbuf_leaf_176_clk/X                    10     12     -2 (VIOLATED)
clkbuf_leaf_17_clk/X                     10     12     -2 (VIOLATED)
clkbuf_leaf_34_clk/X                     10     12     -2 (VIOLATED)
clkbuf_leaf_77_clk/X                     10     12     -2 (VIOLATED)
fanout1059/X                             10     12     -2 (VIOLATED)
fanout346/X                              10     12     -2 (VIOLATED)
wire957/X                                10     12     -2 (VIOLATED)
_06665_/X                                10     11        (VIOLATED)
clkbuf_5_6__f_clk/X                      10     11        (VIOLATED)
clkbuf_leaf_108_clk/X                    10     11        (VIOLATED)
clkbuf_leaf_118_clk/X                    10     11        (VIOLATED)
clkbuf_leaf_123_clk/X                    10     11        (VIOLATED)
clkbuf_leaf_179_clk/X                    10     11        (VIOLATED)
clkbuf_leaf_188_clk/X                    10     11        (VIOLATED)
clkbuf_leaf_216_clk/X                    10     11        (VIOLATED)
clkbuf_leaf_28_clk/X                     10     11        (VIOLATED)
clkbuf_leaf_30_clk/X                     10     11        (VIOLATED)
clkbuf_leaf_38_clk/X                     10     11        (VIOLATED)
clkbuf_leaf_97_clk/X                     10     11        (VIOLATED)
fanout1061/X                             10     11        (VIOLATED)
fanout1159/X                             10     11        (VIOLATED)
fanout204/X                              10     11        (VIOLATED)
fanout358/X                              10     11        (VIOLATED)
fanout361/X                              10     11        (VIOLATED)
fanout375/X                              10     11        (VIOLATED)
fanout387/X                              10     11        (VIOLATED)
fanout391/X                              10     11        (VIOLATED)
fanout393/X                              10     11        (VIOLATED)
fanout399/X                              10     11        (VIOLATED)
fanout403/X                              10     11        (VIOLATED)
fanout452/X                              10     11        (VIOLATED)
fanout454/X                              10     11        (VIOLATED)
fanout470/X                              10     11        (VIOLATED)
fanout474/X                              10     11        (VIOLATED)
fanout478/X                              10     11        (VIOLATED)
fanout493/X                              10     11        (VIOLATED)
fanout509/X                              10     11        (VIOLATED)
fanout529/X                              10     11        (VIOLATED)
fanout571/X                              10     11        (VIOLATED)
fanout695/X                              10     11        (VIOLATED)
fanout698/X                              10     11        (VIOLATED)
fanout747/X                              10     11        (VIOLATED)
fanout753/X                              10     11        (VIOLATED)

max capacitance

Pin                                        Limit         Cap       Slack
------------------------------------------------------------------------
dmem_sram/dout0[7]                      0.027560    0.190476   -0.162916 (VIOLATED)
_05211_/X                               0.200000    0.301918   -0.101918 (VIOLATED)
_11308_/Q                               0.200000    0.295821   -0.095821 (VIOLATED)
_11309_/Q                               0.200000    0.290612   -0.090612 (VIOLATED)
_06805_/X                               0.200000    0.285273   -0.085273 (VIOLATED)
_05292_/X                               0.200000    0.280640   -0.080640 (VIOLATED)
_05237_/X                               0.200000    0.279785   -0.079785 (VIOLATED)
_06784_/X                               0.200000    0.277158   -0.077158 (VIOLATED)
_11305_/Q                               0.200000    0.275336   -0.075336 (VIOLATED)
rebuffer5/X                             0.200000    0.272602   -0.072602 (VIOLATED)
_11307_/Q                               0.200000    0.270003   -0.070003 (VIOLATED)
_06803_/X                               0.200000    0.267945   -0.067945 (VIOLATED)
_06799_/X                               0.200000    0.264874   -0.064874 (VIOLATED)
rebuffer8/X                             0.200000    0.263843   -0.063843 (VIOLATED)
_06802_/X                               0.200000    0.262496   -0.062496 (VIOLATED)
_06651_/X                               0.200000    0.261340   -0.061340 (VIOLATED)
_06790_/X                               0.200000    0.259819   -0.059819 (VIOLATED)
_06786_/X                               0.200000    0.258996   -0.058996 (VIOLATED)
_06684_/X                               0.200000    0.257879   -0.057879 (VIOLATED)
_06796_/X                               0.200000    0.257657   -0.057657 (VIOLATED)
wire921/X                               0.200000    0.254658   -0.054658 (VIOLATED)
_06798_/X                               0.200000    0.254274   -0.054274 (VIOLATED)
_06665_/X                               0.200000    0.254200   -0.054200 (VIOLATED)
_06771_/Y                               0.200000    0.251491   -0.051491 (VIOLATED)
_06788_/X                               0.200000    0.250538   -0.050538 (VIOLATED)
_06792_/X                               0.200000    0.243926   -0.043926 (VIOLATED)
max_cap1148/X                           0.200000    0.240187   -0.040187 (VIOLATED)
_06810_/X                               0.200000    0.237096   -0.037096 (VIOLATED)
rebuffer1/X                             0.200000    0.236559   -0.036559 (VIOLATED)
_06794_/X                               0.200000    0.235628   -0.035628 (VIOLATED)
max_cap261/X                            0.200000    0.234882   -0.034882 (VIOLATED)
_06698_/X                               0.200000    0.233528   -0.033528 (VIOLATED)
wire948/X                               0.200000    0.228916   -0.028916 (VIOLATED)
rebuffer2/X                             0.200000    0.228904   -0.028904 (VIOLATED)
_06782_/Y                               0.200000    0.226082   -0.026082 (VIOLATED)
_06813_/X                               0.200000    0.220207   -0.020207 (VIOLATED)
_06804_/X                               0.200000    0.218989   -0.018989 (VIOLATED)
max_cap1147/X                           0.200000    0.218955   -0.018955 (VIOLATED)
_06809_/X                               0.200000    0.218800   -0.018800 (VIOLATED)
_06800_/X                               0.200000    0.218376   -0.018376 (VIOLATED)
_06806_/X                               0.200000    0.211121   -0.011121 (VIOLATED)
_06801_/X                               0.200000    0.208973   -0.008973 (VIOLATED)
_06811_/X                               0.200000    0.207854   -0.007854 (VIOLATED)
wire930/X                               0.200000    0.207463   -0.007463 (VIOLATED)
max_cap262/X                            0.200000    0.206317   -0.006317 (VIOLATED)
wire924/X                               0.200000    0.204955   -0.004955 (VIOLATED)
_06807_/X                               0.200000    0.203936   -0.003936 (VIOLATED)
imem_sram/dout1[4]                      0.027560    0.031127   -0.003567 (VIOLATED)
_06814_/X                               0.200000    0.203148   -0.003148 (VIOLATED)
imem_sram/dout1[16]                     0.027560    0.029235   -0.001675 (VIOLATED)
max_cap260/X                            0.200000    0.201533   -0.001533 (VIOLATED)
rebuffer6/X                             0.200000    0.200989   -0.000989 (VIOLATED)
max_cap263/X                            0.200000    0.200870   -0.000870 (VIOLATED)



===========================================================================
report_parasitic_annotation -report_unannotated
============================================================================
Found 269 unannotated drivers.
 clkload0/Y
 clkload1/Y
 clkload10/Y
 clkload100/Y
 clkload101/X
 clkload102/Y
 clkload103/Y
 clkload104/Y
 clkload105/Y
 clkload106/Y
 clkload107/Y
 clkload108/Y
 clkload109/Y
 clkload11/Y
 clkload110/Y
 clkload111/X
 clkload112/Y
 clkload113/Y
 clkload114/Y
 clkload115/Y
 clkload116/Y
 clkload117/Y
 clkload118/Y
 clkload119/Y
 clkload12/Y
 clkload120/Y
 clkload121/X
 clkload122/Y
 clkload123/Y
 clkload124/X
 clkload125/X
 clkload126/X
 clkload127/Y
 clkload128/Y
 clkload129/Y
 clkload13/Y
 clkload130/Y
 clkload131/Y
 clkload132/Y
 clkload133/X
 clkload134/Y
 clkload135/X
 clkload136/Y
 clkload137/Y
 clkload138/Y
 clkload139/Y
 clkload14/X
 clkload140/X
 clkload141/Y
 clkload142/Y
 clkload143/Y
 clkload144/X
 clkload145/Y
 clkload146/X
 clkload147/Y
 clkload148/Y
 clkload149/Y
 clkload15/X
 clkload150/Y
 clkload151/Y
 clkload152/Y
 clkload153/Y
 clkload154/X
 clkload155/Y
 clkload156/Y
 clkload157/Y
 clkload158/Y
 clkload159/X
 clkload16/X
 clkload160/Y
 clkload161/Y
 clkload162/X
 clkload163/X
 clkload164/Y
 clkload165/X
 clkload166/Y
 clkload167/Y
 clkload168/X
 clkload169/Y
 clkload17/X
 clkload170/Y
 clkload171/X
 clkload172/X
 clkload173/Y
 clkload174/Y
 clkload175/Y
 clkload176/Y
 clkload177/Y
 clkload178/Y
 clkload179/X
 clkload18/X
 clkload180/X
 clkload181/Y
 clkload182/Y
 clkload183/X
 clkload184/X
 clkload185/Y
 clkload186/Y
 clkload187/Y
 clkload188/Y
 clkload189/Y
 clkload19/Y
 clkload190/X
 clkload2/Y
 clkload20/Y
 clkload21/Y
 clkload22/Y
 clkload23/Y
 clkload24/X
 clkload25/X
 clkload26/X
 clkload27/X
 clkload28/X
 clkload29/X
 clkload3/Y
 clkload30/X
 clkload31/Y
 clkload32/Y
 clkload33/X
 clkload34/Y
 clkload35/Y
 clkload36/Y
 clkload37/Y
 clkload38/Y
 clkload39/Y
 clkload4/Y
 clkload40/Y
 clkload41/Y
 clkload42/Y
 clkload43/Y
 clkload44/Y
 clkload45/Y
 clkload46/Y
 clkload47/Y
 clkload48/Y
 clkload49/Y
 clkload5/Y
 clkload50/Y
 clkload51/X
 clkload52/X
 clkload53/X
 clkload54/Y
 clkload55/Y
 clkload56/Y
 clkload57/X
 clkload58/X
 clkload59/X
 clkload6/Y
 clkload60/X
 clkload61/Y
 clkload62/Y
 clkload63/X
 clkload64/Y
 clkload65/X
 clkload66/Y
 clkload67/Y
 clkload68/Y
 clkload69/X
 clkload7/X
 clkload70/X
 clkload71/X
 clkload72/X
 clkload73/X
 clkload74/X
 clkload75/X
 clkload76/X
 clkload77/X
 clkload78/X
 clkload79/Y
 clkload8/Y
 clkload80/Y
 clkload81/X
 clkload82/Y
 clkload83/X
 clkload84/Y
 clkload85/X
 clkload86/Y
 clkload87/Y
 clkload88/Y
 clkload89/X
 clkload9/Y
 clkload90/X
 clkload91/Y
 clkload92/X
 clkload93/Y
 clkload94/X
 clkload95/X
 clkload96/Y
 clkload97/Y
 clkload98/Y
 clkload99/Y
 dmem_sram/dout1[0]
 dmem_sram/dout1[10]
 dmem_sram/dout1[11]
 dmem_sram/dout1[12]
 dmem_sram/dout1[13]
 dmem_sram/dout1[14]
 dmem_sram/dout1[15]
 dmem_sram/dout1[16]
 dmem_sram/dout1[17]
 dmem_sram/dout1[18]
 dmem_sram/dout1[19]
 dmem_sram/dout1[1]
 dmem_sram/dout1[20]
 dmem_sram/dout1[21]
 dmem_sram/dout1[22]
 dmem_sram/dout1[23]
 dmem_sram/dout1[24]
 dmem_sram/dout1[25]
 dmem_sram/dout1[26]
 dmem_sram/dout1[27]
 dmem_sram/dout1[28]
 dmem_sram/dout1[29]
 dmem_sram/dout1[2]
 dmem_sram/dout1[30]
 dmem_sram/dout1[31]
 dmem_sram/dout1[3]
 dmem_sram/dout1[4]
 dmem_sram/dout1[5]
 dmem_sram/dout1[6]
 dmem_sram/dout1[7]
 dmem_sram/dout1[8]
 dmem_sram/dout1[9]
 dmem_sram_1237/HI
 dmem_sram_1238/HI
 dmem_sram_1239/HI
 dmem_sram_1240/HI
 dmem_sram_1241/HI
 dmem_sram_1242/HI
 dmem_sram_1243/HI
 dmem_sram_1244/HI
 dmem_sram_1246/LO
 imem_sram/dout0[0]
 imem_sram/dout0[10]
 imem_sram/dout0[11]
 imem_sram/dout0[12]
 imem_sram/dout0[13]
 imem_sram/dout0[14]
 imem_sram/dout0[15]
 imem_sram/dout0[16]
 imem_sram/dout0[17]
 imem_sram/dout0[18]
 imem_sram/dout0[19]
 imem_sram/dout0[1]
 imem_sram/dout0[20]
 imem_sram/dout0[21]
 imem_sram/dout0[22]
 imem_sram/dout0[23]
 imem_sram/dout0[24]
 imem_sram/dout0[25]
 imem_sram/dout0[26]
 imem_sram/dout0[27]
 imem_sram/dout0[28]
 imem_sram/dout0[29]
 imem_sram/dout0[2]
 imem_sram/dout0[30]
 imem_sram/dout0[31]
 imem_sram/dout0[3]
 imem_sram/dout0[4]
 imem_sram/dout0[5]
 imem_sram/dout0[6]
 imem_sram/dout0[7]
 imem_sram/dout0[8]
 imem_sram/dout0[9]
 imem_sram_1245/HI
 imem_sram_1247/LO
 imem_sram_1248/LO
 imem_sram_1249/LO
 imem_sram_1250/LO
Found 0 partially unannotated drivers.

===========================================================================
max slew violation count 9
max fanout violation count 51
max cap violation count 53
============================================================================

===========================================================================
check_setup -verbose -unconstrained_endpoints -multiple_clock -no_clock -no_input_delay -loops -generated_clocks
===========================================================================
Warning: There are 14 unconstrained endpoints.
  dmem_sram/addr1[0]
  dmem_sram/addr1[1]
  dmem_sram/addr1[2]
  dmem_sram/addr1[3]
  dmem_sram/addr1[4]
  dmem_sram/addr1[5]
  dmem_sram/addr1[6]
  dmem_sram/addr1[7]
  dmem_sram/csb1
  imem_sram/csb1
  imem_sram/wmask0[0]
  imem_sram/wmask0[1]
  imem_sram/wmask0[2]
  imem_sram/wmask0[3]
