Clock: clk
Sources: clk 
Generated: no
Virtual: yes
Propagated: no
Period: 20.000000

===========================================================================
report_clock_properties
============================================================================
Clock                   Period          Waveform
----------------------------------------------------
clk                  20.000000    0.000000 10.000000

===========================================================================
report_clock_latency
============================================================================
Clock clk
rise -> rise
    min     max
0.000000 0.000000 source latency
0.860755         network latency dmem_sram/clk1
        1.042292 network latency _10252_/CLK
---------------
0.860755 1.042292 latency
        0.181536 skew

fall -> fall
    min     max
0.000000 0.000000 source latency
0.729714         network latency dmem_sram/clk1
        0.894179 network latency _10252_/CLK
---------------
0.729714 0.894179 latency
        0.164465 skew



===========================================================================
report_clock_min_period
============================================================================
clk period_min = 6.44 fmax = 155.27
