┏━━━━━━━┳━━━━━━━━━┳━━━━━━━━━━┳━━━━━━━━━━━━━━━━━━━━━━━━━━━━━━━━━━━━━━━━━━━━━┳━━━━━━━━━━━━━━┳━━━━━━━┓
┃ P / R ┃ Partial ┃ Required ┃ Net                                         ┃ Pin          ┃ Layer ┃
┡━━━━━━━╇━━━━━━━━━╇━━━━━━━━━━╇━━━━━━━━━━━━━━━━━━━━━━━━━━━━━━━━━━━━━━━━━━━━━╇━━━━━━━━━━━━━━╇━━━━━━━┩
│ 3.72  │ 1489.16 │ 400.00   │ net458                                      │ wire457/A    │ met4  │
│ 2.29  │ 914.93  │ 400.00   │ net468                                      │ _12435_/A    │ met4  │
│ 2.06  │ 824.54  │ 400.00   │ net62                                       │ output62/A   │ met1  │
│ 1.93  │ 771.01  │ 400.00   │ net1049                                     │ _07791_/A2   │ met4  │
│ 1.67  │ 668.68  │ 400.00   │ net20                                       │ wire1385/A   │ met1  │
│ 1.62  │ 647.75  │ 400.00   │ net356                                      │ wire355/A    │ met2  │
│ 1.56  │ 623.33  │ 400.00   │ net31                                       │ wire1382/A   │ met1  │
│ 1.53  │ 613.29  │ 400.00   │ net1068                                     │ wire1067/A   │ met1  │
│ 1.47  │ 587.70  │ 400.00   │ net478                                      │ wire477/A    │ met2  │
│ 1.44  │ 575.44  │ 400.00   │ net65                                       │ wire353/A    │ met3  │
│ 1.39  │ 3872.38 │ 2778.20  │ cpu_core.mem_wb_reg_inst.read_data_out[22\] │ _06175_/C    │ met5  │
│ 1.17  │ 466.72  │ 400.00   │ net1288                                     │ _11026_/D    │ met1  │
│ 1.08  │ 432.17  │ 400.00   │ cpu_core.if_id_reg_inst.instr_out[31\]      │ wire1113/A   │ met1  │
│ 1.07  │ 427.93  │ 400.00   │ net503                                      │ _06464_/B2   │ met4  │
│ 1.07  │ 427.93  │ 400.00   │ net503                                      │ _06465_/A2_N │ met4  │
│ 1.07  │ 427.93  │ 400.00   │ net503                                      │ output116/A  │ met4  │
└───────┴─────────┴──────────┴─────────────────────────────────────────────┴──────────────┴───────┘
