152. Printing statistics.

=== soc_top ===

   Number of wires:               5773
   Number of wire bits:           7536
   Number of public wires:          96
   Number of public wire bits:    1859
   Number of ports:                 11
   Number of port bits:            204
   Number of memories:               0
   Number of memory bits:            0
   Number of processes:              0
   Number of cells:               7390
     $_ANDNOT_                    1285
     $_AND_                        174
     $_DFFE_PP0N_                   30
     $_DFFE_PP0P_                   96
     $_DFFE_PP_                   1024
     $_DFF_PP0_                    364
     $_DFF_P_                        6
     $_MUX_                       2728
     $_NAND_                       127
     $_NOR_                        214
     $_NOT_                        320
     $_ORNOT_                       80
     $_OR_                         647
     $_XNOR_                        86
     $_XOR_                        207
     sky130_sram_1kbyte_1rw1r_32x256_8      2

   Area for cell type $_NOT_ is unknown!
   Area for cell type $_AND_ is unknown!
   Area for cell type $_NAND_ is unknown!
   Area for cell type $_OR_ is unknown!
   Area for cell type $_NOR_ is unknown!
   Area for cell type $_XOR_ is unknown!
   Area for cell type $_XNOR_ is unknown!
   Area for cell type $_ANDNOT_ is unknown!
   Area for cell type $_ORNOT_ is unknown!
   Area for cell type $_MUX_ is unknown!
   Area for cell type $_DFF_P_ is unknown!
   Area for cell type $_DFFE_PP_ is unknown!
   Area for cell type $_DFF_PP0_ is unknown!
   Area for cell type $_DFFE_PP0N_ is unknown!
   Area for cell type $_DFFE_PP0P_ is unknown!
   Area for cell type \sky130_sram_1kbyte_1rw1r_32x256_8 is unknown!

