
===========================================================================
Violator List
============================================================================
[setup reg-reg] _12312_/Q -> _11690_/D : -3.096105
[setup reg-reg] _12312_/Q -> _11765_/D : -3.096105
[setup reg-reg] _12312_/Q -> _11775_/D : -3.059482
[setup reg-reg] _12312_/Q -> _11776_/D : -3.059482
[setup reg-reg] _12312_/Q -> _11777_/D : -3.059482
[setup reg-reg] _12312_/Q -> _11779_/D : -3.059482
[setup reg-reg] _12312_/Q -> _11781_/D : -3.059482
[setup reg-reg] _12312_/Q -> _11782_/D : -3.059482
[setup reg-reg] _12312_/Q -> _11784_/D : -3.059482
[setup reg-reg] _12312_/Q -> _11786_/D : -3.059482
[setup reg-reg] _12312_/Q -> _11793_/D : -3.059482
[setup reg-reg] _12312_/Q -> _11795_/D : -3.059482
[setup reg-reg] _12312_/Q -> _11797_/D : -3.059482
[setup reg-reg] _12312_/Q -> _11798_/D : -3.059482
[setup reg-reg] _12312_/Q -> _11800_/D : -3.059482
[setup reg-reg] _12312_/Q -> _11802_/D : -3.059482
[setup reg-reg] _12312_/Q -> _11812_/D : -3.059482
[setup reg-reg] _12312_/Q -> _11814_/D : -3.059482
[setup reg-reg] _12312_/Q -> _11816_/D : -3.059482
[setup reg-reg] _12312_/Q -> _11817_/D : -3.059482
[setup reg-reg] _12312_/Q -> _11818_/D : -3.059482
[setup reg-reg] _12312_/Q -> _11819_/D : -3.059482
[setup reg-reg] _12312_/Q -> _11821_/D : -3.059482
[setup reg-reg] _12312_/Q -> _11823_/D : -3.059482
[setup reg-reg] _12312_/Q -> _11825_/D : -3.059482
[setup reg-reg] _12312_/Q -> _11826_/D : -3.059482
[setup reg-reg] _12312_/Q -> _11827_/D : -3.059482
[setup reg-reg] _12312_/Q -> _11828_/D : -3.059482
[setup reg-reg] _12312_/Q -> _11829_/D : -3.059482
[setup reg-reg] _12312_/Q -> _11831_/D : -3.059482
[setup reg-reg] _12312_/Q -> _11833_/D : -3.059482
[setup reg-reg] _12312_/Q -> _11836_/D : -3.059482
[setup reg-reg] _12312_/Q -> _11837_/D : -3.059482
[setup reg-reg] _12312_/Q -> _11839_/D : -3.059482
[setup reg-reg] _12312_/Q -> _11840_/D : -3.059482
[setup reg-reg] _12312_/Q -> _11842_/D : -3.059482
[setup reg-reg] _12312_/Q -> _11757_/D : -3.049978
[setup reg-reg] _12312_/Q -> _11822_/D : -3.049978
[setup reg-reg] _12312_/Q -> _11032_/D : -2.983423
[setup reg-reg] _12312_/Q -> _11034_/D : -2.983423
[setup reg-reg] _12312_/Q -> _11773_/D : -2.983423
[setup reg-reg] _12312_/Q -> _11774_/D : -2.983423
[setup reg-reg] _12312_/Q -> _11778_/D : -2.983423
[setup reg-reg] _12312_/Q -> _11780_/D : -2.983423
[setup reg-reg] _12312_/Q -> _11783_/D : -2.983423
[setup reg-reg] _12312_/Q -> _11785_/D : -2.983423
[setup reg-reg] _12312_/Q -> _11787_/D : -2.983423
[setup reg-reg] _12312_/Q -> _11788_/D : -2.983423
[setup reg-reg] _12312_/Q -> _11789_/D : -2.983423
[setup reg-reg] _12312_/Q -> _11796_/D : -2.983423
[setup reg-reg] _12312_/Q -> _11801_/D : -2.983423
[setup reg-reg] _12312_/Q -> _11803_/D : -2.983423
[setup reg-reg] _12312_/Q -> _11813_/D : -2.983423
[setup reg-reg] _12312_/Q -> _11815_/D : -2.983423
[setup reg-reg] _12312_/Q -> _11820_/D : -2.983423
[setup reg-reg] _12312_/Q -> _11824_/D : -2.983423
[setup reg-reg] _12312_/Q -> _11832_/D : -2.983423
[setup reg-reg] _12312_/Q -> _11834_/D : -2.983423
[setup reg-reg] _12312_/Q -> _11843_/D : -2.983423
[setup reg-reg] _12312_/Q -> _12384_/D : -2.972291
[setup reg-reg] _12312_/Q -> _11033_/D : -2.942308
[setup reg-reg] _12312_/Q -> _11731_/D : -2.942308
[setup reg-reg] _12312_/Q -> _11732_/D : -2.942308
[setup reg-reg] _12312_/Q -> _11733_/D : -2.942308
[setup reg-reg] _12312_/Q -> _11734_/D : -2.942308
[setup reg-reg] _12312_/Q -> _11735_/D : -2.942308
[setup reg-reg] _12312_/Q -> _11736_/D : -2.942308
[setup reg-reg] _12312_/Q -> _11741_/D : -2.937608
[setup reg-reg] _12312_/Q -> _11742_/D : -2.932314
[setup reg-reg] _12312_/Q -> _11743_/D : -2.932314
[setup reg-reg] _12312_/Q -> _11744_/D : -2.932314
[setup reg-reg] _12312_/Q -> _11745_/D : -2.932314
[setup reg-reg] _12312_/Q -> _12312_/D : -2.920359
[setup reg-reg] _12312_/Q -> _12307_/D : -2.920190
[setup reg-reg] _12312_/Q -> _12308_/D : -2.899448
[setup reg-reg] _12312_/Q -> _12313_/D : -2.899416
[setup reg-reg] _12312_/Q -> _12292_/D : -2.889472
[setup reg-reg] _12312_/Q -> _12293_/D : -2.889472
[setup reg-reg] _12312_/Q -> _12294_/D : -2.889472
[setup reg-reg] _12312_/Q -> _12295_/D : -2.889472
[setup reg-reg] _12312_/Q -> _12296_/D : -2.889472
[setup reg-reg] _12312_/Q -> _12297_/D : -2.889472
[setup reg-reg] _12312_/Q -> _12298_/D : -2.889472
[setup reg-reg] _12312_/Q -> _12299_/D : -2.889472
[setup reg-reg] _12312_/Q -> _12300_/D : -2.889472
[setup reg-reg] _12312_/Q -> _12301_/D : -2.889472
[setup reg-reg] _12312_/Q -> _12302_/D : -2.889472
[setup reg-reg] _12312_/Q -> _12303_/D : -2.889472
[setup reg-reg] _12312_/Q -> _12304_/D : -2.889472
[setup reg-reg] _12312_/Q -> _12305_/D : -2.889472
[setup reg-reg] _12312_/Q -> _12306_/D : -2.889472
[setup reg-reg] _12312_/Q -> _12309_/D : -2.889472
[setup reg-reg] _12312_/Q -> _12310_/D : -2.889472
[setup reg-reg] _12312_/Q -> _12311_/D : -2.889472
[setup reg-reg] _12312_/Q -> _12314_/D : -2.889472
[setup reg-reg] _12312_/Q -> _12315_/D : -2.889472
[setup reg-reg] _12312_/Q -> _12316_/D : -2.889472
[setup reg-reg] _12312_/Q -> _12317_/D : -2.889472
[setup reg-reg] _12312_/Q -> _12318_/D : -2.889472
[setup reg-reg] _12312_/Q -> _12319_/D : -2.889472
[setup reg-reg] _12312_/Q -> _12320_/D : -2.889472
[setup reg-reg] _12312_/Q -> _12321_/D : -2.889472
[setup reg-reg] _12312_/Q -> _12322_/D : -2.889472
[setup reg-reg] _12312_/Q -> _12323_/D : -2.889472
[setup reg-reg] _12312_/Q -> _12325_/D : -2.889472
[setup reg-reg] _12312_/Q -> _12326_/D : -2.889472
[setup reg-reg] _12312_/Q -> _12327_/D : -2.889472
[setup reg-reg] _12312_/Q -> _12328_/D : -2.889472
[setup reg-reg] _12312_/Q -> _12329_/D : -2.889472
[setup reg-reg] _12312_/Q -> _12330_/D : -2.889472
[setup reg-reg] _12312_/Q -> _12331_/D : -2.889472
[setup reg-reg] _12312_/Q -> _12332_/D : -2.889472
[setup reg-reg] _12312_/Q -> _12333_/D : -2.889472
[setup reg-reg] _12312_/Q -> _12334_/D : -2.889472
[setup reg-reg] _12312_/Q -> _12335_/D : -2.889472
[setup reg-reg] _12312_/Q -> _12336_/D : -2.889472
[setup reg-reg] _12312_/Q -> _12337_/D : -2.889472
[setup reg-reg] _12312_/Q -> _12338_/D : -2.889472
[setup reg-reg] _12312_/Q -> _12339_/D : -2.889472
[setup reg-reg] _12312_/Q -> _12340_/D : -2.889472
[setup reg-reg] _12312_/Q -> _12341_/D : -2.889472
[setup reg-reg] _12312_/Q -> _12342_/D : -2.889472
[setup reg-reg] _12312_/Q -> _12343_/D : -2.889472
[setup reg-reg] _12312_/Q -> _12344_/D : -2.889472
[setup reg-reg] _12312_/Q -> _12345_/D : -2.889472
[setup reg-reg] _12312_/Q -> _12346_/D : -2.889472
[setup reg-reg] _12312_/Q -> _12347_/D : -2.889472
[setup reg-reg] _12312_/Q -> _12348_/D : -2.889472
[setup reg-reg] _12312_/Q -> _12349_/D : -2.889472
[setup reg-reg] _12312_/Q -> _12350_/D : -2.889472
[setup reg-reg] _12312_/Q -> _12351_/D : -2.889472
[setup reg-reg] _12312_/Q -> _12352_/D : -2.889472
[setup reg-reg] _12312_/Q -> _12353_/D : -2.889472
[setup reg-reg] _12312_/Q -> _12354_/D : -2.889472
[setup reg-reg] _12312_/Q -> _12355_/D : -2.889472
[setup reg-reg] _12312_/Q -> _11804_/D : -2.872634
[setup reg-reg] _12312_/Q -> _11746_/D : -2.859503
[setup reg-reg] _12312_/Q -> _11747_/D : -2.840995
[setup reg-reg] _12312_/Q -> _11748_/D : -2.835549
[setup reg-reg] _12312_/Q -> _11749_/D : -2.835549
[setup reg-reg] _12312_/Q -> _11750_/D : -2.835549
[setup reg-reg] _12312_/Q -> _11751_/D : -2.835549
[setup reg-reg] _12312_/Q -> _11752_/D : -2.835549
[setup reg-reg] _12312_/Q -> _11753_/D : -2.835549
[setup reg-reg] _12312_/Q -> _11754_/D : -2.835549
[setup reg-reg] _12312_/Q -> _11755_/D : -2.835549
[setup reg-reg] _12312_/Q -> _11756_/D : -2.835549
[setup reg-reg] _12312_/Q -> _11758_/D : -2.830953
[setup reg-reg] _12307_/Q -> imem_sram/addr1[0] : -0.085269
[setup reg-reg] _12307_/Q -> _12260_/D : -0.067773
[setup reg-reg] _12307_/Q -> _12324_/D : -0.049425
[setup reg-reg] _12307_/Q -> _12289_/D : -0.040698
