                                                                        Cells by Master                                                                         
┏━━━━━━━━━━━━━━━━━━━━━━━━━━━━━━━━━━━━━━━━━━━━━━━━━━━━━━━━━━━━━━━━━━━━━━━━━━━━━━━━━━━━━━━━━━━━━━━━━━━━━━━━━━━━━━━━━━━━━━━━━━━━━━━━━━━┳━━━━━━━━━━━━━━━━━━━━━━━━━━┓
┃ Cell                                                                                                                              ┃ Count                    ┃
┡━━━━━━━━━━━━━━━━━━━━━━━━━━━━━━━━━━━━━━━━━━━━━━━━━━━━━━━━━━━━━━━━━━━━━━━━━━━━━━━━━━━━━━━━━━━━━━━━━━━━━━━━━━━━━━━━━━━━━━━━━━━━━━━━━━━╇━━━━━━━━━━━━━━━━━━━━━━━━━━┩
│ sky130_ef_sc_hd__decap_12                                                                                                         │ 14692                    │
│ sky130_fd_sc_hd__a2111o_1                                                                                                         │ 1                        │
│ sky130_fd_sc_hd__a2111oi_1                                                                                                        │ 1                        │
│ sky130_fd_sc_hd__a2111oi_2                                                                                                        │ 1                        │
│ sky130_fd_sc_hd__a211o_1                                                                                                          │ 140                      │
│ sky130_fd_sc_hd__a211o_2                                                                                                          │ 6                        │
│ sky130_fd_sc_hd__a211o_4                                                                                                          │ 1                        │
│ sky130_fd_sc_hd__a211oi_1                                                                                                         │ 8                        │
│ sky130_fd_sc_hd__a211oi_2                                                                                                         │ 4                        │
│ sky130_fd_sc_hd__a211oi_4                                                                                                         │ 1                        │
│ sky130_fd_sc_hd__a21bo_1                                                                                                          │ 8                        │
│ sky130_fd_sc_hd__a21bo_4                                                                                                          │ 1                        │
│ sky130_fd_sc_hd__a21boi_1                                                                                                         │ 4                        │
│ sky130_fd_sc_hd__a21boi_2                                                                                                         │ 1                        │
│ sky130_fd_sc_hd__a21boi_4                                                                                                         │ 1                        │
│ sky130_fd_sc_hd__a21o_1                                                                                                           │ 197                      │
│ sky130_fd_sc_hd__a21o_2                                                                                                           │ 4                        │
│ sky130_fd_sc_hd__a21o_4                                                                                                           │ 1                        │
│ sky130_fd_sc_hd__a21oi_1                                                                                                          │ 99                       │
│ sky130_fd_sc_hd__a21oi_2                                                                                                          │ 21                       │
│ sky130_fd_sc_hd__a21oi_4                                                                                                          │ 12                       │
│ sky130_fd_sc_hd__a221o_1                                                                                                          │ 56                       │
│ sky130_fd_sc_hd__a221o_2                                                                                                          │ 10                       │
│ sky130_fd_sc_hd__a221o_4                                                                                                          │ 14                       │
│ sky130_fd_sc_hd__a221oi_1                                                                                                         │ 1                        │
│ sky130_fd_sc_hd__a221oi_2                                                                                                         │ 2                        │
│ sky130_fd_sc_hd__a221oi_4                                                                                                         │ 18                       │
│ sky130_fd_sc_hd__a22o_1                                                                                                           │ 100                      │
│ sky130_fd_sc_hd__a22o_2                                                                                                           │ 1                        │
│ sky130_fd_sc_hd__a22o_4                                                                                                           │ 3                        │
│ sky130_fd_sc_hd__a22oi_1                                                                                                          │ 12                       │
│ sky130_fd_sc_hd__a22oi_2                                                                                                          │ 9                        │
│ sky130_fd_sc_hd__a22oi_4                                                                                                          │ 3                        │
│ sky130_fd_sc_hd__a2bb2o_1                                                                                                         │ 22                       │
│ sky130_fd_sc_hd__a2bb2o_2                                                                                                         │ 1                        │
│ sky130_fd_sc_hd__a2bb2oi_1                                                                                                        │ 9                        │
│ sky130_fd_sc_hd__a2bb2oi_2                                                                                                        │ 1                        │
│ sky130_fd_sc_hd__a311o_1                                                                                                          │ 24                       │
│ sky130_fd_sc_hd__a311o_2                                                                                                          │ 1                        │
│ sky130_fd_sc_hd__a311oi_1                                                                                                         │ 1                        │
│ sky130_fd_sc_hd__a311oi_2                                                                                                         │ 1                        │
│ sky130_fd_sc_hd__a311oi_4                                                                                                         │ 1                        │
│ sky130_fd_sc_hd__a31o_1                                                                                                           │ 96                       │
│ sky130_fd_sc_hd__a31o_2                                                                                                           │ 8                        │
│ sky130_fd_sc_hd__a31o_4                                                                                                           │ 4                        │
│ sky130_fd_sc_hd__a31oi_1                                                                                                          │ 9                        │
│ sky130_fd_sc_hd__a31oi_2                                                                                                          │ 13                       │
│ sky130_fd_sc_hd__a31oi_4                                                                                                          │ 19                       │
│ sky130_fd_sc_hd__a32o_1                                                                                                           │ 29                       │
│ sky130_fd_sc_hd__a32o_2                                                                                                           │ 3                        │
│ sky130_fd_sc_hd__a32o_4                                                                                                           │ 1                        │
│ sky130_fd_sc_hd__a32oi_1                                                                                                          │ 1                        │
│ sky130_fd_sc_hd__a32oi_4                                                                                                          │ 4                        │
│ sky130_fd_sc_hd__a41o_1                                                                                                           │ 25                       │
│ sky130_fd_sc_hd__a41o_2                                                                                                           │ 2                        │
│ sky130_fd_sc_hd__a41oi_1                                                                                                          │ 3                        │
│ sky130_fd_sc_hd__a41oi_2                                                                                                          │ 2                        │
│ sky130_fd_sc_hd__a41oi_4                                                                                                          │ 2                        │
│ sky130_fd_sc_hd__and2_1                                                                                                           │ 66                       │
│ sky130_fd_sc_hd__and2_2                                                                                                           │ 3                        │
│ sky130_fd_sc_hd__and2b_1                                                                                                          │ 1                        │
│ sky130_fd_sc_hd__and2b_2                                                                                                          │ 1                        │
│ sky130_fd_sc_hd__and3_1                                                                                                           │ 191                      │
│ sky130_fd_sc_hd__and3_2                                                                                                           │ 6                        │
│ sky130_fd_sc_hd__and3_4                                                                                                           │ 3                        │
│ sky130_fd_sc_hd__and3b_1                                                                                                          │ 28                       │
│ sky130_fd_sc_hd__and3b_2                                                                                                          │ 9                        │
│ sky130_fd_sc_hd__and4_1                                                                                                           │ 44                       │
│ sky130_fd_sc_hd__and4_2                                                                                                           │ 12                       │
│ sky130_fd_sc_hd__and4_4                                                                                                           │ 6                        │
│ sky130_fd_sc_hd__and4b_1                                                                                                          │ 14                       │
│ sky130_fd_sc_hd__and4b_2                                                                                                          │ 2                        │
│ sky130_fd_sc_hd__and4bb_1                                                                                                         │ 3                        │
│ sky130_fd_sc_hd__and4bb_4                                                                                                         │ 1                        │
│ sky130_fd_sc_hd__buf_1                                                                                                            │ 168                      │
│ sky130_fd_sc_hd__buf_12                                                                                                           │ 28                       │
│ sky130_fd_sc_hd__buf_2                                                                                                            │ 153                      │
│ sky130_fd_sc_hd__buf_4                                                                                                            │ 315                      │
│ sky130_fd_sc_hd__buf_6                                                                                                            │ 54                       │
│ sky130_fd_sc_hd__buf_8                                                                                                            │ 23                       │
│ sky130_fd_sc_hd__bufinv_16                                                                                                        │ 32                       │
│ sky130_fd_sc_hd__clkbuf_1                                                                                                         │ 39                       │
│ sky130_fd_sc_hd__clkbuf_16                                                                                                        │ 29                       │
│ sky130_fd_sc_hd__clkbuf_2                                                                                                         │ 429                      │
│ sky130_fd_sc_hd__clkbuf_4                                                                                                         │ 138                      │
│ sky130_fd_sc_hd__clkbuf_8                                                                                                         │ 263                      │
│ sky130_fd_sc_hd__clkinv_16                                                                                                        │ 1                        │
│ sky130_fd_sc_hd__clkinv_2                                                                                                         │ 16                       │
│ sky130_fd_sc_hd__clkinv_4                                                                                                         │ 24                       │
│ sky130_fd_sc_hd__clkinv_8                                                                                                         │ 15                       │
│ sky130_fd_sc_hd__clkinvlp_4                                                                                                       │ 11                       │
│ sky130_fd_sc_hd__conb_1                                                                                                           │ 14                       │
│ sky130_fd_sc_hd__decap_3                                                                                                          │ 2721                     │
│ sky130_fd_sc_hd__decap_4                                                                                                          │ 1956                     │
│ sky130_fd_sc_hd__decap_6                                                                                                          │ 3865                     │
│ sky130_fd_sc_hd__decap_8                                                                                                          │ 2174                     │
│ sky130_fd_sc_hd__dfrtp_1                                                                                                          │ 313                      │
│ sky130_fd_sc_hd__dfrtp_2                                                                                                          │ 68                       │
│ sky130_fd_sc_hd__dfrtp_4                                                                                                          │ 109                      │
│ sky130_fd_sc_hd__dfxtp_1                                                                                                          │ 1026                     │
│ sky130_fd_sc_hd__dfxtp_4                                                                                                          │ 4                        │
│ sky130_fd_sc_hd__diode_2                                                                                                          │ 352                      │
│ sky130_fd_sc_hd__dlymetal6s2s_1                                                                                                   │ 3                        │
│ sky130_fd_sc_hd__fill_1                                                                                                           │ 7261                     │
│ sky130_fd_sc_hd__fill_2                                                                                                           │ 3802                     │
│ sky130_fd_sc_hd__inv_12                                                                                                           │ 5                        │
│ sky130_fd_sc_hd__inv_16                                                                                                           │ 2                        │
│ sky130_fd_sc_hd__inv_2                                                                                                            │ 550                      │
│ sky130_fd_sc_hd__inv_4                                                                                                            │ 15                       │
│ sky130_fd_sc_hd__inv_6                                                                                                            │ 28                       │
│ sky130_fd_sc_hd__inv_8                                                                                                            │ 19                       │
│ sky130_fd_sc_hd__mux2_1                                                                                                           │ 1256                     │
│ sky130_fd_sc_hd__mux2_2                                                                                                           │ 11                       │
│ sky130_fd_sc_hd__mux4_1                                                                                                           │ 456                      │
│ sky130_fd_sc_hd__mux4_2                                                                                                           │ 8                        │
│ sky130_fd_sc_hd__nand2_1                                                                                                          │ 161                      │
│ sky130_fd_sc_hd__nand2_2                                                                                                          │ 22                       │
│ sky130_fd_sc_hd__nand2_4                                                                                                          │ 5                        │
│ sky130_fd_sc_hd__nand2b_1                                                                                                         │ 15                       │
│ sky130_fd_sc_hd__nand3_1                                                                                                          │ 24                       │
│ sky130_fd_sc_hd__nand3_2                                                                                                          │ 19                       │
│ sky130_fd_sc_hd__nand3_4                                                                                                          │ 8                        │
│ sky130_fd_sc_hd__nand3b_1                                                                                                         │ 16                       │
│ sky130_fd_sc_hd__nand3b_2                                                                                                         │ 6                        │
│ sky130_fd_sc_hd__nand3b_4                                                                                                         │ 4                        │
│ sky130_fd_sc_hd__nand4_1                                                                                                          │ 36                       │
│ sky130_fd_sc_hd__nand4_2                                                                                                          │ 16                       │
│ sky130_fd_sc_hd__nand4_4                                                                                                          │ 9                        │
│ sky130_fd_sc_hd__nand4b_1                                                                                                         │ 6                        │
│ sky130_fd_sc_hd__nand4b_2                                                                                                         │ 4                        │
│ sky130_fd_sc_hd__nand4b_4                                                                                                         │ 1                        │
│ sky130_fd_sc_hd__nor2_1                                                                                                           │ 101                      │
│ sky130_fd_sc_hd__nor2_2                                                                                                           │ 7                        │
│ sky130_fd_sc_hd__nor2_4                                                                                                           │ 7                        │
│ sky130_fd_sc_hd__nor2_8                                                                                                           │ 4                        │
│ sky130_fd_sc_hd__nor3_1                                                                                                           │ 8                        │
│ sky130_fd_sc_hd__nor3_4                                                                                                           │ 5                        │
│ sky130_fd_sc_hd__nor3b_1                                                                                                          │ 1                        │
│ sky130_fd_sc_hd__nor3b_4                                                                                                          │ 2                        │
│ sky130_fd_sc_hd__nor4_1                                                                                                           │ 5                        │
│ sky130_fd_sc_hd__nor4b_1                                                                                                          │ 1                        │
│ sky130_fd_sc_hd__o2111a_1                                                                                                         │ 56                       │
│ sky130_fd_sc_hd__o2111a_2                                                                                                         │ 1                        │
│ sky130_fd_sc_hd__o2111a_4                                                                                                         │ 2                        │
│ sky130_fd_sc_hd__o2111ai_1                                                                                                        │ 20                       │
│ sky130_fd_sc_hd__o2111ai_2                                                                                                        │ 12                       │
│ sky130_fd_sc_hd__o2111ai_4                                                                                                        │ 14                       │
│ sky130_fd_sc_hd__o211a_1                                                                                                          │ 134                      │
│ sky130_fd_sc_hd__o211a_2                                                                                                          │ 3                        │
│ sky130_fd_sc_hd__o211ai_1                                                                                                         │ 55                       │
│ sky130_fd_sc_hd__o211ai_2                                                                                                         │ 30                       │
│ sky130_fd_sc_hd__o211ai_4                                                                                                         │ 38                       │
│ sky130_fd_sc_hd__o21a_1                                                                                                           │ 48                       │
│ sky130_fd_sc_hd__o21a_2                                                                                                           │ 7                        │
│ sky130_fd_sc_hd__o21a_4                                                                                                           │ 1                        │
│ sky130_fd_sc_hd__o21ai_1                                                                                                          │ 95                       │
│ sky130_fd_sc_hd__o21ai_2                                                                                                          │ 39                       │
│ sky130_fd_sc_hd__o21ai_4                                                                                                          │ 31                       │
│ sky130_fd_sc_hd__o21ba_1                                                                                                          │ 33                       │
│ sky130_fd_sc_hd__o21ba_2                                                                                                          │ 3                        │
│ sky130_fd_sc_hd__o21bai_1                                                                                                         │ 5                        │
│ sky130_fd_sc_hd__o21bai_2                                                                                                         │ 5                        │
│ sky130_fd_sc_hd__o21bai_4                                                                                                         │ 6                        │
│ sky130_fd_sc_hd__o221a_1                                                                                                          │ 73                       │
│ sky130_fd_sc_hd__o221a_2                                                                                                          │ 5                        │
│ sky130_fd_sc_hd__o221a_4                                                                                                          │ 3                        │
│ sky130_fd_sc_hd__o221ai_1                                                                                                         │ 8                        │
│ sky130_fd_sc_hd__o221ai_2                                                                                                         │ 7                        │
│ sky130_fd_sc_hd__o221ai_4                                                                                                         │ 49                       │
│ sky130_fd_sc_hd__o22a_1                                                                                                           │ 60                       │
│ sky130_fd_sc_hd__o22a_2                                                                                                           │ 1                        │
│ sky130_fd_sc_hd__o22a_4                                                                                                           │ 1                        │
│ sky130_fd_sc_hd__o22ai_1                                                                                                          │ 9                        │
│ sky130_fd_sc_hd__o22ai_2                                                                                                          │ 2                        │
│ sky130_fd_sc_hd__o22ai_4                                                                                                          │ 6                        │
│ sky130_fd_sc_hd__o2bb2a_1                                                                                                         │ 29                       │
│ sky130_fd_sc_hd__o2bb2a_2                                                                                                         │ 4                        │
│ sky130_fd_sc_hd__o2bb2a_4                                                                                                         │ 1                        │
│ sky130_fd_sc_hd__o2bb2ai_1                                                                                                        │ 11                       │
│ sky130_fd_sc_hd__o2bb2ai_2                                                                                                        │ 3                        │
│ sky130_fd_sc_hd__o2bb2ai_4                                                                                                        │ 4                        │
│ sky130_fd_sc_hd__o311a_1                                                                                                          │ 28                       │
│ sky130_fd_sc_hd__o311a_2                                                                                                          │ 1                        │
│ sky130_fd_sc_hd__o311ai_4                                                                                                         │ 5                        │
│ sky130_fd_sc_hd__o31a_1                                                                                                           │ 43                       │
│ sky130_fd_sc_hd__o31a_2                                                                                                           │ 1                        │
│ sky130_fd_sc_hd__o31a_4                                                                                                           │ 3                        │
│ sky130_fd_sc_hd__o31ai_1                                                                                                          │ 4                        │
│ sky130_fd_sc_hd__o31ai_2                                                                                                          │ 3                        │
│ sky130_fd_sc_hd__o31ai_4                                                                                                          │ 2                        │
│ sky130_fd_sc_hd__o32a_1                                                                                                           │ 10                       │
│ sky130_fd_sc_hd__o32a_2                                                                                                           │ 3                        │
│ sky130_fd_sc_hd__o32a_4                                                                                                           │ 1                        │
│ sky130_fd_sc_hd__o32ai_1                                                                                                          │ 1                        │
│ sky130_fd_sc_hd__o32ai_2                                                                                                          │ 2                        │
│ sky130_fd_sc_hd__o41a_1                                                                                                           │ 2                        │
│ sky130_fd_sc_hd__o41ai_1                                                                                                          │ 6                        │
│ sky130_fd_sc_hd__or2_1                                                                                                            │ 66                       │
│ sky130_fd_sc_hd__or2_2                                                                                                            │ 2                        │
│ sky130_fd_sc_hd__or2_4                                                                                                            │ 4                        │
│ sky130_fd_sc_hd__or3_1                                                                                                            │ 45                       │
│ sky130_fd_sc_hd__or3_2                                                                                                            │ 8                        │
│ sky130_fd_sc_hd__or3_4                                                                                                            │ 6                        │
│ sky130_fd_sc_hd__or3b_1                                                                                                           │ 40                       │
│ sky130_fd_sc_hd__or3b_2                                                                                                           │ 1                        │
│ sky130_fd_sc_hd__or3b_4                                                                                                           │ 2                        │
│ sky130_fd_sc_hd__or4_1                                                                                                            │ 22                       │
│ sky130_fd_sc_hd__or4_2                                                                                                            │ 3                        │
│ sky130_fd_sc_hd__or4_4                                                                                                            │ 3                        │
│ sky130_fd_sc_hd__or4b_1                                                                                                           │ 7                        │
│ sky130_fd_sc_hd__or4b_2                                                                                                           │ 1                        │
│ sky130_fd_sc_hd__or4b_4                                                                                                           │ 5                        │
│ sky130_fd_sc_hd__or4bb_1                                                                                                          │ 3                        │
│ sky130_fd_sc_hd__tapvpwrvgnd_1                                                                                                    │ 6135                     │
│ sky130_fd_sc_hd__xnor2_1                                                                                                          │ 6                        │
│ sky130_fd_sc_hd__xnor2_2                                                                                                          │ 4                        │
│ sky130_fd_sc_hd__xor2_1                                                                                                           │ 12                       │
│ sky130_fd_sc_hd__xor2_2                                                                                                           │ 5                        │
│ sky130_sram_1kbyte_1rw1r_32x256_8                                                                                                 │ 2                        │
└───────────────────────────────────────────────────────────────────────────────────────────────────────────────────────────────────┴──────────────────────────┘
