
===========================================================================
Violator List
============================================================================
[setup reg-reg] _10766_/Q -> _10822_/D : -1.975378
[setup reg-reg] _10766_/Q -> _10835_/D : -1.975378
[setup reg-reg] _10766_/Q -> _10836_/D : -1.975378
[setup reg-reg] _10766_/Q -> _10844_/D : -1.975378
[setup reg-reg] _10766_/Q -> _10845_/D : -1.975378
[setup reg-reg] _10766_/Q -> _10814_/D : -1.956499
[setup reg-reg] _10766_/Q -> _10818_/D : -1.956499
[setup reg-reg] _10766_/Q -> _10819_/D : -1.956499
[setup reg-reg] _10766_/Q -> _10825_/D : -1.956499
[setup reg-reg] _10766_/Q -> _10826_/D : -1.956499
[setup reg-reg] _10766_/Q -> _10833_/D : -1.956499
[setup reg-reg] _10766_/Q -> _10837_/D : -1.956499
[setup reg-reg] _10766_/Q -> _10838_/D : -1.956499
[setup reg-reg] _10766_/Q -> _10839_/D : -1.956499
[setup reg-reg] _10766_/Q -> _10815_/D : -1.871454
[setup reg-reg] _10766_/Q -> _10821_/D : -1.871454
[setup reg-reg] _10766_/Q -> _10824_/D : -1.871454
[setup reg-reg] _10766_/Q -> _10827_/D : -1.871454
[setup reg-reg] _10766_/Q -> _10828_/D : -1.871454
[setup reg-reg] _10766_/Q -> _10830_/D : -1.871454
[setup reg-reg] _10766_/Q -> _10831_/D : -1.871454
[setup reg-reg] _10766_/Q -> _10832_/D : -1.871454
[setup reg-reg] _10766_/Q -> _10834_/D : -1.871454
[setup reg-reg] _10766_/Q -> _10840_/D : -1.871454
[setup reg-reg] _10766_/Q -> _10829_/D : -1.867802
[setup reg-reg] _10766_/Q -> _10843_/D : -1.867802
[setup reg-reg] _10766_/Q -> _10816_/D : -1.849804
[setup reg-reg] _10766_/Q -> _10817_/D : -1.849804
[setup reg-reg] _10766_/Q -> _10823_/D : -1.849804
[setup reg-reg] _10766_/Q -> _10841_/D : -1.849804
[setup reg-reg] _10766_/Q -> _10842_/D : -1.849804
[setup reg-reg] _10766_/Q -> _10820_/D : -1.847745
[setup reg-out] _10766_/Q -> dbg_dmem_we : -1.670697
[setup reg-reg] _10766_/Q -> _10783_/D : -1.559542
[setup reg-reg] _10766_/Q -> _10788_/D : -1.540565
[setup reg-reg] _10766_/Q -> _10784_/D : -1.531859
[setup reg-reg] _10766_/Q -> _10789_/D : -1.523793
[setup reg-reg] _10766_/Q -> _10785_/D : -1.521297
[setup reg-reg] _10766_/Q -> _10786_/D : -1.515803
[setup reg-reg] _10766_/Q -> _10787_/D : -1.515643
[setup reg-reg] _10766_/Q -> _10780_/D : -1.515522
[setup reg-reg] _10766_/Q -> _10781_/D : -1.515522
[setup reg-reg] _10766_/Q -> _10782_/D : -1.515522
[setup reg-reg] _10766_/Q -> _10790_/D : -1.510168
[setup reg-reg] _10766_/Q -> _10807_/D : -1.507905
[setup reg-reg] _10766_/Q -> _10791_/D : -1.500414
[setup reg-reg] _10766_/Q -> _10792_/D : -1.500354
[setup reg-reg] _10766_/Q -> _10793_/D : -1.500130
[setup reg-reg] _10766_/Q -> _10794_/D : -1.500130
[setup reg-reg] _10766_/Q -> _10795_/D : -1.500130
[setup reg-reg] _10766_/Q -> _10796_/D : -1.500130
[setup reg-reg] _10766_/Q -> _10797_/D : -1.500130
[setup reg-reg] _10766_/Q -> _10798_/D : -1.500130
[setup reg-reg] _10766_/Q -> _11303_/D : -1.380888
[setup reg-reg] _10766_/Q -> _10852_/D : -1.371072
[setup reg-reg] _10766_/Q -> _11399_/D : -1.345971
[setup reg-reg] _10766_/Q -> _10768_/D : -1.339416
[setup reg-reg] _10766_/Q -> _11304_/D : -1.319640
[setup reg-reg] _10766_/Q -> _11315_/D : -1.319640
[setup reg-reg] _10766_/Q -> _11327_/D : -1.319640
[setup reg-reg] _10766_/Q -> _11324_/D : -1.317934
[setup reg-reg] _10766_/Q -> _11306_/D : -1.306139
[setup reg-reg] _10766_/Q -> _11312_/D : -1.306139
[setup reg-reg] _10766_/Q -> _11318_/D : -1.306139
[setup reg-reg] _10766_/Q -> _11321_/D : -1.306139
[setup reg-reg] _10766_/Q -> _11329_/D : -1.306139
[setup reg-reg] _10766_/Q -> _11400_/D : -1.304715
[setup reg-reg] _10766_/Q -> _11411_/D : -1.304715
[setup reg-reg] _10766_/Q -> _11423_/D : -1.304715
[setup reg-reg] _10766_/Q -> _11420_/D : -1.304503
[setup reg-reg] _10766_/Q -> _10779_/D : -1.293470
[setup reg-reg] _10766_/Q -> _11402_/D : -1.282890
[setup reg-reg] _10766_/Q -> _11408_/D : -1.282890
[setup reg-reg] _10766_/Q -> _11414_/D : -1.282890
[setup reg-reg] _10766_/Q -> _11417_/D : -1.282890
[setup reg-reg] _10766_/Q -> _11425_/D : -1.282890
[setup reg-reg] _10766_/Q -> _10769_/D : -1.231243
[setup reg-reg] _10766_/Q -> _10770_/D : -1.231237
[setup reg-reg] _10766_/Q -> _10771_/D : -1.231237
[setup reg-reg] _10766_/Q -> _10772_/D : -1.231237
[setup reg-reg] _10766_/Q -> _11307_/D : -1.200954
[setup reg-reg] _10766_/Q -> _11308_/D : -1.200954
[setup reg-reg] _10766_/Q -> _11309_/D : -1.200954
[setup reg-reg] _10766_/Q -> _11310_/D : -1.200954
[setup reg-reg] _10766_/Q -> _11313_/D : -1.200954
[setup reg-reg] _10766_/Q -> _11316_/D : -1.200954
[setup reg-reg] _10766_/Q -> _11317_/D : -1.200954
[setup reg-reg] _10766_/Q -> _11325_/D : -1.200954
[setup reg-reg] _10766_/Q -> _11305_/D : -1.189230
[setup reg-reg] _10766_/Q -> _11311_/D : -1.189230
[setup reg-reg] _10766_/Q -> _11314_/D : -1.189230
[setup reg-reg] _10766_/Q -> _11319_/D : -1.189230
[setup reg-reg] _10766_/Q -> _11320_/D : -1.189230
[setup reg-reg] _10766_/Q -> _11322_/D : -1.189230
[setup reg-reg] _10766_/Q -> _11323_/D : -1.189230
[setup reg-reg] _10766_/Q -> _11326_/D : -1.189230
[setup reg-reg] _10766_/Q -> _11328_/D : -1.189230
[setup reg-reg] _10766_/Q -> _11403_/D : -1.186622
[setup reg-reg] _10766_/Q -> _11404_/D : -1.186622
[setup reg-reg] _10766_/Q -> _11405_/D : -1.186622
[setup reg-reg] _10766_/Q -> _11406_/D : -1.186622
[setup reg-reg] _10766_/Q -> _11409_/D : -1.186622
[setup reg-reg] _10766_/Q -> _11412_/D : -1.186622
[setup reg-reg] _10766_/Q -> _11413_/D : -1.186622
[setup reg-reg] _10766_/Q -> _11421_/D : -1.186622
[setup reg-reg] _10766_/Q -> _11331_/D : -1.185713
[setup reg-reg] _10766_/Q -> _11427_/D : -1.171006
[setup reg-reg] _10766_/Q -> _11401_/D : -1.166798
[setup reg-reg] _10766_/Q -> _11407_/D : -1.166798
[setup reg-reg] _10766_/Q -> _11410_/D : -1.166798
[setup reg-reg] _10766_/Q -> _11415_/D : -1.166798
[setup reg-reg] _10766_/Q -> _11416_/D : -1.166798
[setup reg-reg] _10766_/Q -> _11418_/D : -1.166798
[setup reg-reg] _10766_/Q -> _11419_/D : -1.166798
[setup reg-reg] _10766_/Q -> _11422_/D : -1.166798
[setup reg-reg] _10766_/Q -> _11424_/D : -1.166798
[setup reg-reg] _10766_/Q -> _11330_/D : -1.138258
[setup reg-reg] _10766_/Q -> _10854_/D : -1.133921
[setup reg-reg] _10766_/Q -> _10855_/D : -1.133921
[setup reg-reg] _10766_/Q -> _10856_/D : -1.133921
[setup reg-reg] _10766_/Q -> _10857_/D : -1.133921
[setup reg-reg] _10766_/Q -> _10858_/D : -1.133921
[setup reg-reg] _10766_/Q -> _10859_/D : -1.133921
[setup reg-reg] _10766_/Q -> _10860_/D : -1.133921
[setup reg-reg] _10766_/Q -> _10861_/D : -1.133921
[setup reg-reg] _10766_/Q -> _10862_/D : -1.133921
[setup reg-reg] _10766_/Q -> _10863_/D : -1.133921
[setup reg-reg] _10766_/Q -> _10864_/D : -1.133921
[setup reg-reg] _10766_/Q -> _10865_/D : -1.133921
[setup reg-reg] _10766_/Q -> _10866_/D : -1.133921
[setup reg-reg] _10766_/Q -> _10867_/D : -1.133921
[setup reg-reg] _10766_/Q -> _10868_/D : -1.133921
[setup reg-reg] _10766_/Q -> _10869_/D : -1.133921
[setup reg-reg] _10766_/Q -> _10870_/D : -1.133921
[setup reg-reg] _10766_/Q -> _10871_/D : -1.133921
[setup reg-reg] _10766_/Q -> _10872_/D : -1.133921
[setup reg-reg] _10766_/Q -> _10873_/D : -1.133921
[setup reg-reg] _10766_/Q -> _10874_/D : -1.133921
[setup reg-reg] _10766_/Q -> _10875_/D : -1.133921
[setup reg-reg] _10766_/Q -> _10876_/D : -1.133921
[setup reg-reg] _10766_/Q -> _10877_/D : -1.133921
[setup reg-reg] _10766_/Q -> _10878_/D : -1.133921
[setup reg-reg] _10766_/Q -> _10879_/D : -1.133921
[setup reg-reg] _10766_/Q -> _10880_/D : -1.133921
[setup reg-reg] _10766_/Q -> _10881_/D : -1.133921
[setup reg-reg] _10766_/Q -> _10882_/D : -1.133921
[setup reg-reg] _10766_/Q -> _10883_/D : -1.133921
[setup reg-reg] _10766_/Q -> _10884_/D : -1.133921
[setup reg-reg] _10766_/Q -> _10885_/D : -1.133921
[setup reg-reg] _10766_/Q -> _10799_/D : -1.125214
[setup reg-reg] _10766_/Q -> _10853_/D : -1.111896
[setup reg-reg] _10766_/Q -> _10808_/D : -1.093223
[setup reg-reg] _10766_/Q -> _10806_/D : -1.047136
[setup reg-reg] _10766_/Q -> _10075_/D : -1.046640
[setup reg-reg] _10766_/Q -> _10076_/D : -1.046640
[setup reg-reg] _10766_/Q -> _10732_/D : -1.046640
[setup reg-reg] _10766_/Q -> _10773_/D : -1.046640
[setup reg-reg] _10766_/Q -> _10774_/D : -1.046640
[setup reg-reg] _10766_/Q -> _10775_/D : -1.046640
[setup reg-reg] _10766_/Q -> _10776_/D : -1.046640
[setup reg-reg] _10766_/Q -> _10777_/D : -1.046640
[setup reg-reg] _10766_/Q -> _10778_/D : -1.046640
[setup reg-reg] _10766_/Q -> _10809_/D : -1.029525
[setup reg-reg] _10766_/Q -> _11349_/D : -1.029088
[setup reg-reg] _10766_/Q -> _11354_/D : -1.025084
[setup reg-reg] _10766_/Q -> _11302_/D : -1.017183
[setup reg-reg] _10766_/Q -> _11355_/D : -1.005242
[setup reg-reg] _10766_/Q -> _11350_/D : -0.996337
[setup reg-reg] _10766_/Q -> _11334_/D : -0.989324
[setup reg-reg] _10766_/Q -> _11335_/D : -0.989324
[setup reg-reg] _10766_/Q -> _11336_/D : -0.989324
[setup reg-reg] _10766_/Q -> _11337_/D : -0.989324
[setup reg-reg] _10766_/Q -> _11338_/D : -0.989324
[setup reg-reg] _10766_/Q -> _11339_/D : -0.989324
[setup reg-reg] _10766_/Q -> _11340_/D : -0.989324
[setup reg-reg] _10766_/Q -> _11341_/D : -0.989324
[setup reg-reg] _10766_/Q -> _11342_/D : -0.989324
[setup reg-reg] _10766_/Q -> _11343_/D : -0.989324
[setup reg-reg] _10766_/Q -> _11344_/D : -0.989324
[setup reg-reg] _10766_/Q -> _11345_/D : -0.989324
[setup reg-reg] _10766_/Q -> _11346_/D : -0.989324
[setup reg-reg] _10766_/Q -> _11347_/D : -0.989324
[setup reg-reg] _10766_/Q -> _11348_/D : -0.989324
[setup reg-reg] _10766_/Q -> _11351_/D : -0.989324
[setup reg-reg] _10766_/Q -> _11352_/D : -0.989324
[setup reg-reg] _10766_/Q -> _11353_/D : -0.989324
[setup reg-reg] _10766_/Q -> _11356_/D : -0.989324
[setup reg-reg] _10766_/Q -> _11357_/D : -0.989324
[setup reg-reg] _10766_/Q -> _11358_/D : -0.989324
[setup reg-reg] _10766_/Q -> _11359_/D : -0.989324
[setup reg-reg] _10766_/Q -> _11360_/D : -0.989324
[setup reg-reg] _10766_/Q -> _11361_/D : -0.989324
[setup reg-reg] _10766_/Q -> _11362_/D : -0.989324
[setup reg-reg] _10766_/Q -> _11363_/D : -0.989324
[setup reg-reg] _10766_/Q -> _11364_/D : -0.989324
[setup reg-reg] _10766_/Q -> _11365_/D : -0.989324
[setup reg-reg] _10766_/Q -> _11366_/D : -0.989324
[setup reg-reg] _10766_/Q -> _11367_/D : -0.989324
[setup reg-reg] _10766_/Q -> _11368_/D : -0.989324
[setup reg-reg] _10766_/Q -> _11369_/D : -0.989324
[setup reg-reg] _10766_/Q -> _11370_/D : -0.989324
[setup reg-reg] _10766_/Q -> _11371_/D : -0.989324
[setup reg-reg] _10766_/Q -> _11372_/D : -0.989324
[setup reg-reg] _10766_/Q -> _11373_/D : -0.989324
[setup reg-reg] _10766_/Q -> _11374_/D : -0.989324
[setup reg-reg] _10766_/Q -> _11375_/D : -0.989324
[setup reg-reg] _10766_/Q -> _11376_/D : -0.989324
[setup reg-reg] _10766_/Q -> _11377_/D : -0.989324
[setup reg-reg] _10766_/Q -> _11378_/D : -0.989324
[setup reg-reg] _10766_/Q -> _11379_/D : -0.989324
[setup reg-reg] _10766_/Q -> _11380_/D : -0.989324
[setup reg-reg] _10766_/Q -> _11381_/D : -0.989324
[setup reg-reg] _10766_/Q -> _11382_/D : -0.989324
[setup reg-reg] _10766_/Q -> _11383_/D : -0.989324
[setup reg-reg] _10766_/Q -> _11384_/D : -0.989324
[setup reg-reg] _10766_/Q -> _11385_/D : -0.989324
[setup reg-reg] _10766_/Q -> _11386_/D : -0.989324
[setup reg-reg] _10766_/Q -> _11387_/D : -0.989324
[setup reg-reg] _10766_/Q -> _11388_/D : -0.989324
[setup reg-reg] _10766_/Q -> _11389_/D : -0.989324
[setup reg-reg] _10766_/Q -> _11390_/D : -0.989324
[setup reg-reg] _10766_/Q -> _11391_/D : -0.989324
[setup reg-reg] _10766_/Q -> _11392_/D : -0.989324
[setup reg-reg] _10766_/Q -> _11393_/D : -0.989324
[setup reg-reg] _10766_/Q -> _11394_/D : -0.989324
[setup reg-reg] _10766_/Q -> _11395_/D : -0.989324
[setup reg-reg] _10766_/Q -> _11396_/D : -0.989324
[setup reg-reg] _10766_/Q -> _11397_/D : -0.989324
[setup reg-reg] _10766_/Q -> _11398_/D : -0.989324
[setup reg-reg] _10766_/Q -> _10800_/D : -0.983905
[setup reg-reg] _10766_/Q -> _10810_/D : -0.972019
[setup reg-reg] _10766_/Q -> _10847_/D : -0.959858
[setup reg-reg] _10766_/Q -> _10074_/D : -0.959318
[setup reg-reg] _10766_/Q -> _10802_/D : -0.951353
[setup reg-reg] _10766_/Q -> _10803_/D : -0.951353
[setup reg-reg] _10766_/Q -> _10804_/D : -0.951353
[setup reg-reg] _10766_/Q -> _10805_/D : -0.951353
[setup reg-reg] _10766_/Q -> _10811_/D : -0.951179
[setup reg-reg] _10766_/Q -> _10812_/D : -0.951179
[setup reg-reg] _10766_/Q -> _10813_/D : -0.951179
[setup reg-reg] _10766_/Q -> _11426_/D : -0.946972
[setup reg-reg] _10766_/Q -> _10848_/D : -0.920458
[setup reg-reg] _10766_/Q -> _10701_/D : -0.911546
[setup reg-reg] _10766_/Q -> _10702_/D : -0.911546
[setup reg-reg] _10766_/Q -> _10703_/D : -0.911546
[setup reg-reg] _10766_/Q -> _10704_/D : -0.911546
[setup reg-reg] _10766_/Q -> _10705_/D : -0.911546
[setup reg-reg] _10766_/Q -> _10706_/D : -0.911546
[setup reg-reg] _10766_/Q -> _10707_/D : -0.911546
[setup reg-reg] _10766_/Q -> _10708_/D : -0.911546
[setup reg-reg] _10766_/Q -> _10709_/D : -0.911546
[setup reg-reg] _10766_/Q -> _10710_/D : -0.911546
[setup reg-reg] _10766_/Q -> _10711_/D : -0.911546
[setup reg-reg] _10766_/Q -> _10712_/D : -0.911546
[setup reg-reg] _10766_/Q -> _10713_/D : -0.911546
[setup reg-reg] _10766_/Q -> _10714_/D : -0.911546
[setup reg-reg] _10766_/Q -> _10715_/D : -0.911546
[setup reg-reg] _10766_/Q -> _10716_/D : -0.911546
[setup reg-reg] _10766_/Q -> _10717_/D : -0.911546
[setup reg-reg] _10766_/Q -> _10718_/D : -0.911546
[setup reg-reg] _10766_/Q -> _10719_/D : -0.911546
[setup reg-reg] _10766_/Q -> _10720_/D : -0.911546
[setup reg-reg] _10766_/Q -> _10721_/D : -0.911546
[setup reg-reg] _10766_/Q -> _10722_/D : -0.911546
[setup reg-reg] _10766_/Q -> _10723_/D : -0.911546
[setup reg-reg] _10766_/Q -> _10724_/D : -0.911546
[setup reg-reg] _10766_/Q -> _10725_/D : -0.911546
[setup reg-reg] _10766_/Q -> _10726_/D : -0.911546
[setup reg-reg] _10766_/Q -> _10727_/D : -0.911546
[setup reg-reg] _10766_/Q -> _10728_/D : -0.911546
[setup reg-reg] _10766_/Q -> _10729_/D : -0.911546
[setup reg-reg] _10766_/Q -> _10730_/D : -0.911546
[setup reg-reg] _10766_/Q -> _10731_/D : -0.911546
[setup reg-reg] _10766_/Q -> _10733_/D : -0.911546
[setup reg-reg] _10766_/Q -> _10734_/D : -0.911546
[setup reg-reg] _10766_/Q -> _10735_/D : -0.911546
[setup reg-reg] _10766_/Q -> _10736_/D : -0.911546
[setup reg-reg] _10766_/Q -> _10737_/D : -0.911546
[setup reg-reg] _10766_/Q -> _10738_/D : -0.911546
[setup reg-reg] _10766_/Q -> _10739_/D : -0.911546
[setup reg-reg] _10766_/Q -> _10740_/D : -0.911546
[setup reg-reg] _10766_/Q -> _10741_/D : -0.911546
[setup reg-reg] _10766_/Q -> _10742_/D : -0.911546
[setup reg-reg] _10766_/Q -> _10743_/D : -0.911546
[setup reg-reg] _10766_/Q -> _10744_/D : -0.911546
[setup reg-reg] _10766_/Q -> _10745_/D : -0.911546
[setup reg-reg] _10766_/Q -> _10746_/D : -0.911546
[setup reg-reg] _10766_/Q -> _10747_/D : -0.911546
[setup reg-reg] _10766_/Q -> _10748_/D : -0.911546
[setup reg-reg] _10766_/Q -> _10749_/D : -0.911546
[setup reg-reg] _10766_/Q -> _10750_/D : -0.911546
[setup reg-reg] _10766_/Q -> _10751_/D : -0.911546
[setup reg-reg] _10766_/Q -> _10752_/D : -0.911546
[setup reg-reg] _10766_/Q -> _10753_/D : -0.911546
[setup reg-reg] _10766_/Q -> _10754_/D : -0.911546
[setup reg-reg] _10766_/Q -> _10755_/D : -0.911546
[setup reg-reg] _10766_/Q -> _10756_/D : -0.911546
[setup reg-reg] _10766_/Q -> _10757_/D : -0.911546
[setup reg-reg] _10766_/Q -> _10758_/D : -0.911546
[setup reg-reg] _10766_/Q -> _10759_/D : -0.911546
[setup reg-reg] _10766_/Q -> _10760_/D : -0.911546
[setup reg-reg] _10766_/Q -> _10761_/D : -0.911546
[setup reg-reg] _10766_/Q -> _10762_/D : -0.911546
[setup reg-reg] _10766_/Q -> _10763_/D : -0.911546
[setup reg-reg] _10766_/Q -> _10764_/D : -0.911546
[setup reg-reg] _10766_/Q -> _10765_/D : -0.911546
[setup reg-reg] _10766_/Q -> _10766_/D : -0.911546
[setup reg-reg] _10766_/Q -> _10767_/D : -0.911546
[setup reg-reg] _10766_/Q -> _10801_/D : -0.911546
[setup reg-reg] _10766_/Q -> _10849_/D : -0.911546
[setup reg-reg] _10766_/Q -> _10850_/D : -0.911546
[setup reg-reg] _10766_/Q -> _10851_/D : -0.911546
[setup reg-reg] _10766_/Q -> _10846_/D : -0.910728
[setup reg-out] _10766_/Q -> dbg_dmem_addr[31] : -0.144361
