
===========================================================================
report_checks -unconstrained
===========================================================================
======================= max_ss_100C_1v60 Corner ===================================

Startpoint: _11724_ (rising edge-triggered flip-flop clocked by clk)
Endpoint: dmem_sram (falling edge-triggered flip-flop clocked by clk)
Path Group: clk
Path Type: max

Fanout         Cap        Slew       Delay        Time   Description
---------------------------------------------------------------------------------------------
                                  0.000000    0.000000   clock clk (rise edge)
                                  0.000000    0.000000   clock source latency
     2    0.148145    0.000000    0.000000    0.000000 ^ clk (in)
                                                         clk (net)
                      0.069263    0.034632    0.034632 ^ clkbuf_0_clk/A (sky130_fd_sc_hd__clkbuf_16)
     4    0.168260    0.278958    0.368314    0.402945 ^ clkbuf_0_clk/X (sky130_fd_sc_hd__clkbuf_16)
                                                         clknet_0_clk (net)
                      0.283981    0.030020    0.432965 ^ clkbuf_2_3_0_clk/A (sky130_fd_sc_hd__clkbuf_8)
     4    0.117580    0.323105    0.508605    0.941570 ^ clkbuf_2_3_0_clk/X (sky130_fd_sc_hd__clkbuf_8)
                                                         clknet_2_3_0_clk (net)
                      0.323354    0.007540    0.949110 ^ clkbuf_4_12__f_clk/A (sky130_fd_sc_hd__clkbuf_16)
    16    0.160807    0.264689    0.483213    1.432323 ^ clkbuf_4_12__f_clk/X (sky130_fd_sc_hd__clkbuf_16)
                                                         clknet_4_12__leaf_clk (net)
                      0.266474    0.017027    1.449350 ^ clkbuf_leaf_110_clk/A (sky130_fd_sc_hd__clkbuf_8)
     7    0.035403    0.119398    0.357398    1.806748 ^ clkbuf_leaf_110_clk/X (sky130_fd_sc_hd__clkbuf_8)
                                                         clknet_leaf_110_clk (net)
                      0.119424    0.001694    1.808442 ^ _11724_/CLK (sky130_fd_sc_hd__dfrtp_1)
     1    0.008582    0.148043    0.724132    2.532574 ^ _11724_/Q (sky130_fd_sc_hd__dfrtp_1)
                                                         cpu_core.dmem_funct3[1] (net)
                      0.148044    0.000701    2.533275 ^ wire1287/A (sky130_fd_sc_hd__clkbuf_8)
    12    0.104531    0.291477    0.418829    2.952104 ^ wire1287/X (sky130_fd_sc_hd__clkbuf_8)
                                                         net1287 (net)
                      0.292042    0.010766    2.962869 ^ max_length1286/A (sky130_fd_sc_hd__buf_6)
    11    0.089204    0.287969    0.426200    3.389070 ^ max_length1286/X (sky130_fd_sc_hd__buf_6)
                                                         net1286 (net)
                      0.288040    0.003840    3.392909 ^ _05400_/A (sky130_fd_sc_hd__inv_4)
     2    0.026403    0.096650    0.173530    3.566439 v _05400_/Y (sky130_fd_sc_hd__inv_4)
                                                         _01854_ (net)
                      0.096974    0.001905    3.568344 v max_length888/A (sky130_fd_sc_hd__buf_2)
     4    0.051148    0.233174    0.408495    3.976839 v max_length888/X (sky130_fd_sc_hd__buf_2)
                                                         net888 (net)
                      0.233336    0.005564    3.982403 v _05505_/A1 (sky130_fd_sc_hd__o311ai_4)
    14    0.094074    1.609525    1.504163    5.486566 ^ _05505_/Y (sky130_fd_sc_hd__o311ai_4)
                                                         _01957_ (net)
                      1.609769    0.016390    5.502956 ^ _05509_/B1 (sky130_fd_sc_hd__a31o_4)
    19    0.206032    0.970995    1.192393    6.695349 ^ _05509_/X (sky130_fd_sc_hd__a31o_4)
                                                         _01961_ (net)
                      0.971810    0.023585    6.718934 ^ _05511_/B2 (sky130_fd_sc_hd__o32a_4)
    31    0.240462    1.033467    1.299260    8.018193 ^ _05511_/X (sky130_fd_sc_hd__o32a_4)
                                                         _01963_ (net)
                      1.034882    0.032112    8.050305 ^ _05789_/C (sky130_fd_sc_hd__nand3_1)
     2    0.012778    0.393056    0.627574    8.677880 v _05789_/Y (sky130_fd_sc_hd__nand3_1)
                                                         _02231_ (net)
                      0.393056    0.001243    8.679124 v _05795_/C1 (sky130_fd_sc_hd__o211ai_4)
     3    0.014101    0.294135    0.278064    8.957188 ^ _05795_/Y (sky130_fd_sc_hd__o211ai_4)
                                                         _02237_ (net)
                      0.294135    0.000747    8.957934 ^ _05817_/C1 (sky130_fd_sc_hd__o211ai_2)
     2    0.013063    0.276063    0.323474    9.281408 v _05817_/Y (sky130_fd_sc_hd__o211ai_2)
                                                         _02258_ (net)
                      0.276064    0.000889    9.282297 v _05819_/A2 (sky130_fd_sc_hd__a21oi_4)
     4    0.032812    0.412524    0.519205    9.801502 ^ _05819_/Y (sky130_fd_sc_hd__a21oi_4)
                                                         _02260_ (net)
                      0.412682    0.001342    9.802844 ^ _06371_/B1_N (sky130_fd_sc_hd__o21bai_1)
     2    0.010631    0.407753    0.400077   10.202922 ^ _06371_/Y (sky130_fd_sc_hd__o21bai_1)
                                                         _02791_ (net)
                      0.407866    0.000638   10.203559 ^ _06372_/B (sky130_fd_sc_hd__nand4b_1)
     1    0.010651    0.389595    0.483630   10.687189 v _06372_/Y (sky130_fd_sc_hd__nand4b_1)
                                                         _02792_ (net)
                      0.389595    0.000886   10.688075 v _06373_/B1 (sky130_fd_sc_hd__a21oi_1)
     1    0.003887    0.226334    0.335656   11.023730 ^ _06373_/Y (sky130_fd_sc_hd__a21oi_1)
                                                         _02793_ (net)
                      0.226334    0.000170   11.023900 ^ _06374_/C1 (sky130_fd_sc_hd__o221ai_1)
     1    0.005563    0.258600    0.340436   11.364336 v _06374_/Y (sky130_fd_sc_hd__o221ai_1)
                                                         _02794_ (net)
                      0.258600    0.000252   11.364589 v _06375_/B1 (sky130_fd_sc_hd__a21oi_1)
     1    0.013573    0.497654    0.509101   11.873690 ^ _06375_/Y (sky130_fd_sc_hd__a21oi_1)
                                                         _02795_ (net)
                      0.497659    0.001296   11.874986 ^ _06384_/A (sky130_fd_sc_hd__nand4_1)
     1    0.011228    0.411689    0.510428   12.385414 v _06384_/Y (sky130_fd_sc_hd__nand4_1)
                                                         _02804_ (net)
                      0.411689    0.000864   12.386278 v _06422_/A (sky130_fd_sc_hd__nor3_1)
     2    0.007466    0.456124    0.590642   12.976920 ^ _06422_/Y (sky130_fd_sc_hd__nor3_1)
                                                         _02842_ (net)
                      0.456124    0.000234   12.977154 ^ _06447_/A (sky130_fd_sc_hd__and3_1)
     1    0.009660    0.180497    0.505675   13.482829 ^ _06447_/X (sky130_fd_sc_hd__and3_1)
                                                         _02867_ (net)
                      0.180497    0.000735   13.483564 ^ _06453_/D (sky130_fd_sc_hd__nand4_4)
     4    0.049291    0.498639    0.515420   13.998983 v _06453_/Y (sky130_fd_sc_hd__nand4_4)
                                                         _02873_ (net)
                      0.498692    0.004200   14.003184 v _06541_/A1 (sky130_fd_sc_hd__a21o_2)
     4    0.047007    0.235760    0.699380   14.702564 v _06541_/X (sky130_fd_sc_hd__a21o_2)
                                                         _02961_ (net)
                      0.236019    0.006982   14.709546 v _06545_/A1 (sky130_fd_sc_hd__a21oi_4)
    15    0.074047    0.824486    0.788800   15.498346 ^ _06545_/Y (sky130_fd_sc_hd__a21oi_4)
                                                         _02965_ (net)
                      0.824519    0.004405   15.502751 ^ wire279/A (sky130_fd_sc_hd__buf_2)
    10    0.061202    0.470749    0.757691   16.260443 ^ wire279/X (sky130_fd_sc_hd__buf_2)
                                                         net279 (net)
                      0.471684    0.015655   16.276098 ^ wire278/A (sky130_fd_sc_hd__buf_2)
     8    0.051984    0.403546    0.601570   16.877668 ^ wire278/X (sky130_fd_sc_hd__buf_2)
                                                         net278 (net)
                      0.404077    0.010367   16.888035 ^ wire277/A (sky130_fd_sc_hd__buf_4)
     9    0.082600    0.368792    0.558293   17.446327 ^ wire277/X (sky130_fd_sc_hd__buf_4)
                                                         net277 (net)
                      0.370884    0.022629   17.468956 ^ _07687_/D (sky130_fd_sc_hd__nand4b_4)
     4    0.040044    0.423666    0.519817   17.988773 v _07687_/Y (sky130_fd_sc_hd__nand4b_4)
                                                         _03944_ (net)
                      0.423699    0.003041   17.991816 v _07689_/B1 (sky130_fd_sc_hd__o211ai_4)
     1    0.026916    0.416850    0.365707   18.357523 ^ _07689_/Y (sky130_fd_sc_hd__o211ai_4)
                                                         dmem_wmask[0] (net)
                      0.417069    0.004489   18.362011 ^ wire245/A (sky130_fd_sc_hd__clkbuf_2)
     1    0.021883    0.196584    0.425983   18.787994 ^ wire245/X (sky130_fd_sc_hd__clkbuf_2)
                                                         net245 (net)
                      0.196626    0.002835   18.790829 ^ wire244/A (sky130_fd_sc_hd__clkbuf_2)
     1    0.085409    0.711897    0.685100   19.475929 ^ wire244/X (sky130_fd_sc_hd__clkbuf_2)
                                                         net244 (net)
                      0.713748    0.029845   19.505774 ^ wire243/A (sky130_fd_sc_hd__buf_4)
     1    0.071214    0.323454    0.637812   20.143585 ^ wire243/X (sky130_fd_sc_hd__buf_4)
                                                         net243 (net)
                      0.433337    0.017376   20.160961 ^ dmem_sram/wmask0[0] (sky130_sram_1kbyte_1rw1r_32x256_8)
                                             20.160961   data arrival time

                                 20.000000   20.000000   clock clk (rise edge)
                                  0.000000   20.000000   clock source latency
     2    0.148145    0.000000    0.000000   20.000000 ^ clk (in)
                                                         clk (net)
                      0.069263    0.034632   20.034632 ^ clkbuf_0_clk/A (sky130_fd_sc_hd__clkbuf_16)
     4    0.168260    0.278958    0.368313   20.402946 ^ clkbuf_0_clk/X (sky130_fd_sc_hd__clkbuf_16)
                                                         clknet_0_clk (net)
                      0.285923    0.035051   20.437996 ^ clkbuf_2_0_0_clk/A (sky130_fd_sc_hd__clkbuf_8)
     4    0.105735    0.292728    0.490781   20.928778 ^ clkbuf_2_0_0_clk/X (sky130_fd_sc_hd__clkbuf_8)
                                                         clknet_2_0_0_clk (net)
                      0.293238    0.008818   20.937595 ^ clkbuf_4_0__f_clk/A (sky130_fd_sc_hd__clkbuf_16)
    10    0.188495    0.299001    0.498311   21.435905 ^ clkbuf_4_0__f_clk/X (sky130_fd_sc_hd__clkbuf_16)
                                                         clknet_4_0__leaf_clk (net)
                      0.409503    0.038973   21.474880 ^ dmem_sram/clk0 (sky130_sram_1kbyte_1rw1r_32x256_8)
                                  0.000000   21.474880   clock reconvergence pessimism
                                 -0.103000   21.371880   library setup time
                                             21.371880   data required time
---------------------------------------------------------------------------------------------
                                             21.371880   data required time
                                            -20.160961   data arrival time
---------------------------------------------------------------------------------------------
                                              1.210918   slack (MET)




===========================================================================
report_checks --slack_max -0.01
============================================================================
======================= max_ss_100C_1v60 Corner ===================================

No paths found.


===========================================================================
 report_check_types -max_slew -max_cap -max_fanout -violators
============================================================================
======================= max_ss_100C_1v60 Corner ===================================

max slew

Pin                                        Limit        Slew       Slack
------------------------------------------------------------------------
_06277_/A                               1.500000    1.803114   -0.303114 (VIOLATED)
_07721_/B1                              1.500000    1.803104   -0.303104 (VIOLATED)
_06278_/B                               1.500000    1.803094   -0.303094 (VIOLATED)
_06520_/A2                              1.500000    1.803082   -0.303082 (VIOLATED)
_06517_/A1_N                            1.500000    1.803081   -0.303081 (VIOLATED)
_06276_/Y                               1.500000    1.803053   -0.303053 (VIOLATED)
ANTENNA_210/DIODE                       1.500000    1.782018   -0.282018 (VIOLATED)
wire416/A                               1.500000    1.782017   -0.282017 (VIOLATED)
wire417/X                               1.500000    1.781440   -0.281441 (VIOLATED)
wire428/A                               1.500000    1.774736   -0.274736 (VIOLATED)
ANTENNA_218/DIODE                       1.500000    1.774693   -0.274693 (VIOLATED)
ANTENNA_217/DIODE                       1.500000    1.774632   -0.274632 (VIOLATED)
wire429/X                               1.500000    1.755201   -0.255201 (VIOLATED)
wire473/A                               1.500000    1.717447   -0.217447 (VIOLATED)
ANTENNA_224/DIODE                       1.500000    1.717427   -0.217427 (VIOLATED)
ANTENNA_225/DIODE                       1.500000    1.717416   -0.217416 (VIOLATED)
wire419/A                               1.500000    1.704535   -0.204535 (VIOLATED)
ANTENNA_211/DIODE                       1.500000    1.704533   -0.204533 (VIOLATED)
ANTENNA_212/DIODE                       1.500000    1.704501   -0.204501 (VIOLATED)
wire474/X                               1.500000    1.691739   -0.191739 (VIOLATED)
wire420/X                               1.500000    1.686383   -0.186383 (VIOLATED)
wire413/A                               1.500000    1.658500   -0.158500 (VIOLATED)
ANTENNA_209/DIODE                       1.500000    1.658468   -0.158468 (VIOLATED)
wire414/X                               1.500000    1.635077   -0.135077 (VIOLATED)
wire425/A                               1.500000    1.620631   -0.120632 (VIOLATED)
ANTENNA_216/DIODE                       1.500000    1.620605   -0.120605 (VIOLATED)
_05505_/Y                               1.489845    1.609525   -0.119679 (VIOLATED)
wire422/A                               1.500000    1.619313   -0.119313 (VIOLATED)
ANTENNA_213/DIODE                       1.500000    1.619294   -0.119294 (VIOLATED)
ANTENNA_214/DIODE                       1.500000    1.619289   -0.119289 (VIOLATED)
ANTENNA_215/DIODE                       1.500000    1.619256   -0.119256 (VIOLATED)
_06841_/A                               1.500000    1.609791   -0.109791 (VIOLATED)
_06833_/B                               1.500000    1.609788   -0.109788 (VIOLATED)
_05508_/A                               1.500000    1.609783   -0.109784 (VIOLATED)
_07312_/A2                              1.500000    1.609782   -0.109782 (VIOLATED)
_06842_/A                               1.500000    1.609782   -0.109782 (VIOLATED)
_07212_/A                               1.500000    1.609776   -0.109776 (VIOLATED)
_05509_/B1                              1.500000    1.609769   -0.109769 (VIOLATED)
_07408_/B                               1.500000    1.609760   -0.109760 (VIOLATED)
_06834_/A2                              1.500000    1.609753   -0.109753 (VIOLATED)
_07437_/A                               1.500000    1.609706   -0.109706 (VIOLATED)
_07507_/D1                              1.500000    1.609636   -0.109636 (VIOLATED)
_07539_/A                               1.500000    1.609566   -0.109566 (VIOLATED)
_07566_/A1                              1.500000    1.609558   -0.109558 (VIOLATED)
_06832_/B                               1.500000    1.609539   -0.109539 (VIOLATED)
wire426/X                               1.500000    1.605624   -0.105624 (VIOLATED)
wire423/X                               1.500000    1.603127   -0.103127 (VIOLATED)
ANTENNA_253/DIODE                       1.500000    1.585136   -0.085136 (VIOLATED)
ANTENNA_251/DIODE                       1.500000    1.585112   -0.085112 (VIOLATED)
ANTENNA_252/DIODE                       1.500000    1.585082   -0.085082 (VIOLATED)
ANTENNA_249/DIODE                       1.500000    1.585071   -0.085071 (VIOLATED)
ANTENNA_250/DIODE                       1.500000    1.585049   -0.085049 (VIOLATED)
wire1073/A                              1.500000    1.584977   -0.084977 (VIOLATED)
wire1074/X                              1.500000    1.571650   -0.071650 (VIOLATED)
wire1036/A                              1.500000    1.565904   -0.065904 (VIOLATED)
wire410/A                               1.500000    1.564087   -0.064087 (VIOLATED)
ANTENNA_207/DIODE                       1.500000    1.564067   -0.064067 (VIOLATED)
ANTENNA_208/DIODE                       1.500000    1.564063   -0.064063 (VIOLATED)
wire1037/X                              1.500000    1.554210   -0.054210 (VIOLATED)
wire411/X                               1.500000    1.542911   -0.042911 (VIOLATED)
_05700_/Y                               1.497941    1.540228   -0.042287 (VIOLATED)
_07610_/B1                              1.500000    1.540902   -0.040903 (VIOLATED)
_07566_/B1                              1.500000    1.540893   -0.040893 (VIOLATED)
_07548_/C                               1.500000    1.540861   -0.040861 (VIOLATED)
_07355_/A1_N                            1.500000    1.540851   -0.040851 (VIOLATED)
_07357_/A1                              1.500000    1.540850   -0.040850 (VIOLATED)
_07626_/A1                              1.500000    1.540848   -0.040848 (VIOLATED)
_07261_/A2                              1.500000    1.540846   -0.040846 (VIOLATED)
_07490_/B2                              1.500000    1.540844   -0.040844 (VIOLATED)
_07624_/A2                              1.500000    1.540840   -0.040840 (VIOLATED)
_07247_/A                               1.500000    1.540840   -0.040840 (VIOLATED)
_07305_/A1                              1.500000    1.540828   -0.040828 (VIOLATED)
_07460_/B2                              1.500000    1.540801   -0.040801 (VIOLATED)
_07393_/A1                              1.500000    1.540794   -0.040794 (VIOLATED)
_07386_/C1                              1.500000    1.540788   -0.040788 (VIOLATED)
_06828_/A1                              1.500000    1.540779   -0.040779 (VIOLATED)
_07423_/B2                              1.500000    1.540770   -0.040770 (VIOLATED)
_07268_/A1                              1.500000    1.540753   -0.040753 (VIOLATED)
_07273_/A1                              1.500000    1.540749   -0.040750 (VIOLATED)
_07109_/A                               1.500000    1.540706   -0.040706 (VIOLATED)
_07242_/A2                              1.500000    1.540694   -0.040694 (VIOLATED)
_07152_/A1                              1.500000    1.540651   -0.040651 (VIOLATED)
_07202_/A1                              1.500000    1.540645   -0.040645 (VIOLATED)
_07403_/C1                              1.500000    1.540612   -0.040612 (VIOLATED)
_07084_/A1                              1.500000    1.540603   -0.040603 (VIOLATED)
_07442_/B2                              1.500000    1.540572   -0.040572 (VIOLATED)
_07612_/A2                              1.500000    1.540311   -0.040311 (VIOLATED)
ANTENNA_293/DIODE                       1.500000    1.530075   -0.030075 (VIOLATED)
ANTENNA_288/DIODE                       1.500000    1.530073   -0.030073 (VIOLATED)
ANTENNA_292/DIODE                       1.500000    1.530073   -0.030073 (VIOLATED)
ANTENNA_291/DIODE                       1.500000    1.530053   -0.030053 (VIOLATED)
ANTENNA_289/DIODE                       1.500000    1.530046   -0.030046 (VIOLATED)
ANTENNA_297/DIODE                       1.500000    1.530034   -0.030034 (VIOLATED)
ANTENNA_295/DIODE                       1.500000    1.530032   -0.030032 (VIOLATED)
wire1082/A                              1.500000    1.530031   -0.030031 (VIOLATED)
ANTENNA_287/DIODE                       1.500000    1.530029   -0.030029 (VIOLATED)
ANTENNA_290/DIODE                       1.500000    1.529966   -0.029966 (VIOLATED)
ANTENNA_294/DIODE                       1.500000    1.529894   -0.029894 (VIOLATED)
ANTENNA_296/DIODE                       1.500000    1.529885   -0.029885 (VIOLATED)
ANTENNA_298/DIODE                       1.500000    1.529876   -0.029876 (VIOLATED)
wire1083/X                              1.500000    1.517363   -0.017363 (VIOLATED)
wire1091/A                              1.500000    1.507213   -0.007213 (VIOLATED)
ANTENNA_300/DIODE                       1.500000    1.507205   -0.007205 (VIOLATED)
wire1092/X                              1.500000    1.500109   -0.000109 (VIOLATED)

max fanout

Pin                                   Limit Fanout  Slack
---------------------------------------------------------
dmem_sram/dout0[13]                       4     14    -10 (VIOLATED)
dmem_sram/dout0[15]                       4     12     -8 (VIOLATED)
dmem_sram/dout0[16]                       4     12     -8 (VIOLATED)
dmem_sram/dout0[18]                       4     12     -8 (VIOLATED)
dmem_sram/dout0[12]                       4     11     -7 (VIOLATED)
dmem_sram/dout0[11]                       4     10     -6 (VIOLATED)
dmem_sram/dout0[10]                       4      8     -4 (VIOLATED)
dmem_sram/dout0[22]                       4      7     -3 (VIOLATED)

max capacitance

Pin                                        Limit         Cap       Slack
------------------------------------------------------------------------
dmem_sram/dout0[18]                     0.027560    0.217573   -0.190013 (VIOLATED)
dmem_sram/dout0[16]                     0.027560    0.211810   -0.184250 (VIOLATED)
dmem_sram/dout0[19]                     0.027560    0.211582   -0.184022 (VIOLATED)
dmem_sram/dout0[13]                     0.027560    0.201770   -0.174210 (VIOLATED)
dmem_sram/dout0[12]                     0.027560    0.200090   -0.172530 (VIOLATED)
dmem_sram/dout0[8]                      0.027560    0.192836   -0.165276 (VIOLATED)
dmem_sram/dout0[9]                      0.027560    0.192419   -0.164859 (VIOLATED)
dmem_sram/dout0[15]                     0.027560    0.192404   -0.164844 (VIOLATED)
dmem_sram/dout0[6]                      0.027560    0.189207   -0.161647 (VIOLATED)
dmem_sram/dout0[11]                     0.027560    0.188854   -0.161294 (VIOLATED)
dmem_sram/dout0[22]                     0.027560    0.183904   -0.156344 (VIOLATED)
dmem_sram/dout0[14]                     0.027560    0.179794   -0.152234 (VIOLATED)
dmem_sram/dout0[10]                     0.027560    0.160301   -0.132741 (VIOLATED)
dmem_sram/dout0[5]                      0.027560    0.087339   -0.059779 (VIOLATED)
dmem_sram/dout0[2]                      0.027560    0.087057   -0.059497 (VIOLATED)
dmem_sram/dout0[3]                      0.027560    0.079898   -0.052338 (VIOLATED)
dmem_sram/dout0[4]                      0.027560    0.078587   -0.051027 (VIOLATED)
dmem_sram/dout0[1]                      0.027560    0.072838   -0.045278 (VIOLATED)
dmem_sram/dout0[0]                      0.027560    0.067929   -0.040369 (VIOLATED)
wire417/X                               0.181284    0.217197   -0.035913 (VIOLATED)
wire429/X                               0.181284    0.212302   -0.031018 (VIOLATED)
wire474/X                               0.181284    0.204579   -0.023295 (VIOLATED)
wire420/X                               0.181284    0.204011   -0.022727 (VIOLATED)
wire414/X                               0.181284    0.197318   -0.016034 (VIOLATED)
wire426/X                               0.181284    0.194330   -0.013046 (VIOLATED)
wire423/X                               0.181284    0.193806   -0.012522 (VIOLATED)
_05505_/Y                               0.083323    0.094074   -0.010751 (VIOLATED)
wire1074/X                              0.181284    0.189681   -0.008397 (VIOLATED)
wire1037/X                              0.181284    0.187748   -0.006464 (VIOLATED)
_05700_/Y                               0.137339    0.143317   -0.005978 (VIOLATED)
imem_sram/dout1[4]                      0.027560    0.032796   -0.005236 (VIOLATED)
wire411/X                               0.181284    0.186171   -0.004887 (VIOLATED)
imem_sram/dout1[16]                     0.027560    0.031979   -0.004419 (VIOLATED)
imem_sram/dout1[3]                      0.027560    0.031618   -0.004058 (VIOLATED)
imem_sram/dout1[14]                     0.027560    0.031367   -0.003807 (VIOLATED)
imem_sram/dout1[2]                      0.027560    0.030778   -0.003218 (VIOLATED)
imem_sram/dout1[12]                     0.027560    0.030116   -0.002556 (VIOLATED)
imem_sram/dout1[13]                     0.027560    0.029784   -0.002224 (VIOLATED)
_06276_/Y                               0.103465    0.105545   -0.002080 (VIOLATED)
imem_sram/dout1[5]                      0.027560    0.028994   -0.001434 (VIOLATED)
wire1083/X                              0.181284    0.182637   -0.001353 (VIOLATED)
imem_sram/dout1[7]                      0.027560    0.028794   -0.001234 (VIOLATED)
imem_sram/dout1[0]                      0.027560    0.028448   -0.000888 (VIOLATED)
imem_sram/dout1[1]                      0.027560    0.028005   -0.000445 (VIOLATED)
imem_sram/dout1[19]                     0.027560    0.027937   -0.000377 (VIOLATED)
imem_sram/dout1[6]                      0.027560    0.027885   -0.000325 (VIOLATED)



===========================================================================
report_parasitic_annotation -report_unannotated
============================================================================
Found 241 unannotated drivers.
 clkload0/Y
 clkload1/Y
 clkload10/Y
 clkload100/Y
 clkload101/Y
 clkload102/Y
 clkload103/Y
 clkload104/Y
 clkload105/Y
 clkload106/Y
 clkload107/Y
 clkload108/Y
 clkload109/Y
 clkload11/Y
 clkload110/X
 clkload111/Y
 clkload112/Y
 clkload113/Y
 clkload114/Y
 clkload115/X
 clkload116/Y
 clkload117/X
 clkload118/Y
 clkload119/Y
 clkload12/Y
 clkload120/Y
 clkload121/X
 clkload122/X
 clkload123/Y
 clkload124/Y
 clkload125/Y
 clkload126/Y
 clkload127/Y
 clkload128/Y
 clkload129/Y
 clkload13/Y
 clkload130/Y
 clkload131/Y
 clkload132/Y
 clkload133/Y
 clkload134/Y
 clkload135/Y
 clkload136/Y
 clkload137/Y
 clkload138/Y
 clkload139/X
 clkload14/Y
 clkload140/Y
 clkload141/Y
 clkload142/Y
 clkload143/Y
 clkload144/Y
 clkload145/Y
 clkload146/X
 clkload147/X
 clkload148/Y
 clkload149/Y
 clkload15/Y
 clkload150/Y
 clkload151/Y
 clkload152/Y
 clkload153/Y
 clkload154/X
 clkload155/Y
 clkload156/X
 clkload157/Y
 clkload158/Y
 clkload159/Y
 clkload16/Y
 clkload160/Y
 clkload161/Y
 clkload162/Y
 clkload17/Y
 clkload18/Y
 clkload19/X
 clkload2/Y
 clkload20/Y
 clkload21/Y
 clkload22/Y
 clkload23/Y
 clkload24/Y
 clkload25/Y
 clkload26/Y
 clkload27/Y
 clkload28/Y
 clkload29/Y
 clkload3/Y
 clkload30/Y
 clkload31/X
 clkload32/X
 clkload33/Y
 clkload34/Y
 clkload35/Y
 clkload36/Y
 clkload37/Y
 clkload38/Y
 clkload39/X
 clkload4/Y
 clkload40/Y
 clkload41/Y
 clkload42/Y
 clkload43/Y
 clkload44/Y
 clkload45/Y
 clkload46/Y
 clkload47/Y
 clkload48/Y
 clkload49/Y
 clkload5/Y
 clkload50/Y
 clkload51/Y
 clkload52/X
 clkload53/Y
 clkload54/Y
 clkload55/Y
 clkload56/Y
 clkload57/Y
 clkload58/Y
 clkload59/Y
 clkload6/Y
 clkload60/Y
 clkload61/Y
 clkload62/Y
 clkload63/Y
 clkload64/Y
 clkload65/Y
 clkload66/Y
 clkload67/Y
 clkload68/Y
 clkload69/Y
 clkload7/Y
 clkload70/Y
 clkload71/Y
 clkload72/Y
 clkload73/Y
 clkload74/Y
 clkload75/Y
 clkload76/X
 clkload77/Y
 clkload78/Y
 clkload79/Y
 clkload8/Y
 clkload80/X
 clkload81/X
 clkload82/X
 clkload83/Y
 clkload84/X
 clkload85/Y
 clkload86/X
 clkload87/Y
 clkload88/X
 clkload89/X
 clkload9/Y
 clkload90/Y
 clkload91/Y
 clkload92/Y
 clkload93/Y
 clkload94/Y
 clkload95/Y
 clkload96/Y
 clkload97/Y
 clkload98/Y
 clkload99/Y
 dmem_sram/dout1[0]
 dmem_sram/dout1[10]
 dmem_sram/dout1[11]
 dmem_sram/dout1[12]
 dmem_sram/dout1[13]
 dmem_sram/dout1[14]
 dmem_sram/dout1[15]
 dmem_sram/dout1[16]
 dmem_sram/dout1[17]
 dmem_sram/dout1[18]
 dmem_sram/dout1[19]
 dmem_sram/dout1[1]
 dmem_sram/dout1[20]
 dmem_sram/dout1[21]
 dmem_sram/dout1[22]
 dmem_sram/dout1[23]
 dmem_sram/dout1[24]
 dmem_sram/dout1[25]
 dmem_sram/dout1[26]
 dmem_sram/dout1[27]
 dmem_sram/dout1[28]
 dmem_sram/dout1[29]
 dmem_sram/dout1[2]
 dmem_sram/dout1[30]
 dmem_sram/dout1[31]
 dmem_sram/dout1[3]
 dmem_sram/dout1[4]
 dmem_sram/dout1[5]
 dmem_sram/dout1[6]
 dmem_sram/dout1[7]
 dmem_sram/dout1[8]
 dmem_sram/dout1[9]
 dmem_sram_1390/HI
 dmem_sram_1391/HI
 dmem_sram_1392/HI
 dmem_sram_1393/HI
 dmem_sram_1394/HI
 dmem_sram_1395/HI
 dmem_sram_1396/HI
 dmem_sram_1397/HI
 dmem_sram_1399/LO
 imem_sram/dout0[0]
 imem_sram/dout0[10]
 imem_sram/dout0[11]
 imem_sram/dout0[12]
 imem_sram/dout0[13]
 imem_sram/dout0[14]
 imem_sram/dout0[15]
 imem_sram/dout0[16]
 imem_sram/dout0[17]
 imem_sram/dout0[18]
 imem_sram/dout0[19]
 imem_sram/dout0[1]
 imem_sram/dout0[20]
 imem_sram/dout0[21]
 imem_sram/dout0[22]
 imem_sram/dout0[23]
 imem_sram/dout0[24]
 imem_sram/dout0[25]
 imem_sram/dout0[26]
 imem_sram/dout0[27]
 imem_sram/dout0[28]
 imem_sram/dout0[29]
 imem_sram/dout0[2]
 imem_sram/dout0[30]
 imem_sram/dout0[31]
 imem_sram/dout0[3]
 imem_sram/dout0[4]
 imem_sram/dout0[5]
 imem_sram/dout0[6]
 imem_sram/dout0[7]
 imem_sram/dout0[8]
 imem_sram/dout0[9]
 imem_sram_1398/HI
 imem_sram_1400/LO
 imem_sram_1401/LO
 imem_sram_1402/LO
 imem_sram_1403/LO
Found 0 partially unannotated drivers.

===========================================================================
max slew violation count 104
max fanout violation count 8
max cap violation count 46
============================================================================

===========================================================================
check_setup -verbose -unconstrained_endpoints -multiple_clock -no_clock -no_input_delay -loops -generated_clocks
===========================================================================
Warning: There are 42 input ports missing set_input_delay.
  prog_addr[0]
  prog_addr[1]
  prog_addr[2]
  prog_addr[3]
  prog_addr[4]
  prog_addr[5]
  prog_addr[6]
  prog_addr[7]
  prog_data[0]
  prog_data[10]
  prog_data[11]
  prog_data[12]
  prog_data[13]
  prog_data[14]
  prog_data[15]
  prog_data[16]
  prog_data[17]
  prog_data[18]
  prog_data[19]
  prog_data[1]
  prog_data[20]
  prog_data[21]
  prog_data[22]
  prog_data[23]
  prog_data[24]
  prog_data[25]
  prog_data[26]
  prog_data[27]
  prog_data[28]
  prog_data[29]
  prog_data[2]
  prog_data[30]
  prog_data[31]
  prog_data[3]
  prog_data[4]
  prog_data[5]
  prog_data[6]
  prog_data[7]
  prog_data[8]
  prog_data[9]
  prog_we
  rst
Warning: There are 56 unconstrained endpoints.
  dmem_sram/addr1[0]
  dmem_sram/addr1[1]
  dmem_sram/addr1[2]
  dmem_sram/addr1[3]
  dmem_sram/addr1[4]
  dmem_sram/addr1[5]
  dmem_sram/addr1[6]
  dmem_sram/addr1[7]
  dmem_sram/csb1
  imem_sram/addr0[0]
  imem_sram/addr0[1]
  imem_sram/addr0[2]
  imem_sram/addr0[3]
  imem_sram/addr0[4]
  imem_sram/addr0[5]
  imem_sram/addr0[6]
  imem_sram/addr0[7]
  imem_sram/csb0
  imem_sram/csb1
  imem_sram/din0[0]
  imem_sram/din0[10]
  imem_sram/din0[11]
  imem_sram/din0[12]
  imem_sram/din0[13]
  imem_sram/din0[14]
  imem_sram/din0[15]
  imem_sram/din0[16]
  imem_sram/din0[17]
  imem_sram/din0[18]
  imem_sram/din0[19]
  imem_sram/din0[1]
  imem_sram/din0[20]
  imem_sram/din0[21]
  imem_sram/din0[22]
  imem_sram/din0[23]
  imem_sram/din0[24]
  imem_sram/din0[25]
  imem_sram/din0[26]
  imem_sram/din0[27]
  imem_sram/din0[28]
  imem_sram/din0[29]
  imem_sram/din0[2]
  imem_sram/din0[30]
  imem_sram/din0[31]
  imem_sram/din0[3]
  imem_sram/din0[4]
  imem_sram/din0[5]
  imem_sram/din0[6]
  imem_sram/din0[7]
  imem_sram/din0[8]
  imem_sram/din0[9]
  imem_sram/web0
  imem_sram/wmask0[0]
  imem_sram/wmask0[1]
  imem_sram/wmask0[2]
  imem_sram/wmask0[3]
