Clock: clk
Sources: clk 
Generated: no
Virtual: yes
Propagated: no
Period: 20.000000

===========================================================================
report_clock_properties
============================================================================
Clock                   Period          Waveform
----------------------------------------------------
clk                  20.000000    0.000000 10.000000

===========================================================================
report_clock_latency
============================================================================
Clock clk
rise -> rise
    min     max
0.000000 0.000000 source latency
1.320531         network latency _11155_/CLK
        1.845856 network latency _12230_/CLK
---------------
1.320531 1.845856 latency
        0.525325 skew

fall -> fall
    min     max
0.000000 0.000000 source latency
1.237238         network latency _11155_/CLK
        1.701298 network latency _12230_/CLK
---------------
1.237238 1.701298 latency
        0.464060 skew



===========================================================================
report_clock_min_period
============================================================================
clk period_min = 18.79 fmax = 53.22
