┏━━━━━━━┳━━━━━━━━━┳━━━━━━━━━━┳━━━━━━━━━━━━━━━━━━━━━━━━━━━━━━━━━━━━┳━━━━━━━━━━━━━━┳━━━━━━━┓
┃ P / R ┃ Partial ┃ Required ┃ Net                                ┃ Pin          ┃ Layer ┃
┡━━━━━━━╇━━━━━━━━━╇━━━━━━━━━━╇━━━━━━━━━━━━━━━━━━━━━━━━━━━━━━━━━━━━╇━━━━━━━━━━━━━━╇━━━━━━━┩
│ 11.75 │ 4700.44 │ 400.00   │ net262                             │ _10568_/D    │ met3  │
│ 6.61  │ 2645.58 │ 400.00   │ net45                              │ output45/A   │ met3  │
│ 2.29  │ 917.15  │ 400.00   │ net1147                            │ output166/A  │ met2  │
│ 2.27  │ 909.18  │ 400.00   │ cpu_core.ex_stage_inst.imm_ex[26\] │ _05491_/A0   │ met1  │
│ 2.21  │ 883.92  │ 400.00   │ net59                              │ output59/A   │ met1  │
│ 2.14  │ 856.22  │ 400.00   │ net124                             │ _05505_/A1   │ met3  │
│ 2.14  │ 856.22  │ 400.00   │ net124                             │ output124/A  │ met3  │
│ 2.10  │ 840.30  │ 400.00   │ net133                             │ output133/A  │ met3  │
│ 2.07  │ 826.02  │ 400.00   │ net127                             │ output127/A  │ met2  │
│ 1.88  │ 751.90  │ 400.00   │ net1023                            │ fanout1010/A │ met1  │
│ 1.84  │ 736.35  │ 400.00   │ net927                             │ wire926/A    │ met1  │
│ 1.60  │ 640.18  │ 400.00   │ net152                             │ _05798_/A1   │ met1  │
│ 1.53  │ 613.89  │ 400.00   │ net53                              │ _10584_/D    │ met1  │
│ 1.53  │ 610.52  │ 400.00   │ net847                             │ output179/A  │ met1  │
│ 1.46  │ 582.61  │ 400.00   │ net105                             │ _11436_/D    │ met2  │
│ 1.46  │ 582.61  │ 400.00   │ net105                             │ output105/A  │ met2  │
│ 1.39  │ 554.94  │ 400.00   │ net897                             │ wire896/A    │ met1  │
│ 1.34  │ 3994.18 │ 2973.50  │ net70                              │ output70/A   │ met2  │
│ 1.24  │ 497.87  │ 400.00   │ net86                              │ _11429_/D    │ met2  │
│ 1.24  │ 497.87  │ 400.00   │ net86                              │ output86/A   │ met2  │
│ 1.23  │ 493.13  │ 400.00   │ net136                             │ output136/A  │ met3  │
│ 1.20  │ 481.14  │ 400.00   │ net752                             │ _07159_/A    │ met1  │
│ 1.17  │ 467.36  │ 400.00   │ net71                              │ _10571_/D    │ met2  │
│ 1.11  │ 443.42  │ 400.00   │ net2461                            │ _10597_/D    │ met1  │
│ 1.11  │ 442.43  │ 400.00   │ _01915_                            │ fanout708/A  │ met1  │
│ 1.10  │ 439.98  │ 400.00   │ net1148                            │ _05671_/C    │ met1  │
│ 1.10  │ 439.98  │ 400.00   │ net1148                            │ _05776_/A2   │ met1  │
│ 1.04  │ 416.07  │ 400.00   │ net528                             │ _08265_/B2   │ met1  │
│ 1.04  │ 415.35  │ 400.00   │ net380                             │ _08918_/S    │ met1  │
│ 1.01  │ 402.97  │ 400.00   │ net139                             │ output139/A  │ met3  │
│ 1.00  │ 400.74  │ 400.00   │ net118                             │ output118/A  │ met2  │
└───────┴─────────┴──────────┴────────────────────────────────────┴──────────────┴───────┘
