Clock: clk
Sources: clk 
Generated: no
Virtual: yes
Propagated: no
Period: 20.000000

===========================================================================
report_clock_properties
============================================================================
Clock                   Period          Waveform
----------------------------------------------------
clk                  20.000000    0.000000 10.000000

===========================================================================
report_clock_latency
============================================================================
Clock clk
rise -> rise
    min     max
0.000000 0.000000 source latency
0.975142         network latency dmem_sram/clk1
        1.172952 network latency _10554_/CLK
---------------
0.975142 1.172952 latency
        0.197810 skew

fall -> fall
    min     max
0.000000 0.000000 source latency
0.844833         network latency dmem_sram/clk1
        1.030789 network latency _10554_/CLK
---------------
0.844833 1.030789 latency
        0.185956 skew



===========================================================================
report_clock_min_period
============================================================================
clk period_min = 8.59 fmax = 116.38
