Clock: clk
Sources: clk 
Generated: no
Virtual: yes
Propagated: no
Period: 20.000000

===========================================================================
report_clock_properties
============================================================================
Clock                   Period          Waveform
----------------------------------------------------
clk                  20.000000    0.000000 10.000000

===========================================================================
report_clock_latency
============================================================================
Clock clk
rise -> rise
    min     max
0.000000 0.000000 source latency
0.083760         network latency dmem_sram/clk0
        0.824683 network latency _12227_/CLK
---------------
0.083760 0.824683 latency
        0.740924 skew

fall -> fall
    min     max
0.000000 0.000000 source latency
0.078844         network latency dmem_sram/clk0
        0.773059 network latency _11462_/CLK
---------------
0.078844 0.773059 latency
        0.694214 skew



===========================================================================
report_clock_min_period
============================================================================
clk period_min = 20.35 fmax = 49.14
