
===========================================================================
report_checks -unconstrained
===========================================================================
======================= max_tt_025C_1v80 Corner ===================================

Startpoint: dmem_sram (falling edge-triggered flip-flop clocked by clk)
Endpoint: _12409_ (rising edge-triggered flip-flop clocked by clk)
Path Group: clk
Path Type: max

Fanout         Cap        Slew       Delay        Time   Description
---------------------------------------------------------------------------------------------
                                 10.000000   10.000000   clock clk (fall edge)
                                  0.000000   10.000000   clock source latency
     2    0.147001    0.000000    0.000000   10.000000 v clk (in)
                                                         clk (net)
                      0.068568    0.034284   10.034284 v clkbuf_0_clk/A (sky130_fd_sc_hd__clkbuf_16)
     4    0.166364    0.117381    0.214158   10.248443 v clkbuf_0_clk/X (sky130_fd_sc_hd__clkbuf_16)
                                                         clknet_0_clk (net)
                      0.133403    0.032918   10.281360 v clkbuf_2_0_0_clk/A (sky130_fd_sc_hd__clkbuf_8)
     4    0.101759    0.114539    0.248604   10.529963 v clkbuf_2_0_0_clk/X (sky130_fd_sc_hd__clkbuf_8)
                                                         clknet_2_0_0_clk (net)
                      0.115484    0.008406   10.538369 v clkbuf_4_0__f_clk/A (sky130_fd_sc_hd__clkbuf_16)
    10    0.183610    0.125141    0.250624   10.788994 v clkbuf_4_0__f_clk/X (sky130_fd_sc_hd__clkbuf_16)
                                                         clknet_4_0__leaf_clk (net)
                      0.191336    0.037061   10.826055 v dmem_sram/clk0 (sky130_sram_1kbyte_1rw1r_32x256_8)
    12    0.191249    0.103111    1.402620   12.228675 ^ dmem_sram/dout0[15] (sky130_sram_1kbyte_1rw1r_32x256_8)
                                                         dmem_dout[15] (net)
                      0.077333    0.086375   12.315051 ^ wire1096/A (sky130_fd_sc_hd__clkbuf_2)
     1    0.009335    0.060143    0.127566   12.442617 ^ wire1096/X (sky130_fd_sc_hd__clkbuf_2)
                                                         net1096 (net)
                      0.060152    0.000765   12.443382 ^ wire1095/A (sky130_fd_sc_hd__clkbuf_2)
     3    0.037087    0.203929    0.220479   12.663860 ^ wire1095/X (sky130_fd_sc_hd__clkbuf_2)
                                                         net1095 (net)
                      0.204005    0.003244   12.667104 ^ _07755_/A2 (sky130_fd_sc_hd__mux4_1)
     1    0.003967    0.067133    0.268225   12.935329 ^ _07755_/X (sky130_fd_sc_hd__mux4_1)
                                                         _03977_ (net)
                      0.067133    0.000272   12.935601 ^ _07756_/C_N (sky130_fd_sc_hd__nor3b_4)
     9    0.038838    0.449131    0.419560   13.355161 ^ _07756_/Y (sky130_fd_sc_hd__nor3b_4)
                                                         _03978_ (net)
                      0.449143    0.001880   13.357041 ^ _07774_/B1 (sky130_fd_sc_hd__a221o_1)
     2    0.013134    0.138374    0.292693   13.649734 ^ _07774_/X (sky130_fd_sc_hd__a221o_1)
                                                         _03988_ (net)
                      0.138374    0.000548   13.650282 ^ _07776_/C1 (sky130_fd_sc_hd__o211ai_4)
    16    0.081752    0.265861    0.236319   13.886600 v _07776_/Y (sky130_fd_sc_hd__o211ai_4)
                                                         _03989_ (net)
                      0.266202    0.007866   13.894466 v _07784_/B1_N (sky130_fd_sc_hd__o21ba_1)
     2    0.036294    0.356191    0.527202   14.421669 ^ _07784_/X (sky130_fd_sc_hd__o21ba_1)
                                                         net90 (net)
                      0.356196    0.001963   14.423632 ^ _12409_/D (sky130_fd_sc_hd__dfrtp_1)
                                             14.423632   data arrival time

                                 20.000000   20.000000   clock clk (rise edge)
                                  0.000000   20.000000   clock source latency
     2    0.148038    0.000000    0.000000   20.000000 ^ clk (in)
                                                         clk (net)
                      0.069202    0.034602   20.034601 ^ clkbuf_0_clk/A (sky130_fd_sc_hd__clkbuf_16)
     4    0.168284    0.182092    0.221766   20.256369 ^ clkbuf_0_clk/X (sky130_fd_sc_hd__clkbuf_16)
                                                         clknet_0_clk (net)
                      0.190479    0.030482   20.286850 ^ clkbuf_2_1_0_clk/A (sky130_fd_sc_hd__clkbuf_8)
     4    0.118949    0.209140    0.295456   20.582306 ^ clkbuf_2_1_0_clk/X (sky130_fd_sc_hd__clkbuf_8)
                                                         clknet_2_1_0_clk (net)
                      0.209731    0.009077   20.591383 ^ clkbuf_4_5__f_clk/A (sky130_fd_sc_hd__clkbuf_16)
    10    0.140840    0.154074    0.264501   20.855885 ^ clkbuf_4_5__f_clk/X (sky130_fd_sc_hd__clkbuf_16)
                                                         clknet_4_5__leaf_clk (net)
                      0.154978    0.009488   20.865372 ^ clkbuf_leaf_59_clk/A (sky130_fd_sc_hd__clkbuf_8)
     4    0.031680    0.069625    0.184686   21.050058 ^ clkbuf_leaf_59_clk/X (sky130_fd_sc_hd__clkbuf_8)
                                                         clknet_leaf_59_clk (net)
                      0.069655    0.001380   21.051439 ^ _12409_/CLK (sky130_fd_sc_hd__dfrtp_1)
                                  0.000000   21.051439   clock reconvergence pessimism
                                 -0.127569   20.923870   library setup time
                                             20.923870   data required time
---------------------------------------------------------------------------------------------
                                             20.923870   data required time
                                            -14.423632   data arrival time
---------------------------------------------------------------------------------------------
                                              6.500238   slack (MET)




===========================================================================
report_checks --slack_max -0.01
============================================================================
======================= max_tt_025C_1v80 Corner ===================================

No paths found.


===========================================================================
 report_check_types -max_slew -max_cap -max_fanout -violators
============================================================================
======================= max_tt_025C_1v80 Corner ===================================

max fanout

Pin                                   Limit Fanout  Slack
---------------------------------------------------------
dmem_sram/dout0[13]                       4     14    -10 (VIOLATED)
dmem_sram/dout0[15]                       4     12     -8 (VIOLATED)
dmem_sram/dout0[16]                       4     12     -8 (VIOLATED)
dmem_sram/dout0[18]                       4     12     -8 (VIOLATED)
dmem_sram/dout0[12]                       4     11     -7 (VIOLATED)
dmem_sram/dout0[11]                       4     10     -6 (VIOLATED)
dmem_sram/dout0[10]                       4      8     -4 (VIOLATED)
dmem_sram/dout0[22]                       4      7     -3 (VIOLATED)

max capacitance

Pin                                        Limit         Cap       Slack
------------------------------------------------------------------------
dmem_sram/dout0[18]                     0.027560    0.216418   -0.188858 (VIOLATED)
dmem_sram/dout0[19]                     0.027560    0.211283   -0.183723 (VIOLATED)
dmem_sram/dout0[16]                     0.027560    0.210655   -0.183095 (VIOLATED)
dmem_sram/dout0[13]                     0.027560    0.200401   -0.172841 (VIOLATED)
dmem_sram/dout0[12]                     0.027560    0.199042   -0.171482 (VIOLATED)
dmem_sram/dout0[8]                      0.027560    0.192751   -0.165191 (VIOLATED)
dmem_sram/dout0[9]                      0.027560    0.192334   -0.164774 (VIOLATED)
dmem_sram/dout0[15]                     0.027560    0.191249   -0.163689 (VIOLATED)
dmem_sram/dout0[6]                      0.027560    0.188908   -0.161348 (VIOLATED)
dmem_sram/dout0[11]                     0.027560    0.187913   -0.160353 (VIOLATED)
dmem_sram/dout0[22]                     0.027560    0.183284   -0.155724 (VIOLATED)
dmem_sram/dout0[14]                     0.027560    0.179495   -0.151935 (VIOLATED)
dmem_sram/dout0[10]                     0.027560    0.159574   -0.132014 (VIOLATED)
dmem_sram/dout0[5]                      0.027560    0.087254   -0.059694 (VIOLATED)
dmem_sram/dout0[2]                      0.027560    0.086972   -0.059412 (VIOLATED)
dmem_sram/dout0[3]                      0.027560    0.079706   -0.052146 (VIOLATED)
dmem_sram/dout0[4]                      0.027560    0.078502   -0.050942 (VIOLATED)
dmem_sram/dout0[1]                      0.027560    0.072753   -0.045193 (VIOLATED)
dmem_sram/dout0[0]                      0.027560    0.067844   -0.040284 (VIOLATED)
imem_sram/dout1[4]                      0.027560    0.032711   -0.005151 (VIOLATED)
imem_sram/dout1[16]                     0.027560    0.031894   -0.004334 (VIOLATED)
imem_sram/dout1[3]                      0.027560    0.031533   -0.003973 (VIOLATED)
imem_sram/dout1[14]                     0.027560    0.031282   -0.003722 (VIOLATED)
imem_sram/dout1[2]                      0.027560    0.030693   -0.003133 (VIOLATED)
imem_sram/dout1[12]                     0.027560    0.030031   -0.002471 (VIOLATED)
imem_sram/dout1[13]                     0.027560    0.029699   -0.002139 (VIOLATED)
imem_sram/dout1[5]                      0.027560    0.028909   -0.001349 (VIOLATED)
imem_sram/dout1[7]                      0.027560    0.028709   -0.001149 (VIOLATED)
imem_sram/dout1[0]                      0.027560    0.028363   -0.000803 (VIOLATED)
imem_sram/dout1[1]                      0.027560    0.027920   -0.000360 (VIOLATED)
imem_sram/dout1[19]                     0.027560    0.027852   -0.000292 (VIOLATED)
imem_sram/dout1[6]                      0.027560    0.027800   -0.000240 (VIOLATED)



===========================================================================
report_parasitic_annotation -report_unannotated
============================================================================
Found 241 unannotated drivers.
 clkload0/Y
 clkload1/Y
 clkload10/Y
 clkload100/Y
 clkload101/Y
 clkload102/Y
 clkload103/Y
 clkload104/Y
 clkload105/Y
 clkload106/Y
 clkload107/Y
 clkload108/Y
 clkload109/Y
 clkload11/Y
 clkload110/X
 clkload111/Y
 clkload112/Y
 clkload113/Y
 clkload114/Y
 clkload115/X
 clkload116/Y
 clkload117/X
 clkload118/Y
 clkload119/Y
 clkload12/Y
 clkload120/Y
 clkload121/X
 clkload122/X
 clkload123/Y
 clkload124/Y
 clkload125/Y
 clkload126/Y
 clkload127/Y
 clkload128/Y
 clkload129/Y
 clkload13/Y
 clkload130/Y
 clkload131/Y
 clkload132/Y
 clkload133/Y
 clkload134/Y
 clkload135/Y
 clkload136/Y
 clkload137/Y
 clkload138/Y
 clkload139/X
 clkload14/Y
 clkload140/Y
 clkload141/Y
 clkload142/Y
 clkload143/Y
 clkload144/Y
 clkload145/Y
 clkload146/X
 clkload147/X
 clkload148/Y
 clkload149/Y
 clkload15/Y
 clkload150/Y
 clkload151/Y
 clkload152/Y
 clkload153/Y
 clkload154/X
 clkload155/Y
 clkload156/X
 clkload157/Y
 clkload158/Y
 clkload159/Y
 clkload16/Y
 clkload160/Y
 clkload161/Y
 clkload162/Y
 clkload17/Y
 clkload18/Y
 clkload19/X
 clkload2/Y
 clkload20/Y
 clkload21/Y
 clkload22/Y
 clkload23/Y
 clkload24/Y
 clkload25/Y
 clkload26/Y
 clkload27/Y
 clkload28/Y
 clkload29/Y
 clkload3/Y
 clkload30/Y
 clkload31/X
 clkload32/X
 clkload33/Y
 clkload34/Y
 clkload35/Y
 clkload36/Y
 clkload37/Y
 clkload38/Y
 clkload39/X
 clkload4/Y
 clkload40/Y
 clkload41/Y
 clkload42/Y
 clkload43/Y
 clkload44/Y
 clkload45/Y
 clkload46/Y
 clkload47/Y
 clkload48/Y
 clkload49/Y
 clkload5/Y
 clkload50/Y
 clkload51/Y
 clkload52/X
 clkload53/Y
 clkload54/Y
 clkload55/Y
 clkload56/Y
 clkload57/Y
 clkload58/Y
 clkload59/Y
 clkload6/Y
 clkload60/Y
 clkload61/Y
 clkload62/Y
 clkload63/Y
 clkload64/Y
 clkload65/Y
 clkload66/Y
 clkload67/Y
 clkload68/Y
 clkload69/Y
 clkload7/Y
 clkload70/Y
 clkload71/Y
 clkload72/Y
 clkload73/Y
 clkload74/Y
 clkload75/Y
 clkload76/X
 clkload77/Y
 clkload78/Y
 clkload79/Y
 clkload8/Y
 clkload80/X
 clkload81/X
 clkload82/X
 clkload83/Y
 clkload84/X
 clkload85/Y
 clkload86/X
 clkload87/Y
 clkload88/X
 clkload89/X
 clkload9/Y
 clkload90/Y
 clkload91/Y
 clkload92/Y
 clkload93/Y
 clkload94/Y
 clkload95/Y
 clkload96/Y
 clkload97/Y
 clkload98/Y
 clkload99/Y
 dmem_sram/dout1[0]
 dmem_sram/dout1[10]
 dmem_sram/dout1[11]
 dmem_sram/dout1[12]
 dmem_sram/dout1[13]
 dmem_sram/dout1[14]
 dmem_sram/dout1[15]
 dmem_sram/dout1[16]
 dmem_sram/dout1[17]
 dmem_sram/dout1[18]
 dmem_sram/dout1[19]
 dmem_sram/dout1[1]
 dmem_sram/dout1[20]
 dmem_sram/dout1[21]
 dmem_sram/dout1[22]
 dmem_sram/dout1[23]
 dmem_sram/dout1[24]
 dmem_sram/dout1[25]
 dmem_sram/dout1[26]
 dmem_sram/dout1[27]
 dmem_sram/dout1[28]
 dmem_sram/dout1[29]
 dmem_sram/dout1[2]
 dmem_sram/dout1[30]
 dmem_sram/dout1[31]
 dmem_sram/dout1[3]
 dmem_sram/dout1[4]
 dmem_sram/dout1[5]
 dmem_sram/dout1[6]
 dmem_sram/dout1[7]
 dmem_sram/dout1[8]
 dmem_sram/dout1[9]
 dmem_sram_1390/HI
 dmem_sram_1391/HI
 dmem_sram_1392/HI
 dmem_sram_1393/HI
 dmem_sram_1394/HI
 dmem_sram_1395/HI
 dmem_sram_1396/HI
 dmem_sram_1397/HI
 dmem_sram_1399/LO
 imem_sram/dout0[0]
 imem_sram/dout0[10]
 imem_sram/dout0[11]
 imem_sram/dout0[12]
 imem_sram/dout0[13]
 imem_sram/dout0[14]
 imem_sram/dout0[15]
 imem_sram/dout0[16]
 imem_sram/dout0[17]
 imem_sram/dout0[18]
 imem_sram/dout0[19]
 imem_sram/dout0[1]
 imem_sram/dout0[20]
 imem_sram/dout0[21]
 imem_sram/dout0[22]
 imem_sram/dout0[23]
 imem_sram/dout0[24]
 imem_sram/dout0[25]
 imem_sram/dout0[26]
 imem_sram/dout0[27]
 imem_sram/dout0[28]
 imem_sram/dout0[29]
 imem_sram/dout0[2]
 imem_sram/dout0[30]
 imem_sram/dout0[31]
 imem_sram/dout0[3]
 imem_sram/dout0[4]
 imem_sram/dout0[5]
 imem_sram/dout0[6]
 imem_sram/dout0[7]
 imem_sram/dout0[8]
 imem_sram/dout0[9]
 imem_sram_1398/HI
 imem_sram_1400/LO
 imem_sram_1401/LO
 imem_sram_1402/LO
 imem_sram_1403/LO
Found 0 partially unannotated drivers.

===========================================================================
max slew violation count 0
max fanout violation count 8
max cap violation count 32
============================================================================

===========================================================================
check_setup -verbose -unconstrained_endpoints -multiple_clock -no_clock -no_input_delay -loops -generated_clocks
===========================================================================
Warning: There are 42 input ports missing set_input_delay.
  prog_addr[0]
  prog_addr[1]
  prog_addr[2]
  prog_addr[3]
  prog_addr[4]
  prog_addr[5]
  prog_addr[6]
  prog_addr[7]
  prog_data[0]
  prog_data[10]
  prog_data[11]
  prog_data[12]
  prog_data[13]
  prog_data[14]
  prog_data[15]
  prog_data[16]
  prog_data[17]
  prog_data[18]
  prog_data[19]
  prog_data[1]
  prog_data[20]
  prog_data[21]
  prog_data[22]
  prog_data[23]
  prog_data[24]
  prog_data[25]
  prog_data[26]
  prog_data[27]
  prog_data[28]
  prog_data[29]
  prog_data[2]
  prog_data[30]
  prog_data[31]
  prog_data[3]
  prog_data[4]
  prog_data[5]
  prog_data[6]
  prog_data[7]
  prog_data[8]
  prog_data[9]
  prog_we
  rst
Warning: There are 56 unconstrained endpoints.
  dmem_sram/addr1[0]
  dmem_sram/addr1[1]
  dmem_sram/addr1[2]
  dmem_sram/addr1[3]
  dmem_sram/addr1[4]
  dmem_sram/addr1[5]
  dmem_sram/addr1[6]
  dmem_sram/addr1[7]
  dmem_sram/csb1
  imem_sram/addr0[0]
  imem_sram/addr0[1]
  imem_sram/addr0[2]
  imem_sram/addr0[3]
  imem_sram/addr0[4]
  imem_sram/addr0[5]
  imem_sram/addr0[6]
  imem_sram/addr0[7]
  imem_sram/csb0
  imem_sram/csb1
  imem_sram/din0[0]
  imem_sram/din0[10]
  imem_sram/din0[11]
  imem_sram/din0[12]
  imem_sram/din0[13]
  imem_sram/din0[14]
  imem_sram/din0[15]
  imem_sram/din0[16]
  imem_sram/din0[17]
  imem_sram/din0[18]
  imem_sram/din0[19]
  imem_sram/din0[1]
  imem_sram/din0[20]
  imem_sram/din0[21]
  imem_sram/din0[22]
  imem_sram/din0[23]
  imem_sram/din0[24]
  imem_sram/din0[25]
  imem_sram/din0[26]
  imem_sram/din0[27]
  imem_sram/din0[28]
  imem_sram/din0[29]
  imem_sram/din0[2]
  imem_sram/din0[30]
  imem_sram/din0[31]
  imem_sram/din0[3]
  imem_sram/din0[4]
  imem_sram/din0[5]
  imem_sram/din0[6]
  imem_sram/din0[7]
  imem_sram/din0[8]
  imem_sram/din0[9]
  imem_sram/web0
  imem_sram/wmask0[0]
  imem_sram/wmask0[1]
  imem_sram/wmask0[2]
  imem_sram/wmask0[3]
